Using pre-set license
Built from '2020.2/staging' branch; Version is '2020.2.7f1 (c53830e277f1) revision 12924976'; Using compiler version '192528614'; Build Type 'Release'
OS: 'Windows 10 Home; OS build 18363.1440; Version 1909; 64bit' Language: 'ko' Physical Memory: 32663 MB
BatchMode: 1, IsHumanControllingUs: 0, StartBugReporterOnCrash: 0, Is64bit: 1, IsPro: 0

 COMMAND LINE ARGUMENTS:
C:\Program Files\Unity\Hub\Editor\2020.2.7f1\Editor\Unity.exe
-adb2
-batchMode
-noUpm
-name
AssetImportWorker0
-projectPath
G:/Unity3D_Project/Unity_Project/16_Editor
-logFile
Logs/AssetImportWorker0.log
-srvPort
54235
Successfully changed project path to: G:/Unity3D_Project/Unity_Project/16_Editor
G:/Unity3D_Project/Unity_Project/16_Editor
Using Asset Import Pipeline V2.
Refreshing native plugins compatible for Editor in 17.50 ms, found 0 plugins.
Preloading 0 native plugins for Editor in 0.00 ms.
Initialize engine version: 2020.2.7f1 (c53830e277f1)
[Subsystems] Discovering subsystems at path C:/Program Files/Unity/Hub/Editor/2020.2.7f1/Editor/Data/Resources/UnitySubsystems
[Subsystems] Discovering subsystems at path G:/Unity3D_Project/Unity_Project/16_Editor/Assets
GfxDevice: creating device client; threaded=0
Direct3D:
    Version:  Direct3D 11.0 [level 11.1]
    Renderer: NVIDIA TITAN RTX (ID=0x1e02)
    Vendor:   
    VRAM:     24276 MB
    Driver:   27.21.14.5671
Initialize mono
Mono path[0] = 'C:/Program Files/Unity/Hub/Editor/2020.2.7f1/Editor/Data/Managed'
Mono path[1] = 'C:/Program Files/Unity/Hub/Editor/2020.2.7f1/Editor/Data/MonoBleedingEdge/lib/mono/unityjit'
Mono config path = 'C:/Program Files/Unity/Hub/Editor/2020.2.7f1/Editor/Data/MonoBleedingEdge/etc'
Using monoOptions --debugger-agent=transport=dt_socket,embedding=1,server=y,suspend=n,address=127.0.0.1:56656
Begin MonoManager ReloadAssembly
Registering precompiled unity dll's ...
Register platform support module: C:/Program Files/Unity/Hub/Editor/2020.2.7f1/Editor/Data/PlaybackEngines/WindowsStandaloneSupport/UnityEditor.WindowsStandalone.Extensions.dll
Registered in 0.003390 seconds.
Native extension for WindowsStandalone target not found
Refreshing native plugins compatible for Editor in 18.84 ms, found 0 plugins.
Preloading 0 native plugins for Editor in 0.00 ms.
Invoked RoslynAnalysisRunner static constructor.
RoslynAnalysisRunner will not be running.
RoslynAnalysisRunner has terminated.
Mono: successfully reloaded assembly
- Completed reload, in  1.950 seconds
Platform modules already initialized, skipping
Registering precompiled user dll's ...
Registered in 0.000839 seconds.
Begin MonoManager ReloadAssembly
Native extension for WindowsStandalone target not found
Refreshing native plugins compatible for Editor in 0.18 ms, found 0 plugins.
Preloading 0 native plugins for Editor in 0.00 ms.
Invoked RoslynAnalysisRunner static constructor.
RoslynAnalysisRunner will not be running.
RoslynAnalysisRunner has terminated.
Mono: successfully reloaded assembly
- Completed reload, in  0.701 seconds
Platform modules already initialized, skipping
========================================================================
Worker process is ready to serve import requests
Launched and connected shader compiler UnityShaderCompiler.exe after 0.05 seconds
Refreshing native plugins compatible for Editor in 0.18 ms, found 0 plugins.
Preloading 0 native plugins for Editor in 0.00 ms.
Unloading 1116 Unused Serialized files (Serialized files now loaded: 0)
System memory in use before: 56.9 MB.
System memory in use after: 57.0 MB.

Unloading 9 unused Assets to reduce memory usage. Loaded Objects now: 1559.
Total: 1.324100 ms (FindLiveObjects: 0.117500 ms CreateObjectMapping: 0.039500 ms MarkObjects: 1.119600 ms  DeleteObjects: 0.046800 ms)

========================================================================
Received Import Request.
  path: Assets/Enemy.cs
  artifactKey: Guid(3f9ee52c34e2e9a4c8560230e54f48cb) Importer(815301076,1909f56bfc062723c751e8b465ee728b)
Start importing Assets/Enemy.cs using Guid(3f9ee52c34e2e9a4c8560230e54f48cb) Importer(815301076,1909f56bfc062723c751e8b465ee728b)  -> (artifact id: 'ae656d2eec2bdf22f9e75bc771bad1e8') in 0.056900 seconds
  Import took 0.058523 seconds .

========================================================================
Received Prepare
Refreshing native plugins compatible for Editor in 0.74 ms, found 0 plugins.
Preloading 0 native plugins for Editor in 0.00 ms.
Unloading 3 Unused Serialized files (Serialized files now loaded: 0)
System memory in use before: 34.7 MB.
System memory in use after: 34.9 MB.

Unloading 2 unused Assets to reduce memory usage. Loaded Objects now: 1559.
Total: 1.984100 ms (FindLiveObjects: 0.119800 ms CreateObjectMapping: 0.035000 ms MarkObjects: 1.817400 ms  DeleteObjects: 0.010600 ms)

========================================================================
Received Import Request.
  Time since last request: 10.876681 seconds.
  path: Assets/EnemyEditor.cs
  artifactKey: Guid(e73d8523d7d044944a4bfff134122b11) Importer(815301076,1909f56bfc062723c751e8b465ee728b)
Start importing Assets/EnemyEditor.cs using Guid(e73d8523d7d044944a4bfff134122b11) Importer(815301076,1909f56bfc062723c751e8b465ee728b)  -> (artifact id: 'b2c74c8332389a296d066665f2902c60') in 0.006401 seconds
  Import took 0.008589 seconds .

========================================================================
Received Import Request.
  Time since last request: 0.168311 seconds.
  path: Assets/EnemyEditor.cs
  artifactKey: Guid(e73d8523d7d044944a4bfff134122b11) Importer(815301076,1909f56bfc062723c751e8b465ee728b)
Start importing Assets/EnemyEditor.cs using Guid(e73d8523d7d044944a4bfff134122b11) Importer(815301076,1909f56bfc062723c751e8b465ee728b)  -> (artifact id: 'b2c74c8332389a296d066665f2902c60') in 0.003960 seconds
  Import took 0.006084 seconds .

========================================================================
Received Import Request.
  Time since last request: 18.902496 seconds.
  path: Assets/TestEditor.cs
  artifactKey: Guid(c0d718b8547ddad4c9ebcbfeb4432ab5) Importer(815301076,1909f56bfc062723c751e8b465ee728b)
Start importing Assets/TestEditor.cs using Guid(c0d718b8547ddad4c9ebcbfeb4432ab5) Importer(815301076,1909f56bfc062723c751e8b465ee728b)  -> (artifact id: '6b25dc1aa79ece2ccacd05bbfb70425e') in 0.004518 seconds
  Import took 0.006170 seconds .

========================================================================
Received Import Request.
  Time since last request: 0.000245 seconds.
  path: Assets/TestEditor.cs
  artifactKey: Guid(c0d718b8547ddad4c9ebcbfeb4432ab5) Importer(815301076,1909f56bfc062723c751e8b465ee728b)
Start importing Assets/TestEditor.cs using Guid(c0d718b8547ddad4c9ebcbfeb4432ab5) Importer(815301076,1909f56bfc062723c751e8b465ee728b)  -> (artifact id: '6b25dc1aa79ece2ccacd05bbfb70425e') in 0.003564 seconds
  Import took 0.005028 seconds .

========================================================================
Received Prepare
Registering precompiled user dll's ...
Registered in 0.000849 seconds.
Begin MonoManager ReloadAssembly
Native extension for WindowsStandalone target not found
Refreshing native plugins compatible for Editor in 0.18 ms, found 0 plugins.
Preloading 0 native plugins for Editor in 0.00 ms.
Invoked RoslynAnalysisRunner static constructor.
RoslynAnalysisRunner will not be running.
RoslynAnalysisRunner has terminated.
Mono: successfully reloaded assembly
- Completed reload, in  0.645 seconds
Platform modules already initialized, skipping
Refreshing native plugins compatible for Editor in 0.18 ms, found 0 plugins.
Preloading 0 native plugins for Editor in 0.00 ms.
Unloading 1111 Unused Serialized files (Serialized files now loaded: 0)
System memory in use before: 56.9 MB.
System memory in use after: 57.0 MB.

Unloading 4 unused Assets to reduce memory usage. Loaded Objects now: 1562.
Total: 1.166000 ms (FindLiveObjects: 0.106200 ms CreateObjectMapping: 0.028200 ms MarkObjects: 1.020800 ms  DeleteObjects: 0.009800 ms)

AssetImportWorkerClient::OnTransportError - code=2 error=End of file
