Using pre-set license
Built from '2020.2/staging' branch; Version is '2020.2.7f1 (c53830e277f1) revision 12924976'; Using compiler version '192528614'; Build Type 'Release'
OS: 'Windows 10 Home; OS build 19042.928; Version 2009; 64bit' Language: 'ko' Physical Memory: 32663 MB
BatchMode: 1, IsHumanControllingUs: 0, StartBugReporterOnCrash: 0, Is64bit: 1, IsPro: 0

 COMMAND LINE ARGUMENTS:
C:\Program Files\Unity\Hub\Editor\2020.2.7f1\Editor\Unity.exe
-adb2
-batchMode
-noUpm
-name
AssetImportWorker0
-projectPath
G:/Unity3D_Project/Unity_Project/UI_Textmesh_Pro
-logFile
Logs/AssetImportWorker0.log
-srvPort
62108
Successfully changed project path to: G:/Unity3D_Project/Unity_Project/UI_Textmesh_Pro
G:/Unity3D_Project/Unity_Project/UI_Textmesh_Pro
Using Asset Import Pipeline V2.
Refreshing native plugins compatible for Editor in 29.13 ms, found 1 plugins.
Preloading 0 native plugins for Editor in 0.00 ms.
Initialize engine version: 2020.2.7f1 (c53830e277f1)
[Subsystems] Discovering subsystems at path C:/Program Files/Unity/Hub/Editor/2020.2.7f1/Editor/Data/Resources/UnitySubsystems
[Subsystems] Discovering subsystems at path G:/Unity3D_Project/Unity_Project/UI_Textmesh_Pro/Assets
GfxDevice: creating device client; threaded=0
Direct3D:
    Version:  Direct3D 11.0 [level 11.1]
    Renderer: NVIDIA TITAN RTX (ID=0x1e02)
    Vendor:   
    VRAM:     24276 MB
    Driver:   27.21.14.5671
Initialize mono
Mono path[0] = 'C:/Program Files/Unity/Hub/Editor/2020.2.7f1/Editor/Data/Managed'
Mono path[1] = 'C:/Program Files/Unity/Hub/Editor/2020.2.7f1/Editor/Data/MonoBleedingEdge/lib/mono/unityjit'
Mono config path = 'C:/Program Files/Unity/Hub/Editor/2020.2.7f1/Editor/Data/MonoBleedingEdge/etc'
Using monoOptions --debugger-agent=transport=dt_socket,embedding=1,server=y,suspend=n,address=127.0.0.1:56944
Begin MonoManager ReloadAssembly
Registering precompiled unity dll's ...
Register platform support module: C:/Program Files/Unity/Hub/Editor/2020.2.7f1/Editor/Data/PlaybackEngines/WindowsStandaloneSupport/UnityEditor.WindowsStandalone.Extensions.dll
Registered in 0.003599 seconds.
Native extension for WindowsStandalone target not found
Refreshing native plugins compatible for Editor in 28.58 ms, found 1 plugins.
Preloading 0 native plugins for Editor in 0.00 ms.
Invoked RoslynAnalysisRunner static constructor.
RoslynAnalysisRunner will not be running.
RoslynAnalysisRunner has terminated.
Mono: successfully reloaded assembly
- Completed reload, in  1.957 seconds
Platform modules already initialized, skipping
Registering precompiled user dll's ...
Registered in 0.001007 seconds.
Begin MonoManager ReloadAssembly
Native extension for WindowsStandalone target not found
Refreshing native plugins compatible for Editor in 40.13 ms, found 1 plugins.
Preloading 0 native plugins for Editor in 0.00 ms.
Invoked RoslynAnalysisRunner static constructor.
RoslynAnalysisRunner will not be running.
RoslynAnalysisRunner has terminated.
Mono: successfully reloaded assembly
- Completed reload, in  0.828 seconds
Platform modules already initialized, skipping
========================================================================
Worker process is ready to serve import requests
Launched and connected shader compiler UnityShaderCompiler.exe after 0.20 seconds
Refreshing native plugins compatible for Editor in 0.32 ms, found 1 plugins.
Preloading 0 native plugins for Editor in 0.00 ms.
Unloading 1853 Unused Serialized files (Serialized files now loaded: 0)
System memory in use before: 87.7 MB.
System memory in use after: 87.7 MB.

Unloading 24 unused Assets to reduce memory usage. Loaded Objects now: 2301.
Total: 1.661600 ms (FindLiveObjects: 0.201700 ms CreateObjectMapping: 0.084300 ms MarkObjects: 1.277700 ms  DeleteObjects: 0.097300 ms)

========================================================================
Received Import Request.
  path: Assets/VisualNovelToolkit/Examples/Example Dialog/Example Dialog.unity
  artifactKey: Guid(40610d19afa814538b1f00364d20224c) Importer(815301076,1909f56bfc062723c751e8b465ee728b)
Start importing Assets/VisualNovelToolkit/Examples/Example Dialog/Example Dialog.unity using Guid(40610d19afa814538b1f00364d20224c) Importer(815301076,1909f56bfc062723c751e8b465ee728b)  -> (artifact id: '82e294d3d6d817230237183e0a363e82') in 0.011421 seconds
  Import took 0.013818 seconds .

========================================================================
Received Prepare
Registering precompiled user dll's ...
Registered in 0.001340 seconds.
Begin MonoManager ReloadAssembly
Native extension for WindowsStandalone target not found
Refreshing native plugins compatible for Editor in 0.50 ms, found 1 plugins.
Preloading 0 native plugins for Editor in 0.00 ms.
Invoked RoslynAnalysisRunner static constructor.
RoslynAnalysisRunner will not be running.
RoslynAnalysisRunner has terminated.
Mono: successfully reloaded assembly
- Completed reload, in  0.730 seconds
Platform modules already initialized, skipping
Refreshing native plugins compatible for Editor in 0.44 ms, found 1 plugins.
Preloading 0 native plugins for Editor in 0.00 ms.
Unloading 2777 Unused Serialized files (Serialized files now loaded: 0)
System memory in use before: 114.2 MB.
System memory in use after: 114.3 MB.

Unloading 14 unused Assets to reduce memory usage. Loaded Objects now: 3244.
Total: 1.860400 ms (FindLiveObjects: 0.272200 ms CreateObjectMapping: 0.136200 ms MarkObjects: 1.358300 ms  DeleteObjects: 0.092900 ms)

========================================================================
Received Import Request.
  Time since last request: 1355.893234 seconds.
  path: Assets/New Dialogue Database.asset
  artifactKey: Guid(8ba2b8daea22eaa42b14237011ba35aa) Importer(815301076,1909f56bfc062723c751e8b465ee728b)
Start importing Assets/New Dialogue Database.asset using Guid(8ba2b8daea22eaa42b14237011ba35aa) Importer(815301076,1909f56bfc062723c751e8b465ee728b)  -> (artifact id: '615354d5b9ca1ac36866ff855addd785') in 0.039462 seconds
  Import took 0.044484 seconds .

========================================================================
Received Import Request.
  Time since last request: 72.951221 seconds.
  path: Assets/Scenes
  artifactKey: Guid(7a6aac5b60586014795ee31bafd17b8f) Importer(815301076,1909f56bfc062723c751e8b465ee728b)
Start importing Assets/Scenes using Guid(7a6aac5b60586014795ee31bafd17b8f) Importer(815301076,1909f56bfc062723c751e8b465ee728b)  -> (artifact id: 'edb4e762a3a98c7413bc779fa5a964e1') in 0.004530 seconds
  Import took 0.008468 seconds .

========================================================================
Received Import Request.
  Time since last request: 72.345727 seconds.
  path: Assets/Plugins/Pixel Crushers
  artifactKey: Guid(d6d824f7fe427444aa065aa560b596ec) Importer(815301076,1909f56bfc062723c751e8b465ee728b)
Start importing Assets/Plugins/Pixel Crushers using Guid(d6d824f7fe427444aa065aa560b596ec) Importer(815301076,1909f56bfc062723c751e8b465ee728b)  -> (artifact id: '676b9a8ea346bf509165187ce4890e16') in 0.004746 seconds
  Import took 0.008807 seconds .

========================================================================
Received Import Request.
  Time since last request: 0.869887 seconds.
  path: Assets/Plugins/Pixel Crushers/Dialogue System
  artifactKey: Guid(3f633c18c6e5fab4486d65677fdfa87f) Importer(815301076,1909f56bfc062723c751e8b465ee728b)
Start importing Assets/Plugins/Pixel Crushers/Dialogue System using Guid(3f633c18c6e5fab4486d65677fdfa87f) Importer(815301076,1909f56bfc062723c751e8b465ee728b)  -> (artifact id: '697a0abf6fb683925855e2b437724587') in 0.003989 seconds
  Import took 0.007806 seconds .

========================================================================
Received Import Request.
  Time since last request: 2.831662 seconds.
  path: Assets/Plugins/Pixel Crushers/Dialogue System/Demo
  artifactKey: Guid(ff63b9694782c094da2565a653c9bdb9) Importer(815301076,1909f56bfc062723c751e8b465ee728b)
Start importing Assets/Plugins/Pixel Crushers/Dialogue System/Demo using Guid(ff63b9694782c094da2565a653c9bdb9) Importer(815301076,1909f56bfc062723c751e8b465ee728b)  -> (artifact id: '2830dd6e06511eae19483c2428d10e0c') in 0.004224 seconds
  Import took 0.007943 seconds .

========================================================================
Received Import Request.
  Time since last request: 1.821449 seconds.
  path: Assets/Plugins/Pixel Crushers/Dialogue System/Demo/Scenes
  artifactKey: Guid(9daf2b896a2f6884c9423272b53cf850) Importer(815301076,1909f56bfc062723c751e8b465ee728b)
Start importing Assets/Plugins/Pixel Crushers/Dialogue System/Demo/Scenes using Guid(9daf2b896a2f6884c9423272b53cf850) Importer(815301076,1909f56bfc062723c751e8b465ee728b)  -> (artifact id: '2788fc43b8120cc98c46be7d80ea9255') in 0.029010 seconds
  Import took 0.032684 seconds .

========================================================================
Received Import Request.
  Time since last request: 0.878217 seconds.
  path: Assets/Plugins/Pixel Crushers/Dialogue System/Demo/Scenes/DemoScene1.unity
  artifactKey: Guid(955abf6400389cf4f8e68ac194db83e0) Importer(815301076,1909f56bfc062723c751e8b465ee728b)
Start importing Assets/Plugins/Pixel Crushers/Dialogue System/Demo/Scenes/DemoScene1.unity using Guid(955abf6400389cf4f8e68ac194db83e0) Importer(815301076,1909f56bfc062723c751e8b465ee728b)  -> (artifact id: 'df1ba322df96694abf1f8bbc50fd0584') in 0.007520 seconds
  Import took 0.011506 seconds .

========================================================================
Received Prepare
Registering precompiled user dll's ...
Registered in 0.001485 seconds.
Begin MonoManager ReloadAssembly
Native extension for WindowsStandalone target not found
Refreshing native plugins compatible for Editor in 0.45 ms, found 1 plugins.
Preloading 0 native plugins for Editor in 0.00 ms.
Invoked RoslynAnalysisRunner static constructor.
RoslynAnalysisRunner will not be running.
RoslynAnalysisRunner has terminated.
Mono: successfully reloaded assembly
- Completed reload, in  0.742 seconds
Platform modules already initialized, skipping
Refreshing native plugins compatible for Editor in 0.43 ms, found 1 plugins.
Preloading 0 native plugins for Editor in 0.00 ms.
Unloading 2776 Unused Serialized files (Serialized files now loaded: 0)
System memory in use before: 114.3 MB.
System memory in use after: 114.4 MB.

Unloading 14 unused Assets to reduce memory usage. Loaded Objects now: 3248.
Total: 2.541700 ms (FindLiveObjects: 0.400700 ms CreateObjectMapping: 0.214700 ms MarkObjects: 1.818500 ms  DeleteObjects: 0.106200 ms)

========================================================================
Received Import Request.
  Time since last request: 602.703353 seconds.
  path: Assets/New Dialogue Database 1.asset
  artifactKey: Guid(a5219e605b8597e47a5b5eda721879af) Importer(815301076,1909f56bfc062723c751e8b465ee728b)
Start importing Assets/New Dialogue Database 1.asset using Guid(a5219e605b8597e47a5b5eda721879af) Importer(815301076,1909f56bfc062723c751e8b465ee728b)  -> (artifact id: '9c9e85d36f97ac2163979db1eed603fd') in 0.019949 seconds
  Import took 0.023849 seconds .

========================================================================
Received Import Request.
  Time since last request: 596.478149 seconds.
  path: Assets/New Dialogue Database 1.asset
  artifactKey: Guid(a5219e605b8597e47a5b5eda721879af) Importer(815301076,1909f56bfc062723c751e8b465ee728b)
Start importing Assets/New Dialogue Database 1.asset using Guid(a5219e605b8597e47a5b5eda721879af) Importer(815301076,1909f56bfc062723c751e8b465ee728b)  -> (artifact id: '51b0e002201067e399796dddd16e71e3') in 0.006057 seconds
  Import took 0.012288 seconds .

========================================================================
Received Import Request.
  Time since last request: 1501.168818 seconds.
  path: Assets/Painted HQ 2D Forest Medieval Background/Examples/Scene.unity
  artifactKey: Guid(1ca1e548c6c0a7940acee6009006bc9b) Importer(815301076,1909f56bfc062723c751e8b465ee728b)
Start importing Assets/Painted HQ 2D Forest Medieval Background/Examples/Scene.unity using Guid(1ca1e548c6c0a7940acee6009006bc9b) Importer(815301076,1909f56bfc062723c751e8b465ee728b)  -> (artifact id: 'e6dc4d9f63544d958a8d60066d4149ef') in 0.004098 seconds
  Import took 0.008497 seconds .

========================================================================
Received Prepare
Registering precompiled user dll's ...
Registered in 0.001519 seconds.
Begin MonoManager ReloadAssembly
Native extension for WindowsStandalone target not found
Refreshing native plugins compatible for Editor in 0.44 ms, found 1 plugins.
Preloading 0 native plugins for Editor in 0.00 ms.
Invoked RoslynAnalysisRunner static constructor.
RoslynAnalysisRunner will not be running.
RoslynAnalysisRunner has terminated.
Mono: successfully reloaded assembly
- Completed reload, in  0.796 seconds
Platform modules already initialized, skipping
Refreshing native plugins compatible for Editor in 0.44 ms, found 1 plugins.
Preloading 0 native plugins for Editor in 0.00 ms.
Unloading 2777 Unused Serialized files (Serialized files now loaded: 0)
System memory in use before: 114.4 MB.
System memory in use after: 114.5 MB.

Unloading 14 unused Assets to reduce memory usage. Loaded Objects now: 3253.
Total: 1.926900 ms (FindLiveObjects: 0.284900 ms CreateObjectMapping: 0.146300 ms MarkObjects: 1.401700 ms  DeleteObjects: 0.092900 ms)

========================================================================
Received Import Request.
  Time since last request: 20.263524 seconds.
  path: Assets/Painted HQ 2D Forest Medieval Background/Examples/CSV.cs
  artifactKey: Guid(b96e4a84ec45419458ea82cbd4ad28fb) Importer(815301076,1909f56bfc062723c751e8b465ee728b)
Start importing Assets/Painted HQ 2D Forest Medieval Background/Examples/CSV.cs using Guid(b96e4a84ec45419458ea82cbd4ad28fb) Importer(815301076,1909f56bfc062723c751e8b465ee728b)  -> (artifact id: '54fceeba144855f94203f934aa9f5a7c') in 0.045656 seconds
  Import took 0.049281 seconds .

========================================================================
Received Prepare
Registering precompiled user dll's ...
Registered in 0.001214 seconds.
Begin MonoManager ReloadAssembly
Native extension for WindowsStandalone target not found
Refreshing native plugins compatible for Editor in 0.44 ms, found 1 plugins.
Preloading 0 native plugins for Editor in 0.00 ms.
Invoked RoslynAnalysisRunner static constructor.
RoslynAnalysisRunner will not be running.
RoslynAnalysisRunner has terminated.
Mono: successfully reloaded assembly
- Completed reload, in  0.734 seconds
Platform modules already initialized, skipping
Refreshing native plugins compatible for Editor in 0.68 ms, found 1 plugins.
Preloading 0 native plugins for Editor in 0.00 ms.
Unloading 2776 Unused Serialized files (Serialized files now loaded: 0)
System memory in use before: 114.3 MB.
System memory in use after: 114.4 MB.

Unloading 15 unused Assets to reduce memory usage. Loaded Objects now: 3256.
Total: 1.730600 ms (FindLiveObjects: 0.275200 ms CreateObjectMapping: 0.127100 ms MarkObjects: 1.236000 ms  DeleteObjects: 0.091700 ms)

========================================================================
Received Import Request.
  Time since last request: 11.321215 seconds.
  path: Assets/Painted HQ 2D Forest Medieval Background/Examples/CSVReader.cs
  artifactKey: Guid(2af9188286fec304a9ed4bd22c79360f) Importer(815301076,1909f56bfc062723c751e8b465ee728b)
Start importing Assets/Painted HQ 2D Forest Medieval Background/Examples/CSVReader.cs using Guid(2af9188286fec304a9ed4bd22c79360f) Importer(815301076,1909f56bfc062723c751e8b465ee728b)  -> (artifact id: 'f0fb096420090364d9834c43ef24f93d') in 0.006850 seconds
  Import took 0.010459 seconds .

========================================================================
Received Prepare
Registering precompiled user dll's ...
Registered in 0.001316 seconds.
Begin MonoManager ReloadAssembly
Native extension for WindowsStandalone target not found
Refreshing native plugins compatible for Editor in 0.49 ms, found 1 plugins.
Preloading 0 native plugins for Editor in 0.00 ms.
Invoked RoslynAnalysisRunner static constructor.
RoslynAnalysisRunner will not be running.
RoslynAnalysisRunner has terminated.
Mono: successfully reloaded assembly
- Completed reload, in  0.727 seconds
Platform modules already initialized, skipping
Refreshing native plugins compatible for Editor in 0.43 ms, found 1 plugins.
Preloading 0 native plugins for Editor in 0.00 ms.
Unloading 2777 Unused Serialized files (Serialized files now loaded: 0)
System memory in use before: 114.4 MB.
System memory in use after: 114.4 MB.

Unloading 14 unused Assets to reduce memory usage. Loaded Objects now: 3261.
Total: 2.115700 ms (FindLiveObjects: 0.272300 ms CreateObjectMapping: 0.154500 ms MarkObjects: 1.594800 ms  DeleteObjects: 0.093300 ms)

========================================================================
Received Prepare
Registering precompiled user dll's ...
Registered in 0.001635 seconds.
Begin MonoManager ReloadAssembly
Native extension for WindowsStandalone target not found
Refreshing native plugins compatible for Editor in 0.45 ms, found 1 plugins.
Preloading 0 native plugins for Editor in 0.00 ms.
Invoked RoslynAnalysisRunner static constructor.
RoslynAnalysisRunner will not be running.
RoslynAnalysisRunner has terminated.
Mono: successfully reloaded assembly
- Completed reload, in  0.729 seconds
Platform modules already initialized, skipping
Refreshing native plugins compatible for Editor in 0.44 ms, found 1 plugins.
Preloading 0 native plugins for Editor in 0.00 ms.
Unloading 2777 Unused Serialized files (Serialized files now loaded: 0)
System memory in use before: 114.4 MB.
System memory in use after: 114.5 MB.

Unloading 14 unused Assets to reduce memory usage. Loaded Objects now: 3265.
Total: 2.187800 ms (FindLiveObjects: 0.306100 ms CreateObjectMapping: 0.215900 ms MarkObjects: 1.553100 ms  DeleteObjects: 0.111600 ms)

========================================================================
Received Import Request.
  Time since last request: 133.563809 seconds.
  path: Assets/Painted HQ 2D Forest Medieval Background/Examples/CSVReader.cs
  artifactKey: Guid(2af9188286fec304a9ed4bd22c79360f) Importer(815301076,1909f56bfc062723c751e8b465ee728b)
Start importing Assets/Painted HQ 2D Forest Medieval Background/Examples/CSVReader.cs using Guid(2af9188286fec304a9ed4bd22c79360f) Importer(815301076,1909f56bfc062723c751e8b465ee728b)  -> (artifact id: '73d5f891d47651dea4eda4ade083b3ea') in 0.006387 seconds
  Import took 0.010188 seconds .

========================================================================
Received Import Request.
  Time since last request: 4.914270 seconds.
  path: Assets/Painted HQ 2D Forest Medieval Background/Examples/Test.cs
  artifactKey: Guid(4c4d3ecdd4195a0479cea4b22eaa56d3) Importer(815301076,1909f56bfc062723c751e8b465ee728b)
Start importing Assets/Painted HQ 2D Forest Medieval Background/Examples/Test.cs using Guid(4c4d3ecdd4195a0479cea4b22eaa56d3) Importer(815301076,1909f56bfc062723c751e8b465ee728b)  -> (artifact id: 'dd98a2036c4fa22e5724603b0f2a6009') in 0.004318 seconds
  Import took 0.007946 seconds .

========================================================================
Received Prepare
Registering precompiled user dll's ...
Registered in 0.001240 seconds.
Begin MonoManager ReloadAssembly
Native extension for WindowsStandalone target not found
Refreshing native plugins compatible for Editor in 0.44 ms, found 1 plugins.
Preloading 0 native plugins for Editor in 0.00 ms.
Invoked RoslynAnalysisRunner static constructor.
RoslynAnalysisRunner will not be running.
RoslynAnalysisRunner has terminated.
Mono: successfully reloaded assembly
- Completed reload, in  0.750 seconds
Platform modules already initialized, skipping
Refreshing native plugins compatible for Editor in 0.42 ms, found 1 plugins.
Preloading 0 native plugins for Editor in 0.00 ms.
Unloading 2778 Unused Serialized files (Serialized files now loaded: 0)
System memory in use before: 114.4 MB.
System memory in use after: 114.5 MB.

Unloading 14 unused Assets to reduce memory usage. Loaded Objects now: 3270.
Total: 2.150900 ms (FindLiveObjects: 0.349100 ms CreateObjectMapping: 0.144800 ms MarkObjects: 1.532800 ms  DeleteObjects: 0.122800 ms)

========================================================================
Received Prepare
Registering precompiled user dll's ...
Registered in 0.001246 seconds.
Begin MonoManager ReloadAssembly
Native extension for WindowsStandalone target not found
Refreshing native plugins compatible for Editor in 0.48 ms, found 1 plugins.
Preloading 0 native plugins for Editor in 0.00 ms.
Invoked RoslynAnalysisRunner static constructor.
RoslynAnalysisRunner will not be running.
RoslynAnalysisRunner has terminated.
Mono: successfully reloaded assembly
- Completed reload, in  0.731 seconds
Platform modules already initialized, skipping
Refreshing native plugins compatible for Editor in 0.43 ms, found 1 plugins.
Preloading 0 native plugins for Editor in 0.00 ms.
Unloading 2778 Unused Serialized files (Serialized files now loaded: 0)
System memory in use before: 114.4 MB.
System memory in use after: 114.5 MB.

Unloading 14 unused Assets to reduce memory usage. Loaded Objects now: 3274.
Total: 1.779300 ms (FindLiveObjects: 0.278700 ms CreateObjectMapping: 0.141300 ms MarkObjects: 1.262700 ms  DeleteObjects: 0.095800 ms)

========================================================================
Received Import Request.
  Time since last request: 42.571424 seconds.
  path: Assets/Painted HQ 2D Forest Medieval Background/Examples/Test.cs
  artifactKey: Guid(4c4d3ecdd4195a0479cea4b22eaa56d3) Importer(815301076,1909f56bfc062723c751e8b465ee728b)
Start importing Assets/Painted HQ 2D Forest Medieval Background/Examples/Test.cs using Guid(4c4d3ecdd4195a0479cea4b22eaa56d3) Importer(815301076,1909f56bfc062723c751e8b465ee728b)  -> (artifact id: 'b912bca9e952995f12fa939ad06a93b5') in 0.006582 seconds
  Import took 0.011143 seconds .

========================================================================
Received Prepare
Registering precompiled user dll's ...
Registered in 0.001302 seconds.
Begin MonoManager ReloadAssembly
Native extension for WindowsStandalone target not found
Refreshing native plugins compatible for Editor in 0.71 ms, found 1 plugins.
Preloading 0 native plugins for Editor in 0.00 ms.
Invoked RoslynAnalysisRunner static constructor.
RoslynAnalysisRunner will not be running.
RoslynAnalysisRunner has terminated.
Mono: successfully reloaded assembly
- Completed reload, in  0.752 seconds
Platform modules already initialized, skipping
Refreshing native plugins compatible for Editor in 0.43 ms, found 1 plugins.
Preloading 0 native plugins for Editor in 0.00 ms.
Unloading 2778 Unused Serialized files (Serialized files now loaded: 0)
System memory in use before: 114.4 MB.
System memory in use after: 114.5 MB.

Unloading 14 unused Assets to reduce memory usage. Loaded Objects now: 3278.
Total: 2.222000 ms (FindLiveObjects: 0.335400 ms CreateObjectMapping: 0.194000 ms MarkObjects: 1.591300 ms  DeleteObjects: 0.100300 ms)

========================================================================
Received Prepare
Registering precompiled user dll's ...
Registered in 0.001265 seconds.
Begin MonoManager ReloadAssembly
Native extension for WindowsStandalone target not found
Refreshing native plugins compatible for Editor in 0.45 ms, found 1 plugins.
Preloading 0 native plugins for Editor in 0.00 ms.
Invoked RoslynAnalysisRunner static constructor.
RoslynAnalysisRunner will not be running.
RoslynAnalysisRunner has terminated.
Mono: successfully reloaded assembly
- Completed reload, in  0.814 seconds
Platform modules already initialized, skipping
Refreshing native plugins compatible for Editor in 0.44 ms, found 1 plugins.
Preloading 0 native plugins for Editor in 0.00 ms.
Unloading 2778 Unused Serialized files (Serialized files now loaded: 0)
System memory in use before: 114.4 MB.
System memory in use after: 114.5 MB.

Unloading 14 unused Assets to reduce memory usage. Loaded Objects now: 3282.
Total: 2.170700 ms (FindLiveObjects: 0.424000 ms CreateObjectMapping: 0.162100 ms MarkObjects: 1.418800 ms  DeleteObjects: 0.164800 ms)

========================================================================
Received Import Request.
  Time since last request: 124.223039 seconds.
  path: Assets/testuser.csv
  artifactKey: Guid(f170b1b81a7c3c74cb922898bbf7438a) Importer(815301076,1909f56bfc062723c751e8b465ee728b)
Start importing Assets/testuser.csv using Guid(f170b1b81a7c3c74cb922898bbf7438a) Importer(815301076,1909f56bfc062723c751e8b465ee728b)  -> (artifact id: '8f612e901f8381ec834da302efb1ff2b') in 0.024609 seconds
  Import took 0.029174 seconds .

========================================================================
Received Prepare
Registering precompiled user dll's ...
Registered in 0.001268 seconds.
Begin MonoManager ReloadAssembly
Native extension for WindowsStandalone target not found
Refreshing native plugins compatible for Editor in 0.53 ms, found 1 plugins.
Preloading 0 native plugins for Editor in 0.00 ms.
Invoked RoslynAnalysisRunner static constructor.
RoslynAnalysisRunner will not be running.
RoslynAnalysisRunner has terminated.
Mono: successfully reloaded assembly
- Completed reload, in  0.756 seconds
Platform modules already initialized, skipping
Refreshing native plugins compatible for Editor in 0.44 ms, found 1 plugins.
Preloading 0 native plugins for Editor in 0.00 ms.
Unloading 2778 Unused Serialized files (Serialized files now loaded: 0)
System memory in use before: 114.5 MB.
System memory in use after: 114.5 MB.

Unloading 14 unused Assets to reduce memory usage. Loaded Objects now: 3286.
Total: 1.778500 ms (FindLiveObjects: 0.268100 ms CreateObjectMapping: 0.126800 ms MarkObjects: 1.288200 ms  DeleteObjects: 0.094700 ms)

========================================================================
Received Prepare
Registering precompiled user dll's ...
Registered in 0.001275 seconds.
Begin MonoManager ReloadAssembly
Native extension for WindowsStandalone target not found
Refreshing native plugins compatible for Editor in 0.46 ms, found 1 plugins.
Preloading 0 native plugins for Editor in 0.00 ms.
Invoked RoslynAnalysisRunner static constructor.
RoslynAnalysisRunner will not be running.
RoslynAnalysisRunner has terminated.
Mono: successfully reloaded assembly
- Completed reload, in  0.746 seconds
Platform modules already initialized, skipping
Refreshing native plugins compatible for Editor in 0.43 ms, found 1 plugins.
Preloading 0 native plugins for Editor in 0.00 ms.
Unloading 2778 Unused Serialized files (Serialized files now loaded: 0)
System memory in use before: 114.5 MB.
System memory in use after: 114.6 MB.

Unloading 14 unused Assets to reduce memory usage. Loaded Objects now: 3290.
Total: 2.806000 ms (FindLiveObjects: 0.278300 ms CreateObjectMapping: 0.155900 ms MarkObjects: 2.169200 ms  DeleteObjects: 0.201500 ms)

========================================================================
Received Prepare
Registering precompiled user dll's ...
Registered in 0.001133 seconds.
Begin MonoManager ReloadAssembly
Native extension for WindowsStandalone target not found
Refreshing native plugins compatible for Editor in 0.45 ms, found 1 plugins.
Preloading 0 native plugins for Editor in 0.00 ms.
Invoked RoslynAnalysisRunner static constructor.
RoslynAnalysisRunner will not be running.
RoslynAnalysisRunner has terminated.
Mono: successfully reloaded assembly
- Completed reload, in  0.730 seconds
Platform modules already initialized, skipping
Refreshing native plugins compatible for Editor in 0.43 ms, found 1 plugins.
Preloading 0 native plugins for Editor in 0.00 ms.
Unloading 2778 Unused Serialized files (Serialized files now loaded: 0)
System memory in use before: 114.5 MB.
System memory in use after: 114.6 MB.

Unloading 14 unused Assets to reduce memory usage. Loaded Objects now: 3294.
Total: 1.816500 ms (FindLiveObjects: 0.271900 ms CreateObjectMapping: 0.121500 ms MarkObjects: 1.314600 ms  DeleteObjects: 0.107700 ms)

========================================================================
Received Prepare
Registering precompiled user dll's ...
Registered in 0.001339 seconds.
Begin MonoManager ReloadAssembly
Native extension for WindowsStandalone target not found
Refreshing native plugins compatible for Editor in 0.46 ms, found 1 plugins.
Preloading 0 native plugins for Editor in 0.00 ms.
Invoked RoslynAnalysisRunner static constructor.
RoslynAnalysisRunner will not be running.
RoslynAnalysisRunner has terminated.
Mono: successfully reloaded assembly
- Completed reload, in  0.801 seconds
Platform modules already initialized, skipping
Refreshing native plugins compatible for Editor in 0.46 ms, found 1 plugins.
Preloading 0 native plugins for Editor in 0.00 ms.
Unloading 2778 Unused Serialized files (Serialized files now loaded: 0)
System memory in use before: 114.5 MB.
System memory in use after: 114.6 MB.

Unloading 14 unused Assets to reduce memory usage. Loaded Objects now: 3298.
Total: 1.878500 ms (FindLiveObjects: 0.286700 ms CreateObjectMapping: 0.140400 ms MarkObjects: 1.352700 ms  DeleteObjects: 0.097800 ms)

========================================================================
Received Prepare
Registering precompiled user dll's ...
Registered in 0.001204 seconds.
Begin MonoManager ReloadAssembly
Native extension for WindowsStandalone target not found
Refreshing native plugins compatible for Editor in 0.46 ms, found 1 plugins.
Preloading 0 native plugins for Editor in 0.00 ms.
Invoked RoslynAnalysisRunner static constructor.
RoslynAnalysisRunner will not be running.
RoslynAnalysisRunner has terminated.
Mono: successfully reloaded assembly
- Completed reload, in  0.727 seconds
Platform modules already initialized, skipping
Refreshing native plugins compatible for Editor in 0.43 ms, found 1 plugins.
Preloading 0 native plugins for Editor in 0.00 ms.
Unloading 2778 Unused Serialized files (Serialized files now loaded: 0)
System memory in use before: 114.5 MB.
System memory in use after: 114.6 MB.

Unloading 14 unused Assets to reduce memory usage. Loaded Objects now: 3302.
Total: 2.098900 ms (FindLiveObjects: 0.236200 ms CreateObjectMapping: 0.127600 ms MarkObjects: 1.628400 ms  DeleteObjects: 0.106100 ms)

========================================================================
Received Prepare
Registering precompiled user dll's ...
Registered in 0.001200 seconds.
Begin MonoManager ReloadAssembly
Native extension for WindowsStandalone target not found
Refreshing native plugins compatible for Editor in 0.92 ms, found 1 plugins.
Preloading 0 native plugins for Editor in 0.00 ms.
Invoked RoslynAnalysisRunner static constructor.
RoslynAnalysisRunner will not be running.
RoslynAnalysisRunner has terminated.
Mono: successfully reloaded assembly
- Completed reload, in  0.739 seconds
Platform modules already initialized, skipping
Refreshing native plugins compatible for Editor in 0.42 ms, found 1 plugins.
Preloading 0 native plugins for Editor in 0.00 ms.
Unloading 2778 Unused Serialized files (Serialized files now loaded: 0)
System memory in use before: 114.5 MB.
System memory in use after: 114.6 MB.

Unloading 14 unused Assets to reduce memory usage. Loaded Objects now: 3306.
Total: 1.858500 ms (FindLiveObjects: 0.324200 ms CreateObjectMapping: 0.179400 ms MarkObjects: 1.259000 ms  DeleteObjects: 0.095100 ms)

========================================================================
Received Import Request.
  Time since last request: 237.053664 seconds.
  path: Assets/Resources
  artifactKey: Guid(8129dd3677b6afb4dba6fafc86d37981) Importer(815301076,1909f56bfc062723c751e8b465ee728b)
Start importing Assets/Resources using Guid(8129dd3677b6afb4dba6fafc86d37981) Importer(815301076,1909f56bfc062723c751e8b465ee728b)  -> (artifact id: 'c42f795c52accb4b45ecbdd692190148') in 0.008524 seconds
  Import took 0.012365 seconds .

========================================================================
Received Import Request.
  Time since last request: 23.243378 seconds.
  path: Assets/Painted HQ 2D Forest Medieval Background/Examples/Test.cs
  artifactKey: Guid(4c4d3ecdd4195a0479cea4b22eaa56d3) Importer(815301076,1909f56bfc062723c751e8b465ee728b)
Start importing Assets/Painted HQ 2D Forest Medieval Background/Examples/Test.cs using Guid(4c4d3ecdd4195a0479cea4b22eaa56d3) Importer(815301076,1909f56bfc062723c751e8b465ee728b)  -> (artifact id: 'db66ff2ed0d061955339723af779907d') in 0.004275 seconds
  Import took 0.008715 seconds .

========================================================================
Received Prepare
Registering precompiled user dll's ...
Registered in 0.001169 seconds.
Begin MonoManager ReloadAssembly
Native extension for WindowsStandalone target not found
Refreshing native plugins compatible for Editor in 0.44 ms, found 1 plugins.
Preloading 0 native plugins for Editor in 0.00 ms.
Invoked RoslynAnalysisRunner static constructor.
RoslynAnalysisRunner will not be running.
RoslynAnalysisRunner has terminated.
Mono: successfully reloaded assembly
- Completed reload, in  0.734 seconds
Platform modules already initialized, skipping
Refreshing native plugins compatible for Editor in 0.44 ms, found 1 plugins.
Preloading 0 native plugins for Editor in 0.00 ms.
Unloading 2778 Unused Serialized files (Serialized files now loaded: 0)
System memory in use before: 114.5 MB.
System memory in use after: 114.6 MB.

Unloading 14 unused Assets to reduce memory usage. Loaded Objects now: 3310.
Total: 2.448700 ms (FindLiveObjects: 0.307600 ms CreateObjectMapping: 0.159800 ms MarkObjects: 1.600600 ms  DeleteObjects: 0.379400 ms)

========================================================================
Received Import Request.
  Time since last request: 31.827214 seconds.
  path: Assets/Painted HQ 2D Forest Medieval Background/Examples/Test.cs
  artifactKey: Guid(4c4d3ecdd4195a0479cea4b22eaa56d3) Importer(815301076,1909f56bfc062723c751e8b465ee728b)
Start importing Assets/Painted HQ 2D Forest Medieval Background/Examples/Test.cs using Guid(4c4d3ecdd4195a0479cea4b22eaa56d3) Importer(815301076,1909f56bfc062723c751e8b465ee728b)  -> (artifact id: '94aeb097726be44d11f743d58b315781') in 0.006413 seconds
  Import took 0.010263 seconds .

========================================================================
Received Prepare
Registering precompiled user dll's ...
Registered in 0.001565 seconds.
Begin MonoManager ReloadAssembly
Native extension for WindowsStandalone target not found
Refreshing native plugins compatible for Editor in 0.45 ms, found 1 plugins.
Preloading 0 native plugins for Editor in 0.00 ms.
Invoked RoslynAnalysisRunner static constructor.
RoslynAnalysisRunner will not be running.
RoslynAnalysisRunner has terminated.
Mono: successfully reloaded assembly
- Completed reload, in  0.762 seconds
Platform modules already initialized, skipping
Refreshing native plugins compatible for Editor in 0.44 ms, found 1 plugins.
Preloading 0 native plugins for Editor in 0.00 ms.
Unloading 2778 Unused Serialized files (Serialized files now loaded: 0)
System memory in use before: 114.5 MB.
System memory in use after: 114.6 MB.

Unloading 14 unused Assets to reduce memory usage. Loaded Objects now: 3314.
Total: 2.106500 ms (FindLiveObjects: 0.297300 ms CreateObjectMapping: 0.192300 ms MarkObjects: 1.513600 ms  DeleteObjects: 0.102300 ms)

========================================================================
Received Prepare
Registering precompiled user dll's ...
Registered in 0.001159 seconds.
Begin MonoManager ReloadAssembly
Native extension for WindowsStandalone target not found
Refreshing native plugins compatible for Editor in 0.44 ms, found 1 plugins.
Preloading 0 native plugins for Editor in 0.00 ms.
Invoked RoslynAnalysisRunner static constructor.
RoslynAnalysisRunner will not be running.
RoslynAnalysisRunner has terminated.
Mono: successfully reloaded assembly
- Completed reload, in  0.722 seconds
Platform modules already initialized, skipping
Refreshing native plugins compatible for Editor in 0.49 ms, found 1 plugins.
Preloading 0 native plugins for Editor in 0.00 ms.
Unloading 2778 Unused Serialized files (Serialized files now loaded: 0)
System memory in use before: 114.5 MB.
System memory in use after: 114.6 MB.

Unloading 14 unused Assets to reduce memory usage. Loaded Objects now: 3318.
Total: 1.886900 ms (FindLiveObjects: 0.295500 ms CreateObjectMapping: 0.143000 ms MarkObjects: 1.343000 ms  DeleteObjects: 0.104400 ms)

========================================================================
Received Prepare
Registering precompiled user dll's ...
Registered in 0.001185 seconds.
Begin MonoManager ReloadAssembly
Native extension for WindowsStandalone target not found
Refreshing native plugins compatible for Editor in 0.46 ms, found 1 plugins.
Preloading 0 native plugins for Editor in 0.00 ms.
Invoked RoslynAnalysisRunner static constructor.
RoslynAnalysisRunner will not be running.
RoslynAnalysisRunner has terminated.
Mono: successfully reloaded assembly
- Completed reload, in  0.763 seconds
Platform modules already initialized, skipping
Refreshing native plugins compatible for Editor in 0.43 ms, found 1 plugins.
Preloading 0 native plugins for Editor in 0.00 ms.
Unloading 2778 Unused Serialized files (Serialized files now loaded: 0)
System memory in use before: 114.5 MB.
System memory in use after: 114.6 MB.

Unloading 14 unused Assets to reduce memory usage. Loaded Objects now: 3322.
Total: 2.092400 ms (FindLiveObjects: 0.324500 ms CreateObjectMapping: 0.175300 ms MarkObjects: 1.485300 ms  DeleteObjects: 0.106300 ms)

========================================================================
Received Prepare
Registering precompiled user dll's ...
Registered in 0.001200 seconds.
Begin MonoManager ReloadAssembly
Native extension for WindowsStandalone target not found
Refreshing native plugins compatible for Editor in 0.44 ms, found 1 plugins.
Preloading 0 native plugins for Editor in 0.00 ms.
Invoked RoslynAnalysisRunner static constructor.
RoslynAnalysisRunner will not be running.
RoslynAnalysisRunner has terminated.
Mono: successfully reloaded assembly
- Completed reload, in  0.728 seconds
Platform modules already initialized, skipping
Refreshing native plugins compatible for Editor in 0.44 ms, found 1 plugins.
Preloading 0 native plugins for Editor in 0.00 ms.
Unloading 2778 Unused Serialized files (Serialized files now loaded: 0)
System memory in use before: 114.5 MB.
System memory in use after: 114.6 MB.

Unloading 14 unused Assets to reduce memory usage. Loaded Objects now: 3326.
Total: 1.800200 ms (FindLiveObjects: 0.277700 ms CreateObjectMapping: 0.148900 ms MarkObjects: 1.276600 ms  DeleteObjects: 0.095800 ms)

========================================================================
Received Prepare
Registering precompiled user dll's ...
Registered in 0.001151 seconds.
Begin MonoManager ReloadAssembly
Native extension for WindowsStandalone target not found
Refreshing native plugins compatible for Editor in 0.46 ms, found 1 plugins.
Preloading 0 native plugins for Editor in 0.00 ms.
Invoked RoslynAnalysisRunner static constructor.
RoslynAnalysisRunner will not be running.
RoslynAnalysisRunner has terminated.
Mono: successfully reloaded assembly
- Completed reload, in  0.731 seconds
Platform modules already initialized, skipping
Refreshing native plugins compatible for Editor in 0.64 ms, found 1 plugins.
Preloading 0 native plugins for Editor in 0.00 ms.
Unloading 2778 Unused Serialized files (Serialized files now loaded: 0)
System memory in use before: 114.5 MB.
System memory in use after: 114.6 MB.

Unloading 14 unused Assets to reduce memory usage. Loaded Objects now: 3330.
Total: 2.035300 ms (FindLiveObjects: 0.296900 ms CreateObjectMapping: 0.150800 ms MarkObjects: 1.487000 ms  DeleteObjects: 0.099700 ms)

========================================================================
Received Prepare
Registering precompiled user dll's ...
Registered in 0.001273 seconds.
Begin MonoManager ReloadAssembly
Native extension for WindowsStandalone target not found
Refreshing native plugins compatible for Editor in 0.46 ms, found 1 plugins.
Preloading 0 native plugins for Editor in 0.00 ms.
Invoked RoslynAnalysisRunner static constructor.
RoslynAnalysisRunner will not be running.
RoslynAnalysisRunner has terminated.
Mono: successfully reloaded assembly
- Completed reload, in  0.750 seconds
Platform modules already initialized, skipping
Refreshing native plugins compatible for Editor in 0.44 ms, found 1 plugins.
Preloading 0 native plugins for Editor in 0.00 ms.
Unloading 2778 Unused Serialized files (Serialized files now loaded: 0)
System memory in use before: 114.6 MB.
System memory in use after: 114.6 MB.

Unloading 14 unused Assets to reduce memory usage. Loaded Objects now: 3334.
Total: 2.214200 ms (FindLiveObjects: 0.282100 ms CreateObjectMapping: 0.134100 ms MarkObjects: 1.674400 ms  DeleteObjects: 0.122600 ms)

========================================================================
Received Prepare
Registering precompiled user dll's ...
Registered in 0.001322 seconds.
Begin MonoManager ReloadAssembly
Native extension for WindowsStandalone target not found
Refreshing native plugins compatible for Editor in 0.44 ms, found 1 plugins.
Preloading 0 native plugins for Editor in 0.00 ms.
Invoked RoslynAnalysisRunner static constructor.
RoslynAnalysisRunner will not be running.
RoslynAnalysisRunner has terminated.
Mono: successfully reloaded assembly
- Completed reload, in  0.750 seconds
Platform modules already initialized, skipping
Refreshing native plugins compatible for Editor in 0.63 ms, found 1 plugins.
Preloading 0 native plugins for Editor in 0.00 ms.
Unloading 2778 Unused Serialized files (Serialized files now loaded: 0)
System memory in use before: 114.6 MB.
System memory in use after: 114.7 MB.

Unloading 14 unused Assets to reduce memory usage. Loaded Objects now: 3338.
Total: 1.865200 ms (FindLiveObjects: 0.304900 ms CreateObjectMapping: 0.154700 ms MarkObjects: 1.310400 ms  DeleteObjects: 0.094000 ms)

========================================================================
Received Prepare
Registering precompiled user dll's ...
Registered in 0.001435 seconds.
Begin MonoManager ReloadAssembly
Native extension for WindowsStandalone target not found
Refreshing native plugins compatible for Editor in 0.46 ms, found 1 plugins.
Preloading 0 native plugins for Editor in 0.00 ms.
Invoked RoslynAnalysisRunner static constructor.
RoslynAnalysisRunner will not be running.
RoslynAnalysisRunner has terminated.
Mono: successfully reloaded assembly
- Completed reload, in  0.778 seconds
Platform modules already initialized, skipping
Refreshing native plugins compatible for Editor in 0.45 ms, found 1 plugins.
Preloading 0 native plugins for Editor in 0.00 ms.
Unloading 2778 Unused Serialized files (Serialized files now loaded: 0)
System memory in use before: 114.6 MB.
System memory in use after: 114.7 MB.

Unloading 14 unused Assets to reduce memory usage. Loaded Objects now: 3342.
Total: 1.959400 ms (FindLiveObjects: 0.260400 ms CreateObjectMapping: 0.125000 ms MarkObjects: 1.477100 ms  DeleteObjects: 0.096200 ms)

========================================================================
Received Prepare
Registering precompiled user dll's ...
Registered in 0.001314 seconds.
Begin MonoManager ReloadAssembly
Native extension for WindowsStandalone target not found
Refreshing native plugins compatible for Editor in 0.49 ms, found 1 plugins.
Preloading 0 native plugins for Editor in 0.00 ms.
Invoked RoslynAnalysisRunner static constructor.
RoslynAnalysisRunner will not be running.
RoslynAnalysisRunner has terminated.
Mono: successfully reloaded assembly
- Completed reload, in  0.738 seconds
Platform modules already initialized, skipping
Refreshing native plugins compatible for Editor in 0.49 ms, found 1 plugins.
Preloading 0 native plugins for Editor in 0.00 ms.
Unloading 2778 Unused Serialized files (Serialized files now loaded: 0)
System memory in use before: 114.6 MB.
System memory in use after: 114.7 MB.

Unloading 14 unused Assets to reduce memory usage. Loaded Objects now: 3346.
Total: 2.625400 ms (FindLiveObjects: 0.570900 ms CreateObjectMapping: 0.284600 ms MarkObjects: 1.647300 ms  DeleteObjects: 0.121400 ms)

========================================================================
Received Prepare
Registering precompiled user dll's ...
Registered in 0.001884 seconds.
Begin MonoManager ReloadAssembly
Native extension for WindowsStandalone target not found
Refreshing native plugins compatible for Editor in 0.44 ms, found 1 plugins.
Preloading 0 native plugins for Editor in 0.00 ms.
Invoked RoslynAnalysisRunner static constructor.
RoslynAnalysisRunner will not be running.
RoslynAnalysisRunner has terminated.
Mono: successfully reloaded assembly
- Completed reload, in  0.785 seconds
Platform modules already initialized, skipping
Refreshing native plugins compatible for Editor in 0.42 ms, found 1 plugins.
Preloading 0 native plugins for Editor in 0.00 ms.
Unloading 2778 Unused Serialized files (Serialized files now loaded: 0)
System memory in use before: 114.6 MB.
System memory in use after: 114.7 MB.

Unloading 14 unused Assets to reduce memory usage. Loaded Objects now: 3350.
Total: 2.002900 ms (FindLiveObjects: 0.299700 ms CreateObjectMapping: 0.184900 ms MarkObjects: 1.417900 ms  DeleteObjects: 0.099700 ms)

AssetImportWorkerClient::OnTransportError - code=2 error=End of file
