Using pre-set license
Built from '2020.2/staging' branch; Version is '2020.2.7f1 (c53830e277f1) revision 12924976'; Using compiler version '192528614'; Build Type 'Release'
OS: 'Windows 10 Home; OS build 19042.928; Version 2009; 64bit' Language: 'ko' Physical Memory: 32663 MB
BatchMode: 1, IsHumanControllingUs: 0, StartBugReporterOnCrash: 0, Is64bit: 1, IsPro: 0

 COMMAND LINE ARGUMENTS:
C:\Program Files\Unity\Hub\Editor\2020.2.7f1\Editor\Unity.exe
-adb2
-batchMode
-noUpm
-name
AssetImportWorker0
-projectPath
G:/Unity3D_Project/Unity_Project/UI_Textmesh_Pro
-logFile
Logs/AssetImportWorker0.log
-srvPort
53354
Successfully changed project path to: G:/Unity3D_Project/Unity_Project/UI_Textmesh_Pro
G:/Unity3D_Project/Unity_Project/UI_Textmesh_Pro
Using Asset Import Pipeline V2.
Refreshing native plugins compatible for Editor in 28.91 ms, found 1 plugins.
Preloading 0 native plugins for Editor in 0.00 ms.
Initialize engine version: 2020.2.7f1 (c53830e277f1)
[Subsystems] Discovering subsystems at path C:/Program Files/Unity/Hub/Editor/2020.2.7f1/Editor/Data/Resources/UnitySubsystems
[Subsystems] Discovering subsystems at path G:/Unity3D_Project/Unity_Project/UI_Textmesh_Pro/Assets
GfxDevice: creating device client; threaded=0
Direct3D:
    Version:  Direct3D 11.0 [level 11.1]
    Renderer: NVIDIA TITAN RTX (ID=0x1e02)
    Vendor:   
    VRAM:     24276 MB
    Driver:   27.21.14.5671
Initialize mono
Mono path[0] = 'C:/Program Files/Unity/Hub/Editor/2020.2.7f1/Editor/Data/Managed'
Mono path[1] = 'C:/Program Files/Unity/Hub/Editor/2020.2.7f1/Editor/Data/MonoBleedingEdge/lib/mono/unityjit'
Mono config path = 'C:/Program Files/Unity/Hub/Editor/2020.2.7f1/Editor/Data/MonoBleedingEdge/etc'
Using monoOptions --debugger-agent=transport=dt_socket,embedding=1,server=y,suspend=n,address=127.0.0.1:56772
Begin MonoManager ReloadAssembly
Registering precompiled unity dll's ...
Register platform support module: C:/Program Files/Unity/Hub/Editor/2020.2.7f1/Editor/Data/PlaybackEngines/WindowsStandaloneSupport/UnityEditor.WindowsStandalone.Extensions.dll
Registered in 0.003152 seconds.
Native extension for WindowsStandalone target not found
Refreshing native plugins compatible for Editor in 27.76 ms, found 1 plugins.
Preloading 0 native plugins for Editor in 0.00 ms.
Invoked RoslynAnalysisRunner static constructor.
RoslynAnalysisRunner will not be running.
RoslynAnalysisRunner has terminated.
Mono: successfully reloaded assembly
- Completed reload, in  1.912 seconds
Platform modules already initialized, skipping
Registering precompiled user dll's ...
Registered in 0.001038 seconds.
Begin MonoManager ReloadAssembly
Native extension for WindowsStandalone target not found
Refreshing native plugins compatible for Editor in 27.93 ms, found 1 plugins.
Preloading 0 native plugins for Editor in 0.00 ms.
Invoked RoslynAnalysisRunner static constructor.
RoslynAnalysisRunner will not be running.
RoslynAnalysisRunner has terminated.
Mono: successfully reloaded assembly
- Completed reload, in  0.775 seconds
Platform modules already initialized, skipping
========================================================================
Worker process is ready to serve import requests
Launched and connected shader compiler UnityShaderCompiler.exe after 0.05 seconds
Refreshing native plugins compatible for Editor in 0.33 ms, found 1 plugins.
Preloading 0 native plugins for Editor in 0.00 ms.
Unloading 1853 Unused Serialized files (Serialized files now loaded: 0)
System memory in use before: 87.3 MB.
System memory in use after: 87.3 MB.

Unloading 24 unused Assets to reduce memory usage. Loaded Objects now: 2295.
Total: 1.701000 ms (FindLiveObjects: 0.208000 ms CreateObjectMapping: 0.078000 ms MarkObjects: 1.313900 ms  DeleteObjects: 0.100200 ms)

========================================================================
Received Import Request.
  path: Assets/TextMesh Pro/Examples & Extras/Scenes/01-  Single Line TextMesh Pro.unity
  artifactKey: Guid(2ac8cf212df6445e8aebbe3cb832e993) Importer(815301076,1909f56bfc062723c751e8b465ee728b)
Start importing Assets/TextMesh Pro/Examples & Extras/Scenes/01-  Single Line TextMesh Pro.unity using Guid(2ac8cf212df6445e8aebbe3cb832e993) Importer(815301076,1909f56bfc062723c751e8b465ee728b)  -> (artifact id: '0b106c4c743c585eb4befcce171c2d9d') in 0.011691 seconds
  Import took 0.014034 seconds .

========================================================================
Received Import Request.
  Time since last request: 0.000165 seconds.
  path: Assets/TextMesh Pro/Examples & Extras/Scenes
  artifactKey: Guid(db1090641b3241f6995b587eb21637bc) Importer(815301076,1909f56bfc062723c751e8b465ee728b)
Start importing Assets/TextMesh Pro/Examples & Extras/Scenes using Guid(db1090641b3241f6995b587eb21637bc) Importer(815301076,1909f56bfc062723c751e8b465ee728b)  -> (artifact id: '025756f995285d91353d07bcedb1883f') in 0.003453 seconds
  Import took 0.005489 seconds .

========================================================================
Received Import Request.
  Time since last request: 0.000143 seconds.
  path: Assets/TextMesh Pro/Examples & Extras
  artifactKey: Guid(ce51c8e33b734b4db6086586558c53a3) Importer(815301076,1909f56bfc062723c751e8b465ee728b)
Start importing Assets/TextMesh Pro/Examples & Extras using Guid(ce51c8e33b734b4db6086586558c53a3) Importer(815301076,1909f56bfc062723c751e8b465ee728b)  -> (artifact id: '7e7dd0637ff723a97a84c30e33466d48') in 0.003615 seconds
  Import took 0.005514 seconds .

========================================================================
Received Import Request.
  Time since last request: 15.439988 seconds.
  path: Assets/TextMesh Pro/Examples & Extras/Scenes/02 - Multi-line TextMesh Pro.unity
  artifactKey: Guid(251716609f634449bfe8ce75c0ed78fe) Importer(815301076,1909f56bfc062723c751e8b465ee728b)
Start importing Assets/TextMesh Pro/Examples & Extras/Scenes/02 - Multi-line TextMesh Pro.unity using Guid(251716609f634449bfe8ce75c0ed78fe) Importer(815301076,1909f56bfc062723c751e8b465ee728b)  -> (artifact id: '2d8f6255bba25a5c4d4c1dd4d63ab13e') in 0.004249 seconds
  Import took 0.006718 seconds .

========================================================================
Received Import Request.
  Time since last request: 1.325802 seconds.
  path: Assets/TextMesh Pro/Examples & Extras/Scenes/04 - Word Wrapping.unity
  artifactKey: Guid(8f7137eacd7042d5b17ef0efe5e744f5) Importer(815301076,1909f56bfc062723c751e8b465ee728b)
Start importing Assets/TextMesh Pro/Examples & Extras/Scenes/04 - Word Wrapping.unity using Guid(8f7137eacd7042d5b17ef0efe5e744f5) Importer(815301076,1909f56bfc062723c751e8b465ee728b)  -> (artifact id: '2b409780e5d9e79841e3bdda2ac7e8c8') in 0.004185 seconds
  Import took 0.006619 seconds .

========================================================================
Received Import Request.
  Time since last request: 0.588031 seconds.
  path: Assets/TextMesh Pro/Examples & Extras/Scenes/03 - Line Justification.unity
  artifactKey: Guid(21a509e1d3cd49978623fa564adb6f02) Importer(815301076,1909f56bfc062723c751e8b465ee728b)
Start importing Assets/TextMesh Pro/Examples & Extras/Scenes/03 - Line Justification.unity using Guid(21a509e1d3cd49978623fa564adb6f02) Importer(815301076,1909f56bfc062723c751e8b465ee728b)  -> (artifact id: 'c50504f4bc931449e17dd88c0027edf9') in 0.004364 seconds
  Import took 0.006859 seconds .

========================================================================
Received Import Request.
  Time since last request: 1.903717 seconds.
  path: Assets/TextMesh Pro/Examples & Extras/Scenes/05 - Style Tags.unity
  artifactKey: Guid(70615243e2be4a81afaab9bf5d273d65) Importer(815301076,1909f56bfc062723c751e8b465ee728b)
Start importing Assets/TextMesh Pro/Examples & Extras/Scenes/05 - Style Tags.unity using Guid(70615243e2be4a81afaab9bf5d273d65) Importer(815301076,1909f56bfc062723c751e8b465ee728b)  -> (artifact id: '106f4e066c74e40330c14068baf919fa') in 0.004143 seconds
  Import took 0.006506 seconds .

========================================================================
Received Import Request.
  Time since last request: 0.738909 seconds.
  path: Assets/TextMesh Pro/Examples & Extras/Scenes/06 - Extra Rich Text Examples.unity
  artifactKey: Guid(39a1fa96ad2a449b908fca29d4297a74) Importer(815301076,1909f56bfc062723c751e8b465ee728b)
Start importing Assets/TextMesh Pro/Examples & Extras/Scenes/06 - Extra Rich Text Examples.unity using Guid(39a1fa96ad2a449b908fca29d4297a74) Importer(815301076,1909f56bfc062723c751e8b465ee728b)  -> (artifact id: 'b28f4093674b09777422d8e667bcef8d') in 0.004384 seconds
  Import took 0.006895 seconds .

========================================================================
Received Import Request.
  Time since last request: 0.000346 seconds.
  path: Assets/TextMesh Pro/Examples & Extras/Scenes/06 - Extra Rich Text Examples.unity
  artifactKey: Guid(39a1fa96ad2a449b908fca29d4297a74) Importer(815301076,1909f56bfc062723c751e8b465ee728b)
Start importing Assets/TextMesh Pro/Examples & Extras/Scenes/06 - Extra Rich Text Examples.unity using Guid(39a1fa96ad2a449b908fca29d4297a74) Importer(815301076,1909f56bfc062723c751e8b465ee728b)  -> (artifact id: 'b28f4093674b09777422d8e667bcef8d') in 0.003604 seconds
  Import took 0.005894 seconds .

========================================================================
Received Import Request.
  Time since last request: 0.749482 seconds.
  path: Assets/TextMesh Pro/Examples & Extras/Scenes/08 - Improved Text Alignment.unity
  artifactKey: Guid(5fe2257128d9401fad0790f581dc8a6f) Importer(815301076,1909f56bfc062723c751e8b465ee728b)
Start importing Assets/TextMesh Pro/Examples & Extras/Scenes/08 - Improved Text Alignment.unity using Guid(5fe2257128d9401fad0790f581dc8a6f) Importer(815301076,1909f56bfc062723c751e8b465ee728b)  -> (artifact id: '75bf642b0e6c141722104e5645ee17bf') in 0.004266 seconds
  Import took 0.006668 seconds .

========================================================================
Received Import Request.
  Time since last request: 0.000718 seconds.
  path: Assets/TextMesh Pro/Examples & Extras/Scenes/08 - Improved Text Alignment.unity
  artifactKey: Guid(5fe2257128d9401fad0790f581dc8a6f) Importer(815301076,1909f56bfc062723c751e8b465ee728b)
Start importing Assets/TextMesh Pro/Examples & Extras/Scenes/08 - Improved Text Alignment.unity using Guid(5fe2257128d9401fad0790f581dc8a6f) Importer(815301076,1909f56bfc062723c751e8b465ee728b)  -> (artifact id: '75bf642b0e6c141722104e5645ee17bf') in 0.003690 seconds
  Import took 0.005995 seconds .

========================================================================
Received Import Request.
  Time since last request: 0.764367 seconds.
  path: Assets/TextMesh Pro/Examples & Extras/Scenes/09 - Margin Tag Example.unity
  artifactKey: Guid(349f38d3606449708c7340d26740e1e2) Importer(815301076,1909f56bfc062723c751e8b465ee728b)
Start importing Assets/TextMesh Pro/Examples & Extras/Scenes/09 - Margin Tag Example.unity using Guid(349f38d3606449708c7340d26740e1e2) Importer(815301076,1909f56bfc062723c751e8b465ee728b)  -> (artifact id: '32f74cce09784ae0fb025d2fef007ab2') in 0.004178 seconds
  Import took 0.006562 seconds .

========================================================================
Received Import Request.
  Time since last request: 0.000623 seconds.
  path: Assets/TextMesh Pro/Examples & Extras/Scenes/09 - Margin Tag Example.unity
  artifactKey: Guid(349f38d3606449708c7340d26740e1e2) Importer(815301076,1909f56bfc062723c751e8b465ee728b)
Start importing Assets/TextMesh Pro/Examples & Extras/Scenes/09 - Margin Tag Example.unity using Guid(349f38d3606449708c7340d26740e1e2) Importer(815301076,1909f56bfc062723c751e8b465ee728b)  -> (artifact id: '32f74cce09784ae0fb025d2fef007ab2') in 0.003730 seconds
  Import took 0.006044 seconds .

========================================================================
Received Import Request.
  Time since last request: 1.015740 seconds.
  path: Assets/TextMesh Pro/Examples & Extras/Scenes/10 - Bullets & Numbered List Example.unity
  artifactKey: Guid(c3f814e1d12c45568daf3dd9a86a0e61) Importer(815301076,1909f56bfc062723c751e8b465ee728b)
Start importing Assets/TextMesh Pro/Examples & Extras/Scenes/10 - Bullets & Numbered List Example.unity using Guid(c3f814e1d12c45568daf3dd9a86a0e61) Importer(815301076,1909f56bfc062723c751e8b465ee728b)  -> (artifact id: 'ede8a6b44198c4334c0197a4767688c3') in 0.004230 seconds
  Import took 0.006649 seconds .

========================================================================
Received Import Request.
  Time since last request: 0.000780 seconds.
  path: Assets/TextMesh Pro/Examples & Extras/Scenes/10 - Bullets & Numbered List Example.unity
  artifactKey: Guid(c3f814e1d12c45568daf3dd9a86a0e61) Importer(815301076,1909f56bfc062723c751e8b465ee728b)
Start importing Assets/TextMesh Pro/Examples & Extras/Scenes/10 - Bullets & Numbered List Example.unity using Guid(c3f814e1d12c45568daf3dd9a86a0e61) Importer(815301076,1909f56bfc062723c751e8b465ee728b)  -> (artifact id: 'ede8a6b44198c4334c0197a4767688c3') in 0.003743 seconds
  Import took 0.006095 seconds .

========================================================================
Received Import Request.
  Time since last request: 0.794177 seconds.
  path: Assets/TextMesh Pro/Examples & Extras/Scenes/11 - The Style Tag.unity
  artifactKey: Guid(84ed36ad77dd4956b2ffe3769f759879) Importer(815301076,1909f56bfc062723c751e8b465ee728b)
Start importing Assets/TextMesh Pro/Examples & Extras/Scenes/11 - The Style Tag.unity using Guid(84ed36ad77dd4956b2ffe3769f759879) Importer(815301076,1909f56bfc062723c751e8b465ee728b)  -> (artifact id: 'e8ea234974a6bb6056fc47997a7d15b5') in 0.004517 seconds
  Import took 0.007013 seconds .

========================================================================
Received Import Request.
  Time since last request: 0.670379 seconds.
  path: Assets/TextMesh Pro/Examples & Extras/Scenes/12 - Link Example.unity
  artifactKey: Guid(9747140c28254be2adc582210dfb89b8) Importer(815301076,1909f56bfc062723c751e8b465ee728b)
Start importing Assets/TextMesh Pro/Examples & Extras/Scenes/12 - Link Example.unity using Guid(9747140c28254be2adc582210dfb89b8) Importer(815301076,1909f56bfc062723c751e8b465ee728b)  -> (artifact id: '2b46f82adc07637855db168e4e6d613e') in 0.004267 seconds
  Import took 0.006682 seconds .

========================================================================
Received Import Request.
  Time since last request: 0.000952 seconds.
  path: Assets/TextMesh Pro/Examples & Extras/Scenes/12 - Link Example.unity
  artifactKey: Guid(9747140c28254be2adc582210dfb89b8) Importer(815301076,1909f56bfc062723c751e8b465ee728b)
Start importing Assets/TextMesh Pro/Examples & Extras/Scenes/12 - Link Example.unity using Guid(9747140c28254be2adc582210dfb89b8) Importer(815301076,1909f56bfc062723c751e8b465ee728b)  -> (artifact id: '2b46f82adc07637855db168e4e6d613e') in 0.003671 seconds
  Import took 0.006046 seconds .

========================================================================
Received Import Request.
  Time since last request: 0.776391 seconds.
  path: Assets/TextMesh Pro/Examples & Extras/Scenes/12a - Text Interactions.unity
  artifactKey: Guid(08572ab7713642c8a60789750f0bce5c) Importer(815301076,1909f56bfc062723c751e8b465ee728b)
Start importing Assets/TextMesh Pro/Examples & Extras/Scenes/12a - Text Interactions.unity using Guid(08572ab7713642c8a60789750f0bce5c) Importer(815301076,1909f56bfc062723c751e8b465ee728b)  -> (artifact id: '5b908963ad77fd8106a6928832d4eec9') in 0.004512 seconds
  Import took 0.006936 seconds .

========================================================================
Received Import Request.
  Time since last request: 0.808072 seconds.
  path: Assets/TextMesh Pro/Examples & Extras/Scenes/13 - Soft Hyphenation.unity
  artifactKey: Guid(875684baf40f4d008ce806d03e2a81b2) Importer(815301076,1909f56bfc062723c751e8b465ee728b)
Start importing Assets/TextMesh Pro/Examples & Extras/Scenes/13 - Soft Hyphenation.unity using Guid(875684baf40f4d008ce806d03e2a81b2) Importer(815301076,1909f56bfc062723c751e8b465ee728b)  -> (artifact id: 'ad4f66cbd1c67332601b82f1335d95ad') in 0.004240 seconds
  Import took 0.006772 seconds .

========================================================================
Received Import Request.
  Time since last request: 0.664321 seconds.
  path: Assets/TextMesh Pro/Examples & Extras/Scenes/14 - Multi Font & Sprites.unity
  artifactKey: Guid(22a2fba786ad4c40ac0ba09f0b933100) Importer(815301076,1909f56bfc062723c751e8b465ee728b)
Start importing Assets/TextMesh Pro/Examples & Extras/Scenes/14 - Multi Font & Sprites.unity using Guid(22a2fba786ad4c40ac0ba09f0b933100) Importer(815301076,1909f56bfc062723c751e8b465ee728b)  -> (artifact id: '7649a7886205a6703060ca9a0f164ffb') in 0.004344 seconds
  Import took 0.006736 seconds .

========================================================================
Received Import Request.
  Time since last request: 0.000630 seconds.
  path: Assets/TextMesh Pro/Examples & Extras/Scenes/14 - Multi Font & Sprites.unity
  artifactKey: Guid(22a2fba786ad4c40ac0ba09f0b933100) Importer(815301076,1909f56bfc062723c751e8b465ee728b)
Start importing Assets/TextMesh Pro/Examples & Extras/Scenes/14 - Multi Font & Sprites.unity using Guid(22a2fba786ad4c40ac0ba09f0b933100) Importer(815301076,1909f56bfc062723c751e8b465ee728b)  -> (artifact id: '7649a7886205a6703060ca9a0f164ffb') in 0.003619 seconds
  Import took 0.005902 seconds .

========================================================================
Received Import Request.
  Time since last request: 0.727793 seconds.
  path: Assets/TextMesh Pro/Examples & Extras/Scenes/15 - Inline Graphics & Sprites.unity
  artifactKey: Guid(e76e6c0f81964cbda3fe0b7d26ed8060) Importer(815301076,1909f56bfc062723c751e8b465ee728b)
Start importing Assets/TextMesh Pro/Examples & Extras/Scenes/15 - Inline Graphics & Sprites.unity using Guid(e76e6c0f81964cbda3fe0b7d26ed8060) Importer(815301076,1909f56bfc062723c751e8b465ee728b)  -> (artifact id: '1f56f8864c65807625959c2446400f8d') in 0.004370 seconds
  Import took 0.006819 seconds .

========================================================================
Received Import Request.
  Time since last request: 0.000546 seconds.
  path: Assets/TextMesh Pro/Examples & Extras/Scenes/15 - Inline Graphics & Sprites.unity
  artifactKey: Guid(e76e6c0f81964cbda3fe0b7d26ed8060) Importer(815301076,1909f56bfc062723c751e8b465ee728b)
Start importing Assets/TextMesh Pro/Examples & Extras/Scenes/15 - Inline Graphics & Sprites.unity using Guid(e76e6c0f81964cbda3fe0b7d26ed8060) Importer(815301076,1909f56bfc062723c751e8b465ee728b)  -> (artifact id: '1f56f8864c65807625959c2446400f8d') in 0.003853 seconds
  Import took 0.006171 seconds .

========================================================================
Received Import Request.
  Time since last request: 0.718572 seconds.
  path: Assets/TextMesh Pro/Examples & Extras/Scenes/16 - Linked text overflow mode example.unity
  artifactKey: Guid(9442cda25baa4a0bb544c4d095b00caa) Importer(815301076,1909f56bfc062723c751e8b465ee728b)
Start importing Assets/TextMesh Pro/Examples & Extras/Scenes/16 - Linked text overflow mode example.unity using Guid(9442cda25baa4a0bb544c4d095b00caa) Importer(815301076,1909f56bfc062723c751e8b465ee728b)  -> (artifact id: '7320f5ec462931e9d8e4d8886929d005') in 0.004186 seconds
  Import took 0.006592 seconds .

========================================================================
Received Import Request.
  Time since last request: 0.821299 seconds.
  path: Assets/TextMesh Pro/Examples & Extras/Scenes/17 - Old Computer Terminal.unity
  artifactKey: Guid(3e2e4d7b0bed4cf9ab827e9f32448f69) Importer(815301076,1909f56bfc062723c751e8b465ee728b)
Start importing Assets/TextMesh Pro/Examples & Extras/Scenes/17 - Old Computer Terminal.unity using Guid(3e2e4d7b0bed4cf9ab827e9f32448f69) Importer(815301076,1909f56bfc062723c751e8b465ee728b)  -> (artifact id: 'b2ed8a7ea1b48ef8c5adb027f1e28050') in 0.004207 seconds
  Import took 0.006571 seconds .

========================================================================
Received Import Request.
  Time since last request: 0.000595 seconds.
  path: Assets/TextMesh Pro/Examples & Extras/Scenes/17 - Old Computer Terminal.unity
  artifactKey: Guid(3e2e4d7b0bed4cf9ab827e9f32448f69) Importer(815301076,1909f56bfc062723c751e8b465ee728b)
Start importing Assets/TextMesh Pro/Examples & Extras/Scenes/17 - Old Computer Terminal.unity using Guid(3e2e4d7b0bed4cf9ab827e9f32448f69) Importer(815301076,1909f56bfc062723c751e8b465ee728b)  -> (artifact id: 'b2ed8a7ea1b48ef8c5adb027f1e28050') in 0.003680 seconds
  Import took 0.006051 seconds .

========================================================================
Received Import Request.
  Time since last request: 0.689437 seconds.
  path: Assets/TextMesh Pro/Examples & Extras/Scenes/19 - Masking Texture & Soft Mask.unity
  artifactKey: Guid(9abcd5bd764646568a6ea70d00f9264c) Importer(815301076,1909f56bfc062723c751e8b465ee728b)
Start importing Assets/TextMesh Pro/Examples & Extras/Scenes/19 - Masking Texture & Soft Mask.unity using Guid(9abcd5bd764646568a6ea70d00f9264c) Importer(815301076,1909f56bfc062723c751e8b465ee728b)  -> (artifact id: 'db0315d2bfc8360ef29bfc29e22e4a86') in 0.004236 seconds
  Import took 0.006591 seconds .

========================================================================
Received Import Request.
  Time since last request: 0.623475 seconds.
  path: Assets/TextMesh Pro/Examples & Extras/Scenes/18 - ScrollRect & Masking & Layout.unity
  artifactKey: Guid(03f9d74cec8e4b94a29d2dfd177c821b) Importer(815301076,1909f56bfc062723c751e8b465ee728b)
Start importing Assets/TextMesh Pro/Examples & Extras/Scenes/18 - ScrollRect & Masking & Layout.unity using Guid(03f9d74cec8e4b94a29d2dfd177c821b) Importer(815301076,1909f56bfc062723c751e8b465ee728b)  -> (artifact id: 'f3f8b7c2a0a428475df443d45274c387') in 0.009794 seconds
  Import took 0.013178 seconds .

========================================================================
Received Import Request.
  Time since last request: 0.602517 seconds.
  path: Assets/TextMesh Pro/Examples & Extras/Scenes/20 - Input Field with Scrollbar.unity
  artifactKey: Guid(337f92480dd24675aae9e79210fb1ad9) Importer(815301076,1909f56bfc062723c751e8b465ee728b)
Start importing Assets/TextMesh Pro/Examples & Extras/Scenes/20 - Input Field with Scrollbar.unity using Guid(337f92480dd24675aae9e79210fb1ad9) Importer(815301076,1909f56bfc062723c751e8b465ee728b)  -> (artifact id: '6f56c65b35dd5e33b536c17d184ff70c') in 0.004264 seconds
  Import took 0.006705 seconds .

========================================================================
Received Import Request.
  Time since last request: 0.610092 seconds.
  path: Assets/TextMesh Pro/Examples & Extras/Scenes/21 - Script Example.unity
  artifactKey: Guid(50f52f9274434ecfb34dd87f0836f323) Importer(815301076,1909f56bfc062723c751e8b465ee728b)
Start importing Assets/TextMesh Pro/Examples & Extras/Scenes/21 - Script Example.unity using Guid(50f52f9274434ecfb34dd87f0836f323) Importer(815301076,1909f56bfc062723c751e8b465ee728b)  -> (artifact id: '9beee54a8575a573fc0a4c762eca975c') in 0.004299 seconds
  Import took 0.006809 seconds .

========================================================================
Received Import Request.
  Time since last request: 0.001894 seconds.
  path: Assets/TextMesh Pro/Examples & Extras/Scenes/21 - Script Example.unity
  artifactKey: Guid(50f52f9274434ecfb34dd87f0836f323) Importer(815301076,1909f56bfc062723c751e8b465ee728b)
Start importing Assets/TextMesh Pro/Examples & Extras/Scenes/21 - Script Example.unity using Guid(50f52f9274434ecfb34dd87f0836f323) Importer(815301076,1909f56bfc062723c751e8b465ee728b)  -> (artifact id: '9beee54a8575a573fc0a4c762eca975c') in 0.005785 seconds
  Import took 0.008171 seconds .

========================================================================
Received Import Request.
  Time since last request: 0.559998 seconds.
  path: Assets/TextMesh Pro/Examples & Extras/Scenes/22 - Basic Scripting Example.unity
  artifactKey: Guid(6250f98e58fe4abbaada5d84b7ca846d) Importer(815301076,1909f56bfc062723c751e8b465ee728b)
Start importing Assets/TextMesh Pro/Examples & Extras/Scenes/22 - Basic Scripting Example.unity using Guid(6250f98e58fe4abbaada5d84b7ca846d) Importer(815301076,1909f56bfc062723c751e8b465ee728b)  -> (artifact id: '5f9f3d71ed279c55570e18bfed77f836') in 0.004511 seconds
  Import took 0.007003 seconds .

========================================================================
Received Import Request.
  Time since last request: 0.718128 seconds.
  path: Assets/TextMesh Pro/Examples & Extras/Scenes/23 - Animating Vertex Attributes.unity
  artifactKey: Guid(54e994244b4b467e8583cf2da6dcc716) Importer(815301076,1909f56bfc062723c751e8b465ee728b)
Start importing Assets/TextMesh Pro/Examples & Extras/Scenes/23 - Animating Vertex Attributes.unity using Guid(54e994244b4b467e8583cf2da6dcc716) Importer(815301076,1909f56bfc062723c751e8b465ee728b)  -> (artifact id: '746f934287e2a3ac75f06b292408e16c') in 0.004207 seconds
  Import took 0.006613 seconds .

========================================================================
Received Import Request.
  Time since last request: 0.655115 seconds.
  path: Assets/TextMesh Pro/Examples & Extras/Scenes/24 - Surface Shader Example.unity
  artifactKey: Guid(8c4969fd8ba94a68b07cf11f3e7a5137) Importer(815301076,1909f56bfc062723c751e8b465ee728b)
Start importing Assets/TextMesh Pro/Examples & Extras/Scenes/24 - Surface Shader Example.unity using Guid(8c4969fd8ba94a68b07cf11f3e7a5137) Importer(815301076,1909f56bfc062723c751e8b465ee728b)  -> (artifact id: 'd7e48c41023661d3a824e0a2189d6073') in 0.004379 seconds
  Import took 0.006829 seconds .

========================================================================
Received Import Request.
  Time since last request: 0.624143 seconds.
  path: Assets/TextMesh Pro/Examples & Extras/Scenes/25 - Sunny Days Example.unity
  artifactKey: Guid(f9b4c22e15cff344ba9fc6542a58dd07) Importer(815301076,1909f56bfc062723c751e8b465ee728b)
Start importing Assets/TextMesh Pro/Examples & Extras/Scenes/25 - Sunny Days Example.unity using Guid(f9b4c22e15cff344ba9fc6542a58dd07) Importer(815301076,1909f56bfc062723c751e8b465ee728b)  -> (artifact id: '486077e7e1d12840cda2e6b81fe84fa7') in 0.004392 seconds
  Import took 0.006898 seconds .

========================================================================
Received Import Request.
  Time since last request: 0.982648 seconds.
  path: Assets/TextMesh Pro/Examples & Extras/Scenes/26 - Dropdown Placeholder Example.unity
  artifactKey: Guid(0851605490a599b46b6ac5cb681d93ea) Importer(815301076,1909f56bfc062723c751e8b465ee728b)
Start importing Assets/TextMesh Pro/Examples & Extras/Scenes/26 - Dropdown Placeholder Example.unity using Guid(0851605490a599b46b6ac5cb681d93ea) Importer(815301076,1909f56bfc062723c751e8b465ee728b)  -> (artifact id: '261c83c8c525d74cdb0a78dcb5f98507') in 0.004194 seconds
  Import took 0.006657 seconds .

========================================================================
Received Import Request.
  Time since last request: 0.945645 seconds.
  path: Assets/TextMesh Pro/Examples & Extras/Scenes/Benchmark (Floating Text).unity
  artifactKey: Guid(16177da2e3254cee91944756d5f8ddd3) Importer(815301076,1909f56bfc062723c751e8b465ee728b)
Start importing Assets/TextMesh Pro/Examples & Extras/Scenes/Benchmark (Floating Text).unity using Guid(16177da2e3254cee91944756d5f8ddd3) Importer(815301076,1909f56bfc062723c751e8b465ee728b)  -> (artifact id: '98095c992629ec41b441b677bf05a2d6') in 0.004276 seconds
  Import took 0.006716 seconds .

========================================================================
Received Import Request.
  Time since last request: 40.532867 seconds.
  path: Assets/Scenes/SampleScene.unity
  artifactKey: Guid(2cda990e2423bbf4892e6590ba056729) Importer(815301076,1909f56bfc062723c751e8b465ee728b)
Start importing Assets/Scenes/SampleScene.unity using Guid(2cda990e2423bbf4892e6590ba056729) Importer(815301076,1909f56bfc062723c751e8b465ee728b)  -> (artifact id: '31015e2a53bc22e8f79fb177a71fa7f6') in 0.004635 seconds
  Import took 0.010427 seconds .

========================================================================
Received Import Request.
  Time since last request: 0.004923 seconds.
  path: Assets/Scenes/SampleScene.unity
  artifactKey: Guid(2cda990e2423bbf4892e6590ba056729) Importer(815301076,1909f56bfc062723c751e8b465ee728b)
Start importing Assets/Scenes/SampleScene.unity using Guid(2cda990e2423bbf4892e6590ba056729) Importer(815301076,1909f56bfc062723c751e8b465ee728b)  -> (artifact id: '31015e2a53bc22e8f79fb177a71fa7f6') in 0.004072 seconds
  Import took 0.006534 seconds .

========================================================================
Received Import Request.
  Time since last request: 802.004645 seconds.
  path: Assets/Painted HQ 2D Forest Medieval Background/Examples
  artifactKey: Guid(7a5ecea6fea8ed342a104305af699a40) Importer(815301076,1909f56bfc062723c751e8b465ee728b)
Start importing Assets/Painted HQ 2D Forest Medieval Background/Examples using Guid(7a5ecea6fea8ed342a104305af699a40) Importer(815301076,1909f56bfc062723c751e8b465ee728b)  -> (artifact id: '4cc5dd67d59ff6317440c3fad366e92d') in 0.004321 seconds
  Import took 0.007151 seconds .

========================================================================
Received Import Request.
  Time since last request: 0.000369 seconds.
  path: Assets/Painted HQ 2D Forest Medieval Background/Examples
  artifactKey: Guid(7a5ecea6fea8ed342a104305af699a40) Importer(815301076,1909f56bfc062723c751e8b465ee728b)
Start importing Assets/Painted HQ 2D Forest Medieval Background/Examples using Guid(7a5ecea6fea8ed342a104305af699a40) Importer(815301076,1909f56bfc062723c751e8b465ee728b)  -> (artifact id: '4cc5dd67d59ff6317440c3fad366e92d') in 0.003796 seconds
  Import took 0.006316 seconds .

========================================================================
Received Import Request.
  Time since last request: 2.122886 seconds.
  path: Assets/Painted HQ 2D Forest Medieval Background/Examples/Scene.unity
  artifactKey: Guid(1ca1e548c6c0a7940acee6009006bc9b) Importer(815301076,1909f56bfc062723c751e8b465ee728b)
Start importing Assets/Painted HQ 2D Forest Medieval Background/Examples/Scene.unity using Guid(1ca1e548c6c0a7940acee6009006bc9b) Importer(815301076,1909f56bfc062723c751e8b465ee728b)  -> (artifact id: 'e06275557777118bc3f4991adaf0e933') in 0.004732 seconds
  Import took 0.007219 seconds .

========================================================================
Received Import Request.
  Time since last request: 0.000734 seconds.
  path: Assets/Painted HQ 2D Forest Medieval Background/Examples/Scene.unity
  artifactKey: Guid(1ca1e548c6c0a7940acee6009006bc9b) Importer(815301076,1909f56bfc062723c751e8b465ee728b)
Start importing Assets/Painted HQ 2D Forest Medieval Background/Examples/Scene.unity using Guid(1ca1e548c6c0a7940acee6009006bc9b) Importer(815301076,1909f56bfc062723c751e8b465ee728b)  -> (artifact id: 'e06275557777118bc3f4991adaf0e933') in 0.003679 seconds
  Import took 0.006196 seconds .

========================================================================
Received Import Request.
  Time since last request: 4.598052 seconds.
  path: Assets/Painted HQ 2D Forest Medieval Background/Examples/SceneSettings.lighting
  artifactKey: Guid(0a2d25713b4fe8f4285cce0401d2851d) Importer(815301076,1909f56bfc062723c751e8b465ee728b)
Start importing Assets/Painted HQ 2D Forest Medieval Background/Examples/SceneSettings.lighting using Guid(0a2d25713b4fe8f4285cce0401d2851d) Importer(815301076,1909f56bfc062723c751e8b465ee728b) LightingSettings: switching bake backend from 1 to 0.
 -> (artifact id: '97b4b25c2e846dc007059c6bfba689f9') in 0.023440 seconds
  Import took 0.025765 seconds .

========================================================================
Received Prepare
Registering precompiled user dll's ...
Registered in 0.001133 seconds.
Begin MonoManager ReloadAssembly
Native extension for WindowsStandalone target not found
Refreshing native plugins compatible for Editor in 0.36 ms, found 1 plugins.
Preloading 0 native plugins for Editor in 0.00 ms.
Invoked RoslynAnalysisRunner static constructor.
RoslynAnalysisRunner will not be running.
RoslynAnalysisRunner has terminated.
Mono: successfully reloaded assembly
- Completed reload, in  0.699 seconds
Platform modules already initialized, skipping
Refreshing native plugins compatible for Editor in 0.33 ms, found 1 plugins.
Preloading 0 native plugins for Editor in 0.00 ms.
Unloading 1835 Unused Serialized files (Serialized files now loaded: 0)
System memory in use before: 86.7 MB.
System memory in use after: 86.7 MB.

Unloading 12 unused Assets to reduce memory usage. Loaded Objects now: 2299.
Total: 1.617700 ms (FindLiveObjects: 0.180900 ms CreateObjectMapping: 0.066100 ms MarkObjects: 1.281400 ms  DeleteObjects: 0.088500 ms)

========================================================================
Received Prepare
Registering precompiled user dll's ...
Registered in 0.001244 seconds.
Begin MonoManager ReloadAssembly
Native extension for WindowsStandalone target not found
Refreshing native plugins compatible for Editor in 0.36 ms, found 1 plugins.
Preloading 0 native plugins for Editor in 0.00 ms.
Invoked RoslynAnalysisRunner static constructor.
RoslynAnalysisRunner will not be running.
RoslynAnalysisRunner has terminated.
Mono: successfully reloaded assembly
- Completed reload, in  0.708 seconds
Platform modules already initialized, skipping
Refreshing native plugins compatible for Editor in 0.32 ms, found 1 plugins.
Preloading 0 native plugins for Editor in 0.00 ms.
Unloading 1835 Unused Serialized files (Serialized files now loaded: 0)
System memory in use before: 86.7 MB.
System memory in use after: 86.7 MB.

Unloading 12 unused Assets to reduce memory usage. Loaded Objects now: 2303.
Total: 1.585300 ms (FindLiveObjects: 0.167100 ms CreateObjectMapping: 0.063200 ms MarkObjects: 1.269300 ms  DeleteObjects: 0.084600 ms)

========================================================================
Received Prepare
Registering precompiled user dll's ...
Registered in 0.001130 seconds.
Begin MonoManager ReloadAssembly
Native extension for WindowsStandalone target not found
Refreshing native plugins compatible for Editor in 0.35 ms, found 1 plugins.
Preloading 0 native plugins for Editor in 0.00 ms.
Invoked RoslynAnalysisRunner static constructor.
RoslynAnalysisRunner will not be running.
RoslynAnalysisRunner has terminated.
Mono: successfully reloaded assembly
- Completed reload, in  0.690 seconds
Platform modules already initialized, skipping
Refreshing native plugins compatible for Editor in 0.34 ms, found 1 plugins.
Preloading 0 native plugins for Editor in 0.00 ms.
Unloading 1835 Unused Serialized files (Serialized files now loaded: 0)
System memory in use before: 86.7 MB.
System memory in use after: 86.7 MB.

Unloading 12 unused Assets to reduce memory usage. Loaded Objects now: 2307.
Total: 1.599600 ms (FindLiveObjects: 0.190000 ms CreateObjectMapping: 0.067500 ms MarkObjects: 1.254100 ms  DeleteObjects: 0.087100 ms)

========================================================================
Received Prepare
Registering precompiled user dll's ...
Registered in 0.001058 seconds.
Begin MonoManager ReloadAssembly
Native extension for WindowsStandalone target not found
Refreshing native plugins compatible for Editor in 0.35 ms, found 1 plugins.
Preloading 0 native plugins for Editor in 0.00 ms.
Invoked RoslynAnalysisRunner static constructor.
RoslynAnalysisRunner will not be running.
RoslynAnalysisRunner has terminated.
Mono: successfully reloaded assembly
- Completed reload, in  0.676 seconds
Platform modules already initialized, skipping
Refreshing native plugins compatible for Editor in 0.34 ms, found 1 plugins.
Preloading 0 native plugins for Editor in 0.00 ms.
Unloading 1835 Unused Serialized files (Serialized files now loaded: 0)
System memory in use before: 86.7 MB.
System memory in use after: 86.7 MB.

Unloading 12 unused Assets to reduce memory usage. Loaded Objects now: 2311.
Total: 1.583000 ms (FindLiveObjects: 0.193300 ms CreateObjectMapping: 0.063500 ms MarkObjects: 1.232800 ms  DeleteObjects: 0.092600 ms)

========================================================================
Received Import Request.
  Time since last request: 667.230630 seconds.
  path: Assets/Painted HQ 2D Forest Medieval Background/day/cloud03.png
  artifactKey: Guid(b2e7ab64fd7eb364ab7451d09f294367) Importer(815301076,1909f56bfc062723c751e8b465ee728b)
Start importing Assets/Painted HQ 2D Forest Medieval Background/day/cloud03.png using Guid(b2e7ab64fd7eb364ab7451d09f294367) Importer(815301076,1909f56bfc062723c751e8b465ee728b)  -> (artifact id: 'cc9f36a6b46892a6b9be46cd894d7967') in 0.124185 seconds
  Import took 0.126980 seconds .

========================================================================
Received Import Request.
  Time since last request: 1.584102 seconds.
  path: Assets/Painted HQ 2D Forest Medieval Background/day/sky.png
  artifactKey: Guid(70e32caafad415e489dea7aa867977e0) Importer(815301076,1909f56bfc062723c751e8b465ee728b)
Start importing Assets/Painted HQ 2D Forest Medieval Background/day/sky.png using Guid(70e32caafad415e489dea7aa867977e0) Importer(815301076,1909f56bfc062723c751e8b465ee728b)  -> (artifact id: '7353b28ed10c7188bfda6333f81692fe') in 0.010368 seconds
  Import took 0.012945 seconds .

========================================================================
Received Prepare
Registering precompiled user dll's ...
Registered in 0.001122 seconds.
Begin MonoManager ReloadAssembly
Native extension for WindowsStandalone target not found
Refreshing native plugins compatible for Editor in 0.34 ms, found 1 plugins.
Preloading 0 native plugins for Editor in 0.00 ms.
Invoked RoslynAnalysisRunner static constructor.
RoslynAnalysisRunner will not be running.
RoslynAnalysisRunner has terminated.
Mono: successfully reloaded assembly
- Completed reload, in  0.675 seconds
Platform modules already initialized, skipping
Refreshing native plugins compatible for Editor in 0.36 ms, found 1 plugins.
Preloading 0 native plugins for Editor in 0.00 ms.
Unloading 1835 Unused Serialized files (Serialized files now loaded: 0)
System memory in use before: 89.8 MB.
System memory in use after: 89.8 MB.

Unloading 12 unused Assets to reduce memory usage. Loaded Objects now: 2323.
Total: 1.509600 ms (FindLiveObjects: 0.158000 ms CreateObjectMapping: 0.058200 ms MarkObjects: 1.207300 ms  DeleteObjects: 0.085300 ms)

========================================================================
Received Import Request.
  Time since last request: 10.032563 seconds.
  path: Assets/Scenes/SampleScene.unity
  artifactKey: Guid(2cda990e2423bbf4892e6590ba056729) Importer(815301076,1909f56bfc062723c751e8b465ee728b)
Start importing Assets/Scenes/SampleScene.unity using Guid(2cda990e2423bbf4892e6590ba056729) Importer(815301076,1909f56bfc062723c751e8b465ee728b)  -> (artifact id: 'fa25768b5dc4cb3bb7d95b4f62ef97f3') in 0.010550 seconds
  Import took 0.013085 seconds .

========================================================================
Received Import Request.
  Time since last request: 9014.478879 seconds.
  path: Assets/Painted HQ 2D Forest Medieval Background/night/cloud01.png
  artifactKey: Guid(18ad3666f05b674499b413025f1a4227) Importer(815301076,1909f56bfc062723c751e8b465ee728b)
Start importing Assets/Painted HQ 2D Forest Medieval Background/night/cloud01.png using Guid(18ad3666f05b674499b413025f1a4227) Importer(815301076,1909f56bfc062723c751e8b465ee728b)  -> (artifact id: '5753f2cc8e6a79675d434b5590ff038a') in 0.041548 seconds
  Import took 0.044493 seconds .

========================================================================
Received Import Request.
  Time since last request: 2.737246 seconds.
  path: Assets/Painted HQ 2D Forest Medieval Background/night/cloud02.png
  artifactKey: Guid(cb4ab5a5300dcf24eaf0658a4c7dff9f) Importer(815301076,1909f56bfc062723c751e8b465ee728b)
Start importing Assets/Painted HQ 2D Forest Medieval Background/night/cloud02.png using Guid(cb4ab5a5300dcf24eaf0658a4c7dff9f) Importer(815301076,1909f56bfc062723c751e8b465ee728b)  -> (artifact id: 'c194eefe9f631521263ee0d5de33a71c') in 0.011884 seconds
  Import took 0.014491 seconds .

========================================================================
Received Import Request.
  Time since last request: 0.002290 seconds.
  path: Assets/Painted HQ 2D Forest Medieval Background/night/cloud02.png
  artifactKey: Guid(cb4ab5a5300dcf24eaf0658a4c7dff9f) Importer(815301076,1909f56bfc062723c751e8b465ee728b)
Start importing Assets/Painted HQ 2D Forest Medieval Background/night/cloud02.png using Guid(cb4ab5a5300dcf24eaf0658a4c7dff9f) Importer(815301076,1909f56bfc062723c751e8b465ee728b)  -> (artifact id: 'c194eefe9f631521263ee0d5de33a71c') in 0.009816 seconds
  Import took 0.012406 seconds .

========================================================================
Received Prepare
Registering precompiled user dll's ...
Registered in 0.001187 seconds.
Begin MonoManager ReloadAssembly
Native extension for WindowsStandalone target not found
Refreshing native plugins compatible for Editor in 0.42 ms, found 1 plugins.
Preloading 0 native plugins for Editor in 0.00 ms.
Invoked RoslynAnalysisRunner static constructor.
RoslynAnalysisRunner will not be running.
RoslynAnalysisRunner has terminated.
Mono: successfully reloaded assembly
- Completed reload, in  0.708 seconds
Platform modules already initialized, skipping
Refreshing native plugins compatible for Editor in 0.33 ms, found 1 plugins.
Preloading 0 native plugins for Editor in 0.00 ms.
Unloading 1835 Unused Serialized files (Serialized files now loaded: 0)
System memory in use before: 89.9 MB.
System memory in use after: 89.9 MB.

Unloading 12 unused Assets to reduce memory usage. Loaded Objects now: 2332.
Total: 1.577700 ms (FindLiveObjects: 0.159300 ms CreateObjectMapping: 0.056400 ms MarkObjects: 1.270800 ms  DeleteObjects: 0.090500 ms)

========================================================================
Received Import Request.
  Time since last request: 253.363143 seconds.
  path: Assets/TextMesh Pro/Sprites
  artifactKey: Guid(d0603b6d5186471b96c778c3949c7ce2) Importer(815301076,1909f56bfc062723c751e8b465ee728b)
Start importing Assets/TextMesh Pro/Sprites using Guid(d0603b6d5186471b96c778c3949c7ce2) Importer(815301076,1909f56bfc062723c751e8b465ee728b)  -> (artifact id: '9eb10bc992e3a118ff3d637063bb3f52') in 0.007037 seconds
  Import took 0.009941 seconds .

========================================================================
Received Import Request.
  Time since last request: 1.456387 seconds.
  path: Assets/TextMesh Pro/Sprites/EmojiOne.json
  artifactKey: Guid(8f05276190cf498a8153f6cbe761d4e6) Importer(815301076,1909f56bfc062723c751e8b465ee728b)
Start importing Assets/TextMesh Pro/Sprites/EmojiOne.json using Guid(8f05276190cf498a8153f6cbe761d4e6) Importer(815301076,1909f56bfc062723c751e8b465ee728b)  -> (artifact id: '880ec2c66bfe0f062080786f9cfd5002') in 0.039088 seconds
  Import took 0.041558 seconds .

========================================================================
Received Import Request.
  Time since last request: 0.928355 seconds.
  path: Assets/TextMesh Pro/Sprites/EmojiOne Attribution.txt
  artifactKey: Guid(381dcb09d5029d14897e55f98031fca5) Importer(815301076,1909f56bfc062723c751e8b465ee728b)
Start importing Assets/TextMesh Pro/Sprites/EmojiOne Attribution.txt using Guid(381dcb09d5029d14897e55f98031fca5) Importer(815301076,1909f56bfc062723c751e8b465ee728b)  -> (artifact id: 'ac93163dfb5d534491c4d53f4f193f89') in 0.014037 seconds
  Import took 0.016540 seconds .

========================================================================
Received Import Request.
  Time since last request: 1.093841 seconds.
  path: Assets/TextMesh Pro/Sprites/EmojiOne.png
  artifactKey: Guid(dffef66376be4fa480fb02b19edbe903) Importer(815301076,1909f56bfc062723c751e8b465ee728b)
Start importing Assets/TextMesh Pro/Sprites/EmojiOne.png using Guid(dffef66376be4fa480fb02b19edbe903) Importer(815301076,1909f56bfc062723c751e8b465ee728b)  -> (artifact id: '2de332488e81e3247f2a010623ba9e10') in 0.022653 seconds
  Import took 0.025252 seconds .

========================================================================
Received Import Request.
  Time since last request: 0.004151 seconds.
  path: Assets/TextMesh Pro/Sprites/EmojiOne.png
  artifactKey: Guid(dffef66376be4fa480fb02b19edbe903) Importer(815301076,1909f56bfc062723c751e8b465ee728b)
Start importing Assets/TextMesh Pro/Sprites/EmojiOne.png using Guid(dffef66376be4fa480fb02b19edbe903) Importer(815301076,1909f56bfc062723c751e8b465ee728b)  -> (artifact id: '2de332488e81e3247f2a010623ba9e10') in 0.008492 seconds
  Import took 0.011048 seconds .

========================================================================
Received Import Request.
  Time since last request: 15.245963 seconds.
  path: Assets/TextMesh Pro/Sprites/EmojiOne.png
  artifactKey: Guid(dffef66376be4fa480fb02b19edbe903) Importer(815301076,1909f56bfc062723c751e8b465ee728b)
Start importing Assets/TextMesh Pro/Sprites/EmojiOne.png using Guid(dffef66376be4fa480fb02b19edbe903) Importer(815301076,1909f56bfc062723c751e8b465ee728b)  -> (artifact id: 'd1c4d111ed423a3f52d8beffcf490d03') in 0.043980 seconds
  Import took 0.046665 seconds .

========================================================================
Received Import Request.
  Time since last request: 10.291225 seconds.
  path: Assets/TextMesh Pro/Sprites/EmojiOne.png
  artifactKey: Guid(dffef66376be4fa480fb02b19edbe903) Importer(815301076,1909f56bfc062723c751e8b465ee728b)
Start importing Assets/TextMesh Pro/Sprites/EmojiOne.png using Guid(dffef66376be4fa480fb02b19edbe903) Importer(815301076,1909f56bfc062723c751e8b465ee728b)  -> (artifact id: '3ddf31b0d9e3ff8170ba4ac6f694ba61') in 0.036288 seconds
  Import took 0.038816 seconds .

========================================================================
Received Import Request.
  Time since last request: 239.616263 seconds.
  path: Assets/TextMesh Pro/Examples & Extras/Resources/Fonts & Materials/Anton SDF.asset
  artifactKey: Guid(8a89fa14b10d46a99122fd4f73fca9a2) Importer(815301076,1909f56bfc062723c751e8b465ee728b)
Start importing Assets/TextMesh Pro/Examples & Extras/Resources/Fonts & Materials/Anton SDF.asset using Guid(8a89fa14b10d46a99122fd4f73fca9a2) Importer(815301076,1909f56bfc062723c751e8b465ee728b)  -> (artifact id: 'ff70da28eec582db55fb84a03e28774c') in 0.068337 seconds
  Import took 0.071438 seconds .

========================================================================
Received Import Request.
  Time since last request: 0.000179 seconds.
  path: Assets/Painted HQ 2D Forest Medieval Background/evening/cloud01.png
  artifactKey: Guid(99ba51f130c2c26458e8d83637667448) Importer(815301076,1909f56bfc062723c751e8b465ee728b)
Start importing Assets/Painted HQ 2D Forest Medieval Background/evening/cloud01.png using Guid(99ba51f130c2c26458e8d83637667448) Importer(815301076,1909f56bfc062723c751e8b465ee728b)  -> (artifact id: 'f24a086c856bb3101fe4e069b8bfe899') in 0.010764 seconds
  Import took 0.013145 seconds .

========================================================================
Received Import Request.
  Time since last request: 0.000209 seconds.
  path: Assets/TextMesh Pro/Examples & Extras/Resources/Fonts & Materials/Anton SDF.asset
  artifactKey: Guid(8a89fa14b10d46a99122fd4f73fca9a2) Importer(815301076,1909f56bfc062723c751e8b465ee728b)
Start importing Assets/TextMesh Pro/Examples & Extras/Resources/Fonts & Materials/Anton SDF.asset using Guid(8a89fa14b10d46a99122fd4f73fca9a2) Importer(815301076,1909f56bfc062723c751e8b465ee728b)  -> (artifact id: 'ff70da28eec582db55fb84a03e28774c') in 0.021318 seconds
  Import took 0.023674 seconds .

========================================================================
Received Import Request.
  Time since last request: 0.000168 seconds.
  path: Assets/TextMesh Pro/Examples & Extras/Textures/Brushed Metal 3.jpg
  artifactKey: Guid(f88677df267a41d6be1e7a6133e7d227) Importer(815301076,1909f56bfc062723c751e8b465ee728b)
Start importing Assets/TextMesh Pro/Examples & Extras/Textures/Brushed Metal 3.jpg using Guid(f88677df267a41d6be1e7a6133e7d227) Importer(815301076,1909f56bfc062723c751e8b465ee728b)  -> (artifact id: '693deb9d4df7b0202362408a5601c510') in 0.015011 seconds
  Import took 0.017417 seconds .

========================================================================
Received Import Request.
  Time since last request: 0.000226 seconds.
  path: Assets/Painted HQ 2D Forest Medieval Background/evening/cloud02.png
  artifactKey: Guid(d9333f218377dda4ba9650ec8f76c40d) Importer(815301076,1909f56bfc062723c751e8b465ee728b)
Start importing Assets/Painted HQ 2D Forest Medieval Background/evening/cloud02.png using Guid(d9333f218377dda4ba9650ec8f76c40d) Importer(815301076,1909f56bfc062723c751e8b465ee728b)  -> (artifact id: '290fe836b6e62ef0d1ef3fd88a37c5d5') in 0.010363 seconds
  Import took 0.012901 seconds .

========================================================================
Received Import Request.
  Time since last request: 0.000203 seconds.
  path: Assets/Painted HQ 2D Forest Medieval Background/day/cloud01.png
  artifactKey: Guid(d083d3f17cd7d0b4baedc62d855471c8) Importer(815301076,1909f56bfc062723c751e8b465ee728b)
Start importing Assets/Painted HQ 2D Forest Medieval Background/day/cloud01.png using Guid(d083d3f17cd7d0b4baedc62d855471c8) Importer(815301076,1909f56bfc062723c751e8b465ee728b)  -> (artifact id: '0194481ecd650372d93487454dfeaa84') in 0.011420 seconds
  Import took 0.013821 seconds .

========================================================================
Received Import Request.
  Time since last request: 0.000223 seconds.
  path: Assets/Painted HQ 2D Forest Medieval Background/day/cloud02.png
  artifactKey: Guid(5f9e50fddcbd27747be4ff005e67979b) Importer(815301076,1909f56bfc062723c751e8b465ee728b)
Start importing Assets/Painted HQ 2D Forest Medieval Background/day/cloud02.png using Guid(5f9e50fddcbd27747be4ff005e67979b) Importer(815301076,1909f56bfc062723c751e8b465ee728b)  -> (artifact id: '922b4fd3b57766f6b8701e232b3b7cc3') in 0.010009 seconds
  Import took 0.012406 seconds .

========================================================================
Received Import Request.
  Time since last request: 0.000171 seconds.
  path: Assets/TextMesh Pro/Examples & Extras/Resources/Fonts & Materials/Bangers SDF.asset
  artifactKey: Guid(125cb55b44b24c4393181402bc6200e6) Importer(815301076,1909f56bfc062723c751e8b465ee728b)
Start importing Assets/TextMesh Pro/Examples & Extras/Resources/Fonts & Materials/Bangers SDF.asset using Guid(125cb55b44b24c4393181402bc6200e6) Importer(815301076,1909f56bfc062723c751e8b465ee728b)  -> (artifact id: '6648367f39322600d5b5075d03107a9e') in 0.029039 seconds
  Import took 0.034690 seconds .

========================================================================
Received Import Request.
  Time since last request: 1.322329 seconds.
  path: Assets/Painted HQ 2D Forest Medieval Background/evening/cloud03.png
  artifactKey: Guid(a0398b1517032824da3d0ba68c409490) Importer(815301076,1909f56bfc062723c751e8b465ee728b)
Start importing Assets/Painted HQ 2D Forest Medieval Background/evening/cloud03.png using Guid(a0398b1517032824da3d0ba68c409490) Importer(815301076,1909f56bfc062723c751e8b465ee728b)  -> (artifact id: 'a44f46a7c5bb266445b4553bccefebf6') in 0.010114 seconds
  Import took 0.012658 seconds .

========================================================================
Received Import Request.
  Time since last request: 0.000202 seconds.
  path: Assets/Painted HQ 2D Forest Medieval Background/night/cloud03.png
  artifactKey: Guid(e73463d1099f91b4ba8e31b9c3175996) Importer(815301076,1909f56bfc062723c751e8b465ee728b)
Start importing Assets/Painted HQ 2D Forest Medieval Background/night/cloud03.png using Guid(e73463d1099f91b4ba8e31b9c3175996) Importer(815301076,1909f56bfc062723c751e8b465ee728b)  -> (artifact id: 'e4607884ba267479e7aa56abb7de39db') in 0.010843 seconds
  Import took 0.013217 seconds .

========================================================================
Received Import Request.
  Time since last request: 0.036003 seconds.
  path: Assets/TextMesh Pro/Examples & Extras/Sprites/Default Sprites.png
  artifactKey: Guid(a0fc465d6cf04254a2938578735e2383) Importer(815301076,1909f56bfc062723c751e8b465ee728b)
Start importing Assets/TextMesh Pro/Examples & Extras/Sprites/Default Sprites.png using Guid(a0fc465d6cf04254a2938578735e2383) Importer(815301076,1909f56bfc062723c751e8b465ee728b)  -> (artifact id: '9f344071eafa5f27f17457b78dd9d560') in 0.009117 seconds
  Import took 0.011703 seconds .

========================================================================
Received Import Request.
  Time since last request: 0.000205 seconds.
  path: Assets/TextMesh Pro/Examples & Extras/Sprites/DropCap Numbers.psd
  artifactKey: Guid(fd09957580ac4326916010f1f260975b) Importer(815301076,1909f56bfc062723c751e8b465ee728b)
Start importing Assets/TextMesh Pro/Examples & Extras/Sprites/DropCap Numbers.psd using Guid(fd09957580ac4326916010f1f260975b) Importer(815301076,1909f56bfc062723c751e8b465ee728b)  -> (artifact id: '6d54d21832891311f8faf2d7ba3df47e') in 0.016529 seconds
  Import took 0.018824 seconds .

========================================================================
Received Import Request.
  Time since last request: 0.001326 seconds.
  path: Assets/TextMesh Pro/Examples & Extras/Sprites/DropCap Numbers.psd
  artifactKey: Guid(fd09957580ac4326916010f1f260975b) Importer(815301076,1909f56bfc062723c751e8b465ee728b)
Start importing Assets/TextMesh Pro/Examples & Extras/Sprites/DropCap Numbers.psd using Guid(fd09957580ac4326916010f1f260975b) Importer(815301076,1909f56bfc062723c751e8b465ee728b)  -> (artifact id: '6d54d21832891311f8faf2d7ba3df47e') in 0.009629 seconds
  Import took 0.012136 seconds .

========================================================================
Received Import Request.
  Time since last request: 0.280726 seconds.
  path: Assets/TextMesh Pro/Examples & Extras/Resources/Fonts & Materials/Electronic Highway Sign SDF.asset
  artifactKey: Guid(dc36b3fdc14f47ebb36fd484a67e268a) Importer(815301076,1909f56bfc062723c751e8b465ee728b)
Start importing Assets/TextMesh Pro/Examples & Extras/Resources/Fonts & Materials/Electronic Highway Sign SDF.asset using Guid(dc36b3fdc14f47ebb36fd484a67e268a) Importer(815301076,1909f56bfc062723c751e8b465ee728b)  -> (artifact id: '74ebc45e2259709dfb8021e589d59288') in 0.024533 seconds
  Import took 0.029359 seconds .

========================================================================
Received Import Request.
  Time since last request: 0.000205 seconds.
  path: Assets/TextMesh Pro/Examples & Extras/Textures/Floor Tiles 1 - diffuse.jpg
  artifactKey: Guid(85ac55597b97403c82fc6601a93cf241) Importer(815301076,1909f56bfc062723c751e8b465ee728b)
Start importing Assets/TextMesh Pro/Examples & Extras/Textures/Floor Tiles 1 - diffuse.jpg using Guid(85ac55597b97403c82fc6601a93cf241) Importer(815301076,1909f56bfc062723c751e8b465ee728b)  -> (artifact id: 'aa1ed437ec51fcb21500964665409ca5') in 0.008658 seconds
  Import took 0.010970 seconds .

========================================================================
Received Import Request.
  Time since last request: 0.000202 seconds.
  path: Assets/TextMesh Pro/Examples & Extras/Textures/Floor Cement.jpg
  artifactKey: Guid(283f897e4925411ebbaa758b4cb13fc2) Importer(815301076,1909f56bfc062723c751e8b465ee728b)
Start importing Assets/TextMesh Pro/Examples & Extras/Textures/Floor Cement.jpg using Guid(283f897e4925411ebbaa758b4cb13fc2) Importer(815301076,1909f56bfc062723c751e8b465ee728b)  -> (artifact id: '3ccce43939ed9caa13b2a85a4b2842db') in 0.008831 seconds
  Import took 0.011324 seconds .

========================================================================
Received Import Request.
  Time since last request: 0.803805 seconds.
  path: Assets/TextMesh Pro/Examples & Extras/Fonts/Oswald-Bold.ttf
  artifactKey: Guid(c9f6d0e7bc8541498c9a4799ba184ede) Importer(815301076,1909f56bfc062723c751e8b465ee728b)
Start importing Assets/TextMesh Pro/Examples & Extras/Fonts/Oswald-Bold.ttf using Guid(c9f6d0e7bc8541498c9a4799ba184ede) Importer(815301076,1909f56bfc062723c751e8b465ee728b)  -> (artifact id: '3bfa3342231d284723924918d5028903') in 0.022814 seconds
  Import took 0.025359 seconds .

========================================================================
Received Import Request.
  Time since last request: 259.600636 seconds.
  path: Assets/TextMesh Pro/Examples & Extras/Fonts/Anton.ttf
  artifactKey: Guid(997a43b767814dd0a7642ec9b78cba41) Importer(815301076,1909f56bfc062723c751e8b465ee728b)
Start importing Assets/TextMesh Pro/Examples & Extras/Fonts/Anton.ttf using Guid(997a43b767814dd0a7642ec9b78cba41) Importer(815301076,1909f56bfc062723c751e8b465ee728b)  -> (artifact id: '8487427eac8e04b6eb0d147dc1ae52ee') in 0.012156 seconds
  Import took 0.017352 seconds .

========================================================================
Received Import Request.
  Time since last request: 0.000196 seconds.
  path: Assets/TextMesh Pro/Examples & Extras/Fonts/Roboto-Bold.ttf
  artifactKey: Guid(4beb055f07aaff244873dec698d0363e) Importer(815301076,1909f56bfc062723c751e8b465ee728b)
Start importing Assets/TextMesh Pro/Examples & Extras/Fonts/Roboto-Bold.ttf using Guid(4beb055f07aaff244873dec698d0363e) Importer(815301076,1909f56bfc062723c751e8b465ee728b)  -> (artifact id: '62609e6bb2eb39963ae405bf1f451a10') in 0.010216 seconds
  Import took 0.012799 seconds .

========================================================================
Received Import Request.
  Time since last request: 0.000206 seconds.
  path: Assets/TextMesh Pro/Examples & Extras/Fonts/Electronic Highway Sign.TTF
  artifactKey: Guid(8a2b9e2a607dd2143b58c44bc32410b4) Importer(815301076,1909f56bfc062723c751e8b465ee728b)
Start importing Assets/TextMesh Pro/Examples & Extras/Fonts/Electronic Highway Sign.TTF using Guid(8a2b9e2a607dd2143b58c44bc32410b4) Importer(815301076,1909f56bfc062723c751e8b465ee728b)  -> (artifact id: '6ebec14430b13f6af44bc766858f1503') in 0.013113 seconds
  Import took 0.015611 seconds .

========================================================================
Received Import Request.
  Time since last request: 0.000183 seconds.
  path: Assets/TextMesh Pro/Fonts/LiberationSans.ttf
  artifactKey: Guid(e3265ab4bf004d28a9537516768c1c75) Importer(815301076,1909f56bfc062723c751e8b465ee728b)
Start importing Assets/TextMesh Pro/Fonts/LiberationSans.ttf using Guid(e3265ab4bf004d28a9537516768c1c75) Importer(815301076,1909f56bfc062723c751e8b465ee728b)  -> (artifact id: '0add17dc83ee41fc454c0bc457ca565b') in 0.010144 seconds
  Import took 0.012564 seconds .

========================================================================
Received Import Request.
  Time since last request: 0.000189 seconds.
  path: Assets/TextMesh Pro/Examples & Extras/Fonts/Bangers.ttf
  artifactKey: Guid(5dd49b3eacc540408c98eee0de38e0f1) Importer(815301076,1909f56bfc062723c751e8b465ee728b)
Start importing Assets/TextMesh Pro/Examples & Extras/Fonts/Bangers.ttf using Guid(5dd49b3eacc540408c98eee0de38e0f1) Importer(815301076,1909f56bfc062723c751e8b465ee728b)  -> (artifact id: 'c6dd93317cd2a2823235124d8bdfa09e') in 0.012215 seconds
  Import took 0.014703 seconds .

========================================================================
Received Import Request.
  Time since last request: 0.000201 seconds.
  path: Assets/TextMesh Pro/Examples & Extras/Fonts/Anton.ttf
  artifactKey: Guid(997a43b767814dd0a7642ec9b78cba41) Importer(815301076,1909f56bfc062723c751e8b465ee728b)
Start importing Assets/TextMesh Pro/Examples & Extras/Fonts/Anton.ttf using Guid(997a43b767814dd0a7642ec9b78cba41) Importer(815301076,1909f56bfc062723c751e8b465ee728b)  -> (artifact id: '8487427eac8e04b6eb0d147dc1ae52ee') in 0.012450 seconds
  Import took 0.018052 seconds .

========================================================================
Received Import Request.
  Time since last request: 33.762390 seconds.
  path: Assets/TextMesh Pro/Fonts/LiberationSans - OFL.txt
  artifactKey: Guid(6e59c59b81ab47f9b6ec5781fa725d2c) Importer(815301076,1909f56bfc062723c751e8b465ee728b)
Start importing Assets/TextMesh Pro/Fonts/LiberationSans - OFL.txt using Guid(6e59c59b81ab47f9b6ec5781fa725d2c) Importer(815301076,1909f56bfc062723c751e8b465ee728b)  -> (artifact id: '4f4d4a2867cb5ec6fe9535f40d217775') in 0.006243 seconds
  Import took 0.009735 seconds .

========================================================================
Received Import Request.
  Time since last request: 0.000561 seconds.
  path: Assets/TextMesh Pro/Fonts/LiberationSans - OFL.txt
  artifactKey: Guid(6e59c59b81ab47f9b6ec5781fa725d2c) Importer(815301076,1909f56bfc062723c751e8b465ee728b)
Start importing Assets/TextMesh Pro/Fonts/LiberationSans - OFL.txt using Guid(6e59c59b81ab47f9b6ec5781fa725d2c) Importer(815301076,1909f56bfc062723c751e8b465ee728b)  -> (artifact id: '4f4d4a2867cb5ec6fe9535f40d217775') in 0.003889 seconds
  Import took 0.006309 seconds .

========================================================================
Received Import Request.
  Time since last request: 80.874496 seconds.
  path: Assets/Scenes/Oswald-Bold SDF_exported.asset
  artifactKey: Guid(38f27da334456204f81f011104ce4cc1) Importer(815301076,1909f56bfc062723c751e8b465ee728b)
Start importing Assets/Scenes/Oswald-Bold SDF_exported.asset using Guid(38f27da334456204f81f011104ce4cc1) Importer(815301076,1909f56bfc062723c751e8b465ee728b)  -> (artifact id: '38ee35253682db8f749bbfaf10217aa9') in 0.016866 seconds
  Import took 0.019557 seconds .

========================================================================
Received Import Request.
  Time since last request: 4074.541639 seconds.
  path: Assets/TextMesh Pro/Fonts
  artifactKey: Guid(6ab70aee4d56447429c680537fbf93ed) Importer(815301076,1909f56bfc062723c751e8b465ee728b)
Start importing Assets/TextMesh Pro/Fonts using Guid(6ab70aee4d56447429c680537fbf93ed) Importer(815301076,1909f56bfc062723c751e8b465ee728b)  -> (artifact id: 'c7cc6d48bb520139cf43554595d913f8') in 0.004588 seconds
  Import took 0.007746 seconds .

========================================================================
Received Import Request.
  Time since last request: 0.000615 seconds.
  path: Assets/TextMesh Pro/Fonts
  artifactKey: Guid(6ab70aee4d56447429c680537fbf93ed) Importer(815301076,1909f56bfc062723c751e8b465ee728b)
Start importing Assets/TextMesh Pro/Fonts using Guid(6ab70aee4d56447429c680537fbf93ed) Importer(815301076,1909f56bfc062723c751e8b465ee728b)  -> (artifact id: 'c7cc6d48bb520139cf43554595d913f8') in 0.003502 seconds
  Import took 0.006090 seconds .

========================================================================
Received Import Request.
  Time since last request: 2.446804 seconds.
  path: Assets/TextMesh Pro/Fonts/NanumGothic SDF.asset
  artifactKey: Guid(0fb8ed2448026664ca5d4d10b6862ac8) Importer(815301076,1909f56bfc062723c751e8b465ee728b)
Start importing Assets/TextMesh Pro/Fonts/NanumGothic SDF.asset using Guid(0fb8ed2448026664ca5d4d10b6862ac8) Importer(815301076,1909f56bfc062723c751e8b465ee728b)  -> (artifact id: '888ba2f95fd356a401c20820da44b882') in 0.213501 seconds
  Import took 0.216851 seconds .

========================================================================
Received Prepare
Registering precompiled user dll's ...
Registered in 0.001561 seconds.
Begin MonoManager ReloadAssembly
Native extension for WindowsStandalone target not found
Refreshing native plugins compatible for Editor in 0.34 ms, found 1 plugins.
Preloading 0 native plugins for Editor in 0.00 ms.
Invoked RoslynAnalysisRunner static constructor.
RoslynAnalysisRunner will not be running.
RoslynAnalysisRunner has terminated.
Mono: successfully reloaded assembly
- Completed reload, in  0.692 seconds
Platform modules already initialized, skipping
Refreshing native plugins compatible for Editor in 0.34 ms, found 1 plugins.
Preloading 0 native plugins for Editor in 0.00 ms.
Unloading 1835 Unused Serialized files (Serialized files now loaded: 0)
System memory in use before: 90.4 MB.
System memory in use after: 90.4 MB.

Unloading 12 unused Assets to reduce memory usage. Loaded Objects now: 2382.
Total: 1.819000 ms (FindLiveObjects: 0.187200 ms CreateObjectMapping: 0.072500 ms MarkObjects: 1.471600 ms  DeleteObjects: 0.087000 ms)

========================================================================
Received Prepare
Registering precompiled user dll's ...
Registered in 0.001065 seconds.
Begin MonoManager ReloadAssembly
Native extension for WindowsStandalone target not found
Refreshing native plugins compatible for Editor in 0.34 ms, found 1 plugins.
Preloading 0 native plugins for Editor in 0.00 ms.
Invoked RoslynAnalysisRunner static constructor.
RoslynAnalysisRunner will not be running.
RoslynAnalysisRunner has terminated.
Mono: successfully reloaded assembly
- Completed reload, in  0.680 seconds
Platform modules already initialized, skipping
Refreshing native plugins compatible for Editor in 0.32 ms, found 1 plugins.
Preloading 0 native plugins for Editor in 0.00 ms.
Unloading 1835 Unused Serialized files (Serialized files now loaded: 0)
System memory in use before: 90.4 MB.
System memory in use after: 90.4 MB.

Unloading 12 unused Assets to reduce memory usage. Loaded Objects now: 2386.
Total: 1.715300 ms (FindLiveObjects: 0.189000 ms CreateObjectMapping: 0.069100 ms MarkObjects: 1.369200 ms  DeleteObjects: 0.087100 ms)

========================================================================
Received Prepare
Registering precompiled user dll's ...
Registered in 0.001034 seconds.
Begin MonoManager ReloadAssembly
Native extension for WindowsStandalone target not found
Refreshing native plugins compatible for Editor in 0.35 ms, found 1 plugins.
Preloading 0 native plugins for Editor in 0.00 ms.
Invoked RoslynAnalysisRunner static constructor.
RoslynAnalysisRunner will not be running.
RoslynAnalysisRunner has terminated.
Mono: successfully reloaded assembly
- Completed reload, in  0.714 seconds
Platform modules already initialized, skipping
Refreshing native plugins compatible for Editor in 0.36 ms, found 1 plugins.
Preloading 0 native plugins for Editor in 0.00 ms.
Unloading 1835 Unused Serialized files (Serialized files now loaded: 0)
System memory in use before: 90.4 MB.
System memory in use after: 90.4 MB.

Unloading 12 unused Assets to reduce memory usage. Loaded Objects now: 2390.
Total: 1.705100 ms (FindLiveObjects: 0.221600 ms CreateObjectMapping: 0.075700 ms MarkObjects: 1.304200 ms  DeleteObjects: 0.102700 ms)

========================================================================
Received Prepare
Registering precompiled user dll's ...
Registered in 0.001038 seconds.
Begin MonoManager ReloadAssembly
Native extension for WindowsStandalone target not found
Refreshing native plugins compatible for Editor in 0.32 ms, found 1 plugins.
Preloading 0 native plugins for Editor in 0.00 ms.
Invoked RoslynAnalysisRunner static constructor.
RoslynAnalysisRunner will not be running.
RoslynAnalysisRunner has terminated.
Mono: successfully reloaded assembly
- Completed reload, in  0.681 seconds
Platform modules already initialized, skipping
Refreshing native plugins compatible for Editor in 0.34 ms, found 1 plugins.
Preloading 0 native plugins for Editor in 0.00 ms.
Unloading 1835 Unused Serialized files (Serialized files now loaded: 0)
System memory in use before: 90.4 MB.
System memory in use after: 90.4 MB.

Unloading 12 unused Assets to reduce memory usage. Loaded Objects now: 2394.
Total: 2.052400 ms (FindLiveObjects: 0.232000 ms CreateObjectMapping: 0.085800 ms MarkObjects: 1.637200 ms  DeleteObjects: 0.095900 ms)

========================================================================
Received Import Request.
  Time since last request: 2787.025874 seconds.
  path: Assets/VisualNovelToolkit/Examples
  artifactKey: Guid(6cffcb4bd47b318499ea340d6303f991) Importer(815301076,1909f56bfc062723c751e8b465ee728b)
Start importing Assets/VisualNovelToolkit/Examples using Guid(6cffcb4bd47b318499ea340d6303f991) Importer(815301076,1909f56bfc062723c751e8b465ee728b)  -> (artifact id: 'd9cb4a487a7dcf2829ff2b6cf997fac6') in 0.007348 seconds
  Import took 0.011347 seconds .

========================================================================
Received Import Request.
  Time since last request: 0.594670 seconds.
  path: Assets/VisualNovelToolkit/Editor Icons
  artifactKey: Guid(75c6b7d7532514743a0cdad9dd998b5a) Importer(815301076,1909f56bfc062723c751e8b465ee728b)
Start importing Assets/VisualNovelToolkit/Editor Icons using Guid(75c6b7d7532514743a0cdad9dd998b5a) Importer(815301076,1909f56bfc062723c751e8b465ee728b)  -> (artifact id: 'a8126e13f632b2b6feb67b9dfe8e0175') in 0.004438 seconds
  Import took 0.007019 seconds .

========================================================================
Received Import Request.
  Time since last request: 2.130525 seconds.
  path: Assets/VisualNovelToolkit/Examples/Example Dialog
  artifactKey: Guid(bc2cc82c6f0f91c4c8fabf7a9c9948f9) Importer(815301076,1909f56bfc062723c751e8b465ee728b)
Start importing Assets/VisualNovelToolkit/Examples/Example Dialog using Guid(bc2cc82c6f0f91c4c8fabf7a9c9948f9) Importer(815301076,1909f56bfc062723c751e8b465ee728b)  -> (artifact id: '6c363985fdd7213bfaf4c0121a851ce1') in 0.004111 seconds
  Import took 0.006616 seconds .

========================================================================
Received Import Request.
  Time since last request: 1.959968 seconds.
  path: Assets/VisualNovelToolkit/Examples/Example Dialog/Example Dialog.unity
  artifactKey: Guid(40610d19afa814538b1f00364d20224c) Importer(815301076,1909f56bfc062723c751e8b465ee728b)
Start importing Assets/VisualNovelToolkit/Examples/Example Dialog/Example Dialog.unity using Guid(40610d19afa814538b1f00364d20224c) Importer(815301076,1909f56bfc062723c751e8b465ee728b)  -> (artifact id: '8aa389c8585bb018a0ab1867289bb43b') in 0.009287 seconds
  Import took 0.011836 seconds .

========================================================================
Received Prepare
Registering precompiled user dll's ...
Registered in 0.001117 seconds.
Begin MonoManager ReloadAssembly
Native extension for WindowsStandalone target not found
Refreshing native plugins compatible for Editor in 0.36 ms, found 1 plugins.
Preloading 0 native plugins for Editor in 0.00 ms.
Invoked RoslynAnalysisRunner static constructor.
RoslynAnalysisRunner will not be running.
RoslynAnalysisRunner has terminated.
Mono: successfully reloaded assembly
- Completed reload, in  0.703 seconds
Platform modules already initialized, skipping
Refreshing native plugins compatible for Editor in 0.32 ms, found 1 plugins.
Preloading 0 native plugins for Editor in 0.00 ms.
Unloading 1835 Unused Serialized files (Serialized files now loaded: 0)
System memory in use before: 90.3 MB.
System memory in use after: 90.3 MB.

Unloading 12 unused Assets to reduce memory usage. Loaded Objects now: 2398.
Total: 1.783300 ms (FindLiveObjects: 0.304200 ms CreateObjectMapping: 0.063500 ms MarkObjects: 1.317000 ms  DeleteObjects: 0.097400 ms)

========================================================================
Received Import Request.
  Time since last request: 60.980699 seconds.
  path: Assets/VisualNovelToolkit
  artifactKey: Guid(7c1d6f76e9f403b438dab0d89ea40f82) Importer(815301076,1909f56bfc062723c751e8b465ee728b)
Start importing Assets/VisualNovelToolkit using Guid(7c1d6f76e9f403b438dab0d89ea40f82) Importer(815301076,1909f56bfc062723c751e8b465ee728b)  -> (artifact id: '0d45b818d94d81c3b873fc7b990a8ef4') in 0.006946 seconds
  Import took 0.009602 seconds .

========================================================================
Received Import Request.
  Time since last request: 0.651803 seconds.
  path: Assets/font_test.txt
  artifactKey: Guid(2aa9b94e7788a564f8f6013eb0e80c2c) Importer(815301076,1909f56bfc062723c751e8b465ee728b)
Start importing Assets/font_test.txt using Guid(2aa9b94e7788a564f8f6013eb0e80c2c) Importer(815301076,1909f56bfc062723c751e8b465ee728b)  -> (artifact id: 'f12ac163b18b13717f9323ee25587344') in 0.009401 seconds
  Import took 0.011900 seconds .

========================================================================
Received Import Request.
  Time since last request: 0.041815 seconds.
  path: Assets/font_test.txt
  artifactKey: Guid(2aa9b94e7788a564f8f6013eb0e80c2c) Importer(815301076,1909f56bfc062723c751e8b465ee728b)
Start importing Assets/font_test.txt using Guid(2aa9b94e7788a564f8f6013eb0e80c2c) Importer(815301076,1909f56bfc062723c751e8b465ee728b)  -> (artifact id: 'f12ac163b18b13717f9323ee25587344') in 0.004090 seconds
  Import took 0.006723 seconds .

========================================================================
Received Import Request.
  Time since last request: 9.932575 seconds.
  path: Assets/Painted HQ 2D Forest Medieval Background/Examples/Scene.unity
  artifactKey: Guid(1ca1e548c6c0a7940acee6009006bc9b) Importer(815301076,1909f56bfc062723c751e8b465ee728b)
Start importing Assets/Painted HQ 2D Forest Medieval Background/Examples/Scene.unity using Guid(1ca1e548c6c0a7940acee6009006bc9b) Importer(815301076,1909f56bfc062723c751e8b465ee728b)  -> (artifact id: '75b43470c95717238d9968bd4012de56') in 0.004150 seconds
  Import took 0.006823 seconds .

========================================================================
Received Prepare
Registering precompiled user dll's ...
Registered in 0.003575 seconds.
Begin MonoManager ReloadAssembly
Native extension for WindowsStandalone target not found
Refreshing native plugins compatible for Editor in 0.35 ms, found 1 plugins.
Preloading 0 native plugins for Editor in 0.00 ms.
Invoked RoslynAnalysisRunner static constructor.
RoslynAnalysisRunner will not be running.
RoslynAnalysisRunner has terminated.
Mono: successfully reloaded assembly
- Completed reload, in  0.698 seconds
Platform modules already initialized, skipping
Refreshing native plugins compatible for Editor in 0.32 ms, found 1 plugins.
Preloading 0 native plugins for Editor in 0.00 ms.
Unloading 1835 Unused Serialized files (Serialized files now loaded: 0)
System memory in use before: 90.3 MB.
System memory in use after: 90.3 MB.

Unloading 12 unused Assets to reduce memory usage. Loaded Objects now: 2402.
Total: 1.758700 ms (FindLiveObjects: 0.364200 ms CreateObjectMapping: 0.057600 ms MarkObjects: 1.242000 ms  DeleteObjects: 0.093500 ms)

AssetImportWorkerClient::OnTransportError - code=2 error=End of file
