Using pre-set license
Built from '2021.1/staging' branch; Version is '2021.1.5f1 (3737af19df53) revision 3618735'; Using compiler version '192528614'; Build Type 'Release'
OS: 'Windows 10 Home; OS build 19042.928; Version 2009; 64bit' Language: 'ko' Physical Memory: 32663 MB
BatchMode: 1, IsHumanControllingUs: 0, StartBugReporterOnCrash: 0, Is64bit: 1, IsPro: 0

 COMMAND LINE ARGUMENTS:
C:\Program Files\Unity\Hub\Editor\2021.1.5f1\Editor\Unity.exe
-adb2
-batchMode
-noUpm
-name
AssetImportWorker0
-projectPath
G:/Unity3D_Project/Unity_Project/12_Unity_Ads
-logFile
Logs/AssetImportWorker0.log
-srvPort
63210
Successfully changed project path to: G:/Unity3D_Project/Unity_Project/12_Unity_Ads
G:/Unity3D_Project/Unity_Project/12_Unity_Ads
Using Asset Import Pipeline V2.
Refreshing native plugins compatible for Editor in 28.16 ms, found 0 plugins.
Preloading 0 native plugins for Editor in 0.00 ms.
Initialize engine version: 2021.1.5f1 (3737af19df53)
[Subsystems] Discovering subsystems at path C:/Program Files/Unity/Hub/Editor/2021.1.5f1/Editor/Data/Resources/UnitySubsystems
[Subsystems] Discovering subsystems at path G:/Unity3D_Project/Unity_Project/12_Unity_Ads/Assets
GfxDevice: creating device client; threaded=0; jobified=0
Direct3D:
    Version:  Direct3D 11.0 [level 11.1]
    Renderer: NVIDIA TITAN RTX (ID=0x1e02)
    Vendor:   NVIDIA
    VRAM:     24276 MB
    Driver:   27.21.14.5671
Initialize mono
Mono path[0] = 'C:/Program Files/Unity/Hub/Editor/2021.1.5f1/Editor/Data/Managed'
Mono path[1] = 'C:/Program Files/Unity/Hub/Editor/2021.1.5f1/Editor/Data/MonoBleedingEdge/lib/mono/unityjit'
Mono config path = 'C:/Program Files/Unity/Hub/Editor/2021.1.5f1/Editor/Data/MonoBleedingEdge/etc'
Using monoOptions --debugger-agent=transport=dt_socket,embedding=1,server=y,suspend=n,address=127.0.0.1:56164
Begin MonoManager ReloadAssembly
Registering precompiled unity dll's ...
Register platform support module: C:/Program Files/Unity/Hub/Editor/2021.1.5f1/Editor/Data/PlaybackEngines/WindowsStandaloneSupport/UnityEditor.WindowsStandalone.Extensions.dll
Registered in 0.003074 seconds.
Native extension for WindowsStandalone target not found
Refreshing native plugins compatible for Editor in 25.53 ms, found 0 plugins.
Preloading 0 native plugins for Editor in 0.00 ms.
Mono: successfully reloaded assembly
- Completed reload, in  1.766 seconds
Platform modules already initialized, skipping
Registering precompiled user dll's ...
Registered in 0.000767 seconds.
Begin MonoManager ReloadAssembly
Native extension for WindowsStandalone target not found
Refreshing native plugins compatible for Editor in 0.37 ms, found 0 plugins.
Preloading 0 native plugins for Editor in 0.00 ms.
Mono: successfully reloaded assembly
- Completed reload, in  0.740 seconds
Platform modules already initialized, skipping
========================================================================
Worker process is ready to serve import requests
Launched and connected shader compiler UnityShaderCompiler.exe after 0.07 seconds
Refreshing native plugins compatible for Editor in 0.32 ms, found 0 plugins.
Preloading 0 native plugins for Editor in 0.00 ms.
Unloading 1345 Unused Serialized files (Serialized files now loaded: 0)
System memory in use before: 64.2 MB.
System memory in use after: 64.3 MB.

Unloading 36 unused Assets to reduce memory usage. Loaded Objects now: 1783.
Total: 1.589600 ms (FindLiveObjects: 0.117200 ms CreateObjectMapping: 0.036500 ms MarkObjects: 1.396300 ms  DeleteObjects: 0.038900 ms)

========================================================================
Received Import Request.
  path: Assets/Scripts/UI_Manager.cs
  artifactKey: Guid(127b68bdef3a346c28c9c4904ad9d761) Importer(815301076,1909f56bfc062723c751e8b465ee728b)
Start importing Assets/Scripts/UI_Manager.cs using Guid(127b68bdef3a346c28c9c4904ad9d761) Importer(815301076,1909f56bfc062723c751e8b465ee728b)  -> (artifact id: '3d374256510b4fb302ec99b2f3efe927') in 0.060136 seconds 
========================================================================
Received Import Request.
  Time since last request: 0.000223 seconds.
  path: Assets/Scripts
  artifactKey: Guid(3f44a2fadfa934215ba86cb561503dff) Importer(815301076,1909f56bfc062723c751e8b465ee728b)
Start importing Assets/Scripts using Guid(3f44a2fadfa934215ba86cb561503dff) Importer(815301076,1909f56bfc062723c751e8b465ee728b)  -> (artifact id: '487cd5e150d3b93a2c75982c8eb22bea') in 0.003232 seconds 
========================================================================
Received Prepare
Refreshing native plugins compatible for Editor in 5.29 ms, found 0 plugins.
Preloading 0 native plugins for Editor in 0.00 ms.
Unloading 26 Unused Serialized files (Serialized files now loaded: 0)
System memory in use before: 37.9 MB.
System memory in use after: 38.0 MB.

Unloading 25 unused Assets to reduce memory usage. Loaded Objects now: 1783.
Total: 1.581800 ms (FindLiveObjects: 0.124900 ms CreateObjectMapping: 0.044800 ms MarkObjects: 1.399200 ms  DeleteObjects: 0.012200 ms)

AssetImportWorkerClient::OnTransportError - code=2 error=End of file
