Using pre-set license
Built from '2020.2/staging' branch; Version is '2020.2.7f1 (c53830e277f1) revision 12924976'; Using compiler version '192528614'; Build Type 'Release'
OS: 'Windows 10 Home; OS build 19042.928; Version 2009; 64bit' Language: 'ko' Physical Memory: 32663 MB
BatchMode: 1, IsHumanControllingUs: 0, StartBugReporterOnCrash: 0, Is64bit: 1, IsPro: 0

 COMMAND LINE ARGUMENTS:
C:\Program Files\Unity\Hub\Editor\2020.2.7f1\Editor\Unity.exe
-adb2
-batchMode
-noUpm
-name
AssetImportWorker0
-projectPath
G:/Unity3D_Project/Unity_Project/6_Puzzle_2021
-logFile
Logs/AssetImportWorker0.log
-srvPort
59420
Successfully changed project path to: G:/Unity3D_Project/Unity_Project/6_Puzzle_2021
G:/Unity3D_Project/Unity_Project/6_Puzzle_2021
Using Asset Import Pipeline V2.
Refreshing native plugins compatible for Editor in 26.15 ms, found 1 plugins.
Preloading 0 native plugins for Editor in 0.00 ms.
Initialize engine version: 2020.2.7f1 (c53830e277f1)
[Subsystems] Discovering subsystems at path C:/Program Files/Unity/Hub/Editor/2020.2.7f1/Editor/Data/Resources/UnitySubsystems
[Subsystems] Discovering subsystems at path G:/Unity3D_Project/Unity_Project/6_Puzzle_2021/Assets
GfxDevice: creating device client; threaded=0
Direct3D:
    Version:  Direct3D 11.0 [level 11.1]
    Renderer: NVIDIA TITAN RTX (ID=0x1e02)
    Vendor:   
    VRAM:     24276 MB
    Driver:   27.21.14.5671
Initialize mono
Mono path[0] = 'C:/Program Files/Unity/Hub/Editor/2020.2.7f1/Editor/Data/Managed'
Mono path[1] = 'C:/Program Files/Unity/Hub/Editor/2020.2.7f1/Editor/Data/MonoBleedingEdge/lib/mono/unityjit'
Mono config path = 'C:/Program Files/Unity/Hub/Editor/2020.2.7f1/Editor/Data/MonoBleedingEdge/etc'
Using monoOptions --debugger-agent=transport=dt_socket,embedding=1,server=y,suspend=n,address=127.0.0.1:56104
Begin MonoManager ReloadAssembly
Registering precompiled unity dll's ...
Register platform support module: C:/Program Files/Unity/Hub/Editor/2020.2.7f1/Editor/Data/PlaybackEngines/WindowsStandaloneSupport/UnityEditor.WindowsStandalone.Extensions.dll
Registered in 0.003185 seconds.
Native extension for WindowsStandalone target not found
Refreshing native plugins compatible for Editor in 25.92 ms, found 1 plugins.
Preloading 0 native plugins for Editor in 0.00 ms.
Invoked RoslynAnalysisRunner static constructor.
RoslynAnalysisRunner will not be running.
RoslynAnalysisRunner has terminated.
Mono: successfully reloaded assembly
- Completed reload, in  1.817 seconds
Platform modules already initialized, skipping
Registering precompiled user dll's ...
Registered in 0.001131 seconds.
Begin MonoManager ReloadAssembly
Native extension for WindowsStandalone target not found
Refreshing native plugins compatible for Editor in 26.39 ms, found 1 plugins.
Preloading 0 native plugins for Editor in 0.00 ms.
Invoked RoslynAnalysisRunner static constructor.
RoslynAnalysisRunner will not be running.
RoslynAnalysisRunner has terminated.
Mono: successfully reloaded assembly
- Completed reload, in  0.782 seconds
Platform modules already initialized, skipping
========================================================================
Worker process is ready to serve import requests
Launched and connected shader compiler UnityShaderCompiler.exe after 0.08 seconds
Refreshing native plugins compatible for Editor in 0.29 ms, found 1 plugins.
Preloading 0 native plugins for Editor in 0.00 ms.
Unloading 1806 Unused Serialized files (Serialized files now loaded: 0)
System memory in use before: 84.5 MB.
System memory in use after: 84.5 MB.

Unloading 24 unused Assets to reduce memory usage. Loaded Objects now: 2248.
Total: 1.501800 ms (FindLiveObjects: 0.175300 ms CreateObjectMapping: 0.062800 ms MarkObjects: 1.175300 ms  DeleteObjects: 0.087700 ms)

========================================================================
Received Import Request.
  path: Assets/Scenes
  artifactKey: Guid(ad3890899494fcc4ca8029626e3846e4) Importer(815301076,1909f56bfc062723c751e8b465ee728b)
Start importing Assets/Scenes using Guid(ad3890899494fcc4ca8029626e3846e4) Importer(815301076,1909f56bfc062723c751e8b465ee728b)  -> (artifact id: '0a73f83105de0ff90365fbd7d27c01da') in 0.005750 seconds
  Import took 0.027035 seconds .

========================================================================
Received Import Request.
  Time since last request: 0.000187 seconds.
  path: Assets/Scenes/SampleScene.unity
  artifactKey: Guid(2cda990e2423bbf4892e6590ba056729) Importer(815301076,1909f56bfc062723c751e8b465ee728b)
Start importing Assets/Scenes/SampleScene.unity using Guid(2cda990e2423bbf4892e6590ba056729) Importer(815301076,1909f56bfc062723c751e8b465ee728b)  -> (artifact id: 'f4cd3df2f2677441bbab50587d11e9a2') in 0.008725 seconds
  Import took 0.011233 seconds .

========================================================================
Received Import Request.
  Time since last request: 317.805225 seconds.
  path: Assets/2D Free Crystal Set/Sprites/512/сrystal 1.png
  artifactKey: Guid(ebe01107454174e5f87008c07eb70e41) Importer(815301076,1909f56bfc062723c751e8b465ee728b)
Start importing Assets/2D Free Crystal Set/Sprites/512/сrystal 1.png using Guid(ebe01107454174e5f87008c07eb70e41) Importer(815301076,1909f56bfc062723c751e8b465ee728b)  -> (artifact id: '7ba992998927b876ae4a5db0e41e0331') in 0.125267 seconds
  Import took 0.141426 seconds .

========================================================================
Received Import Request.
  Time since last request: 0.000224 seconds.
  path: Assets/2D Free Crystal Set/Sprites/512/сrystal 6.png
  artifactKey: Guid(0bedc5e6d2dfb4984bd3080856ad4700) Importer(815301076,1909f56bfc062723c751e8b465ee728b)
Start importing Assets/2D Free Crystal Set/Sprites/512/сrystal 6.png using Guid(0bedc5e6d2dfb4984bd3080856ad4700) Importer(815301076,1909f56bfc062723c751e8b465ee728b)  -> (artifact id: 'c794fbc414e25f59fa4b8fff3fda4dac') in 0.016951 seconds
  Import took 0.019241 seconds .

========================================================================
Received Import Request.
  Time since last request: 0.000163 seconds.
  path: Assets/2D Free Crystal Set/Sprites/512/сrystal 7.png
  artifactKey: Guid(56cacee8850174792979792f5f39ef3e) Importer(815301076,1909f56bfc062723c751e8b465ee728b)
Start importing Assets/2D Free Crystal Set/Sprites/512/сrystal 7.png using Guid(56cacee8850174792979792f5f39ef3e) Importer(815301076,1909f56bfc062723c751e8b465ee728b)  -> (artifact id: 'df31bcdad95e9d32abc909bbfd6b59b3') in 0.027210 seconds
  Import took 0.029482 seconds .

========================================================================
Received Import Request.
  Time since last request: 0.000212 seconds.
  path: Assets/2D Free Crystal Set/Sprites/512/сrystal 3.png
  artifactKey: Guid(5d581d4bef9274c588de12a46c12e708) Importer(815301076,1909f56bfc062723c751e8b465ee728b)
Start importing Assets/2D Free Crystal Set/Sprites/512/сrystal 3.png using Guid(5d581d4bef9274c588de12a46c12e708) Importer(815301076,1909f56bfc062723c751e8b465ee728b)  -> (artifact id: '27732fd76b2b1600e28900f0eb1fd19f') in 0.030653 seconds
  Import took 0.039731 seconds .

========================================================================
Received Import Request.
  Time since last request: 0.000215 seconds.
  path: Assets/2D Free Crystal Set/Sprites/512/сrystal 8.png
  artifactKey: Guid(9341b63a881364e709624cfe01039833) Importer(815301076,1909f56bfc062723c751e8b465ee728b)
Start importing Assets/2D Free Crystal Set/Sprites/512/сrystal 8.png using Guid(9341b63a881364e709624cfe01039833) Importer(815301076,1909f56bfc062723c751e8b465ee728b)  -> (artifact id: '6751589018fa9ed0be94b2fe5d0640a4') in 0.025734 seconds
  Import took 0.028037 seconds .

========================================================================
Received Import Request.
  Time since last request: 0.000210 seconds.
  path: Assets/2D Free Crystal Set/Sprites/512/сrystal 4.png
  artifactKey: Guid(ae70d5f1d23f14f36b7aa2bd254a8853) Importer(815301076,1909f56bfc062723c751e8b465ee728b)
Start importing Assets/2D Free Crystal Set/Sprites/512/сrystal 4.png using Guid(ae70d5f1d23f14f36b7aa2bd254a8853) Importer(815301076,1909f56bfc062723c751e8b465ee728b)  -> (artifact id: 'cacb5505230dfb07bb1ea19ec3651b43') in 0.021330 seconds
  Import took 0.028279 seconds .

========================================================================
Received Import Request.
  Time since last request: 0.000167 seconds.
  path: Assets/2D Free Crystal Set/Sprites/512/сrystal 5.png
  artifactKey: Guid(4b9a0895740ad4ce0bb4d663a9bb4474) Importer(815301076,1909f56bfc062723c751e8b465ee728b)
Start importing Assets/2D Free Crystal Set/Sprites/512/сrystal 5.png using Guid(4b9a0895740ad4ce0bb4d663a9bb4474) Importer(815301076,1909f56bfc062723c751e8b465ee728b)  -> (artifact id: 'e1c0e8067d43d3545e1f25c869fcdff1') in 0.032710 seconds
  Import took 0.034950 seconds .

========================================================================
Received Import Request.
  Time since last request: 0.000168 seconds.
  path: Assets/2D Free Crystal Set/Sprites/512/сrystal 9.png
  artifactKey: Guid(6aaa7c7b5d2a041688ed47be1f78b31b) Importer(815301076,1909f56bfc062723c751e8b465ee728b)
Start importing Assets/2D Free Crystal Set/Sprites/512/сrystal 9.png using Guid(6aaa7c7b5d2a041688ed47be1f78b31b) Importer(815301076,1909f56bfc062723c751e8b465ee728b)  -> (artifact id: '93a3dda4ec86442ece7bc66bb2e1cec1') in 0.032022 seconds
  Import took 0.034373 seconds .

========================================================================
Received Import Request.
  Time since last request: 0.000208 seconds.
  path: Assets/2D Free Crystal Set/Sprites/512/сrystal 2.png
  artifactKey: Guid(685fb87b86fec42558c05979b75ff2f6) Importer(815301076,1909f56bfc062723c751e8b465ee728b)
Start importing Assets/2D Free Crystal Set/Sprites/512/сrystal 2.png using Guid(685fb87b86fec42558c05979b75ff2f6) Importer(815301076,1909f56bfc062723c751e8b465ee728b)  -> (artifact id: '1649a835450ef2f626a51c83028c84d5') in 0.032774 seconds
  Import took 0.035038 seconds .

========================================================================
Received Import Request.
  Time since last request: 206.873011 seconds.
  path: Assets/Scenes/сrystal 1.prefab
  artifactKey: Guid(e421e407182b75b42839491f4ac00530) Importer(815301076,1909f56bfc062723c751e8b465ee728b)
Start importing Assets/Scenes/сrystal 1.prefab using Guid(e421e407182b75b42839491f4ac00530) Importer(815301076,1909f56bfc062723c751e8b465ee728b)  -> (artifact id: 'ee1646709931ea1969f9fb770b7f7195') in 0.035657 seconds
  Import took 0.051397 seconds .

========================================================================
Received Import Request.
  Time since last request: 1.968208 seconds.
  path: Assets/Scenes/сrystal 2.prefab
  artifactKey: Guid(501932ffc211739438084a7adaf3bc49) Importer(815301076,1909f56bfc062723c751e8b465ee728b)
Start importing Assets/Scenes/сrystal 2.prefab using Guid(501932ffc211739438084a7adaf3bc49) Importer(815301076,1909f56bfc062723c751e8b465ee728b)  -> (artifact id: '8105256cc682dfc1a548b44eff8b6d6c') in 0.012281 seconds
  Import took 0.030886 seconds .

========================================================================
Received Import Request.
  Time since last request: 1.768371 seconds.
  path: Assets/Scenes/сrystal 3.prefab
  artifactKey: Guid(957ac4f9add4f2d4a8d8e0770ad4f444) Importer(815301076,1909f56bfc062723c751e8b465ee728b)
Start importing Assets/Scenes/сrystal 3.prefab using Guid(957ac4f9add4f2d4a8d8e0770ad4f444) Importer(815301076,1909f56bfc062723c751e8b465ee728b)  -> (artifact id: 'b19213ea7c25e78947eb0755171d4ebe') in 0.009528 seconds
  Import took 0.012056 seconds .

========================================================================
Received Import Request.
  Time since last request: 0.001105 seconds.
  path: Assets/Scenes/сrystal 3.prefab
  artifactKey: Guid(957ac4f9add4f2d4a8d8e0770ad4f444) Importer(815301076,1909f56bfc062723c751e8b465ee728b)
Start importing Assets/Scenes/сrystal 3.prefab using Guid(957ac4f9add4f2d4a8d8e0770ad4f444) Importer(815301076,1909f56bfc062723c751e8b465ee728b)  -> (artifact id: 'b19213ea7c25e78947eb0755171d4ebe') in 0.008955 seconds
  Import took 0.011480 seconds .

========================================================================
Received Import Request.
  Time since last request: 1.802435 seconds.
  path: Assets/Scenes/сrystal 4.prefab
  artifactKey: Guid(f3ca032a8baea0f40ac81c7253cf5173) Importer(815301076,1909f56bfc062723c751e8b465ee728b)
Start importing Assets/Scenes/сrystal 4.prefab using Guid(f3ca032a8baea0f40ac81c7253cf5173) Importer(815301076,1909f56bfc062723c751e8b465ee728b)  -> (artifact id: '1b3c451354a42ed9a5895ebc14fefbda') in 0.010121 seconds
  Import took 0.025119 seconds .

========================================================================
Received Import Request.
  Time since last request: 0.001599 seconds.
  path: Assets/Scenes/сrystal 4.prefab
  artifactKey: Guid(f3ca032a8baea0f40ac81c7253cf5173) Importer(815301076,1909f56bfc062723c751e8b465ee728b)
Start importing Assets/Scenes/сrystal 4.prefab using Guid(f3ca032a8baea0f40ac81c7253cf5173) Importer(815301076,1909f56bfc062723c751e8b465ee728b)  -> (artifact id: '1b3c451354a42ed9a5895ebc14fefbda') in 0.011518 seconds
  Import took 0.014054 seconds .

========================================================================
Received Import Request.
  Time since last request: 1.802275 seconds.
  path: Assets/Scenes/сrystal 5.prefab
  artifactKey: Guid(a1009f3ddba620d4788a0e7cf52c8f17) Importer(815301076,1909f56bfc062723c751e8b465ee728b)
Start importing Assets/Scenes/сrystal 5.prefab using Guid(a1009f3ddba620d4788a0e7cf52c8f17) Importer(815301076,1909f56bfc062723c751e8b465ee728b)  -> (artifact id: 'f60c881d4746f96ff244d714d536fb25') in 0.009642 seconds
  Import took 0.012068 seconds .

========================================================================
Received Import Request.
  Time since last request: 0.000985 seconds.
  path: Assets/Scenes/сrystal 5.prefab
  artifactKey: Guid(a1009f3ddba620d4788a0e7cf52c8f17) Importer(815301076,1909f56bfc062723c751e8b465ee728b)
Start importing Assets/Scenes/сrystal 5.prefab using Guid(a1009f3ddba620d4788a0e7cf52c8f17) Importer(815301076,1909f56bfc062723c751e8b465ee728b)  -> (artifact id: 'f60c881d4746f96ff244d714d536fb25') in 0.009041 seconds
  Import took 0.011442 seconds .

========================================================================
Received Import Request.
  Time since last request: 2.045125 seconds.
  path: Assets/Scenes/сrystal 6.prefab
  artifactKey: Guid(a456fb2a49b946447aef6abc0aca1e48) Importer(815301076,1909f56bfc062723c751e8b465ee728b)
Start importing Assets/Scenes/сrystal 6.prefab using Guid(a456fb2a49b946447aef6abc0aca1e48) Importer(815301076,1909f56bfc062723c751e8b465ee728b)  -> (artifact id: '9b2ce1bdfc50b4dd42012b1ecc141d60') in 0.010663 seconds
  Import took 0.013117 seconds .

========================================================================
Received Import Request.
  Time since last request: 0.000240 seconds.
  path: Assets/Scenes/сrystal 6.prefab
  artifactKey: Guid(a456fb2a49b946447aef6abc0aca1e48) Importer(815301076,1909f56bfc062723c751e8b465ee728b)
Start importing Assets/Scenes/сrystal 6.prefab using Guid(a456fb2a49b946447aef6abc0aca1e48) Importer(815301076,1909f56bfc062723c751e8b465ee728b)  -> (artifact id: '9b2ce1bdfc50b4dd42012b1ecc141d60') in 0.008685 seconds
  Import took 0.011112 seconds .

========================================================================
Received Import Request.
  Time since last request: 1.872251 seconds.
  path: Assets/Scenes/сrystal 7.prefab
  artifactKey: Guid(62e1dbafc7998db478ac3daea00c1526) Importer(815301076,1909f56bfc062723c751e8b465ee728b)
Start importing Assets/Scenes/сrystal 7.prefab using Guid(62e1dbafc7998db478ac3daea00c1526) Importer(815301076,1909f56bfc062723c751e8b465ee728b)  -> (artifact id: '79dbcecb7931d98d662bf04bf7a1d7ab') in 0.009301 seconds
  Import took 0.021572 seconds .

========================================================================
Received Import Request.
  Time since last request: 0.005456 seconds.
  path: Assets/Scenes/сrystal 7.prefab
  artifactKey: Guid(62e1dbafc7998db478ac3daea00c1526) Importer(815301076,1909f56bfc062723c751e8b465ee728b)
Start importing Assets/Scenes/сrystal 7.prefab using Guid(62e1dbafc7998db478ac3daea00c1526) Importer(815301076,1909f56bfc062723c751e8b465ee728b)  -> (artifact id: '79dbcecb7931d98d662bf04bf7a1d7ab') in 0.008349 seconds
  Import took 0.010874 seconds .

========================================================================
Received Import Request.
  Time since last request: 2.330705 seconds.
  path: Assets/Scenes/сrystal 8.prefab
  artifactKey: Guid(e840ce0428713c54ca913d8ea0b5d1b0) Importer(815301076,1909f56bfc062723c751e8b465ee728b)
Start importing Assets/Scenes/сrystal 8.prefab using Guid(e840ce0428713c54ca913d8ea0b5d1b0) Importer(815301076,1909f56bfc062723c751e8b465ee728b)  -> (artifact id: '68d8d0987d25eb0955067b858e3d5fda') in 0.009947 seconds
  Import took 0.012499 seconds .

========================================================================
Received Import Request.
  Time since last request: 0.004868 seconds.
  path: Assets/Scenes/сrystal 8.prefab
  artifactKey: Guid(e840ce0428713c54ca913d8ea0b5d1b0) Importer(815301076,1909f56bfc062723c751e8b465ee728b)
Start importing Assets/Scenes/сrystal 8.prefab using Guid(e840ce0428713c54ca913d8ea0b5d1b0) Importer(815301076,1909f56bfc062723c751e8b465ee728b)  -> (artifact id: '68d8d0987d25eb0955067b858e3d5fda') in 0.012635 seconds
  Import took 0.015121 seconds .

========================================================================
Received Import Request.
  Time since last request: 2.266430 seconds.
  path: Assets/Scenes/сrystal 9.prefab
  artifactKey: Guid(181eb30cbead328459654cb776c97eea) Importer(815301076,1909f56bfc062723c751e8b465ee728b)
Start importing Assets/Scenes/сrystal 9.prefab using Guid(181eb30cbead328459654cb776c97eea) Importer(815301076,1909f56bfc062723c751e8b465ee728b)  -> (artifact id: '80a1a0c9f944286284f08291ed8b34bb') in 0.010581 seconds
  Import took 0.013071 seconds .

========================================================================
Received Import Request.
  Time since last request: 338.778875 seconds.
  path: Assets/Scenes/Game_Manager_Script.cs
  artifactKey: Guid(52754fa1ec7445646bd91f2c077f2435) Importer(815301076,1909f56bfc062723c751e8b465ee728b)
Start importing Assets/Scenes/Game_Manager_Script.cs using Guid(52754fa1ec7445646bd91f2c077f2435) Importer(815301076,1909f56bfc062723c751e8b465ee728b)  -> (artifact id: '0ade57075342b9efe35d141ef1fd8fa3') in 0.039693 seconds
  Import took 0.047476 seconds .

========================================================================
Received Prepare
Registering precompiled user dll's ...
Registered in 0.001046 seconds.
Begin MonoManager ReloadAssembly
Native extension for WindowsStandalone target not found
Refreshing native plugins compatible for Editor in 0.34 ms, found 1 plugins.
Preloading 0 native plugins for Editor in 0.00 ms.
Invoked RoslynAnalysisRunner static constructor.
RoslynAnalysisRunner will not be running.
RoslynAnalysisRunner has terminated.
Mono: successfully reloaded assembly
- Completed reload, in  0.681 seconds
Platform modules already initialized, skipping
Refreshing native plugins compatible for Editor in 0.34 ms, found 1 plugins.
Preloading 0 native plugins for Editor in 0.00 ms.
Unloading 1802 Unused Serialized files (Serialized files now loaded: 0)
System memory in use before: 87.7 MB.
System memory in use after: 87.7 MB.

Unloading 12 unused Assets to reduce memory usage. Loaded Objects now: 2276.
Total: 1.662400 ms (FindLiveObjects: 0.170100 ms CreateObjectMapping: 0.054900 ms MarkObjects: 1.349800 ms  DeleteObjects: 0.086900 ms)

========================================================================
Received Import Request.
  Time since last request: 5593.693336 seconds.
  path: Assets/Scenes/Game_Manager_Script.cs
  artifactKey: Guid(52754fa1ec7445646bd91f2c077f2435) Importer(815301076,1909f56bfc062723c751e8b465ee728b)
Start importing Assets/Scenes/Game_Manager_Script.cs using Guid(52754fa1ec7445646bd91f2c077f2435) Importer(815301076,1909f56bfc062723c751e8b465ee728b)  -> (artifact id: '694680188f7a851f6140d5162b46e432') in 0.007415 seconds
  Import took 0.010572 seconds .

========================================================================
Received Import Request.
  Time since last request: 4.880203 seconds.
  path: Assets/Scenes/SampleScene.unity
  artifactKey: Guid(2cda990e2423bbf4892e6590ba056729) Importer(815301076,1909f56bfc062723c751e8b465ee728b)
Start importing Assets/Scenes/SampleScene.unity using Guid(2cda990e2423bbf4892e6590ba056729) Importer(815301076,1909f56bfc062723c751e8b465ee728b)  -> (artifact id: 'c198a19ef15f0a81ffa523056c0af18d') in 0.009963 seconds
  Import took 0.029006 seconds .

========================================================================
Received Prepare
Registering precompiled user dll's ...
Registered in 0.001057 seconds.
Begin MonoManager ReloadAssembly
Native extension for WindowsStandalone target not found
Refreshing native plugins compatible for Editor in 0.31 ms, found 1 plugins.
Preloading 0 native plugins for Editor in 0.00 ms.
Invoked RoslynAnalysisRunner static constructor.
RoslynAnalysisRunner will not be running.
RoslynAnalysisRunner has terminated.
Mono: successfully reloaded assembly
- Completed reload, in  0.674 seconds
Platform modules already initialized, skipping
Refreshing native plugins compatible for Editor in 0.31 ms, found 1 plugins.
Preloading 0 native plugins for Editor in 0.00 ms.
Unloading 1802 Unused Serialized files (Serialized files now loaded: 0)
System memory in use before: 87.7 MB.
System memory in use after: 87.7 MB.

Unloading 12 unused Assets to reduce memory usage. Loaded Objects now: 2280.
Total: 1.952800 ms (FindLiveObjects: 0.341300 ms CreateObjectMapping: 0.132400 ms MarkObjects: 1.387700 ms  DeleteObjects: 0.090100 ms)

========================================================================
Received Prepare
Registering precompiled user dll's ...
Registered in 0.000966 seconds.
Begin MonoManager ReloadAssembly
Native extension for WindowsStandalone target not found
Refreshing native plugins compatible for Editor in 0.32 ms, found 1 plugins.
Preloading 0 native plugins for Editor in 0.00 ms.
Invoked RoslynAnalysisRunner static constructor.
RoslynAnalysisRunner will not be running.
RoslynAnalysisRunner has terminated.
Mono: successfully reloaded assembly
- Completed reload, in  0.668 seconds
Platform modules already initialized, skipping
Refreshing native plugins compatible for Editor in 0.31 ms, found 1 plugins.
Preloading 0 native plugins for Editor in 0.00 ms.
Unloading 1802 Unused Serialized files (Serialized files now loaded: 0)
System memory in use before: 87.8 MB.
System memory in use after: 87.8 MB.

Unloading 12 unused Assets to reduce memory usage. Loaded Objects now: 2284.
Total: 1.622200 ms (FindLiveObjects: 0.186500 ms CreateObjectMapping: 0.077200 ms MarkObjects: 1.280400 ms  DeleteObjects: 0.077200 ms)

========================================================================
Received Prepare
Registering precompiled user dll's ...
Registered in 0.000999 seconds.
Begin MonoManager ReloadAssembly
Native extension for WindowsStandalone target not found
Refreshing native plugins compatible for Editor in 0.31 ms, found 1 plugins.
Preloading 0 native plugins for Editor in 0.00 ms.
Invoked RoslynAnalysisRunner static constructor.
RoslynAnalysisRunner will not be running.
RoslynAnalysisRunner has terminated.
Mono: successfully reloaded assembly
- Completed reload, in  0.692 seconds
Platform modules already initialized, skipping
Refreshing native plugins compatible for Editor in 0.31 ms, found 1 plugins.
Preloading 0 native plugins for Editor in 0.00 ms.
Unloading 1802 Unused Serialized files (Serialized files now loaded: 0)
System memory in use before: 87.8 MB.
System memory in use after: 87.7 MB.

Unloading 12 unused Assets to reduce memory usage. Loaded Objects now: 2288.
Total: 1.514900 ms (FindLiveObjects: 0.179400 ms CreateObjectMapping: 0.060800 ms MarkObjects: 1.193500 ms  DeleteObjects: 0.080500 ms)

========================================================================
Received Prepare
Registering precompiled user dll's ...
Registered in 0.001394 seconds.
Begin MonoManager ReloadAssembly
Native extension for WindowsStandalone target not found
Refreshing native plugins compatible for Editor in 0.33 ms, found 1 plugins.
Preloading 0 native plugins for Editor in 0.00 ms.
Invoked RoslynAnalysisRunner static constructor.
RoslynAnalysisRunner will not be running.
RoslynAnalysisRunner has terminated.
Mono: successfully reloaded assembly
- Completed reload, in  0.693 seconds
Platform modules already initialized, skipping
Refreshing native plugins compatible for Editor in 0.31 ms, found 1 plugins.
Preloading 0 native plugins for Editor in 0.00 ms.
Unloading 1802 Unused Serialized files (Serialized files now loaded: 0)
System memory in use before: 87.8 MB.
System memory in use after: 87.8 MB.

Unloading 12 unused Assets to reduce memory usage. Loaded Objects now: 2292.
Total: 1.855800 ms (FindLiveObjects: 0.254900 ms CreateObjectMapping: 0.107700 ms MarkObjects: 1.406400 ms  DeleteObjects: 0.086200 ms)

========================================================================
Received Prepare
Registering precompiled user dll's ...
Registered in 0.000966 seconds.
Begin MonoManager ReloadAssembly
Native extension for WindowsStandalone target not found
Refreshing native plugins compatible for Editor in 0.31 ms, found 1 plugins.
Preloading 0 native plugins for Editor in 0.00 ms.
Invoked RoslynAnalysisRunner static constructor.
RoslynAnalysisRunner will not be running.
RoslynAnalysisRunner has terminated.
Mono: successfully reloaded assembly
- Completed reload, in  0.691 seconds
Platform modules already initialized, skipping
Refreshing native plugins compatible for Editor in 0.30 ms, found 1 plugins.
Preloading 0 native plugins for Editor in 0.00 ms.
Unloading 1802 Unused Serialized files (Serialized files now loaded: 0)
System memory in use before: 87.8 MB.
System memory in use after: 87.8 MB.

Unloading 12 unused Assets to reduce memory usage. Loaded Objects now: 2296.
Total: 1.589800 ms (FindLiveObjects: 0.187700 ms CreateObjectMapping: 0.070700 ms MarkObjects: 1.242900 ms  DeleteObjects: 0.088000 ms)

========================================================================
Received Prepare
Registering precompiled user dll's ...
Registered in 0.001034 seconds.
Begin MonoManager ReloadAssembly
Native extension for WindowsStandalone target not found
Refreshing native plugins compatible for Editor in 0.32 ms, found 1 plugins.
Preloading 0 native plugins for Editor in 0.00 ms.
Invoked RoslynAnalysisRunner static constructor.
RoslynAnalysisRunner will not be running.
RoslynAnalysisRunner has terminated.
Mono: successfully reloaded assembly
- Completed reload, in  0.698 seconds
Platform modules already initialized, skipping
Refreshing native plugins compatible for Editor in 0.34 ms, found 1 plugins.
Preloading 0 native plugins for Editor in 0.00 ms.
Unloading 1802 Unused Serialized files (Serialized files now loaded: 0)
System memory in use before: 87.8 MB.
System memory in use after: 87.8 MB.

Unloading 12 unused Assets to reduce memory usage. Loaded Objects now: 2300.
Total: 1.537900 ms (FindLiveObjects: 0.195300 ms CreateObjectMapping: 0.069400 ms MarkObjects: 1.186300 ms  DeleteObjects: 0.086400 ms)

========================================================================
Received Prepare
Registering precompiled user dll's ...
Registered in 0.001167 seconds.
Begin MonoManager ReloadAssembly
Native extension for WindowsStandalone target not found
Refreshing native plugins compatible for Editor in 0.31 ms, found 1 plugins.
Preloading 0 native plugins for Editor in 0.00 ms.
Invoked RoslynAnalysisRunner static constructor.
RoslynAnalysisRunner will not be running.
RoslynAnalysisRunner has terminated.
Mono: successfully reloaded assembly
- Completed reload, in  0.664 seconds
Platform modules already initialized, skipping
Refreshing native plugins compatible for Editor in 0.33 ms, found 1 plugins.
Preloading 0 native plugins for Editor in 0.00 ms.
Unloading 1802 Unused Serialized files (Serialized files now loaded: 0)
System memory in use before: 87.8 MB.
System memory in use after: 87.8 MB.

Unloading 12 unused Assets to reduce memory usage. Loaded Objects now: 2304.
Total: 1.743900 ms (FindLiveObjects: 0.182500 ms CreateObjectMapping: 0.061800 ms MarkObjects: 1.412300 ms  DeleteObjects: 0.086300 ms)

========================================================================
Received Import Request.
  Time since last request: 751.840179 seconds.
  path: Assets/Scenes/сrystal 5.prefab
  artifactKey: Guid(a1009f3ddba620d4788a0e7cf52c8f17) Importer(815301076,1909f56bfc062723c751e8b465ee728b)
Start importing Assets/Scenes/сrystal 5.prefab using Guid(a1009f3ddba620d4788a0e7cf52c8f17) Importer(815301076,1909f56bfc062723c751e8b465ee728b)  -> (artifact id: 'e50dd71aec3e9d09098136cc1c0d153a') in 0.046479 seconds
  Import took 0.048957 seconds .

========================================================================
Received Import Request.
  Time since last request: 0.782353 seconds.
  path: Assets/Scenes/сrystal 5.prefab
  artifactKey: Guid(a1009f3ddba620d4788a0e7cf52c8f17) Importer(815301076,1909f56bfc062723c751e8b465ee728b)
Start importing Assets/Scenes/сrystal 5.prefab using Guid(a1009f3ddba620d4788a0e7cf52c8f17) Importer(815301076,1909f56bfc062723c751e8b465ee728b)  -> (artifact id: '2b7ea5b5243826398973bbdf2aa9a68e') in 0.020444 seconds
  Import took 0.034845 seconds .

========================================================================
Received Prepare
Registering precompiled user dll's ...
Registered in 0.001074 seconds.
Begin MonoManager ReloadAssembly
Native extension for WindowsStandalone target not found
Refreshing native plugins compatible for Editor in 0.30 ms, found 1 plugins.
Preloading 0 native plugins for Editor in 0.00 ms.
Invoked RoslynAnalysisRunner static constructor.
RoslynAnalysisRunner will not be running.
RoslynAnalysisRunner has terminated.
Mono: successfully reloaded assembly
- Completed reload, in  0.666 seconds
Platform modules already initialized, skipping
Refreshing native plugins compatible for Editor in 0.30 ms, found 1 plugins.
Preloading 0 native plugins for Editor in 0.00 ms.
Unloading 1802 Unused Serialized files (Serialized files now loaded: 0)
System memory in use before: 87.8 MB.
System memory in use after: 87.8 MB.

Unloading 12 unused Assets to reduce memory usage. Loaded Objects now: 2309.
Total: 1.627200 ms (FindLiveObjects: 0.182600 ms CreateObjectMapping: 0.064100 ms MarkObjects: 1.301500 ms  DeleteObjects: 0.078200 ms)

========================================================================
Received Import Request.
  Time since last request: 9.733728 seconds.
  path: Assets/Scenes/сrystal 5.prefab
  artifactKey: Guid(a1009f3ddba620d4788a0e7cf52c8f17) Importer(815301076,1909f56bfc062723c751e8b465ee728b)
Start importing Assets/Scenes/сrystal 5.prefab using Guid(a1009f3ddba620d4788a0e7cf52c8f17) Importer(815301076,1909f56bfc062723c751e8b465ee728b)  -> (artifact id: 'f8975ea194939de0840b11c282eca2d4') in 0.042898 seconds
  Import took 0.095897 seconds .

========================================================================
Received Prepare
Registering precompiled user dll's ...
Registered in 0.001007 seconds.
Begin MonoManager ReloadAssembly
Native extension for WindowsStandalone target not found
Refreshing native plugins compatible for Editor in 0.53 ms, found 1 plugins.
Preloading 0 native plugins for Editor in 0.00 ms.
Invoked RoslynAnalysisRunner static constructor.
RoslynAnalysisRunner will not be running.
RoslynAnalysisRunner has terminated.
Mono: successfully reloaded assembly
- Completed reload, in  0.700 seconds
Platform modules already initialized, skipping
Refreshing native plugins compatible for Editor in 0.31 ms, found 1 plugins.
Preloading 0 native plugins for Editor in 0.00 ms.
Unloading 1802 Unused Serialized files (Serialized files now loaded: 0)
System memory in use before: 87.8 MB.
System memory in use after: 87.8 MB.

Unloading 12 unused Assets to reduce memory usage. Loaded Objects now: 2314.
Total: 1.754500 ms (FindLiveObjects: 0.196300 ms CreateObjectMapping: 0.099600 ms MarkObjects: 1.368100 ms  DeleteObjects: 0.089100 ms)

========================================================================
Received Import Request.
  Time since last request: 8.372394 seconds.
  path: Assets/Scenes/сrystal 5.prefab
  artifactKey: Guid(a1009f3ddba620d4788a0e7cf52c8f17) Importer(815301076,1909f56bfc062723c751e8b465ee728b)
Start importing Assets/Scenes/сrystal 5.prefab using Guid(a1009f3ddba620d4788a0e7cf52c8f17) Importer(815301076,1909f56bfc062723c751e8b465ee728b)  -> (artifact id: 'cf239417b5b239932d9c5f72a9254cbe') in 0.044944 seconds
  Import took 0.056449 seconds .

========================================================================
Received Prepare
Registering precompiled user dll's ...
Registered in 0.001021 seconds.
Begin MonoManager ReloadAssembly
Native extension for WindowsStandalone target not found
Refreshing native plugins compatible for Editor in 0.31 ms, found 1 plugins.
Preloading 0 native plugins for Editor in 0.00 ms.
Invoked RoslynAnalysisRunner static constructor.
RoslynAnalysisRunner will not be running.
RoslynAnalysisRunner has terminated.
Mono: successfully reloaded assembly
- Completed reload, in  0.665 seconds
Platform modules already initialized, skipping
Refreshing native plugins compatible for Editor in 0.30 ms, found 1 plugins.
Preloading 0 native plugins for Editor in 0.00 ms.
Unloading 1802 Unused Serialized files (Serialized files now loaded: 0)
System memory in use before: 87.8 MB.
System memory in use after: 87.8 MB.

Unloading 12 unused Assets to reduce memory usage. Loaded Objects now: 2319.
Total: 1.584400 ms (FindLiveObjects: 0.167900 ms CreateObjectMapping: 0.058000 ms MarkObjects: 1.270800 ms  DeleteObjects: 0.087000 ms)

========================================================================
Received Prepare
Registering precompiled user dll's ...
Registered in 0.000957 seconds.
Begin MonoManager ReloadAssembly
Native extension for WindowsStandalone target not found
Refreshing native plugins compatible for Editor in 0.30 ms, found 1 plugins.
Preloading 0 native plugins for Editor in 0.00 ms.
Invoked RoslynAnalysisRunner static constructor.
RoslynAnalysisRunner will not be running.
RoslynAnalysisRunner has terminated.
Mono: successfully reloaded assembly
- Completed reload, in  0.660 seconds
Platform modules already initialized, skipping
Refreshing native plugins compatible for Editor in 0.29 ms, found 1 plugins.
Preloading 0 native plugins for Editor in 0.00 ms.
Unloading 1802 Unused Serialized files (Serialized files now loaded: 0)
System memory in use before: 87.8 MB.
System memory in use after: 87.8 MB.

Unloading 12 unused Assets to reduce memory usage. Loaded Objects now: 2323.
Total: 1.716700 ms (FindLiveObjects: 0.157800 ms CreateObjectMapping: 0.058800 ms MarkObjects: 1.418700 ms  DeleteObjects: 0.080500 ms)

========================================================================
Received Prepare
Registering precompiled user dll's ...
Registered in 0.000972 seconds.
Begin MonoManager ReloadAssembly
Native extension for WindowsStandalone target not found
Refreshing native plugins compatible for Editor in 0.30 ms, found 1 plugins.
Preloading 0 native plugins for Editor in 0.00 ms.
Invoked RoslynAnalysisRunner static constructor.
RoslynAnalysisRunner will not be running.
RoslynAnalysisRunner has terminated.
Mono: successfully reloaded assembly
- Completed reload, in  0.658 seconds
Platform modules already initialized, skipping
Refreshing native plugins compatible for Editor in 0.30 ms, found 1 plugins.
Preloading 0 native plugins for Editor in 0.00 ms.
Unloading 1802 Unused Serialized files (Serialized files now loaded: 0)
System memory in use before: 87.8 MB.
System memory in use after: 87.8 MB.

Unloading 12 unused Assets to reduce memory usage. Loaded Objects now: 2327.
Total: 1.526900 ms (FindLiveObjects: 0.166500 ms CreateObjectMapping: 0.056600 ms MarkObjects: 1.216100 ms  DeleteObjects: 0.087100 ms)

========================================================================
Received Prepare
Registering precompiled user dll's ...
Registered in 0.001014 seconds.
Begin MonoManager ReloadAssembly
Native extension for WindowsStandalone target not found
Refreshing native plugins compatible for Editor in 0.32 ms, found 1 plugins.
Preloading 0 native plugins for Editor in 0.00 ms.
Invoked RoslynAnalysisRunner static constructor.
RoslynAnalysisRunner will not be running.
RoslynAnalysisRunner has terminated.
Mono: successfully reloaded assembly
- Completed reload, in  0.675 seconds
Platform modules already initialized, skipping
Refreshing native plugins compatible for Editor in 0.31 ms, found 1 plugins.
Preloading 0 native plugins for Editor in 0.00 ms.
Unloading 1802 Unused Serialized files (Serialized files now loaded: 0)
System memory in use before: 87.9 MB.
System memory in use after: 87.8 MB.

Unloading 12 unused Assets to reduce memory usage. Loaded Objects now: 2331.
Total: 1.538500 ms (FindLiveObjects: 0.176800 ms CreateObjectMapping: 0.064100 ms MarkObjects: 1.213800 ms  DeleteObjects: 0.082900 ms)

========================================================================
Received Import Request.
  Time since last request: 3033.238025 seconds.
  path: Assets/Scenes/сrystal 5.prefab
  artifactKey: Guid(a1009f3ddba620d4788a0e7cf52c8f17) Importer(815301076,1909f56bfc062723c751e8b465ee728b)
Start importing Assets/Scenes/сrystal 5.prefab using Guid(a1009f3ddba620d4788a0e7cf52c8f17) Importer(815301076,1909f56bfc062723c751e8b465ee728b)  -> (artifact id: '5c71d8ae490130a11f8240dd7f3808e0') in 0.046676 seconds
  Import took 0.063734 seconds .

========================================================================
Received Prepare
Registering precompiled user dll's ...
Registered in 0.001025 seconds.
Begin MonoManager ReloadAssembly
Native extension for WindowsStandalone target not found
Refreshing native plugins compatible for Editor in 0.31 ms, found 1 plugins.
Preloading 0 native plugins for Editor in 0.00 ms.
Invoked RoslynAnalysisRunner static constructor.
RoslynAnalysisRunner will not be running.
RoslynAnalysisRunner has terminated.
Mono: successfully reloaded assembly
- Completed reload, in  0.662 seconds
Platform modules already initialized, skipping
Refreshing native plugins compatible for Editor in 0.30 ms, found 1 plugins.
Preloading 0 native plugins for Editor in 0.00 ms.
Unloading 1802 Unused Serialized files (Serialized files now loaded: 0)
System memory in use before: 87.9 MB.
System memory in use after: 87.9 MB.

Unloading 12 unused Assets to reduce memory usage. Loaded Objects now: 2336.
Total: 1.525000 ms (FindLiveObjects: 0.167800 ms CreateObjectMapping: 0.061900 ms MarkObjects: 1.209300 ms  DeleteObjects: 0.085300 ms)

========================================================================
Received Import Request.
  Time since last request: 49.228387 seconds.
  path: Assets/Scenes/сrystal 5.prefab
  artifactKey: Guid(a1009f3ddba620d4788a0e7cf52c8f17) Importer(815301076,1909f56bfc062723c751e8b465ee728b)
Start importing Assets/Scenes/сrystal 5.prefab using Guid(a1009f3ddba620d4788a0e7cf52c8f17) Importer(815301076,1909f56bfc062723c751e8b465ee728b)  -> (artifact id: 'df4a14e72a6cdddc71fbc70bc5f1f9f9') in 0.040522 seconds
  Import took 0.043029 seconds .

========================================================================
Received Prepare
Registering precompiled user dll's ...
Registered in 0.001056 seconds.
Begin MonoManager ReloadAssembly
Native extension for WindowsStandalone target not found
Refreshing native plugins compatible for Editor in 0.31 ms, found 1 plugins.
Preloading 0 native plugins for Editor in 0.00 ms.
Invoked RoslynAnalysisRunner static constructor.
RoslynAnalysisRunner will not be running.
RoslynAnalysisRunner has terminated.
Mono: successfully reloaded assembly
- Completed reload, in  0.672 seconds
Platform modules already initialized, skipping
Refreshing native plugins compatible for Editor in 0.30 ms, found 1 plugins.
Preloading 0 native plugins for Editor in 0.00 ms.
Unloading 1802 Unused Serialized files (Serialized files now loaded: 0)
System memory in use before: 87.9 MB.
System memory in use after: 87.9 MB.

Unloading 12 unused Assets to reduce memory usage. Loaded Objects now: 2341.
Total: 1.545000 ms (FindLiveObjects: 0.188900 ms CreateObjectMapping: 0.067200 ms MarkObjects: 1.204500 ms  DeleteObjects: 0.083500 ms)

========================================================================
Received Import Request.
  Time since last request: 19.136441 seconds.
  path: Assets/Scenes/сrystal 5.prefab
  artifactKey: Guid(a1009f3ddba620d4788a0e7cf52c8f17) Importer(815301076,1909f56bfc062723c751e8b465ee728b)
Start importing Assets/Scenes/сrystal 5.prefab using Guid(a1009f3ddba620d4788a0e7cf52c8f17) Importer(815301076,1909f56bfc062723c751e8b465ee728b)  -> (artifact id: 'e2ad5c011f9be4a750ef8ba7124d4a6f') in 0.041725 seconds
  Import took 0.044158 seconds .

========================================================================
Received Prepare
Registering precompiled user dll's ...
Registered in 0.001028 seconds.
Begin MonoManager ReloadAssembly
Native extension for WindowsStandalone target not found
Refreshing native plugins compatible for Editor in 0.31 ms, found 1 plugins.
Preloading 0 native plugins for Editor in 0.00 ms.
Invoked RoslynAnalysisRunner static constructor.
RoslynAnalysisRunner will not be running.
RoslynAnalysisRunner has terminated.
Mono: successfully reloaded assembly
- Completed reload, in  0.665 seconds
Platform modules already initialized, skipping
Refreshing native plugins compatible for Editor in 0.30 ms, found 1 plugins.
Preloading 0 native plugins for Editor in 0.00 ms.
Unloading 1802 Unused Serialized files (Serialized files now loaded: 0)
System memory in use before: 87.9 MB.
System memory in use after: 87.9 MB.

Unloading 12 unused Assets to reduce memory usage. Loaded Objects now: 2346.
Total: 1.847300 ms (FindLiveObjects: 0.153500 ms CreateObjectMapping: 0.057300 ms MarkObjects: 1.552000 ms  DeleteObjects: 0.083800 ms)

========================================================================
Received Prepare
Registering precompiled user dll's ...
Registered in 0.000985 seconds.
Begin MonoManager ReloadAssembly
Native extension for WindowsStandalone target not found
Refreshing native plugins compatible for Editor in 0.31 ms, found 1 plugins.
Preloading 0 native plugins for Editor in 0.00 ms.
Invoked RoslynAnalysisRunner static constructor.
RoslynAnalysisRunner will not be running.
RoslynAnalysisRunner has terminated.
Mono: successfully reloaded assembly
- Completed reload, in  0.695 seconds
Platform modules already initialized, skipping
Refreshing native plugins compatible for Editor in 0.31 ms, found 1 plugins.
Preloading 0 native plugins for Editor in 0.00 ms.
Unloading 1802 Unused Serialized files (Serialized files now loaded: 0)
System memory in use before: 87.9 MB.
System memory in use after: 87.9 MB.

Unloading 12 unused Assets to reduce memory usage. Loaded Objects now: 2350.
Total: 1.840000 ms (FindLiveObjects: 0.303800 ms CreateObjectMapping: 0.132900 ms MarkObjects: 1.318400 ms  DeleteObjects: 0.084000 ms)

========================================================================
Received Import Request.
  Time since last request: 27.134458 seconds.
  path: Assets/Scenes/сrystal 5.prefab
  artifactKey: Guid(a1009f3ddba620d4788a0e7cf52c8f17) Importer(815301076,1909f56bfc062723c751e8b465ee728b)
Start importing Assets/Scenes/сrystal 5.prefab using Guid(a1009f3ddba620d4788a0e7cf52c8f17) Importer(815301076,1909f56bfc062723c751e8b465ee728b)  -> (artifact id: '6ca125c16a0e1c5f561d9c251e8104a0') in 0.042169 seconds
  Import took 0.044757 seconds .

========================================================================
Received Import Request.
  Time since last request: 129.885559 seconds.
  path: Assets/Scenes/Block.prefab
  artifactKey: Guid(a1009f3ddba620d4788a0e7cf52c8f17) Importer(815301076,1909f56bfc062723c751e8b465ee728b)
Start importing Assets/Scenes/Block.prefab using Guid(a1009f3ddba620d4788a0e7cf52c8f17) Importer(815301076,1909f56bfc062723c751e8b465ee728b)  -> (artifact id: '69e6e4fc2ac625c44ce1ef32e736509d') in 0.010861 seconds
  Import took 0.013350 seconds .

========================================================================
Received Prepare
Registering precompiled user dll's ...
Registered in 0.000968 seconds.
Begin MonoManager ReloadAssembly
Native extension for WindowsStandalone target not found
Refreshing native plugins compatible for Editor in 0.30 ms, found 1 plugins.
Preloading 0 native plugins for Editor in 0.00 ms.
Invoked RoslynAnalysisRunner static constructor.
RoslynAnalysisRunner will not be running.
RoslynAnalysisRunner has terminated.
Mono: successfully reloaded assembly
- Completed reload, in  0.678 seconds
Platform modules already initialized, skipping
Refreshing native plugins compatible for Editor in 0.30 ms, found 1 plugins.
Preloading 0 native plugins for Editor in 0.00 ms.
Unloading 1802 Unused Serialized files (Serialized files now loaded: 0)
System memory in use before: 87.9 MB.
System memory in use after: 87.9 MB.

Unloading 12 unused Assets to reduce memory usage. Loaded Objects now: 2355.
Total: 1.528400 ms (FindLiveObjects: 0.172800 ms CreateObjectMapping: 0.060600 ms MarkObjects: 1.210900 ms  DeleteObjects: 0.083300 ms)

========================================================================
Received Prepare
Registering precompiled user dll's ...
Registered in 0.001117 seconds.
Begin MonoManager ReloadAssembly
Native extension for WindowsStandalone target not found
Refreshing native plugins compatible for Editor in 0.31 ms, found 1 plugins.
Preloading 0 native plugins for Editor in 0.00 ms.
Invoked RoslynAnalysisRunner static constructor.
RoslynAnalysisRunner will not be running.
RoslynAnalysisRunner has terminated.
Mono: successfully reloaded assembly
- Completed reload, in  0.676 seconds
Platform modules already initialized, skipping
Refreshing native plugins compatible for Editor in 0.29 ms, found 1 plugins.
Preloading 0 native plugins for Editor in 0.00 ms.
Unloading 1802 Unused Serialized files (Serialized files now loaded: 0)
System memory in use before: 87.9 MB.
System memory in use after: 87.9 MB.

Unloading 12 unused Assets to reduce memory usage. Loaded Objects now: 2359.
Total: 2.033700 ms (FindLiveObjects: 0.311900 ms CreateObjectMapping: 0.123000 ms MarkObjects: 1.507900 ms  DeleteObjects: 0.090100 ms)

========================================================================
Received Prepare
Registering precompiled user dll's ...
Registered in 0.000963 seconds.
Begin MonoManager ReloadAssembly
Native extension for WindowsStandalone target not found
Refreshing native plugins compatible for Editor in 0.31 ms, found 1 plugins.
Preloading 0 native plugins for Editor in 0.00 ms.
Invoked RoslynAnalysisRunner static constructor.
RoslynAnalysisRunner will not be running.
RoslynAnalysisRunner has terminated.
Mono: successfully reloaded assembly
- Completed reload, in  0.664 seconds
Platform modules already initialized, skipping
Refreshing native plugins compatible for Editor in 0.29 ms, found 1 plugins.
Preloading 0 native plugins for Editor in 0.00 ms.
Unloading 1802 Unused Serialized files (Serialized files now loaded: 0)
System memory in use before: 87.9 MB.
System memory in use after: 87.9 MB.

Unloading 12 unused Assets to reduce memory usage. Loaded Objects now: 2363.
Total: 3.026300 ms (FindLiveObjects: 0.558800 ms CreateObjectMapping: 0.272300 ms MarkObjects: 2.107500 ms  DeleteObjects: 0.085200 ms)

========================================================================
Received Prepare
Registering precompiled user dll's ...
Registered in 0.001042 seconds.
Begin MonoManager ReloadAssembly
Native extension for WindowsStandalone target not found
Refreshing native plugins compatible for Editor in 0.31 ms, found 1 plugins.
Preloading 0 native plugins for Editor in 0.00 ms.
Invoked RoslynAnalysisRunner static constructor.
RoslynAnalysisRunner will not be running.
RoslynAnalysisRunner has terminated.
Mono: successfully reloaded assembly
- Completed reload, in  0.672 seconds
Platform modules already initialized, skipping
Refreshing native plugins compatible for Editor in 0.33 ms, found 1 plugins.
Preloading 0 native plugins for Editor in 0.00 ms.
Unloading 1802 Unused Serialized files (Serialized files now loaded: 0)
System memory in use before: 87.9 MB.
System memory in use after: 87.9 MB.

Unloading 12 unused Assets to reduce memory usage. Loaded Objects now: 2367.
Total: 1.619800 ms (FindLiveObjects: 0.209700 ms CreateObjectMapping: 0.071600 ms MarkObjects: 1.253200 ms  DeleteObjects: 0.084400 ms)

========================================================================
Received Prepare
Registering precompiled user dll's ...
Registered in 0.000990 seconds.
Begin MonoManager ReloadAssembly
Native extension for WindowsStandalone target not found
Refreshing native plugins compatible for Editor in 0.30 ms, found 1 plugins.
Preloading 0 native plugins for Editor in 0.00 ms.
Invoked RoslynAnalysisRunner static constructor.
RoslynAnalysisRunner will not be running.
RoslynAnalysisRunner has terminated.
Mono: successfully reloaded assembly
- Completed reload, in  0.660 seconds
Platform modules already initialized, skipping
Refreshing native plugins compatible for Editor in 0.30 ms, found 1 plugins.
Preloading 0 native plugins for Editor in 0.00 ms.
Unloading 1802 Unused Serialized files (Serialized files now loaded: 0)
System memory in use before: 87.9 MB.
System memory in use after: 87.9 MB.

Unloading 12 unused Assets to reduce memory usage. Loaded Objects now: 2371.
Total: 1.536000 ms (FindLiveObjects: 0.191100 ms CreateObjectMapping: 0.059800 ms MarkObjects: 1.204000 ms  DeleteObjects: 0.080100 ms)

========================================================================
Received Prepare
Registering precompiled user dll's ...
Registered in 0.001117 seconds.
Begin MonoManager ReloadAssembly
Native extension for WindowsStandalone target not found
Refreshing native plugins compatible for Editor in 0.30 ms, found 1 plugins.
Preloading 0 native plugins for Editor in 0.00 ms.
Invoked RoslynAnalysisRunner static constructor.
RoslynAnalysisRunner will not be running.
RoslynAnalysisRunner has terminated.
Mono: successfully reloaded assembly
- Completed reload, in  0.682 seconds
Platform modules already initialized, skipping
Refreshing native plugins compatible for Editor in 0.29 ms, found 1 plugins.
Preloading 0 native plugins for Editor in 0.00 ms.
Unloading 1802 Unused Serialized files (Serialized files now loaded: 0)
System memory in use before: 88.0 MB.
System memory in use after: 88.0 MB.

Unloading 12 unused Assets to reduce memory usage. Loaded Objects now: 2375.
Total: 1.729900 ms (FindLiveObjects: 0.180300 ms CreateObjectMapping: 0.069800 ms MarkObjects: 1.396700 ms  DeleteObjects: 0.082600 ms)

========================================================================
Received Prepare
Registering precompiled user dll's ...
Registered in 0.000973 seconds.
Begin MonoManager ReloadAssembly
Native extension for WindowsStandalone target not found
Refreshing native plugins compatible for Editor in 0.30 ms, found 1 plugins.
Preloading 0 native plugins for Editor in 0.00 ms.
Invoked RoslynAnalysisRunner static constructor.
RoslynAnalysisRunner will not be running.
RoslynAnalysisRunner has terminated.
Mono: successfully reloaded assembly
- Completed reload, in  0.662 seconds
Platform modules already initialized, skipping
Refreshing native plugins compatible for Editor in 0.30 ms, found 1 plugins.
Preloading 0 native plugins for Editor in 0.00 ms.
Unloading 1802 Unused Serialized files (Serialized files now loaded: 0)
System memory in use before: 88.0 MB.
System memory in use after: 88.0 MB.

Unloading 12 unused Assets to reduce memory usage. Loaded Objects now: 2379.
Total: 1.755700 ms (FindLiveObjects: 0.229200 ms CreateObjectMapping: 0.080300 ms MarkObjects: 1.355000 ms  DeleteObjects: 0.090200 ms)

========================================================================
Received Import Request.
  Time since last request: 488.952636 seconds.
  path: Assets/Scenes/Block.prefab
  artifactKey: Guid(a1009f3ddba620d4788a0e7cf52c8f17) Importer(815301076,1909f56bfc062723c751e8b465ee728b)
Start importing Assets/Scenes/Block.prefab using Guid(a1009f3ddba620d4788a0e7cf52c8f17) Importer(815301076,1909f56bfc062723c751e8b465ee728b)  -> (artifact id: '720706d559be2cd3db28526baee0c057') in 0.045255 seconds
  Import took 0.057990 seconds .

========================================================================
Received Import Request.
  Time since last request: 7.665758 seconds.
  path: Assets/Scenes/Block.prefab
  artifactKey: Guid(a1009f3ddba620d4788a0e7cf52c8f17) Importer(815301076,1909f56bfc062723c751e8b465ee728b)
Start importing Assets/Scenes/Block.prefab using Guid(a1009f3ddba620d4788a0e7cf52c8f17) Importer(815301076,1909f56bfc062723c751e8b465ee728b)  -> (artifact id: '718081ae6f9cc78ab754388f1b11a050') in 0.010073 seconds
  Import took 0.021134 seconds .

========================================================================
Received Prepare
Registering precompiled user dll's ...
Registered in 0.000993 seconds.
Begin MonoManager ReloadAssembly
Native extension for WindowsStandalone target not found
Refreshing native plugins compatible for Editor in 0.30 ms, found 1 plugins.
Preloading 0 native plugins for Editor in 0.00 ms.
Invoked RoslynAnalysisRunner static constructor.
RoslynAnalysisRunner will not be running.
RoslynAnalysisRunner has terminated.
Mono: successfully reloaded assembly
- Completed reload, in  0.671 seconds
Platform modules already initialized, skipping
Refreshing native plugins compatible for Editor in 0.30 ms, found 1 plugins.
Preloading 0 native plugins for Editor in 0.00 ms.
Unloading 1802 Unused Serialized files (Serialized files now loaded: 0)
System memory in use before: 88.0 MB.
System memory in use after: 88.0 MB.

Unloading 12 unused Assets to reduce memory usage. Loaded Objects now: 2384.
Total: 1.755900 ms (FindLiveObjects: 0.160600 ms CreateObjectMapping: 0.058300 ms MarkObjects: 1.452900 ms  DeleteObjects: 0.083500 ms)

========================================================================
Received Prepare
Registering precompiled user dll's ...
Registered in 0.000997 seconds.
Begin MonoManager ReloadAssembly
Native extension for WindowsStandalone target not found
Refreshing native plugins compatible for Editor in 0.31 ms, found 1 plugins.
Preloading 0 native plugins for Editor in 0.00 ms.
Invoked RoslynAnalysisRunner static constructor.
RoslynAnalysisRunner will not be running.
RoslynAnalysisRunner has terminated.
Mono: successfully reloaded assembly
- Completed reload, in  0.697 seconds
Platform modules already initialized, skipping
Refreshing native plugins compatible for Editor in 0.30 ms, found 1 plugins.
Preloading 0 native plugins for Editor in 0.00 ms.
Unloading 1802 Unused Serialized files (Serialized files now loaded: 0)
System memory in use before: 88.0 MB.
System memory in use after: 88.0 MB.

Unloading 12 unused Assets to reduce memory usage. Loaded Objects now: 2388.
Total: 1.881300 ms (FindLiveObjects: 0.300400 ms CreateObjectMapping: 0.125500 ms MarkObjects: 1.365400 ms  DeleteObjects: 0.089000 ms)

========================================================================
Received Prepare
Registering precompiled user dll's ...
Registered in 0.001008 seconds.
Begin MonoManager ReloadAssembly
Native extension for WindowsStandalone target not found
Refreshing native plugins compatible for Editor in 0.30 ms, found 1 plugins.
Preloading 0 native plugins for Editor in 0.00 ms.
Invoked RoslynAnalysisRunner static constructor.
RoslynAnalysisRunner will not be running.
RoslynAnalysisRunner has terminated.
Mono: successfully reloaded assembly
- Completed reload, in  0.663 seconds
Platform modules already initialized, skipping
Refreshing native plugins compatible for Editor in 0.29 ms, found 1 plugins.
Preloading 0 native plugins for Editor in 0.00 ms.
Unloading 1802 Unused Serialized files (Serialized files now loaded: 0)
System memory in use before: 88.0 MB.
System memory in use after: 88.0 MB.

Unloading 12 unused Assets to reduce memory usage. Loaded Objects now: 2392.
Total: 1.960800 ms (FindLiveObjects: 0.161700 ms CreateObjectMapping: 0.059100 ms MarkObjects: 1.660900 ms  DeleteObjects: 0.078500 ms)

========================================================================
Received Import Request.
  Time since last request: 245.484898 seconds.
  path: Assets/Scenes/Red_Block.prefab
  artifactKey: Guid(e840ce0428713c54ca913d8ea0b5d1b0) Importer(815301076,1909f56bfc062723c751e8b465ee728b)
Start importing Assets/Scenes/Red_Block.prefab using Guid(e840ce0428713c54ca913d8ea0b5d1b0) Importer(815301076,1909f56bfc062723c751e8b465ee728b)  -> (artifact id: '1577f7264d0d459584986c553b989170') in 0.046645 seconds
  Import took 0.049071 seconds .

========================================================================
Received Import Request.
  Time since last request: 569.541798 seconds.
  path: Assets/Scenes/Game_Manager_Script.cs
  artifactKey: Guid(52754fa1ec7445646bd91f2c077f2435) Importer(815301076,1909f56bfc062723c751e8b465ee728b)
Start importing Assets/Scenes/Game_Manager_Script.cs using Guid(52754fa1ec7445646bd91f2c077f2435) Importer(815301076,1909f56bfc062723c751e8b465ee728b)  -> (artifact id: '87b2cb3428ca7e957c1618523d2e4158') in 0.003576 seconds
  Import took 0.006242 seconds .

========================================================================
Received Import Request.
  Time since last request: 0.002585 seconds.
  path: Assets/Scenes/Game_Manager_Script.cs
  artifactKey: Guid(52754fa1ec7445646bd91f2c077f2435) Importer(815301076,1909f56bfc062723c751e8b465ee728b)
Start importing Assets/Scenes/Game_Manager_Script.cs using Guid(52754fa1ec7445646bd91f2c077f2435) Importer(815301076,1909f56bfc062723c751e8b465ee728b)  -> (artifact id: '87b2cb3428ca7e957c1618523d2e4158') in 0.003353 seconds
  Import took 0.005642 seconds .

========================================================================
Received Prepare
Registering precompiled user dll's ...
Registered in 0.001012 seconds.
Begin MonoManager ReloadAssembly
Native extension for WindowsStandalone target not found
Refreshing native plugins compatible for Editor in 0.31 ms, found 1 plugins.
Preloading 0 native plugins for Editor in 0.00 ms.
Invoked RoslynAnalysisRunner static constructor.
RoslynAnalysisRunner will not be running.
RoslynAnalysisRunner has terminated.
Mono: successfully reloaded assembly
- Completed reload, in  0.666 seconds
Platform modules already initialized, skipping
Refreshing native plugins compatible for Editor in 0.33 ms, found 1 plugins.
Preloading 0 native plugins for Editor in 0.00 ms.
Unloading 1802 Unused Serialized files (Serialized files now loaded: 0)
System memory in use before: 88.0 MB.
System memory in use after: 88.0 MB.

Unloading 12 unused Assets to reduce memory usage. Loaded Objects now: 2397.
Total: 1.607800 ms (FindLiveObjects: 0.214700 ms CreateObjectMapping: 0.078100 ms MarkObjects: 1.229400 ms  DeleteObjects: 0.084800 ms)

========================================================================
Received Prepare
Registering precompiled user dll's ...
Registered in 0.001049 seconds.
Begin MonoManager ReloadAssembly
Native extension for WindowsStandalone target not found
Refreshing native plugins compatible for Editor in 0.34 ms, found 1 plugins.
Preloading 0 native plugins for Editor in 0.00 ms.
Invoked RoslynAnalysisRunner static constructor.
RoslynAnalysisRunner will not be running.
RoslynAnalysisRunner has terminated.
Mono: successfully reloaded assembly
- Completed reload, in  0.698 seconds
Platform modules already initialized, skipping
Refreshing native plugins compatible for Editor in 0.29 ms, found 1 plugins.
Preloading 0 native plugins for Editor in 0.00 ms.
Unloading 1802 Unused Serialized files (Serialized files now loaded: 0)
System memory in use before: 88.0 MB.
System memory in use after: 88.0 MB.

Unloading 12 unused Assets to reduce memory usage. Loaded Objects now: 2401.
Total: 1.683200 ms (FindLiveObjects: 0.206900 ms CreateObjectMapping: 0.067300 ms MarkObjects: 1.322000 ms  DeleteObjects: 0.086100 ms)

========================================================================
Received Prepare
Registering precompiled user dll's ...
Registered in 0.001024 seconds.
Begin MonoManager ReloadAssembly
Native extension for WindowsStandalone target not found
Refreshing native plugins compatible for Editor in 0.31 ms, found 1 plugins.
Preloading 0 native plugins for Editor in 0.00 ms.
Invoked RoslynAnalysisRunner static constructor.
RoslynAnalysisRunner will not be running.
RoslynAnalysisRunner has terminated.
Mono: successfully reloaded assembly
- Completed reload, in  0.661 seconds
Platform modules already initialized, skipping
Refreshing native plugins compatible for Editor in 0.30 ms, found 1 plugins.
Preloading 0 native plugins for Editor in 0.00 ms.
Unloading 1802 Unused Serialized files (Serialized files now loaded: 0)
System memory in use before: 88.0 MB.
System memory in use after: 88.0 MB.

Unloading 12 unused Assets to reduce memory usage. Loaded Objects now: 2405.
Total: 1.578900 ms (FindLiveObjects: 0.179600 ms CreateObjectMapping: 0.059600 ms MarkObjects: 1.256100 ms  DeleteObjects: 0.082700 ms)

========================================================================
Received Import Request.
  Time since last request: 311.181406 seconds.
  path: Assets/Scenes/Red_Block.prefab
  artifactKey: Guid(e840ce0428713c54ca913d8ea0b5d1b0) Importer(815301076,1909f56bfc062723c751e8b465ee728b)
Start importing Assets/Scenes/Red_Block.prefab using Guid(e840ce0428713c54ca913d8ea0b5d1b0) Importer(815301076,1909f56bfc062723c751e8b465ee728b)  -> (artifact id: '0d922d83893c57c78d8a692ff8351d0b') in 0.043376 seconds
  Import took 0.062712 seconds .

========================================================================
Received Prepare
Registering precompiled user dll's ...
Registered in 0.001512 seconds.
Begin MonoManager ReloadAssembly
Native extension for WindowsStandalone target not found
Refreshing native plugins compatible for Editor in 0.31 ms, found 1 plugins.
Preloading 0 native plugins for Editor in 0.00 ms.
Invoked RoslynAnalysisRunner static constructor.
RoslynAnalysisRunner will not be running.
RoslynAnalysisRunner has terminated.
Mono: successfully reloaded assembly
- Completed reload, in  0.694 seconds
Platform modules already initialized, skipping
Refreshing native plugins compatible for Editor in 0.33 ms, found 1 plugins.
Preloading 0 native plugins for Editor in 0.00 ms.
Unloading 1802 Unused Serialized files (Serialized files now loaded: 0)
System memory in use before: 88.1 MB.
System memory in use after: 88.1 MB.

Unloading 12 unused Assets to reduce memory usage. Loaded Objects now: 2410.
Total: 1.697100 ms (FindLiveObjects: 0.220600 ms CreateObjectMapping: 0.081600 ms MarkObjects: 1.295000 ms  DeleteObjects: 0.099100 ms)

========================================================================
Received Import Request.
  Time since last request: 8.667578 seconds.
  path: Assets/Scenes/Red_Block.prefab
  artifactKey: Guid(e840ce0428713c54ca913d8ea0b5d1b0) Importer(815301076,1909f56bfc062723c751e8b465ee728b)
Start importing Assets/Scenes/Red_Block.prefab using Guid(e840ce0428713c54ca913d8ea0b5d1b0) Importer(815301076,1909f56bfc062723c751e8b465ee728b)  -> (artifact id: 'c25f993b9758a35fb265df04f1d4aa97') in 0.042737 seconds
  Import took 0.045403 seconds .

========================================================================
Received Prepare
Registering precompiled user dll's ...
Registered in 0.001101 seconds.
Begin MonoManager ReloadAssembly
Native extension for WindowsStandalone target not found
Refreshing native plugins compatible for Editor in 0.32 ms, found 1 plugins.
Preloading 0 native plugins for Editor in 0.00 ms.
Invoked RoslynAnalysisRunner static constructor.
RoslynAnalysisRunner will not be running.
RoslynAnalysisRunner has terminated.
Mono: successfully reloaded assembly
- Completed reload, in  0.668 seconds
Platform modules already initialized, skipping
Refreshing native plugins compatible for Editor in 0.30 ms, found 1 plugins.
Preloading 0 native plugins for Editor in 0.00 ms.
Unloading 1802 Unused Serialized files (Serialized files now loaded: 0)
System memory in use before: 88.1 MB.
System memory in use after: 88.1 MB.

Unloading 12 unused Assets to reduce memory usage. Loaded Objects now: 2415.
Total: 1.504500 ms (FindLiveObjects: 0.154500 ms CreateObjectMapping: 0.052300 ms MarkObjects: 1.214100 ms  DeleteObjects: 0.082800 ms)

========================================================================
Received Import Request.
  Time since last request: 486.111900 seconds.
  path: Assets/Scenes/Red_Block.prefab
  artifactKey: Guid(e840ce0428713c54ca913d8ea0b5d1b0) Importer(815301076,1909f56bfc062723c751e8b465ee728b)
Start importing Assets/Scenes/Red_Block.prefab using Guid(e840ce0428713c54ca913d8ea0b5d1b0) Importer(815301076,1909f56bfc062723c751e8b465ee728b)  -> (artifact id: '54cae364951a3bf29de009c451d6e316') in 0.044862 seconds
  Import took 0.055476 seconds .

========================================================================
Received Prepare
Registering precompiled user dll's ...
Registered in 0.001041 seconds.
Begin MonoManager ReloadAssembly
Native extension for WindowsStandalone target not found
Refreshing native plugins compatible for Editor in 0.32 ms, found 1 plugins.
Preloading 0 native plugins for Editor in 0.00 ms.
Invoked RoslynAnalysisRunner static constructor.
RoslynAnalysisRunner will not be running.
RoslynAnalysisRunner has terminated.
Mono: successfully reloaded assembly
- Completed reload, in  0.670 seconds
Platform modules already initialized, skipping
Refreshing native plugins compatible for Editor in 0.30 ms, found 1 plugins.
Preloading 0 native plugins for Editor in 0.00 ms.
Unloading 1802 Unused Serialized files (Serialized files now loaded: 0)
System memory in use before: 88.1 MB.
System memory in use after: 88.1 MB.

Unloading 12 unused Assets to reduce memory usage. Loaded Objects now: 2420.
Total: 1.546600 ms (FindLiveObjects: 0.162500 ms CreateObjectMapping: 0.058200 ms MarkObjects: 1.240100 ms  DeleteObjects: 0.085000 ms)

========================================================================
Received Prepare
Registering precompiled user dll's ...
Registered in 0.001057 seconds.
Begin MonoManager ReloadAssembly
Native extension for WindowsStandalone target not found
Refreshing native plugins compatible for Editor in 0.31 ms, found 1 plugins.
Preloading 0 native plugins for Editor in 0.00 ms.
Invoked RoslynAnalysisRunner static constructor.
RoslynAnalysisRunner will not be running.
RoslynAnalysisRunner has terminated.
Mono: successfully reloaded assembly
- Completed reload, in  0.681 seconds
Platform modules already initialized, skipping
Refreshing native plugins compatible for Editor in 0.30 ms, found 1 plugins.
Preloading 0 native plugins for Editor in 0.00 ms.
Unloading 1802 Unused Serialized files (Serialized files now loaded: 0)
System memory in use before: 88.1 MB.
System memory in use after: 88.1 MB.

Unloading 12 unused Assets to reduce memory usage. Loaded Objects now: 2424.
Total: 1.594100 ms (FindLiveObjects: 0.166100 ms CreateObjectMapping: 0.059300 ms MarkObjects: 1.283100 ms  DeleteObjects: 0.084700 ms)

========================================================================
Received Prepare
Registering precompiled user dll's ...
Registered in 0.001019 seconds.
Begin MonoManager ReloadAssembly
Native extension for WindowsStandalone target not found
Refreshing native plugins compatible for Editor in 0.32 ms, found 1 plugins.
Preloading 0 native plugins for Editor in 0.00 ms.
Invoked RoslynAnalysisRunner static constructor.
RoslynAnalysisRunner will not be running.
RoslynAnalysisRunner has terminated.
Mono: successfully reloaded assembly
- Completed reload, in  0.667 seconds
Platform modules already initialized, skipping
Refreshing native plugins compatible for Editor in 0.31 ms, found 1 plugins.
Preloading 0 native plugins for Editor in 0.00 ms.
Unloading 1802 Unused Serialized files (Serialized files now loaded: 0)
System memory in use before: 88.1 MB.
System memory in use after: 88.1 MB.

Unloading 12 unused Assets to reduce memory usage. Loaded Objects now: 2428.
Total: 1.512700 ms (FindLiveObjects: 0.173100 ms CreateObjectMapping: 0.061400 ms MarkObjects: 1.195500 ms  DeleteObjects: 0.081900 ms)

========================================================================
Received Prepare
Registering precompiled user dll's ...
Registered in 0.000969 seconds.
Begin MonoManager ReloadAssembly
Native extension for WindowsStandalone target not found
Refreshing native plugins compatible for Editor in 0.33 ms, found 1 plugins.
Preloading 0 native plugins for Editor in 0.00 ms.
Invoked RoslynAnalysisRunner static constructor.
RoslynAnalysisRunner will not be running.
RoslynAnalysisRunner has terminated.
Mono: successfully reloaded assembly
- Completed reload, in  0.662 seconds
Platform modules already initialized, skipping
Refreshing native plugins compatible for Editor in 0.30 ms, found 1 plugins.
Preloading 0 native plugins for Editor in 0.00 ms.
Unloading 1802 Unused Serialized files (Serialized files now loaded: 0)
System memory in use before: 88.1 MB.
System memory in use after: 88.1 MB.

Unloading 12 unused Assets to reduce memory usage. Loaded Objects now: 2432.
Total: 1.626200 ms (FindLiveObjects: 0.174700 ms CreateObjectMapping: 0.087800 ms MarkObjects: 1.280100 ms  DeleteObjects: 0.082800 ms)

========================================================================
Received Prepare
Registering precompiled user dll's ...
Registered in 0.001046 seconds.
Begin MonoManager ReloadAssembly
Native extension for WindowsStandalone target not found
Refreshing native plugins compatible for Editor in 0.31 ms, found 1 plugins.
Preloading 0 native plugins for Editor in 0.00 ms.
Invoked RoslynAnalysisRunner static constructor.
RoslynAnalysisRunner will not be running.
RoslynAnalysisRunner has terminated.
Mono: successfully reloaded assembly
- Completed reload, in  0.670 seconds
Platform modules already initialized, skipping
Refreshing native plugins compatible for Editor in 0.30 ms, found 1 plugins.
Preloading 0 native plugins for Editor in 0.00 ms.
Unloading 1802 Unused Serialized files (Serialized files now loaded: 0)
System memory in use before: 88.1 MB.
System memory in use after: 88.1 MB.

Unloading 12 unused Assets to reduce memory usage. Loaded Objects now: 2436.
Total: 1.649600 ms (FindLiveObjects: 0.170200 ms CreateObjectMapping: 0.061000 ms MarkObjects: 1.329800 ms  DeleteObjects: 0.088000 ms)

========================================================================
Received Prepare
Registering precompiled user dll's ...
Registered in 0.001076 seconds.
Begin MonoManager ReloadAssembly
Native extension for WindowsStandalone target not found
Refreshing native plugins compatible for Editor in 0.33 ms, found 1 plugins.
Preloading 0 native plugins for Editor in 0.00 ms.
Invoked RoslynAnalysisRunner static constructor.
RoslynAnalysisRunner will not be running.
RoslynAnalysisRunner has terminated.
Mono: successfully reloaded assembly
- Completed reload, in  0.666 seconds
Platform modules already initialized, skipping
Refreshing native plugins compatible for Editor in 0.30 ms, found 1 plugins.
Preloading 0 native plugins for Editor in 0.00 ms.
Unloading 1802 Unused Serialized files (Serialized files now loaded: 0)
System memory in use before: 88.1 MB.
System memory in use after: 88.1 MB.

Unloading 12 unused Assets to reduce memory usage. Loaded Objects now: 2440.
Total: 1.546500 ms (FindLiveObjects: 0.175900 ms CreateObjectMapping: 0.069300 ms MarkObjects: 1.217800 ms  DeleteObjects: 0.082800 ms)

========================================================================
Received Prepare
Registering precompiled user dll's ...
Registered in 0.001028 seconds.
Begin MonoManager ReloadAssembly
Native extension for WindowsStandalone target not found
Refreshing native plugins compatible for Editor in 0.31 ms, found 1 plugins.
Preloading 0 native plugins for Editor in 0.00 ms.
Invoked RoslynAnalysisRunner static constructor.
RoslynAnalysisRunner will not be running.
RoslynAnalysisRunner has terminated.
Mono: successfully reloaded assembly
- Completed reload, in  0.669 seconds
Platform modules already initialized, skipping
Refreshing native plugins compatible for Editor in 0.30 ms, found 1 plugins.
Preloading 0 native plugins for Editor in 0.00 ms.
Unloading 1802 Unused Serialized files (Serialized files now loaded: 0)
System memory in use before: 88.1 MB.
System memory in use after: 88.1 MB.

Unloading 12 unused Assets to reduce memory usage. Loaded Objects now: 2444.
Total: 1.528800 ms (FindLiveObjects: 0.155500 ms CreateObjectMapping: 0.054900 ms MarkObjects: 1.236400 ms  DeleteObjects: 0.080700 ms)

AssetImportWorkerClient::OnTransportError - code=2 error=End of file
