Base path: 'C:/Program Files/Unity/Hub/Editor/2020.2.7f1/Editor/Data', plugins path 'C:/Program Files/Unity/Hub/Editor/2020.2.7f1/Editor/Data/PlaybackEngines'
Cmd: initializeCompiler

Cmd: compileSnippet
  insize=1651 path=Packages/com.unity.probuilder/Content/Shader cachingPP=1 ppOnly=0 stripLineD=0 buildPlatform=5 rsLen=0 pKW=UNITY_ENABLE_REFLECTION_BUFFERS UNITY_USE_DITHER_MASK_FOR_ALPHABLENDED_SHADOWS UNITY_PBS_USE_BRDF1 UNITY_SPECCUBE_BOX_PROJECTION UNITY_SPECCUBE_BLENDING UNITY_ENABLE_DETAIL_NORMALMAP SHADER_API_DESKTOP UNITY_COLORSPACE_GAMMA UNITY_LIGHT_PROBE_PROXY_VOLUME UNITY_LIGHTMAP_FULL_HDR uKW= dKW=UNITY_NO_DXT5nm UNITY_ENABLE_NATIVE_SHADOW_LOOKUPS UNITY_METAL_SHADOWS_USE_POINT_FILTERING UNITY_NO_SCREENSPACE_SHADOWS UNITY_PBS_USE_BRDF2 UNITY_PBS_USE_BRDF3 UNITY_NO_FULL_STANDARD_SHADER UNITY_HARDWARE_TIER1 UNITY_HARDWARE_TIER2 UNITY_HARDWARE_TIER3 UNITY_HALF_PRECISION_FRAGMENT_SHADER_REGISTERS UNITY_LIGHTMAP_DLDR_ENCODING UNITY_LIGHTMAP_RGBM_ENCODING UNITY_VIRTUAL_TEXTURING UNITY_PRETRANSFORM_TO_DISPLAY_ORIENTATION UNITY_ASTC_NORMALMAP_ENCODING SHADER_API_GLES30 flags=0 lang=0 type=Vertex platform=d3d11 reqs=33 mask=6 start=28 ok=1 outsize=1166

Cmd: compileSnippet
  insize=8322 path=Assets/DefaultResourcesExtra cachingPP=1 ppOnly=0 stripLineD=0 buildPlatform=5 rsLen=0 pKW=UNITY_ENABLE_REFLECTION_BUFFERS UNITY_USE_DITHER_MASK_FOR_ALPHABLENDED_SHADOWS UNITY_PBS_USE_BRDF1 UNITY_SPECCUBE_BOX_PROJECTION UNITY_SPECCUBE_BLENDING UNITY_ENABLE_DETAIL_NORMALMAP SHADER_API_DESKTOP UNITY_COLORSPACE_GAMMA UNITY_LIGHT_PROBE_PROXY_VOLUME UNITY_LIGHTMAP_FULL_HDR UNITY_PASS_META uKW= dKW=EDITOR_VISUALIZATION INSTANCING_ON UNITY_NO_DXT5nm UNITY_ENABLE_NATIVE_SHADOW_LOOKUPS UNITY_METAL_SHADOWS_USE_POINT_FILTERING UNITY_NO_SCREENSPACE_SHADOWS UNITY_PBS_USE_BRDF2 UNITY_PBS_USE_BRDF3 UNITY_NO_FULL_STANDARD_SHADER UNITY_HARDWARE_TIER1 UNITY_HARDWARE_TIER2 UNITY_HARDWARE_TIER3 UNITY_HALF_PRECISION_FRAGMENT_SHADER_REGISTERS UNITY_LIGHTMAP_DLDR_ENCODING UNITY_LIGHTMAP_RGBM_ENCODING UNITY_VIRTUAL_TEXTURING UNITY_PRETRANSFORM_TO_DISPLAY_ORIENTATION UNITY_ASTC_NORMALMAP_ENCODING SHADER_API_GLES30 flags=0 lang=0 type=Vertex platform=d3d11 reqs=33 mask=6 start=193 ok=1 outsize=1226

Cmd: compileSnippet
  insize=8080 path=Packages/com.unity.probuilder/Content/Shader cachingPP=1 ppOnly=0 stripLineD=0 buildPlatform=5 rsLen=0 pKW=UNITY_ENABLE_REFLECTION_BUFFERS UNITY_USE_DITHER_MASK_FOR_ALPHABLENDED_SHADOWS UNITY_PBS_USE_BRDF1 UNITY_SPECCUBE_BOX_PROJECTION UNITY_SPECCUBE_BLENDING UNITY_ENABLE_DETAIL_NORMALMAP SHADER_API_DESKTOP UNITY_COLORSPACE_GAMMA UNITY_LIGHT_PROBE_PROXY_VOLUME UNITY_LIGHTMAP_FULL_HDR UNITY_PASS_PREPASSBASE uKW= dKW=INSTANCING_ON UNITY_NO_DXT5nm UNITY_ENABLE_NATIVE_SHADOW_LOOKUPS UNITY_METAL_SHADOWS_USE_POINT_FILTERING UNITY_NO_SCREENSPACE_SHADOWS UNITY_PBS_USE_BRDF2 UNITY_PBS_USE_BRDF3 UNITY_NO_FULL_STANDARD_SHADER UNITY_HARDWARE_TIER1 UNITY_HARDWARE_TIER2 UNITY_HARDWARE_TIER3 UNITY_HALF_PRECISION_FRAGMENT_SHADER_REGISTERS UNITY_LIGHTMAP_DLDR_ENCODING UNITY_LIGHTMAP_RGBM_ENCODING UNITY_VIRTUAL_TEXTURING UNITY_PRETRANSFORM_TO_DISPLAY_ORIENTATION UNITY_ASTC_NORMALMAP_ENCODING SHADER_API_GLES30 flags=0 lang=0 type=Vertex platform=d3d11 reqs=33 mask=6 start=167 ok=1 outsize=1042

Cmd: compileSnippet
  insize=980 path=Packages/com.unity.probuilder/Content/Shader cachingPP=1 ppOnly=0 stripLineD=0 buildPlatform=5 rsLen=0 pKW=UNITY_ENABLE_REFLECTION_BUFFERS UNITY_USE_DITHER_MASK_FOR_ALPHABLENDED_SHADOWS UNITY_PBS_USE_BRDF1 UNITY_SPECCUBE_BOX_PROJECTION UNITY_SPECCUBE_BLENDING UNITY_ENABLE_DETAIL_NORMALMAP SHADER_API_DESKTOP UNITY_COLORSPACE_GAMMA UNITY_LIGHT_PROBE_PROXY_VOLUME UNITY_LIGHTMAP_FULL_HDR uKW= dKW=UNITY_NO_DXT5nm UNITY_ENABLE_NATIVE_SHADOW_LOOKUPS UNITY_METAL_SHADOWS_USE_POINT_FILTERING UNITY_NO_SCREENSPACE_SHADOWS UNITY_PBS_USE_BRDF2 UNITY_PBS_USE_BRDF3 UNITY_NO_FULL_STANDARD_SHADER UNITY_HARDWARE_TIER1 UNITY_HARDWARE_TIER2 UNITY_HARDWARE_TIER3 UNITY_HALF_PRECISION_FRAGMENT_SHADER_REGISTERS UNITY_LIGHTMAP_DLDR_ENCODING UNITY_LIGHTMAP_RGBM_ENCODING UNITY_VIRTUAL_TEXTURING UNITY_PRETRANSFORM_TO_DISPLAY_ORIENTATION UNITY_ASTC_NORMALMAP_ENCODING SHADER_API_GLES30 flags=0 lang=0 type=Vertex platform=d3d11 reqs=33 mask=6 start=16 ok=1 outsize=642

Cmd: compileSnippet
  insize=431 path=Packages/com.unity.postprocessing/PostProcessing/Shaders/Builtins cachingPP=1 ppOnly=0 stripLineD=0 buildPlatform=5 rsLen=0 pKW=UNITY_ENABLE_REFLECTION_BUFFERS UNITY_USE_DITHER_MASK_FOR_ALPHABLENDED_SHADOWS UNITY_PBS_USE_BRDF1 UNITY_SPECCUBE_BOX_PROJECTION UNITY_SPECCUBE_BLENDING UNITY_ENABLE_DETAIL_NORMALMAP SHADER_API_DESKTOP UNITY_COLORSPACE_GAMMA UNITY_LIGHT_PROBE_PROXY_VOLUME UNITY_LIGHTMAP_FULL_HDR uKW= dKW=UNITY_NO_DXT5nm UNITY_ENABLE_NATIVE_SHADOW_LOOKUPS UNITY_METAL_SHADOWS_USE_POINT_FILTERING UNITY_NO_SCREENSPACE_SHADOWS UNITY_PBS_USE_BRDF2 UNITY_PBS_USE_BRDF3 UNITY_NO_FULL_STANDARD_SHADER UNITY_HARDWARE_TIER1 UNITY_HARDWARE_TIER2 UNITY_HARDWARE_TIER3 UNITY_HALF_PRECISION_FRAGMENT_SHADER_REGISTERS UNITY_LIGHTMAP_DLDR_ENCODING UNITY_LIGHTMAP_RGBM_ENCODING UNITY_VIRTUAL_TEXTURING UNITY_PRETRANSFORM_TO_DISPLAY_ORIENTATION UNITY_ASTC_NORMALMAP_ENCODING SHADER_API_GLES30 flags=0 lang=3 type=Fragment platform=d3d11 reqs=33 mask=6 start=42 ok=1 outsize=1650

Cmd: compileSnippet
  insize=965 path=Packages/com.unity.probuilder/Content/Shader cachingPP=1 ppOnly=0 stripLineD=0 buildPlatform=5 rsLen=0 pKW=UNITY_ENABLE_REFLECTION_BUFFERS UNITY_USE_DITHER_MASK_FOR_ALPHABLENDED_SHADOWS UNITY_PBS_USE_BRDF1 UNITY_SPECCUBE_BOX_PROJECTION UNITY_SPECCUBE_BLENDING UNITY_ENABLE_DETAIL_NORMALMAP SHADER_API_DESKTOP UNITY_COLORSPACE_GAMMA UNITY_LIGHT_PROBE_PROXY_VOLUME UNITY_LIGHTMAP_FULL_HDR uKW= dKW=UNITY_NO_DXT5nm UNITY_ENABLE_NATIVE_SHADOW_LOOKUPS UNITY_METAL_SHADOWS_USE_POINT_FILTERING UNITY_NO_SCREENSPACE_SHADOWS UNITY_PBS_USE_BRDF2 UNITY_PBS_USE_BRDF3 UNITY_NO_FULL_STANDARD_SHADER UNITY_HARDWARE_TIER1 UNITY_HARDWARE_TIER2 UNITY_HARDWARE_TIER3 UNITY_HALF_PRECISION_FRAGMENT_SHADER_REGISTERS UNITY_LIGHTMAP_DLDR_ENCODING UNITY_LIGHTMAP_RGBM_ENCODING UNITY_VIRTUAL_TEXTURING UNITY_PRETRANSFORM_TO_DISPLAY_ORIENTATION UNITY_ASTC_NORMALMAP_ENCODING SHADER_API_GLES30 flags=0 lang=0 type=Fragment platform=d3d11 reqs=33 mask=6 start=25 ok=1 outsize=250

Cmd: compileSnippet
  insize=1924 path=Packages/com.unity.postprocessing/PostProcessing/Shaders/Builtins cachingPP=1 ppOnly=0 stripLineD=0 buildPlatform=5 rsLen=0 pKW=UNITY_ENABLE_REFLECTION_BUFFERS UNITY_USE_DITHER_MASK_FOR_ALPHABLENDED_SHADOWS UNITY_PBS_USE_BRDF1 UNITY_SPECCUBE_BOX_PROJECTION UNITY_SPECCUBE_BLENDING UNITY_ENABLE_DETAIL_NORMALMAP SHADER_API_DESKTOP UNITY_COLORSPACE_GAMMA UNITY_LIGHT_PROBE_PROXY_VOLUME UNITY_LIGHTMAP_FULL_HDR uKW= dKW=UNITY_NO_DXT5nm UNITY_ENABLE_NATIVE_SHADOW_LOOKUPS UNITY_METAL_SHADOWS_USE_POINT_FILTERING UNITY_NO_SCREENSPACE_SHADOWS UNITY_PBS_USE_BRDF2 UNITY_PBS_USE_BRDF3 UNITY_NO_FULL_STANDARD_SHADER UNITY_HARDWARE_TIER1 UNITY_HARDWARE_TIER2 UNITY_HARDWARE_TIER3 UNITY_HALF_PRECISION_FRAGMENT_SHADER_REGISTERS UNITY_LIGHTMAP_DLDR_ENCODING UNITY_LIGHTMAP_RGBM_ENCODING UNITY_VIRTUAL_TEXTURING UNITY_PRETRANSFORM_TO_DISPLAY_ORIENTATION UNITY_ASTC_NORMALMAP_ENCODING SHADER_API_GLES30 flags=0 lang=0 type=Vertex platform=d3d11 reqs=33 mask=6 start=93 ok=1 outsize=514

Cmd: compileSnippet
  insize=1329 path=Assets/DefaultResourcesExtra cachingPP=1 ppOnly=0 stripLineD=0 buildPlatform=5 rsLen=0 pKW=UNITY_ENABLE_REFLECTION_BUFFERS UNITY_USE_DITHER_MASK_FOR_ALPHABLENDED_SHADOWS UNITY_PBS_USE_BRDF1 UNITY_SPECCUBE_BOX_PROJECTION UNITY_SPECCUBE_BLENDING UNITY_ENABLE_DETAIL_NORMALMAP SHADER_API_DESKTOP UNITY_COLORSPACE_GAMMA UNITY_LIGHT_PROBE_PROXY_VOLUME UNITY_LIGHTMAP_FULL_HDR UNITY_PASS_FORWARDADD uKW=POINT dKW=FOG_LINEAR FOG_EXP FOG_EXP2 _NORMALMAP _ALPHATEST_ON _ALPHABLEND_ON _ALPHAPREMULTIPLY_ON _METALLICGLOSSMAP _SMOOTHNESS_TEXTURE_ALBEDO_CHANNEL_A _SPECULARHIGHLIGHTS_OFF _DETAIL_MULX2 _PARALLAXMAP DIRECTIONAL SPOT POINT_COOKIE DIRECTIONAL_COOKIE SHADOWS_SHADOWMASK LIGHTMAP_SHADOW_MIXING SHADOWS_DEPTH SHADOWS_SOFT SHADOWS_SCREEN SHADOWS_CUBE UNITY_NO_DXT5nm UNITY_ENABLE_NATIVE_SHADOW_LOOKUPS UNITY_METAL_SHADOWS_USE_POINT_FILTERING UNITY_NO_SCREENSPACE_SHADOWS UNITY_PBS_USE_BRDF2 UNITY_PBS_USE_BRDF3 UNITY_NO_FULL_STANDARD_SHADER UNITY_HARDWARE_TIER1 UNITY_HARDWARE_TIER2 UNITY_HARDWARE_TIER3 UNITY_HALF_PRECISION_FRAGMENT_SHADER_REGISTERS UNITY_LIGHTMAP_DLDR_ENCODING UNITY_LIGHTMAP_RGBM_ENCODING UNITY_VIRTUAL_TEXTURING UNITY_PRETRANSFORM_TO_DISPLAY_ORIENTATION UNITY_ASTC_NORMALMAP_ENCODING SHADER_API_GLES30 flags=0 lang=0 type=Fragment platform=d3d11 reqs=227 mask=6 start=106 ok=1 outsize=3742

Cmd: compileSnippet
  insize=521 path=Packages/com.unity.postprocessing/PostProcessing/Shaders/Builtins cachingPP=1 ppOnly=0 stripLineD=0 buildPlatform=5 rsLen=0 pKW=UNITY_ENABLE_REFLECTION_BUFFERS UNITY_USE_DITHER_MASK_FOR_ALPHABLENDED_SHADOWS UNITY_PBS_USE_BRDF1 UNITY_SPECCUBE_BOX_PROJECTION UNITY_SPECCUBE_BLENDING UNITY_ENABLE_DETAIL_NORMALMAP SHADER_API_DESKTOP UNITY_COLORSPACE_GAMMA UNITY_LIGHT_PROBE_PROXY_VOLUME UNITY_LIGHTMAP_FULL_HDR uKW= dKW=UNITY_NO_DXT5nm UNITY_ENABLE_NATIVE_SHADOW_LOOKUPS UNITY_METAL_SHADOWS_USE_POINT_FILTERING UNITY_NO_SCREENSPACE_SHADOWS UNITY_PBS_USE_BRDF2 UNITY_PBS_USE_BRDF3 UNITY_NO_FULL_STANDARD_SHADER UNITY_HARDWARE_TIER1 UNITY_HARDWARE_TIER2 UNITY_HARDWARE_TIER3 UNITY_HALF_PRECISION_FRAGMENT_SHADER_REGISTERS UNITY_LIGHTMAP_DLDR_ENCODING UNITY_LIGHTMAP_RGBM_ENCODING UNITY_VIRTUAL_TEXTURING UNITY_PRETRANSFORM_TO_DISPLAY_ORIENTATION UNITY_ASTC_NORMALMAP_ENCODING SHADER_API_GLES30 flags=0 lang=3 type=Fragment platform=d3d11 reqs=227 mask=6 start=62 ok=1 outsize=2478

Cmd: compileSnippet
  insize=3622 path=Packages/com.unity.postprocessing/PostProcessing/Shaders/Debug cachingPP=1 ppOnly=0 stripLineD=0 buildPlatform=5 rsLen=0 pKW=UNITY_ENABLE_REFLECTION_BUFFERS UNITY_USE_DITHER_MASK_FOR_ALPHABLENDED_SHADOWS UNITY_PBS_USE_BRDF1 UNITY_SPECCUBE_BOX_PROJECTION UNITY_SPECCUBE_BLENDING UNITY_ENABLE_DETAIL_NORMALMAP SHADER_API_DESKTOP UNITY_COLORSPACE_GAMMA UNITY_LIGHT_PROBE_PROXY_VOLUME UNITY_LIGHTMAP_FULL_HDR uKW= dKW=COLOR_GRADING_HDR AUTO_EXPOSURE UNITY_NO_DXT5nm UNITY_ENABLE_NATIVE_SHADOW_LOOKUPS UNITY_METAL_SHADOWS_USE_POINT_FILTERING UNITY_NO_SCREENSPACE_SHADOWS UNITY_PBS_USE_BRDF2 UNITY_PBS_USE_BRDF3 UNITY_NO_FULL_STANDARD_SHADER UNITY_HARDWARE_TIER1 UNITY_HARDWARE_TIER2 UNITY_HARDWARE_TIER3 UNITY_HALF_PRECISION_FRAGMENT_SHADER_REGISTERS UNITY_LIGHTMAP_DLDR_ENCODING UNITY_LIGHTMAP_RGBM_ENCODING UNITY_VIRTUAL_TEXTURING UNITY_PRETRANSFORM_TO_DISPLAY_ORIENTATION UNITY_ASTC_NORMALMAP_ENCODING SHADER_API_GLES30 flags=0 lang=3 type=Vertex platform=d3d11 reqs=1101803 mask=6 start=103 ok=1 outsize=46362

Cmd: compileSnippet
  insize=6564 path=Packages/com.unity.probuilder/Content/Shader cachingPP=1 ppOnly=0 stripLineD=0 buildPlatform=5 rsLen=0 pKW=UNITY_ENABLE_REFLECTION_BUFFERS UNITY_USE_DITHER_MASK_FOR_ALPHABLENDED_SHADOWS UNITY_PBS_USE_BRDF1 UNITY_SPECCUBE_BOX_PROJECTION UNITY_SPECCUBE_BLENDING UNITY_ENABLE_DETAIL_NORMALMAP SHADER_API_DESKTOP UNITY_COLORSPACE_GAMMA UNITY_LIGHT_PROBE_PROXY_VOLUME UNITY_LIGHTMAP_FULL_HDR UNITY_PASS_PREPASSBASE uKW= dKW=INSTANCING_ON UNITY_NO_DXT5nm UNITY_ENABLE_NATIVE_SHADOW_LOOKUPS UNITY_METAL_SHADOWS_USE_POINT_FILTERING UNITY_NO_SCREENSPACE_SHADOWS UNITY_PBS_USE_BRDF2 UNITY_PBS_USE_BRDF3 UNITY_NO_FULL_STANDARD_SHADER UNITY_HARDWARE_TIER1 UNITY_HARDWARE_TIER2 UNITY_HARDWARE_TIER3 UNITY_HALF_PRECISION_FRAGMENT_SHADER_REGISTERS UNITY_LIGHTMAP_DLDR_ENCODING UNITY_LIGHTMAP_RGBM_ENCODING UNITY_VIRTUAL_TEXTURING UNITY_PRETRANSFORM_TO_DISPLAY_ORIENTATION UNITY_ASTC_NORMALMAP_ENCODING SHADER_API_GLES30 flags=0 lang=0 type=Vertex platform=d3d11 reqs=33 mask=6 start=128 ok=1 outsize=1042

Cmd: compileSnippet
  insize=895 path=Packages/com.unity.probuilder/Content/Shader cachingPP=1 ppOnly=0 stripLineD=0 buildPlatform=5 rsLen=0 pKW=UNITY_ENABLE_REFLECTION_BUFFERS UNITY_USE_DITHER_MASK_FOR_ALPHABLENDED_SHADOWS UNITY_PBS_USE_BRDF1 UNITY_SPECCUBE_BOX_PROJECTION UNITY_SPECCUBE_BLENDING UNITY_ENABLE_DETAIL_NORMALMAP SHADER_API_DESKTOP UNITY_COLORSPACE_GAMMA UNITY_LIGHT_PROBE_PROXY_VOLUME UNITY_LIGHTMAP_FULL_HDR uKW= dKW=UNITY_NO_DXT5nm UNITY_ENABLE_NATIVE_SHADOW_LOOKUPS UNITY_METAL_SHADOWS_USE_POINT_FILTERING UNITY_NO_SCREENSPACE_SHADOWS UNITY_PBS_USE_BRDF2 UNITY_PBS_USE_BRDF3 UNITY_NO_FULL_STANDARD_SHADER UNITY_HARDWARE_TIER1 UNITY_HARDWARE_TIER2 UNITY_HARDWARE_TIER3 UNITY_HALF_PRECISION_FRAGMENT_SHADER_REGISTERS UNITY_LIGHTMAP_DLDR_ENCODING UNITY_LIGHTMAP_RGBM_ENCODING UNITY_VIRTUAL_TEXTURING UNITY_PRETRANSFORM_TO_DISPLAY_ORIENTATION UNITY_ASTC_NORMALMAP_ENCODING SHADER_API_GLES30 flags=0 lang=0 type=Fragment platform=d3d11 reqs=33 mask=6 start=21 ok=1 outsize=226

Cmd: compileComputeKernel
  insize=9889 path=G:/Unity3D_Project/Unity_Project/0_basic_2021/Library/PackageCache/com.unity.barracuda@0.5.0-preview/Barracuda/Core/Resources/Broadcast.compute kernel=BroadcastGreaterEqual cachingPP=1 ppOnly=0 stripLineD=0 buildPlatform=5 km=<UNITY_VERSION=202027> pKW=UNITY_ENABLE_REFLECTION_BUFFERS UNITY_USE_DITHER_MASK_FOR_ALPHABLENDED_SHADOWS UNITY_PBS_USE_BRDF1 UNITY_SPECCUBE_BOX_PROJECTION UNITY_SPECCUBE_BLENDING UNITY_ENABLE_DETAIL_NORMALMAP SHADER_API_DESKTOP UNITY_COLORSPACE_GAMMA UNITY_LIGHT_PROBE_PROXY_VOLUME UNITY_LIGHTMAP_FULL_HDR uKW=SHADER_STAGE_COMPUTE platform=d3d11 flags=0  error: 1 plat 25 at Broadcast.compute(26): Cannot concatenate 'B' and '.'
  error: 1 plat 25 at Broadcast.compute(26): Cannot concatenate 'O' and '.'
  error: 1 plat 25 at Broadcast.compute(26): Cannot concatenate 'X' and '.'
  error: 1 plat 25 at Broadcast.compute(44): Cannot concatenate 'B' and '.'
  error: 1 plat 25 at Broadcast.compute(44): Cannot concatenate 'O' and '.'
  error: 1 plat 25 at Broadcast.compute(44): Cannot concatenate 'X' and '.'
  error: 1 plat 25 at Broadcast.compute(62): Cannot concatenate 'B' and '.'
  error: 1 plat 25 at Broadcast.compute(62): Cannot concatenate 'O' and '.'
  error: 1 plat 25 at Broadcast.compute(62): Cannot concatenate 'X' and '.'
  error: 1 plat 25 at Broadcast.compute(80): Cannot concatenate 'B' and '.'
  error: 1 plat 25 at Broadcast.compute(80): Cannot concatenate 'O' and '.'
  error: 1 plat 25 at Broadcast.compute(80): Cannot concatenate 'X' and '.'
  error: 1 plat 25 at Broadcast.compute(108): Cannot concatenate 'B' and '.'
  error: 1 plat 25 at Broadcast.compute(108): Cannot concatenate 'O' and '.'
  error: 1 plat 25 at Broadcast.compute(108): Cannot concatenate 'X' and '.'
  error: 1 plat 25 at Broadcast.compute(126): Cannot concatenate 'B' and '.'
  error: 1 plat 25 at Broadcast.compute(126): Cannot concatenate 'O' and '.'
  error: 1 plat 25 at Broadcast.compute(126): Cannot concatenate 'X' and '.'
  error: 1 plat 25 at Broadcast.compute(144): Cannot concatenate 'B' and '.'
  error: 1 plat 25 at Broadcast.compute(144): Cannot concatenate 'O' and '.'
  error: 1 plat 25 at Broadcast.compute(144): Cannot concatenate 'X' and '.'
  error: 1 plat 25 at Broadcast.compute(163): Cannot concatenate 'B' and '.'
  error: 1 plat 25 at Broadcast.compute(163): Cannot concatenate 'O' and '.'
  error: 1 plat 25 at Broadcast.compute(163): Cannot concatenate 'X' and '.'
  error: 1 plat 25 at Broadcast.compute(188): Cannot concatenate 'B' and '.'
  error: 1 plat 25 at Broadcast.compute(188): Cannot concatenate 'O' and '.'
  error: 1 plat 25 at Broadcast.compute(188): Cannot concatenate 'X' and '.'
  error: 1 plat 25 at Broadcast.compute(213): Cannot concatenate 'B' and '.'
  error: 1 plat 25 at Broadcast.compute(213): Cannot concatenate 'O' and '.'
  error: 1 plat 25 at Broadcast.compute(213): Cannot concatenate 'X' and '.'
  error: 1 plat 25 at Broadcast.compute(238): Cannot concatenate 'B' and '.'
  error: 1 plat 25 at Broadcast.compute(238): Cannot concatenate 'O' and '.'
  error: 1 plat 25 at Broadcast.compute(238): Cannot concatenate 'X' and '.'
  error: 1 plat 25 at Broadcast.compute(263): Cannot concatenate 'B' and '.'
  error: 1 plat 25 at Broadcast.compute(263): Cannot concatenate 'O' and '.'
  error: 1 plat 25 at Broadcast.compute(263): Cannot concatenate 'X' and '.'
  error: 1 plat 25 at Broadcast.compute(288): Cannot concatenate 'B' and '.'
  error: 1 plat 25 at Broadcast.compute(288): Cannot concatenate 'O' and '.'
  error: 1 plat 25 at Broadcast.compute(288): Cannot concatenate 'X' and '.'
  error: 1 plat 25 at Broadcast.compute(313): Cannot concatenate 'B' and '.'
  error: 1 plat 25 at Broadcast.compute(313): Cannot concatenate 'O' and '.'
  error: 1 plat 25 at Broadcast.compute(313): Cannot concatenate 'X' and '.'
  error: 1 plat 25 at Broadcast.compute(338): Cannot concatenate 'B' and '.'
  error: 1 plat 25 at Broadcast.compute(338): Cannot concatenate 'O' and '.'
  error: 1 plat 25 at Broadcast.compute(338): Cannot concatenate 'X' and '.'
 ok=1 outsize=1916

Cmd: compileComputeKernel
  insize=5587 path=G:/Unity3D_Project/Unity_Project/0_basic_2021/Library/PackageCache/com.unity.postprocessing@2.3.0/PostProcessing/Shaders/Builtins/GaussianDownsample.compute kernel=KMain cachingPP=1 ppOnly=0 stripLineD=0 buildPlatform=5 km=<UNITY_VERSION=202027> pKW=UNITY_ENABLE_REFLECTION_BUFFERS UNITY_USE_DITHER_MASK_FOR_ALPHABLENDED_SHADOWS UNITY_PBS_USE_BRDF1 UNITY_SPECCUBE_BOX_PROJECTION UNITY_SPECCUBE_BLENDING UNITY_ENABLE_DETAIL_NORMALMAP SHADER_API_DESKTOP UNITY_COLORSPACE_GAMMA UNITY_LIGHT_PROBE_PROXY_VOLUME UNITY_LIGHTMAP_FULL_HDR uKW=SHADER_STAGE_COMPUTE platform=d3d11 flags=0 ok=1 outsize=6437

Cmd: compileComputeKernel
  insize=2114 path=G:/Unity3D_Project/Unity_Project/0_basic_2021/Library/PackageCache/com.unity.postprocessing@2.3.0/PostProcessing/Shaders/Builtins/MultiScaleVODownsample2.compute kernel=MultiScaleVODownsample2 cachingPP=1 ppOnly=0 stripLineD=0 buildPlatform=5 km=<main=MultiScaleVODownsample2>,<UNITY_VERSION=202027> pKW=UNITY_ENABLE_REFLECTION_BUFFERS UNITY_USE_DITHER_MASK_FOR_ALPHABLENDED_SHADOWS UNITY_PBS_USE_BRDF1 UNITY_SPECCUBE_BOX_PROJECTION UNITY_SPECCUBE_BLENDING UNITY_ENABLE_DETAIL_NORMALMAP SHADER_API_DESKTOP UNITY_COLORSPACE_GAMMA UNITY_LIGHT_PROBE_PROXY_VOLUME UNITY_LIGHTMAP_FULL_HDR uKW=SHADER_STAGE_COMPUTE platform=d3d11 flags=0 ok=1 outsize=1000

Cmd: compileComputeKernel
  insize=47541 path=G:/Unity3D_Project/Unity_Project/0_basic_2021/Library/PackageCache/com.unity.barracuda@0.5.0-preview/Barracuda/Core/Resources/BarracudaReferenceImpl.compute kernel=TensorToTexture cachingPP=1 ppOnly=0 stripLineD=0 buildPlatform=5 km=<UNITY_VERSION=202027> pKW=UNITY_ENABLE_REFLECTION_BUFFERS UNITY_USE_DITHER_MASK_FOR_ALPHABLENDED_SHADOWS UNITY_PBS_USE_BRDF1 UNITY_SPECCUBE_BOX_PROJECTION UNITY_SPECCUBE_BLENDING UNITY_ENABLE_DETAIL_NORMALMAP SHADER_API_DESKTOP UNITY_COLORSPACE_GAMMA UNITY_LIGHT_PROBE_PROXY_VOLUME UNITY_LIGHTMAP_FULL_HDR uKW=SHADER_STAGE_COMPUTE platform=d3d11 flags=0  error: 1 plat 25 at BarracudaReferenceImpl.compute(84): Cannot concatenate 'B' and '.'
  error: 1 plat 25 at BarracudaReferenceImpl.compute(84): Cannot concatenate 'O' and '.'
  error: 1 plat 25 at BarracudaReferenceImpl.compute(84): Cannot concatenate 'W' and '.'
  error: 1 plat 25 at BarracudaReferenceImpl.compute(84): Cannot concatenate 'X' and '.'
  error: 1 plat 25 at BarracudaReferenceImpl.compute(103): Cannot concatenate 'O' and '.'
  error: 1 plat 25 at BarracudaReferenceImpl.compute(103): Cannot concatenate 'X' and '.'
  error: 1 plat 25 at BarracudaReferenceImpl.compute(126): Cannot concatenate 'O' and '.'
  error: 1 plat 25 at BarracudaReferenceImpl.compute(126): Cannot concatenate 'W' and '.'
  error: 1 plat 25 at BarracudaReferenceImpl.compute(126): Cannot concatenate 'X' and '.'
  error: 1 plat 25 at BarracudaReferenceImpl.compute(150): Cannot concatenate 'O' and '.'
  error: 1 plat 25 at BarracudaReferenceImpl.compute(150): Cannot concatenate 'X' and '.'
  error: 1 plat 25 at BarracudaReferenceImpl.compute(173): Cannot concatenate 'O' and '.'
  error: 1 plat 25 at BarracudaReferenceImpl.compute(173): Cannot concatenate 'X' and '.'
  error: 1 plat 25 at BarracudaReferenceImpl.compute(195): Cannot concatenate 'O' and '.'
  error: 1 plat 25 at BarracudaReferenceImpl.compute(195): Cannot concatenate 'X' and '.'
  error: 1 plat 25 at BarracudaReferenceImpl.compute(217): Cannot concatenate 'O' and '.'
  error: 1 plat 25 at BarracudaReferenceImpl.compute(217): Cannot concatenate 'X' and '.'
  error: 1 plat 25 at BarracudaReferenceImpl.compute(239): Cannot concatenate 'O' and '.'
  error: 1 plat 25 at BarracudaReferenceImpl.compute(239): Cannot concatenate 'X' and '.'
  error: 1 plat 25 at BarracudaReferenceImpl.compute(257): Cannot concatenate 'O' and '.'
  error: 1 plat 25 at BarracudaReferenceImpl.compute(257): Cannot concatenate 'X' and '.'
  error: 1 plat 25 at BarracudaReferenceImpl.compute(274): Cannot concatenate 'O' and '.'
  error: 1 plat 25 at BarracudaReferenceImpl.compute(274): Cannot concatenate 'X' and '.'
  error: 1 plat 25 at BarracudaReferenceImpl.compute(291): Cannot concatenate 'O' and '.'
  error: 1 plat 25 at BarracudaReferenceImpl.compute(291): Cannot concatenate 'X' and '.'
  error: 1 plat 25 at BarracudaReferenceImpl.compute(309): Cannot concatenate 'O' and '.'
  error: 1 plat 25 at BarracudaReferenceImpl.compute(309): Cannot concatenate 'X' and '.'
  error: 1 plat 25 at BarracudaReferenceImpl.compute(326): Cannot concatenate 'O' and '.'
  error: 1 plat 25 at BarracudaReferenceImpl.compute(326): Cannot concatenate 'X' and '.'
  error: 1 plat 25 at BarracudaReferenceImpl.compute(343): Cannot concatenate 'O' and '.'
  error: 1 plat 25 at BarracudaReferenceImpl.compute(343): Cannot concatenate 'X' and '.'
  error: 1 plat 25 at BarracudaReferenceImpl.compute(360): Cannot concatenate 'O' and '.'
  error: 1 plat 25 at BarracudaReferenceImpl.compute(360): Cannot concatenate 'X' and '.'
  error: 1 plat 25 at BarracudaReferenceImpl.compute(387): Cannot concatenate 'O' and '.'
  error: 1 plat 25 at BarracudaReferenceImpl.compute(387): Cannot concatenate 'X' and '.'
  error: 1 plat 25 at BarracudaReferenceImpl.compute(404): Cannot concatenate 'O' and '.'
  error: 1 plat 25 at BarracudaReferenceImpl.compute(404): Cannot concatenate 'X' and '.'
  error: 1 plat 25 at BarracudaReferenceImpl.compute(421): Cannot concatenate 'B' and '.'
  error: 1 plat 25 at BarracudaReferenceImpl.compute(421): Cannot concatenate 'O' and '.'
  error: 1 plat 25 at BarracudaReferenceImpl.compute(421): Cannot concatenate 'X' and '.'
  error: 1 plat 25 at BarracudaReferenceImpl.compute(439): Cannot concatenate 'B' and '.'
  error: 1 plat 25 at BarracudaReferenceImpl.compute(439): Cannot concatenate 'O' and '.'
  error: 1 plat 25 at BarracudaReferenceImpl.compute(439): Cannot concatenate 'X' and '.'
  error: 1 plat 25 at BarracudaReferenceImpl.compute(457): Cannot concatenate 'B' and '.'
  error: 1 plat 25 at BarracudaReferenceImpl.compute(457): Cannot concatenate 'O' and '.'
  error: 1 plat 25 at BarracudaReferenceImpl.compute(457): Cannot concatenate 'X' and '.'
  error: 1 plat 25 at BarracudaReferenceImpl.compute(475): Cannot concatenate 'B' and '.'
  error: 1 plat 25 at BarracudaReferenceImpl.compute(475): Cannot concatenate 'O' and '.'
  error: 1 plat 25 at BarracudaReferenceImpl.compute(475): Cannot concatenate 'X' and '.'
  error: 1 plat 25 at BarracudaReferenceImpl.compute(493): Cannot concatenate 'B' and '.'
  error: 1 plat 25 at BarracudaReferenceImpl.compute(493): Cannot concatenate 'O' and '.'
  error: 1 plat 25 at BarracudaReferenceImpl.compute(493): Cannot concatenate 'X' and '.'
  error: 1 plat 25 at BarracudaReferenceImpl.compute(511): Cannot concatenate 'B' and '.'
  error: 1 plat 25 at BarracudaReferenceImpl.compute(511): Cannot concatenate 'O' and '.'
  error: 1 plat 25 at BarracudaReferenceImpl.compute(511): Cannot concatenate 'X' and '.'
  error: 1 plat 25 at BarracudaReferenceImpl.compute(529): Cannot concatenate 'B' and '.'
  error: 1 plat 25 at BarracudaReferenceImpl.compute(529): Cannot concatenate 'O' and '.'
  error: 1 plat 25 at BarracudaReferenceImpl.compute(529): Cannot concatenate 'X' and '.'
  error: 1 plat 25 at BarracudaReferenceImpl.compute(547): Cannot concatenate 'B' and '.'
  error: 1 plat 25 at BarracudaReferenceImpl.compute(547): Cannot concatenate 'O' and '.'
  error: 1 plat 25 at BarracudaReferenceImpl.compute(547): Cannot concatenate 'X' and '.'
  error: 1 plat 25 at BarracudaReferenceImpl.compute(572): Cannot concatenate 'B' and '.'
  error: 1 plat 25 at BarracudaReferenceImpl.compute(572): Cannot concatenate 'O' and '.'
  error: 1 plat 25 at BarracudaReferenceImpl.compute(572): Cannot concatenate 'X' and '.'
  error: 1 plat 25 at BarracudaReferenceImpl.compute(597): Cannot concatenate 'B' and '.'
  error: 1 plat 25 at BarracudaReferenceImpl.compute(597): Cannot concatenate 'O' and '.'
  error: 1 plat 25 at BarracudaReferenceImpl.compute(597): Cannot concatenate 'X' and '.'
  error: 1 plat 25 at BarracudaReferenceImpl.compute(622): Cannot concatenate 'B' and '.'
  error: 1 plat 25 at BarracudaReferenceImpl.compute(622): Cannot concatenate 'O' and '.'
  error: 1 plat 25 at BarracudaReferenceImpl.compute(622): Cannot concatenate 'X' and '.'
  error: 1 plat 25 at BarracudaReferenceImpl.compute(647): Cannot concatenate 'B' and '.'
  error: 1 plat 25 at BarracudaReferenceImpl.compute(647): Cannot concatenate 'O' and '.'
  error: 1 plat 25 at BarracudaReferenceImpl.compute(647): Cannot concatenate 'X' and '.'
  error: 1 plat 25 at BarracudaReferenceImpl.compute(672): Cannot concatenate 'B' and '.'
  error: 1 plat 25 at BarracudaReferenceImpl.compute(672): Cannot concatenate 'O' and '.'
  error: 1 plat 25 at BarracudaReferenceImpl.compute(672): Cannot concatenate 'X' and '.'
  error: 1 plat 25 at BarracudaReferenceImpl.compute(697): Cannot concatenate 'B' and '.'
  error: 1 plat 25 at BarracudaReferenceImpl.compute(697): Cannot concatenate 'O' and '.'
  error: 1 plat 25 at BarracudaReferenceImpl.compute(697): Cannot concatenate 'X' and '.'
  error: 1 plat 25 at BarracudaReferenceImpl.compute(722): Cannot concatenate 'B' and '.'
  error: 1 plat 25 at BarracudaReferenceImpl.compute(722): Cannot concatenate 'O' and '.'
  error: 1 plat 25 at BarracudaReferenceImpl.compute(722): Cannot concatenate 'X' and '.'
  error: 1 plat 25 at BarracudaReferenceImpl.compute(747): Cannot concatenate 'O' and '.'
  error: 1 plat 25 at BarracudaReferenceImpl.compute(747): Cannot concatenate 'X' and '.'
  error: 1 plat 25 at BarracudaReferenceImpl.compute(771): Cannot concatenate 'B' and '.'
  error: 1 plat 25 at BarracudaReferenceImpl.compute(771): Cannot concatenate 'O' and '.'
  error: 1 plat 25 at BarracudaReferenceImpl.compute(771): Cannot concatenate 'X' and '.'
  error: 1 plat 25 at BarracudaReferenceImpl.compute(792): Cannot concatenate 'B' and '.'
  error: 1 plat 25 at BarracudaReferenceImpl.compute(792): Cannot concatenate 'O' and '.'
  error: 1 plat 25 at BarracudaReferenceImpl.compute(792): Cannot concatenate 'X' and '.'
  error: 1 plat 25 at BarracudaReferenceImpl.compute(813): Cannot concatenate 'B' and '.'
  error: 1 plat 25 at BarracudaReferenceImpl.compute(813): Cannot concatenate 'O' and '.'
  error: 1 plat 25 at BarracudaReferenceImpl.compute(813): Cannot concatenate 'X' and '.'
  error: 1 plat 25 at BarracudaReferenceImpl.compute(831): Cannot concatenate 'B' and '.'
  error: 1 plat 25 at BarracudaReferenceImpl.compute(831): Cannot concatenate 'O' and '.'
  error: 1 plat 25 at BarracudaReferenceImpl.compute(831): Cannot concatenate 'X' and '.'
  error: 1 plat 25 at BarracudaReferenceImpl.compute(851): Cannot concatenate 'B' and '.'
  error: 1 plat 25 at BarracudaReferenceImpl.compute(851): Cannot concatenate 'O' and '.'
  error: 1 plat 25 at BarracudaReferenceImpl.compute(851): Cannot concatenate 'X' and '.'
  error: 1 plat 25 at BarracudaReferenceImpl.compute(870): Cannot concatenate 'O' and '.'
  error: 1 plat 25 at BarracudaReferenceImpl.compute(870): Cannot concatenate 'X' and '.'
  error: 1 plat 25 at BarracudaReferenceImpl.compute(886): Cannot concatenate 'O' and '.'
  error: 1 plat 25 at BarracudaReferenceImpl.compute(886): Cannot concatenate 'X' and '.'
  error: 1 plat 25 at BarracudaReferenceImpl.compute(906): Cannot concatenate 'B' and '.'
  error: 1 plat 25 at BarracudaReferenceImpl.compute(906): Cannot concatenate 'O' and '.'
  error: 1 plat 25 at BarracudaReferenceImpl.compute(906): Cannot concatenate 'W' and '.'
  error: 1 plat 25 at BarracudaReferenceImpl.compute(906): Cannot concatenate 'X' and '.'
  error: 1 plat 25 at BarracudaReferenceImpl.compute(931): Cannot concatenate 'O' and '.'
  error: 1 plat 25 at BarracudaReferenceImpl.compute(931): Cannot concatenate 'X' and '.'
  error: 1 plat 25 at BarracudaReferenceImpl.compute(964): Cannot concatenate 'O' and '.'
  error: 1 plat 25 at BarracudaReferenceImpl.compute(964): Cannot concatenate 'X' and '.'
  error: 1 plat 25 at BarracudaReferenceImpl.compute(999): Cannot concatenate 'O' and '.'
  error: 1 plat 25 at BarracudaReferenceImpl.compute(999): Cannot concatenate 'X' and '.'
  error: 1 plat 25 at BarracudaReferenceImpl.compute(1027): Cannot concatenate 'O' and '.'
  error: 1 plat 25 at BarracudaReferenceImpl.compute(1027): Cannot concatenate 'X' and '.'
  error: 1 plat 25 at BarracudaReferenceImpl.compute(1056): Cannot concatenate 'O' and '.'
  error: 1 plat 25 at BarracudaReferenceImpl.compute(1056): Cannot concatenate 'X' and '.'
  error: 1 plat 25 at BarracudaReferenceImpl.compute(1091): Cannot concatenate 'O' and '.'
  error: 1 plat 25 at BarracudaReferenceImpl.compute(1091): Cannot concatenate 'X' and '.'
  error: 1 plat 25 at BarracudaReferenceImpl.compute(1115): Cannot concatenate 'O' and '.'
  error: 1 plat 25 at BarracudaReferenceImpl.compute(1115): Cannot concatenate 'X' and '.'
  error: 1 plat 25 at BarracudaReferenceImpl.compute(1138): Cannot concatenate 'O' and '.'
  error: 1 plat 25 at BarracudaReferenceImpl.compute(1138): Cannot concatenate 'X' and '.'
  error: 1 plat 25 at BarracudaReferenceImpl.compute(1169): Cannot concatenate 'B' and '.'
  error: 1 plat 25 at BarracudaReferenceImpl.compute(1169): Cannot concatenate 'O' and '.'
  error: 1 plat 25 at BarracudaReferenceImpl.compute(1169): Cannot concatenate 'W' and '.'
  error: 1 plat 25 at BarracudaReferenceImpl.compute(1169): Cannot concatenate 'X' and '.'
  error: 1 plat 25 at BarracudaReferenceImpl.compute(1231): Cannot concatenate 'B' and '.'
  error: 1 plat 25 at BarracudaReferenceImpl.compute(1231): Cannot concatenate 'K' and '.'
  error: 1 plat 25 at BarracudaReferenceImpl.compute(1231): Cannot concatenate 'O' and '.'
  error: 1 plat 25 at BarracudaReferenceImpl.compute(1231): Cannot concatenate 'X' and '.'
  error: 1 plat 25 at BarracudaReferenceImpl.compute(1296): Cannot concatenate 'B' and '.'
  error: 1 plat 25 at BarracudaReferenceImpl.compute(1296): Cannot concatenate 'K' and '.'
  error: 1 plat 25 at BarracudaReferenceImpl.compute(1296): Cannot concatenate 'O' and '.'
  error: 1 plat 25 at BarracudaReferenceImpl.compute(1296): Cannot concatenate 'X' and '.'
  error: 1 plat 25 at BarracudaReferenceImpl.compute(1330): Cannot concatenate 'B' and '.'
  error: 1 plat 25 at BarracudaReferenceImpl.compute(1330): Cannot concatenate 'K' and '.'
  error: 1 plat 25 at BarracudaReferenceImpl.compute(1330): Cannot concatenate 'O' and '.'
  error: 1 plat 25 at BarracudaReferenceImpl.compute(1330): Cannot concatenate 'X' and '.'
  error: 1 plat 25 at BarracudaReferenceImpl.compute(1359): Cannot concatenate 'O' and '.'
  error: 1 plat 25 at BarracudaReferenceImpl.compute(1359): Cannot concatenate 'X' and '.'
  error: 1 plat 25 at BarracudaReferenceImpl.compute(1392): Cannot concatenate 'B' and '.'
  error: 1 plat 25 at BarracudaReferenceImpl.compute(1392): Cannot concatenate 'K' and '.'
  error: 1 plat 25 at BarracudaReferenceImpl.compute(1392): Cannot concatenate 'O' and '.'
  error: 1 plat 25 at BarracudaReferenceImpl.compute(1392): Cannot concatenate 'X' and '.'
  error: 1 plat 25 at BarracudaReferenceImpl.compute(1454): Cannot concatenate 'O' and '.'
  error: 1 plat 25 at BarracudaReferenceImpl.compute(1496): Cannot concatenate 'X' and '.'
  error: 1 plat 25 at BarracudaReferenceImpl.compute(1546): Cannot concatenate 'O' and '.'
  error: 1 plat 25 at BarracudaReferenceImpl.compute(1546): Cannot concatenate 'X' and '.'
  error: 1 plat 25 at BarracudaReferenceImpl.compute(1590): Cannot concatenate 'O' and '.'
  error: 1 plat 25 at BarracudaReferenceImpl.compute(1590): Cannot concatenate 'X' and '.'
  error: 1 plat 25 at BarracudaReferenceImpl.compute(1618): Cannot concatenate 'O' and '.'
  error: 1 plat 25 at BarracudaReferenceImpl.compute(1618): Cannot concatenate 'X' and '.'
  error: 1 plat 25 at BarracudaReferenceImpl.compute(1661): Cannot concatenate 'O' and '.'
  error: 1 plat 25 at BarracudaReferenceImpl.compute(1661): Cannot concatenate 'X' and '.'
  error: 1 plat 25 at BarracudaReferenceImpl.compute(1706): Cannot concatenate 'K' and '.'
  error: 1 plat 25 at BarracudaReferenceImpl.compute(1706): Cannot concatenate 'O' and '.'
  error: 1 plat 25 at BarracudaReferenceImpl.compute(1706): Cannot concatenate 'X' and '.'
 ok=1 outsize=2994

Cmd: compileComputeKernel
  insize=47541 path=G:/Unity3D_Project/Unity_Project/0_basic_2021/Library/PackageCache/com.unity.barracuda@0.5.0-preview/Barracuda/Core/Resources/BarracudaReferenceImpl.compute kernel=BroadcastLess cachingPP=1 ppOnly=0 stripLineD=0 buildPlatform=5 km=<UNITY_VERSION=202027> pKW=UNITY_ENABLE_REFLECTION_BUFFERS UNITY_USE_DITHER_MASK_FOR_ALPHABLENDED_SHADOWS UNITY_PBS_USE_BRDF1 UNITY_SPECCUBE_BOX_PROJECTION UNITY_SPECCUBE_BLENDING UNITY_ENABLE_DETAIL_NORMALMAP SHADER_API_DESKTOP UNITY_COLORSPACE_GAMMA UNITY_LIGHT_PROBE_PROXY_VOLUME UNITY_LIGHTMAP_FULL_HDR uKW=SHADER_STAGE_COMPUTE platform=d3d11 flags=0  error: 1 plat 25 at BarracudaReferenceImpl.compute(84): Cannot concatenate 'B' and '.'
  error: 1 plat 25 at BarracudaReferenceImpl.compute(84): Cannot concatenate 'O' and '.'
  error: 1 plat 25 at BarracudaReferenceImpl.compute(84): Cannot concatenate 'W' and '.'
  error: 1 plat 25 at BarracudaReferenceImpl.compute(84): Cannot concatenate 'X' and '.'
  error: 1 plat 25 at BarracudaReferenceImpl.compute(103): Cannot concatenate 'O' and '.'
  error: 1 plat 25 at BarracudaReferenceImpl.compute(103): Cannot concatenate 'X' and '.'
  error: 1 plat 25 at BarracudaReferenceImpl.compute(126): Cannot concatenate 'O' and '.'
  error: 1 plat 25 at BarracudaReferenceImpl.compute(126): Cannot concatenate 'W' and '.'
  error: 1 plat 25 at BarracudaReferenceImpl.compute(126): Cannot concatenate 'X' and '.'
  error: 1 plat 25 at BarracudaReferenceImpl.compute(150): Cannot concatenate 'O' and '.'
  error: 1 plat 25 at BarracudaReferenceImpl.compute(150): Cannot concatenate 'X' and '.'
  error: 1 plat 25 at BarracudaReferenceImpl.compute(173): Cannot concatenate 'O' and '.'
  error: 1 plat 25 at BarracudaReferenceImpl.compute(173): Cannot concatenate 'X' and '.'
  error: 1 plat 25 at BarracudaReferenceImpl.compute(195): Cannot concatenate 'O' and '.'
  error: 1 plat 25 at BarracudaReferenceImpl.compute(195): Cannot concatenate 'X' and '.'
  error: 1 plat 25 at BarracudaReferenceImpl.compute(217): Cannot concatenate 'O' and '.'
  error: 1 plat 25 at BarracudaReferenceImpl.compute(217): Cannot concatenate 'X' and '.'
  error: 1 plat 25 at BarracudaReferenceImpl.compute(239): Cannot concatenate 'O' and '.'
  error: 1 plat 25 at BarracudaReferenceImpl.compute(239): Cannot concatenate 'X' and '.'
  error: 1 plat 25 at BarracudaReferenceImpl.compute(257): Cannot concatenate 'O' and '.'
  error: 1 plat 25 at BarracudaReferenceImpl.compute(257): Cannot concatenate 'X' and '.'
  error: 1 plat 25 at BarracudaReferenceImpl.compute(274): Cannot concatenate 'O' and '.'
  error: 1 plat 25 at BarracudaReferenceImpl.compute(274): Cannot concatenate 'X' and '.'
  error: 1 plat 25 at BarracudaReferenceImpl.compute(291): Cannot concatenate 'O' and '.'
  error: 1 plat 25 at BarracudaReferenceImpl.compute(291): Cannot concatenate 'X' and '.'
  error: 1 plat 25 at BarracudaReferenceImpl.compute(309): Cannot concatenate 'O' and '.'
  error: 1 plat 25 at BarracudaReferenceImpl.compute(309): Cannot concatenate 'X' and '.'
  error: 1 plat 25 at BarracudaReferenceImpl.compute(326): Cannot concatenate 'O' and '.'
  error: 1 plat 25 at BarracudaReferenceImpl.compute(326): Cannot concatenate 'X' and '.'
  error: 1 plat 25 at BarracudaReferenceImpl.compute(343): Cannot concatenate 'O' and '.'
  error: 1 plat 25 at BarracudaReferenceImpl.compute(343): Cannot concatenate 'X' and '.'
  error: 1 plat 25 at BarracudaReferenceImpl.compute(360): Cannot concatenate 'O' and '.'
  error: 1 plat 25 at BarracudaReferenceImpl.compute(360): Cannot concatenate 'X' and '.'
  error: 1 plat 25 at BarracudaReferenceImpl.compute(387): Cannot concatenate 'O' and '.'
  error: 1 plat 25 at BarracudaReferenceImpl.compute(387): Cannot concatenate 'X' and '.'
  error: 1 plat 25 at BarracudaReferenceImpl.compute(404): Cannot concatenate 'O' and '.'
  error: 1 plat 25 at BarracudaReferenceImpl.compute(404): Cannot concatenate 'X' and '.'
  error: 1 plat 25 at BarracudaReferenceImpl.compute(421): Cannot concatenate 'B' and '.'
  error: 1 plat 25 at BarracudaReferenceImpl.compute(421): Cannot concatenate 'O' and '.'
  error: 1 plat 25 at BarracudaReferenceImpl.compute(421): Cannot concatenate 'X' and '.'
  error: 1 plat 25 at BarracudaReferenceImpl.compute(439): Cannot concatenate 'B' and '.'
  error: 1 plat 25 at BarracudaReferenceImpl.compute(439): Cannot concatenate 'O' and '.'
  error: 1 plat 25 at BarracudaReferenceImpl.compute(439): Cannot concatenate 'X' and '.'
  error: 1 plat 25 at BarracudaReferenceImpl.compute(457): Cannot concatenate 'B' and '.'
  error: 1 plat 25 at BarracudaReferenceImpl.compute(457): Cannot concatenate 'O' and '.'
  error: 1 plat 25 at BarracudaReferenceImpl.compute(457): Cannot concatenate 'X' and '.'
  error: 1 plat 25 at BarracudaReferenceImpl.compute(475): Cannot concatenate 'B' and '.'
  error: 1 plat 25 at BarracudaReferenceImpl.compute(475): Cannot concatenate 'O' and '.'
  error: 1 plat 25 at BarracudaReferenceImpl.compute(475): Cannot concatenate 'X' and '.'
  error: 1 plat 25 at BarracudaReferenceImpl.compute(493): Cannot concatenate 'B' and '.'
  error: 1 plat 25 at BarracudaReferenceImpl.compute(493): Cannot concatenate 'O' and '.'
  error: 1 plat 25 at BarracudaReferenceImpl.compute(493): Cannot concatenate 'X' and '.'
  error: 1 plat 25 at BarracudaReferenceImpl.compute(511): Cannot concatenate 'B' and '.'
  error: 1 plat 25 at BarracudaReferenceImpl.compute(511): Cannot concatenate 'O' and '.'
  error: 1 plat 25 at BarracudaReferenceImpl.compute(511): Cannot concatenate 'X' and '.'
  error: 1 plat 25 at BarracudaReferenceImpl.compute(529): Cannot concatenate 'B' and '.'
  error: 1 plat 25 at BarracudaReferenceImpl.compute(529): Cannot concatenate 'O' and '.'
  error: 1 plat 25 at BarracudaReferenceImpl.compute(529): Cannot concatenate 'X' and '.'
  error: 1 plat 25 at BarracudaReferenceImpl.compute(547): Cannot concatenate 'B' and '.'
  error: 1 plat 25 at BarracudaReferenceImpl.compute(547): Cannot concatenate 'O' and '.'
  error: 1 plat 25 at BarracudaReferenceImpl.compute(547): Cannot concatenate 'X' and '.'
  error: 1 plat 25 at BarracudaReferenceImpl.compute(572): Cannot concatenate 'B' and '.'
  error: 1 plat 25 at BarracudaReferenceImpl.compute(572): Cannot concatenate 'O' and '.'
  error: 1 plat 25 at BarracudaReferenceImpl.compute(572): Cannot concatenate 'X' and '.'
  error: 1 plat 25 at BarracudaReferenceImpl.compute(597): Cannot concatenate 'B' and '.'
  error: 1 plat 25 at BarracudaReferenceImpl.compute(597): Cannot concatenate 'O' and '.'
  error: 1 plat 25 at BarracudaReferenceImpl.compute(597): Cannot concatenate 'X' and '.'
  error: 1 plat 25 at BarracudaReferenceImpl.compute(622): Cannot concatenate 'B' and '.'
  error: 1 plat 25 at BarracudaReferenceImpl.compute(622): Cannot concatenate 'O' and '.'
  error: 1 plat 25 at BarracudaReferenceImpl.compute(622): Cannot concatenate 'X' and '.'
  error: 1 plat 25 at BarracudaReferenceImpl.compute(647): Cannot concatenate 'B' and '.'
  error: 1 plat 25 at BarracudaReferenceImpl.compute(647): Cannot concatenate 'O' and '.'
  error: 1 plat 25 at BarracudaReferenceImpl.compute(647): Cannot concatenate 'X' and '.'
  error: 1 plat 25 at BarracudaReferenceImpl.compute(672): Cannot concatenate 'B' and '.'
  error: 1 plat 25 at BarracudaReferenceImpl.compute(672): Cannot concatenate 'O' and '.'
  error: 1 plat 25 at BarracudaReferenceImpl.compute(672): Cannot concatenate 'X' and '.'
  error: 1 plat 25 at BarracudaReferenceImpl.compute(697): Cannot concatenate 'B' and '.'
  error: 1 plat 25 at BarracudaReferenceImpl.compute(697): Cannot concatenate 'O' and '.'
  error: 1 plat 25 at BarracudaReferenceImpl.compute(697): Cannot concatenate 'X' and '.'
  error: 1 plat 25 at BarracudaReferenceImpl.compute(722): Cannot concatenate 'B' and '.'
  error: 1 plat 25 at BarracudaReferenceImpl.compute(722): Cannot concatenate 'O' and '.'
  error: 1 plat 25 at BarracudaReferenceImpl.compute(722): Cannot concatenate 'X' and '.'
  error: 1 plat 25 at BarracudaReferenceImpl.compute(747): Cannot concatenate 'O' and '.'
  error: 1 plat 25 at BarracudaReferenceImpl.compute(747): Cannot concatenate 'X' and '.'
  error: 1 plat 25 at BarracudaReferenceImpl.compute(771): Cannot concatenate 'B' and '.'
  error: 1 plat 25 at BarracudaReferenceImpl.compute(771): Cannot concatenate 'O' and '.'
  error: 1 plat 25 at BarracudaReferenceImpl.compute(771): Cannot concatenate 'X' and '.'
  error: 1 plat 25 at BarracudaReferenceImpl.compute(792): Cannot concatenate 'B' and '.'
  error: 1 plat 25 at BarracudaReferenceImpl.compute(792): Cannot concatenate 'O' and '.'
  error: 1 plat 25 at BarracudaReferenceImpl.compute(792): Cannot concatenate 'X' and '.'
  error: 1 plat 25 at BarracudaReferenceImpl.compute(813): Cannot concatenate 'B' and '.'
  error: 1 plat 25 at BarracudaReferenceImpl.compute(813): Cannot concatenate 'O' and '.'
  error: 1 plat 25 at BarracudaReferenceImpl.compute(813): Cannot concatenate 'X' and '.'
  error: 1 plat 25 at BarracudaReferenceImpl.compute(831): Cannot concatenate 'B' and '.'
  error: 1 plat 25 at BarracudaReferenceImpl.compute(831): Cannot concatenate 'O' and '.'
  error: 1 plat 25 at BarracudaReferenceImpl.compute(831): Cannot concatenate 'X' and '.'
  error: 1 plat 25 at BarracudaReferenceImpl.compute(851): Cannot concatenate 'B' and '.'
  error: 1 plat 25 at BarracudaReferenceImpl.compute(851): Cannot concatenate 'O' and '.'
  error: 1 plat 25 at BarracudaReferenceImpl.compute(851): Cannot concatenate 'X' and '.'
  error: 1 plat 25 at BarracudaReferenceImpl.compute(870): Cannot concatenate 'O' and '.'
  error: 1 plat 25 at BarracudaReferenceImpl.compute(870): Cannot concatenate 'X' and '.'
  error: 1 plat 25 at BarracudaReferenceImpl.compute(886): Cannot concatenate 'O' and '.'
  error: 1 plat 25 at BarracudaReferenceImpl.compute(886): Cannot concatenate 'X' and '.'
  error: 1 plat 25 at BarracudaReferenceImpl.compute(906): Cannot concatenate 'B' and '.'
  error: 1 plat 25 at BarracudaReferenceImpl.compute(906): Cannot concatenate 'O' and '.'
  error: 1 plat 25 at BarracudaReferenceImpl.compute(906): Cannot concatenate 'W' and '.'
  error: 1 plat 25 at BarracudaReferenceImpl.compute(906): Cannot concatenate 'X' and '.'
  error: 1 plat 25 at BarracudaReferenceImpl.compute(931): Cannot concatenate 'O' and '.'
  error: 1 plat 25 at BarracudaReferenceImpl.compute(931): Cannot concatenate 'X' and '.'
  error: 1 plat 25 at BarracudaReferenceImpl.compute(964): Cannot concatenate 'O' and '.'
  error: 1 plat 25 at BarracudaReferenceImpl.compute(964): Cannot concatenate 'X' and '.'
  error: 1 plat 25 at BarracudaReferenceImpl.compute(999): Cannot concatenate 'O' and '.'
  error: 1 plat 25 at BarracudaReferenceImpl.compute(999): Cannot concatenate 'X' and '.'
  error: 1 plat 25 at BarracudaReferenceImpl.compute(1027): Cannot concatenate 'O' and '.'
  error: 1 plat 25 at BarracudaReferenceImpl.compute(1027): Cannot concatenate 'X' and '.'
  error: 1 plat 25 at BarracudaReferenceImpl.compute(1056): Cannot concatenate 'O' and '.'
  error: 1 plat 25 at BarracudaReferenceImpl.compute(1056): Cannot concatenate 'X' and '.'
  error: 1 plat 25 at BarracudaReferenceImpl.compute(1091): Cannot concatenate 'O' and '.'
  error: 1 plat 25 at BarracudaReferenceImpl.compute(1091): Cannot concatenate 'X' and '.'
  error: 1 plat 25 at BarracudaReferenceImpl.compute(1115): Cannot concatenate 'O' and '.'
  error: 1 plat 25 at BarracudaReferenceImpl.compute(1115): Cannot concatenate 'X' and '.'
  error: 1 plat 25 at BarracudaReferenceImpl.compute(1138): Cannot concatenate 'O' and '.'
  error: 1 plat 25 at BarracudaReferenceImpl.compute(1138): Cannot concatenate 'X' and '.'
  error: 1 plat 25 at BarracudaReferenceImpl.compute(1169): Cannot concatenate 'B' and '.'
  error: 1 plat 25 at BarracudaReferenceImpl.compute(1169): Cannot concatenate 'O' and '.'
  error: 1 plat 25 at BarracudaReferenceImpl.compute(1169): Cannot concatenate 'W' and '.'
  error: 1 plat 25 at BarracudaReferenceImpl.compute(1169): Cannot concatenate 'X' and '.'
  error: 1 plat 25 at BarracudaReferenceImpl.compute(1231): Cannot concatenate 'B' and '.'
  error: 1 plat 25 at BarracudaReferenceImpl.compute(1231): Cannot concatenate 'K' and '.'
  error: 1 plat 25 at BarracudaReferenceImpl.compute(1231): Cannot concatenate 'O' and '.'
  error: 1 plat 25 at BarracudaReferenceImpl.compute(1231): Cannot concatenate 'X' and '.'
  error: 1 plat 25 at BarracudaReferenceImpl.compute(1296): Cannot concatenate 'B' and '.'
  error: 1 plat 25 at BarracudaReferenceImpl.compute(1296): Cannot concatenate 'K' and '.'
  error: 1 plat 25 at BarracudaReferenceImpl.compute(1296): Cannot concatenate 'O' and '.'
  error: 1 plat 25 at BarracudaReferenceImpl.compute(1296): Cannot concatenate 'X' and '.'
  error: 1 plat 25 at BarracudaReferenceImpl.compute(1330): Cannot concatenate 'B' and '.'
  error: 1 plat 25 at BarracudaReferenceImpl.compute(1330): Cannot concatenate 'K' and '.'
  error: 1 plat 25 at BarracudaReferenceImpl.compute(1330): Cannot concatenate 'O' and '.'
  error: 1 plat 25 at BarracudaReferenceImpl.compute(1330): Cannot concatenate 'X' and '.'
  error: 1 plat 25 at BarracudaReferenceImpl.compute(1359): Cannot concatenate 'O' and '.'
  error: 1 plat 25 at BarracudaReferenceImpl.compute(1359): Cannot concatenate 'X' and '.'
  error: 1 plat 25 at BarracudaReferenceImpl.compute(1392): Cannot concatenate 'B' and '.'
  error: 1 plat 25 at BarracudaReferenceImpl.compute(1392): Cannot concatenate 'K' and '.'
  error: 1 plat 25 at BarracudaReferenceImpl.compute(1392): Cannot concatenate 'O' and '.'
  error: 1 plat 25 at BarracudaReferenceImpl.compute(1392): Cannot concatenate 'X' and '.'
  error: 1 plat 25 at BarracudaReferenceImpl.compute(1454): Cannot concatenate 'O' and '.'
  error: 1 plat 25 at BarracudaReferenceImpl.compute(1496): Cannot concatenate 'X' and '.'
  error: 1 plat 25 at BarracudaReferenceImpl.compute(1546): Cannot concatenate 'O' and '.'
  error: 1 plat 25 at BarracudaReferenceImpl.compute(1546): Cannot concatenate 'X' and '.'
  error: 1 plat 25 at BarracudaReferenceImpl.compute(1590): Cannot concatenate 'O' and '.'
  error: 1 plat 25 at BarracudaReferenceImpl.compute(1590): Cannot concatenate 'X' and '.'
  error: 1 plat 25 at BarracudaReferenceImpl.compute(1618): Cannot concatenate 'O' and '.'
  error: 1 plat 25 at BarracudaReferenceImpl.compute(1618): Cannot concatenate 'X' and '.'
  error: 1 plat 25 at BarracudaReferenceImpl.compute(1661): Cannot concatenate 'O' and '.'
  error: 1 plat 25 at BarracudaReferenceImpl.compute(1661): Cannot concatenate 'X' and '.'
  error: 1 plat 25 at BarracudaReferenceImpl.compute(1706): Cannot concatenate 'K' and '.'
  error: 1 plat 25 at BarracudaReferenceImpl.compute(1706): Cannot concatenate 'O' and '.'
  error: 1 plat 25 at BarracudaReferenceImpl.compute(1706): Cannot concatenate 'X' and '.'
 ok=1 outsize=1908

Cmd: compileComputeKernel
  insize=47541 path=G:/Unity3D_Project/Unity_Project/0_basic_2021/Library/PackageCache/com.unity.barracuda@0.5.0-preview/Barracuda/Core/Resources/BarracudaReferenceImpl.compute kernel=Clip cachingPP=1 ppOnly=0 stripLineD=0 buildPlatform=5 km=<UNITY_VERSION=202027> pKW=UNITY_ENABLE_REFLECTION_BUFFERS UNITY_USE_DITHER_MASK_FOR_ALPHABLENDED_SHADOWS UNITY_PBS_USE_BRDF1 UNITY_SPECCUBE_BOX_PROJECTION UNITY_SPECCUBE_BLENDING UNITY_ENABLE_DETAIL_NORMALMAP SHADER_API_DESKTOP UNITY_COLORSPACE_GAMMA UNITY_LIGHT_PROBE_PROXY_VOLUME UNITY_LIGHTMAP_FULL_HDR uKW=SHADER_STAGE_COMPUTE platform=d3d11 flags=0  error: 1 plat 25 at BarracudaReferenceImpl.compute(84): Cannot concatenate 'B' and '.'
  error: 1 plat 25 at BarracudaReferenceImpl.compute(84): Cannot concatenate 'O' and '.'
  error: 1 plat 25 at BarracudaReferenceImpl.compute(84): Cannot concatenate 'W' and '.'
  error: 1 plat 25 at BarracudaReferenceImpl.compute(84): Cannot concatenate 'X' and '.'
  error: 1 plat 25 at BarracudaReferenceImpl.compute(103): Cannot concatenate 'O' and '.'
  error: 1 plat 25 at BarracudaReferenceImpl.compute(103): Cannot concatenate 'X' and '.'
  error: 1 plat 25 at BarracudaReferenceImpl.compute(126): Cannot concatenate 'O' and '.'
  error: 1 plat 25 at BarracudaReferenceImpl.compute(126): Cannot concatenate 'W' and '.'
  error: 1 plat 25 at BarracudaReferenceImpl.compute(126): Cannot concatenate 'X' and '.'
  error: 1 plat 25 at BarracudaReferenceImpl.compute(150): Cannot concatenate 'O' and '.'
  error: 1 plat 25 at BarracudaReferenceImpl.compute(150): Cannot concatenate 'X' and '.'
  error: 1 plat 25 at BarracudaReferenceImpl.compute(173): Cannot concatenate 'O' and '.'
  error: 1 plat 25 at BarracudaReferenceImpl.compute(173): Cannot concatenate 'X' and '.'
  error: 1 plat 25 at BarracudaReferenceImpl.compute(195): Cannot concatenate 'O' and '.'
  error: 1 plat 25 at BarracudaReferenceImpl.compute(195): Cannot concatenate 'X' and '.'
  error: 1 plat 25 at BarracudaReferenceImpl.compute(217): Cannot concatenate 'O' and '.'
  error: 1 plat 25 at BarracudaReferenceImpl.compute(217): Cannot concatenate 'X' and '.'
  error: 1 plat 25 at BarracudaReferenceImpl.compute(239): Cannot concatenate 'O' and '.'
  error: 1 plat 25 at BarracudaReferenceImpl.compute(239): Cannot concatenate 'X' and '.'
  error: 1 plat 25 at BarracudaReferenceImpl.compute(257): Cannot concatenate 'O' and '.'
  error: 1 plat 25 at BarracudaReferenceImpl.compute(257): Cannot concatenate 'X' and '.'
  error: 1 plat 25 at BarracudaReferenceImpl.compute(274): Cannot concatenate 'O' and '.'
  error: 1 plat 25 at BarracudaReferenceImpl.compute(274): Cannot concatenate 'X' and '.'
  error: 1 plat 25 at BarracudaReferenceImpl.compute(291): Cannot concatenate 'O' and '.'
  error: 1 plat 25 at BarracudaReferenceImpl.compute(291): Cannot concatenate 'X' and '.'
  error: 1 plat 25 at BarracudaReferenceImpl.compute(309): Cannot concatenate 'O' and '.'
  error: 1 plat 25 at BarracudaReferenceImpl.compute(309): Cannot concatenate 'X' and '.'
  error: 1 plat 25 at BarracudaReferenceImpl.compute(326): Cannot concatenate 'O' and '.'
  error: 1 plat 25 at BarracudaReferenceImpl.compute(326): Cannot concatenate 'X' and '.'
  error: 1 plat 25 at BarracudaReferenceImpl.compute(343): Cannot concatenate 'O' and '.'
  error: 1 plat 25 at BarracudaReferenceImpl.compute(343): Cannot concatenate 'X' and '.'
  error: 1 plat 25 at BarracudaReferenceImpl.compute(360): Cannot concatenate 'O' and '.'
  error: 1 plat 25 at BarracudaReferenceImpl.compute(360): Cannot concatenate 'X' and '.'
  error: 1 plat 25 at BarracudaReferenceImpl.compute(387): Cannot concatenate 'O' and '.'
  error: 1 plat 25 at BarracudaReferenceImpl.compute(387): Cannot concatenate 'X' and '.'
  error: 1 plat 25 at BarracudaReferenceImpl.compute(404): Cannot concatenate 'O' and '.'
  error: 1 plat 25 at BarracudaReferenceImpl.compute(404): Cannot concatenate 'X' and '.'
  error: 1 plat 25 at BarracudaReferenceImpl.compute(421): Cannot concatenate 'B' and '.'
  error: 1 plat 25 at BarracudaReferenceImpl.compute(421): Cannot concatenate 'O' and '.'
  error: 1 plat 25 at BarracudaReferenceImpl.compute(421): Cannot concatenate 'X' and '.'
  error: 1 plat 25 at BarracudaReferenceImpl.compute(439): Cannot concatenate 'B' and '.'
  error: 1 plat 25 at BarracudaReferenceImpl.compute(439): Cannot concatenate 'O' and '.'
  error: 1 plat 25 at BarracudaReferenceImpl.compute(439): Cannot concatenate 'X' and '.'
  error: 1 plat 25 at BarracudaReferenceImpl.compute(457): Cannot concatenate 'B' and '.'
  error: 1 plat 25 at BarracudaReferenceImpl.compute(457): Cannot concatenate 'O' and '.'
  error: 1 plat 25 at BarracudaReferenceImpl.compute(457): Cannot concatenate 'X' and '.'
  error: 1 plat 25 at BarracudaReferenceImpl.compute(475): Cannot concatenate 'B' and '.'
  error: 1 plat 25 at BarracudaReferenceImpl.compute(475): Cannot concatenate 'O' and '.'
  error: 1 plat 25 at BarracudaReferenceImpl.compute(475): Cannot concatenate 'X' and '.'
  error: 1 plat 25 at BarracudaReferenceImpl.compute(493): Cannot concatenate 'B' and '.'
  error: 1 plat 25 at BarracudaReferenceImpl.compute(493): Cannot concatenate 'O' and '.'
  error: 1 plat 25 at BarracudaReferenceImpl.compute(493): Cannot concatenate 'X' and '.'
  error: 1 plat 25 at BarracudaReferenceImpl.compute(511): Cannot concatenate 'B' and '.'
  error: 1 plat 25 at BarracudaReferenceImpl.compute(511): Cannot concatenate 'O' and '.'
  error: 1 plat 25 at BarracudaReferenceImpl.compute(511): Cannot concatenate 'X' and '.'
  error: 1 plat 25 at BarracudaReferenceImpl.compute(529): Cannot concatenate 'B' and '.'
  error: 1 plat 25 at BarracudaReferenceImpl.compute(529): Cannot concatenate 'O' and '.'
  error: 1 plat 25 at BarracudaReferenceImpl.compute(529): Cannot concatenate 'X' and '.'
  error: 1 plat 25 at BarracudaReferenceImpl.compute(547): Cannot concatenate 'B' and '.'
  error: 1 plat 25 at BarracudaReferenceImpl.compute(547): Cannot concatenate 'O' and '.'
  error: 1 plat 25 at BarracudaReferenceImpl.compute(547): Cannot concatenate 'X' and '.'
  error: 1 plat 25 at BarracudaReferenceImpl.compute(572): Cannot concatenate 'B' and '.'
  error: 1 plat 25 at BarracudaReferenceImpl.compute(572): Cannot concatenate 'O' and '.'
  error: 1 plat 25 at BarracudaReferenceImpl.compute(572): Cannot concatenate 'X' and '.'
  error: 1 plat 25 at BarracudaReferenceImpl.compute(597): Cannot concatenate 'B' and '.'
  error: 1 plat 25 at BarracudaReferenceImpl.compute(597): Cannot concatenate 'O' and '.'
  error: 1 plat 25 at BarracudaReferenceImpl.compute(597): Cannot concatenate 'X' and '.'
  error: 1 plat 25 at BarracudaReferenceImpl.compute(622): Cannot concatenate 'B' and '.'
  error: 1 plat 25 at BarracudaReferenceImpl.compute(622): Cannot concatenate 'O' and '.'
  error: 1 plat 25 at BarracudaReferenceImpl.compute(622): Cannot concatenate 'X' and '.'
  error: 1 plat 25 at BarracudaReferenceImpl.compute(647): Cannot concatenate 'B' and '.'
  error: 1 plat 25 at BarracudaReferenceImpl.compute(647): Cannot concatenate 'O' and '.'
  error: 1 plat 25 at BarracudaReferenceImpl.compute(647): Cannot concatenate 'X' and '.'
  error: 1 plat 25 at BarracudaReferenceImpl.compute(672): Cannot concatenate 'B' and '.'
  error: 1 plat 25 at BarracudaReferenceImpl.compute(672): Cannot concatenate 'O' and '.'
  error: 1 plat 25 at BarracudaReferenceImpl.compute(672): Cannot concatenate 'X' and '.'
  error: 1 plat 25 at BarracudaReferenceImpl.compute(697): Cannot concatenate 'B' and '.'
  error: 1 plat 25 at BarracudaReferenceImpl.compute(697): Cannot concatenate 'O' and '.'
  error: 1 plat 25 at BarracudaReferenceImpl.compute(697): Cannot concatenate 'X' and '.'
  error: 1 plat 25 at BarracudaReferenceImpl.compute(722): Cannot concatenate 'B' and '.'
  error: 1 plat 25 at BarracudaReferenceImpl.compute(722): Cannot concatenate 'O' and '.'
  error: 1 plat 25 at BarracudaReferenceImpl.compute(722): Cannot concatenate 'X' and '.'
  error: 1 plat 25 at BarracudaReferenceImpl.compute(747): Cannot concatenate 'O' and '.'
  error: 1 plat 25 at BarracudaReferenceImpl.compute(747): Cannot concatenate 'X' and '.'
  error: 1 plat 25 at BarracudaReferenceImpl.compute(771): Cannot concatenate 'B' and '.'
  error: 1 plat 25 at BarracudaReferenceImpl.compute(771): Cannot concatenate 'O' and '.'
  error: 1 plat 25 at BarracudaReferenceImpl.compute(771): Cannot concatenate 'X' and '.'
  error: 1 plat 25 at BarracudaReferenceImpl.compute(792): Cannot concatenate 'B' and '.'
  error: 1 plat 25 at BarracudaReferenceImpl.compute(792): Cannot concatenate 'O' and '.'
  error: 1 plat 25 at BarracudaReferenceImpl.compute(792): Cannot concatenate 'X' and '.'
  error: 1 plat 25 at BarracudaReferenceImpl.compute(813): Cannot concatenate 'B' and '.'
  error: 1 plat 25 at BarracudaReferenceImpl.compute(813): Cannot concatenate 'O' and '.'
  error: 1 plat 25 at BarracudaReferenceImpl.compute(813): Cannot concatenate 'X' and '.'
  error: 1 plat 25 at BarracudaReferenceImpl.compute(831): Cannot concatenate 'B' and '.'
  error: 1 plat 25 at BarracudaReferenceImpl.compute(831): Cannot concatenate 'O' and '.'
  error: 1 plat 25 at BarracudaReferenceImpl.compute(831): Cannot concatenate 'X' and '.'
  error: 1 plat 25 at BarracudaReferenceImpl.compute(851): Cannot concatenate 'B' and '.'
  error: 1 plat 25 at BarracudaReferenceImpl.compute(851): Cannot concatenate 'O' and '.'
  error: 1 plat 25 at BarracudaReferenceImpl.compute(851): Cannot concatenate 'X' and '.'
  error: 1 plat 25 at BarracudaReferenceImpl.compute(870): Cannot concatenate 'O' and '.'
  error: 1 plat 25 at BarracudaReferenceImpl.compute(870): Cannot concatenate 'X' and '.'
  error: 1 plat 25 at BarracudaReferenceImpl.compute(886): Cannot concatenate 'O' and '.'
  error: 1 plat 25 at BarracudaReferenceImpl.compute(886): Cannot concatenate 'X' and '.'
  error: 1 plat 25 at BarracudaReferenceImpl.compute(906): Cannot concatenate 'B' and '.'
  error: 1 plat 25 at BarracudaReferenceImpl.compute(906): Cannot concatenate 'O' and '.'
  error: 1 plat 25 at BarracudaReferenceImpl.compute(906): Cannot concatenate 'W' and '.'
  error: 1 plat 25 at BarracudaReferenceImpl.compute(906): Cannot concatenate 'X' and '.'
  error: 1 plat 25 at BarracudaReferenceImpl.compute(931): Cannot concatenate 'O' and '.'
  error: 1 plat 25 at BarracudaReferenceImpl.compute(931): Cannot concatenate 'X' and '.'
  error: 1 plat 25 at BarracudaReferenceImpl.compute(964): Cannot concatenate 'O' and '.'
  error: 1 plat 25 at BarracudaReferenceImpl.compute(964): Cannot concatenate 'X' and '.'
  error: 1 plat 25 at BarracudaReferenceImpl.compute(999): Cannot concatenate 'O' and '.'
  error: 1 plat 25 at BarracudaReferenceImpl.compute(999): Cannot concatenate 'X' and '.'
  error: 1 plat 25 at BarracudaReferenceImpl.compute(1027): Cannot concatenate 'O' and '.'
  error: 1 plat 25 at BarracudaReferenceImpl.compute(1027): Cannot concatenate 'X' and '.'
  error: 1 plat 25 at BarracudaReferenceImpl.compute(1056): Cannot concatenate 'O' and '.'
  error: 1 plat 25 at BarracudaReferenceImpl.compute(1056): Cannot concatenate 'X' and '.'
  error: 1 plat 25 at BarracudaReferenceImpl.compute(1091): Cannot concatenate 'O' and '.'
  error: 1 plat 25 at BarracudaReferenceImpl.compute(1091): Cannot concatenate 'X' and '.'
  error: 1 plat 25 at BarracudaReferenceImpl.compute(1115): Cannot concatenate 'O' and '.'
  error: 1 plat 25 at BarracudaReferenceImpl.compute(1115): Cannot concatenate 'X' and '.'
  error: 1 plat 25 at BarracudaReferenceImpl.compute(1138): Cannot concatenate 'O' and '.'
  error: 1 plat 25 at BarracudaReferenceImpl.compute(1138): Cannot concatenate 'X' and '.'
  error: 1 plat 25 at BarracudaReferenceImpl.compute(1169): Cannot concatenate 'B' and '.'
  error: 1 plat 25 at BarracudaReferenceImpl.compute(1169): Cannot concatenate 'O' and '.'
  error: 1 plat 25 at BarracudaReferenceImpl.compute(1169): Cannot concatenate 'W' and '.'
  error: 1 plat 25 at BarracudaReferenceImpl.compute(1169): Cannot concatenate 'X' and '.'
  error: 1 plat 25 at BarracudaReferenceImpl.compute(1231): Cannot concatenate 'B' and '.'
  error: 1 plat 25 at BarracudaReferenceImpl.compute(1231): Cannot concatenate 'K' and '.'
  error: 1 plat 25 at BarracudaReferenceImpl.compute(1231): Cannot concatenate 'O' and '.'
  error: 1 plat 25 at BarracudaReferenceImpl.compute(1231): Cannot concatenate 'X' and '.'
  error: 1 plat 25 at BarracudaReferenceImpl.compute(1296): Cannot concatenate 'B' and '.'
  error: 1 plat 25 at BarracudaReferenceImpl.compute(1296): Cannot concatenate 'K' and '.'
  error: 1 plat 25 at BarracudaReferenceImpl.compute(1296): Cannot concatenate 'O' and '.'
  error: 1 plat 25 at BarracudaReferenceImpl.compute(1296): Cannot concatenate 'X' and '.'
  error: 1 plat 25 at BarracudaReferenceImpl.compute(1330): Cannot concatenate 'B' and '.'
  error: 1 plat 25 at BarracudaReferenceImpl.compute(1330): Cannot concatenate 'K' and '.'
  error: 1 plat 25 at BarracudaReferenceImpl.compute(1330): Cannot concatenate 'O' and '.'
  error: 1 plat 25 at BarracudaReferenceImpl.compute(1330): Cannot concatenate 'X' and '.'
  error: 1 plat 25 at BarracudaReferenceImpl.compute(1359): Cannot concatenate 'O' and '.'
  error: 1 plat 25 at BarracudaReferenceImpl.compute(1359): Cannot concatenate 'X' and '.'
  error: 1 plat 25 at BarracudaReferenceImpl.compute(1392): Cannot concatenate 'B' and '.'
  error: 1 plat 25 at BarracudaReferenceImpl.compute(1392): Cannot concatenate 'K' and '.'
  error: 1 plat 25 at BarracudaReferenceImpl.compute(1392): Cannot concatenate 'O' and '.'
  error: 1 plat 25 at BarracudaReferenceImpl.compute(1392): Cannot concatenate 'X' and '.'
  error: 1 plat 25 at BarracudaReferenceImpl.compute(1454): Cannot concatenate 'O' and '.'
  error: 1 plat 25 at BarracudaReferenceImpl.compute(1496): Cannot concatenate 'X' and '.'
  error: 1 plat 25 at BarracudaReferenceImpl.compute(1546): Cannot concatenate 'O' and '.'
  error: 1 plat 25 at BarracudaReferenceImpl.compute(1546): Cannot concatenate 'X' and '.'
  error: 1 plat 25 at BarracudaReferenceImpl.compute(1590): Cannot concatenate 'O' and '.'
  error: 1 plat 25 at BarracudaReferenceImpl.compute(1590): Cannot concatenate 'X' and '.'
  error: 1 plat 25 at BarracudaReferenceImpl.compute(1618): Cannot concatenate 'O' and '.'
  error: 1 plat 25 at BarracudaReferenceImpl.compute(1618): Cannot concatenate 'X' and '.'
  error: 1 plat 25 at BarracudaReferenceImpl.compute(1661): Cannot concatenate 'O' and '.'
  error: 1 plat 25 at BarracudaReferenceImpl.compute(1661): Cannot concatenate 'X' and '.'
  error: 1 plat 25 at BarracudaReferenceImpl.compute(1706): Cannot concatenate 'K' and '.'
  error: 1 plat 25 at BarracudaReferenceImpl.compute(1706): Cannot concatenate 'O' and '.'
  error: 1 plat 25 at BarracudaReferenceImpl.compute(1706): Cannot concatenate 'X' and '.'
 ok=1 outsize=1382

Cmd: compileComputeKernel
  insize=47541 path=G:/Unity3D_Project/Unity_Project/0_basic_2021/Library/PackageCache/com.unity.barracuda@0.5.0-preview/Barracuda/Core/Resources/BarracudaReferenceImpl.compute kernel=PRelu cachingPP=1 ppOnly=0 stripLineD=0 buildPlatform=5 km=<UNITY_VERSION=202027> pKW=UNITY_ENABLE_REFLECTION_BUFFERS UNITY_USE_DITHER_MASK_FOR_ALPHABLENDED_SHADOWS UNITY_PBS_USE_BRDF1 UNITY_SPECCUBE_BOX_PROJECTION UNITY_SPECCUBE_BLENDING UNITY_ENABLE_DETAIL_NORMALMAP SHADER_API_DESKTOP UNITY_COLORSPACE_GAMMA UNITY_LIGHT_PROBE_PROXY_VOLUME UNITY_LIGHTMAP_FULL_HDR uKW=SHADER_STAGE_COMPUTE platform=d3d11 flags=0  error: 1 plat 25 at BarracudaReferenceImpl.compute(84): Cannot concatenate 'B' and '.'
  error: 1 plat 25 at BarracudaReferenceImpl.compute(84): Cannot concatenate 'O' and '.'
  error: 1 plat 25 at BarracudaReferenceImpl.compute(84): Cannot concatenate 'W' and '.'
  error: 1 plat 25 at BarracudaReferenceImpl.compute(84): Cannot concatenate 'X' and '.'
  error: 1 plat 25 at BarracudaReferenceImpl.compute(103): Cannot concatenate 'O' and '.'
  error: 1 plat 25 at BarracudaReferenceImpl.compute(103): Cannot concatenate 'X' and '.'
  error: 1 plat 25 at BarracudaReferenceImpl.compute(126): Cannot concatenate 'O' and '.'
  error: 1 plat 25 at BarracudaReferenceImpl.compute(126): Cannot concatenate 'W' and '.'
  error: 1 plat 25 at BarracudaReferenceImpl.compute(126): Cannot concatenate 'X' and '.'
  error: 1 plat 25 at BarracudaReferenceImpl.compute(150): Cannot concatenate 'O' and '.'
  error: 1 plat 25 at BarracudaReferenceImpl.compute(150): Cannot concatenate 'X' and '.'
  error: 1 plat 25 at BarracudaReferenceImpl.compute(173): Cannot concatenate 'O' and '.'
  error: 1 plat 25 at BarracudaReferenceImpl.compute(173): Cannot concatenate 'X' and '.'
  error: 1 plat 25 at BarracudaReferenceImpl.compute(195): Cannot concatenate 'O' and '.'
  error: 1 plat 25 at BarracudaReferenceImpl.compute(195): Cannot concatenate 'X' and '.'
  error: 1 plat 25 at BarracudaReferenceImpl.compute(217): Cannot concatenate 'O' and '.'
  error: 1 plat 25 at BarracudaReferenceImpl.compute(217): Cannot concatenate 'X' and '.'
  error: 1 plat 25 at BarracudaReferenceImpl.compute(239): Cannot concatenate 'O' and '.'
  error: 1 plat 25 at BarracudaReferenceImpl.compute(239): Cannot concatenate 'X' and '.'
  error: 1 plat 25 at BarracudaReferenceImpl.compute(257): Cannot concatenate 'O' and '.'
  error: 1 plat 25 at BarracudaReferenceImpl.compute(257): Cannot concatenate 'X' and '.'
  error: 1 plat 25 at BarracudaReferenceImpl.compute(274): Cannot concatenate 'O' and '.'
  error: 1 plat 25 at BarracudaReferenceImpl.compute(274): Cannot concatenate 'X' and '.'
  error: 1 plat 25 at BarracudaReferenceImpl.compute(291): Cannot concatenate 'O' and '.'
  error: 1 plat 25 at BarracudaReferenceImpl.compute(291): Cannot concatenate 'X' and '.'
  error: 1 plat 25 at BarracudaReferenceImpl.compute(309): Cannot concatenate 'O' and '.'
  error: 1 plat 25 at BarracudaReferenceImpl.compute(309): Cannot concatenate 'X' and '.'
  error: 1 plat 25 at BarracudaReferenceImpl.compute(326): Cannot concatenate 'O' and '.'
  error: 1 plat 25 at BarracudaReferenceImpl.compute(326): Cannot concatenate 'X' and '.'
  error: 1 plat 25 at BarracudaReferenceImpl.compute(343): Cannot concatenate 'O' and '.'
  error: 1 plat 25 at BarracudaReferenceImpl.compute(343): Cannot concatenate 'X' and '.'
  error: 1 plat 25 at BarracudaReferenceImpl.compute(360): Cannot concatenate 'O' and '.'
  error: 1 plat 25 at BarracudaReferenceImpl.compute(360): Cannot concatenate 'X' and '.'
  error: 1 plat 25 at BarracudaReferenceImpl.compute(387): Cannot concatenate 'O' and '.'
  error: 1 plat 25 at BarracudaReferenceImpl.compute(387): Cannot concatenate 'X' and '.'
  error: 1 plat 25 at BarracudaReferenceImpl.compute(404): Cannot concatenate 'O' and '.'
  error: 1 plat 25 at BarracudaReferenceImpl.compute(404): Cannot concatenate 'X' and '.'
  error: 1 plat 25 at BarracudaReferenceImpl.compute(421): Cannot concatenate 'B' and '.'
  error: 1 plat 25 at BarracudaReferenceImpl.compute(421): Cannot concatenate 'O' and '.'
  error: 1 plat 25 at BarracudaReferenceImpl.compute(421): Cannot concatenate 'X' and '.'
  error: 1 plat 25 at BarracudaReferenceImpl.compute(439): Cannot concatenate 'B' and '.'
  error: 1 plat 25 at BarracudaReferenceImpl.compute(439): Cannot concatenate 'O' and '.'
  error: 1 plat 25 at BarracudaReferenceImpl.compute(439): Cannot concatenate 'X' and '.'
  error: 1 plat 25 at BarracudaReferenceImpl.compute(457): Cannot concatenate 'B' and '.'
  error: 1 plat 25 at BarracudaReferenceImpl.compute(457): Cannot concatenate 'O' and '.'
  error: 1 plat 25 at BarracudaReferenceImpl.compute(457): Cannot concatenate 'X' and '.'
  error: 1 plat 25 at BarracudaReferenceImpl.compute(475): Cannot concatenate 'B' and '.'
  error: 1 plat 25 at BarracudaReferenceImpl.compute(475): Cannot concatenate 'O' and '.'
  error: 1 plat 25 at BarracudaReferenceImpl.compute(475): Cannot concatenate 'X' and '.'
  error: 1 plat 25 at BarracudaReferenceImpl.compute(493): Cannot concatenate 'B' and '.'
  error: 1 plat 25 at BarracudaReferenceImpl.compute(493): Cannot concatenate 'O' and '.'
  error: 1 plat 25 at BarracudaReferenceImpl.compute(493): Cannot concatenate 'X' and '.'
  error: 1 plat 25 at BarracudaReferenceImpl.compute(511): Cannot concatenate 'B' and '.'
  error: 1 plat 25 at BarracudaReferenceImpl.compute(511): Cannot concatenate 'O' and '.'
  error: 1 plat 25 at BarracudaReferenceImpl.compute(511): Cannot concatenate 'X' and '.'
  error: 1 plat 25 at BarracudaReferenceImpl.compute(529): Cannot concatenate 'B' and '.'
  error: 1 plat 25 at BarracudaReferenceImpl.compute(529): Cannot concatenate 'O' and '.'
  error: 1 plat 25 at BarracudaReferenceImpl.compute(529): Cannot concatenate 'X' and '.'
  error: 1 plat 25 at BarracudaReferenceImpl.compute(547): Cannot concatenate 'B' and '.'
  error: 1 plat 25 at BarracudaReferenceImpl.compute(547): Cannot concatenate 'O' and '.'
  error: 1 plat 25 at BarracudaReferenceImpl.compute(547): Cannot concatenate 'X' and '.'
  error: 1 plat 25 at BarracudaReferenceImpl.compute(572): Cannot concatenate 'B' and '.'
  error: 1 plat 25 at BarracudaReferenceImpl.compute(572): Cannot concatenate 'O' and '.'
  error: 1 plat 25 at BarracudaReferenceImpl.compute(572): Cannot concatenate 'X' and '.'
  error: 1 plat 25 at BarracudaReferenceImpl.compute(597): Cannot concatenate 'B' and '.'
  error: 1 plat 25 at BarracudaReferenceImpl.compute(597): Cannot concatenate 'O' and '.'
  error: 1 plat 25 at BarracudaReferenceImpl.compute(597): Cannot concatenate 'X' and '.'
  error: 1 plat 25 at BarracudaReferenceImpl.compute(622): Cannot concatenate 'B' and '.'
  error: 1 plat 25 at BarracudaReferenceImpl.compute(622): Cannot concatenate 'O' and '.'
  error: 1 plat 25 at BarracudaReferenceImpl.compute(622): Cannot concatenate 'X' and '.'
  error: 1 plat 25 at BarracudaReferenceImpl.compute(647): Cannot concatenate 'B' and '.'
  error: 1 plat 25 at BarracudaReferenceImpl.compute(647): Cannot concatenate 'O' and '.'
  error: 1 plat 25 at BarracudaReferenceImpl.compute(647): Cannot concatenate 'X' and '.'
  error: 1 plat 25 at BarracudaReferenceImpl.compute(672): Cannot concatenate 'B' and '.'
  error: 1 plat 25 at BarracudaReferenceImpl.compute(672): Cannot concatenate 'O' and '.'
  error: 1 plat 25 at BarracudaReferenceImpl.compute(672): Cannot concatenate 'X' and '.'
  error: 1 plat 25 at BarracudaReferenceImpl.compute(697): Cannot concatenate 'B' and '.'
  error: 1 plat 25 at BarracudaReferenceImpl.compute(697): Cannot concatenate 'O' and '.'
  error: 1 plat 25 at BarracudaReferenceImpl.compute(697): Cannot concatenate 'X' and '.'
  error: 1 plat 25 at BarracudaReferenceImpl.compute(722): Cannot concatenate 'B' and '.'
  error: 1 plat 25 at BarracudaReferenceImpl.compute(722): Cannot concatenate 'O' and '.'
  error: 1 plat 25 at BarracudaReferenceImpl.compute(722): Cannot concatenate 'X' and '.'
  error: 1 plat 25 at BarracudaReferenceImpl.compute(747): Cannot concatenate 'O' and '.'
  error: 1 plat 25 at BarracudaReferenceImpl.compute(747): Cannot concatenate 'X' and '.'
  error: 1 plat 25 at BarracudaReferenceImpl.compute(771): Cannot concatenate 'B' and '.'
  error: 1 plat 25 at BarracudaReferenceImpl.compute(771): Cannot concatenate 'O' and '.'
  error: 1 plat 25 at BarracudaReferenceImpl.compute(771): Cannot concatenate 'X' and '.'
  error: 1 plat 25 at BarracudaReferenceImpl.compute(792): Cannot concatenate 'B' and '.'
  error: 1 plat 25 at BarracudaReferenceImpl.compute(792): Cannot concatenate 'O' and '.'
  error: 1 plat 25 at BarracudaReferenceImpl.compute(792): Cannot concatenate 'X' and '.'
  error: 1 plat 25 at BarracudaReferenceImpl.compute(813): Cannot concatenate 'B' and '.'
  error: 1 plat 25 at BarracudaReferenceImpl.compute(813): Cannot concatenate 'O' and '.'
  error: 1 plat 25 at BarracudaReferenceImpl.compute(813): Cannot concatenate 'X' and '.'
  error: 1 plat 25 at BarracudaReferenceImpl.compute(831): Cannot concatenate 'B' and '.'
  error: 1 plat 25 at BarracudaReferenceImpl.compute(831): Cannot concatenate 'O' and '.'
  error: 1 plat 25 at BarracudaReferenceImpl.compute(831): Cannot concatenate 'X' and '.'
  error: 1 plat 25 at BarracudaReferenceImpl.compute(851): Cannot concatenate 'B' and '.'
  error: 1 plat 25 at BarracudaReferenceImpl.compute(851): Cannot concatenate 'O' and '.'
  error: 1 plat 25 at BarracudaReferenceImpl.compute(851): Cannot concatenate 'X' and '.'
  error: 1 plat 25 at BarracudaReferenceImpl.compute(870): Cannot concatenate 'O' and '.'
  error: 1 plat 25 at BarracudaReferenceImpl.compute(870): Cannot concatenate 'X' and '.'
  error: 1 plat 25 at BarracudaReferenceImpl.compute(886): Cannot concatenate 'O' and '.'
  error: 1 plat 25 at BarracudaReferenceImpl.compute(886): Cannot concatenate 'X' and '.'
  error: 1 plat 25 at BarracudaReferenceImpl.compute(906): Cannot concatenate 'B' and '.'
  error: 1 plat 25 at BarracudaReferenceImpl.compute(906): Cannot concatenate 'O' and '.'
  error: 1 plat 25 at BarracudaReferenceImpl.compute(906): Cannot concatenate 'W' and '.'
  error: 1 plat 25 at BarracudaReferenceImpl.compute(906): Cannot concatenate 'X' and '.'
  error: 1 plat 25 at BarracudaReferenceImpl.compute(931): Cannot concatenate 'O' and '.'
  error: 1 plat 25 at BarracudaReferenceImpl.compute(931): Cannot concatenate 'X' and '.'
  error: 1 plat 25 at BarracudaReferenceImpl.compute(964): Cannot concatenate 'O' and '.'
  error: 1 plat 25 at BarracudaReferenceImpl.compute(964): Cannot concatenate 'X' and '.'
  error: 1 plat 25 at BarracudaReferenceImpl.compute(999): Cannot concatenate 'O' and '.'
  error: 1 plat 25 at BarracudaReferenceImpl.compute(999): Cannot concatenate 'X' and '.'
  error: 1 plat 25 at BarracudaReferenceImpl.compute(1027): Cannot concatenate 'O' and '.'
  error: 1 plat 25 at BarracudaReferenceImpl.compute(1027): Cannot concatenate 'X' and '.'
  error: 1 plat 25 at BarracudaReferenceImpl.compute(1056): Cannot concatenate 'O' and '.'
  error: 1 plat 25 at BarracudaReferenceImpl.compute(1056): Cannot concatenate 'X' and '.'
  error: 1 plat 25 at BarracudaReferenceImpl.compute(1091): Cannot concatenate 'O' and '.'
  error: 1 plat 25 at BarracudaReferenceImpl.compute(1091): Cannot concatenate 'X' and '.'
  error: 1 plat 25 at BarracudaReferenceImpl.compute(1115): Cannot concatenate 'O' and '.'
  error: 1 plat 25 at BarracudaReferenceImpl.compute(1115): Cannot concatenate 'X' and '.'
  error: 1 plat 25 at BarracudaReferenceImpl.compute(1138): Cannot concatenate 'O' and '.'
  error: 1 plat 25 at BarracudaReferenceImpl.compute(1138): Cannot concatenate 'X' and '.'
  error: 1 plat 25 at BarracudaReferenceImpl.compute(1169): Cannot concatenate 'B' and '.'
  error: 1 plat 25 at BarracudaReferenceImpl.compute(1169): Cannot concatenate 'O' and '.'
  error: 1 plat 25 at BarracudaReferenceImpl.compute(1169): Cannot concatenate 'W' and '.'
  error: 1 plat 25 at BarracudaReferenceImpl.compute(1169): Cannot concatenate 'X' and '.'
  error: 1 plat 25 at BarracudaReferenceImpl.compute(1231): Cannot concatenate 'B' and '.'
  error: 1 plat 25 at BarracudaReferenceImpl.compute(1231): Cannot concatenate 'K' and '.'
  error: 1 plat 25 at BarracudaReferenceImpl.compute(1231): Cannot concatenate 'O' and '.'
  error: 1 plat 25 at BarracudaReferenceImpl.compute(1231): Cannot concatenate 'X' and '.'
  error: 1 plat 25 at BarracudaReferenceImpl.compute(1296): Cannot concatenate 'B' and '.'
  error: 1 plat 25 at BarracudaReferenceImpl.compute(1296): Cannot concatenate 'K' and '.'
  error: 1 plat 25 at BarracudaReferenceImpl.compute(1296): Cannot concatenate 'O' and '.'
  error: 1 plat 25 at BarracudaReferenceImpl.compute(1296): Cannot concatenate 'X' and '.'
  error: 1 plat 25 at BarracudaReferenceImpl.compute(1330): Cannot concatenate 'B' and '.'
  error: 1 plat 25 at BarracudaReferenceImpl.compute(1330): Cannot concatenate 'K' and '.'
  error: 1 plat 25 at BarracudaReferenceImpl.compute(1330): Cannot concatenate 'O' and '.'
  error: 1 plat 25 at BarracudaReferenceImpl.compute(1330): Cannot concatenate 'X' and '.'
  error: 1 plat 25 at BarracudaReferenceImpl.compute(1359): Cannot concatenate 'O' and '.'
  error: 1 plat 25 at BarracudaReferenceImpl.compute(1359): Cannot concatenate 'X' and '.'
  error: 1 plat 25 at BarracudaReferenceImpl.compute(1392): Cannot concatenate 'B' and '.'
  error: 1 plat 25 at BarracudaReferenceImpl.compute(1392): Cannot concatenate 'K' and '.'
  error: 1 plat 25 at BarracudaReferenceImpl.compute(1392): Cannot concatenate 'O' and '.'
  error: 1 plat 25 at BarracudaReferenceImpl.compute(1392): Cannot concatenate 'X' and '.'
  error: 1 plat 25 at BarracudaReferenceImpl.compute(1454): Cannot concatenate 'O' and '.'
  error: 1 plat 25 at BarracudaReferenceImpl.compute(1496): Cannot concatenate 'X' and '.'
  error: 1 plat 25 at BarracudaReferenceImpl.compute(1546): Cannot concatenate 'O' and '.'
  error: 1 plat 25 at BarracudaReferenceImpl.compute(1546): Cannot concatenate 'X' and '.'
  error: 1 plat 25 at BarracudaReferenceImpl.compute(1590): Cannot concatenate 'O' and '.'
  error: 1 plat 25 at BarracudaReferenceImpl.compute(1590): Cannot concatenate 'X' and '.'
  error: 1 plat 25 at BarracudaReferenceImpl.compute(1618): Cannot concatenate 'O' and '.'
  error: 1 plat 25 at BarracudaReferenceImpl.compute(1618): Cannot concatenate 'X' and '.'
  error: 1 plat 25 at BarracudaReferenceImpl.compute(1661): Cannot concatenate 'O' and '.'
  error: 1 plat 25 at BarracudaReferenceImpl.compute(1661): Cannot concatenate 'X' and '.'
  error: 1 plat 25 at BarracudaReferenceImpl.compute(1706): Cannot concatenate 'K' and '.'
  error: 1 plat 25 at BarracudaReferenceImpl.compute(1706): Cannot concatenate 'O' and '.'
  error: 1 plat 25 at BarracudaReferenceImpl.compute(1706): Cannot concatenate 'X' and '.'
 ok=1 outsize=1856

Cmd: compileComputeKernel
  insize=47541 path=G:/Unity3D_Project/Unity_Project/0_basic_2021/Library/PackageCache/com.unity.barracuda@0.5.0-preview/Barracuda/Core/Resources/BarracudaReferenceImpl.compute kernel=AvgPool2D cachingPP=1 ppOnly=0 stripLineD=0 buildPlatform=5 km=<UNITY_VERSION=202027> pKW=UNITY_ENABLE_REFLECTION_BUFFERS UNITY_USE_DITHER_MASK_FOR_ALPHABLENDED_SHADOWS UNITY_PBS_USE_BRDF1 UNITY_SPECCUBE_BOX_PROJECTION UNITY_SPECCUBE_BLENDING UNITY_ENABLE_DETAIL_NORMALMAP SHADER_API_DESKTOP UNITY_COLORSPACE_GAMMA UNITY_LIGHT_PROBE_PROXY_VOLUME UNITY_LIGHTMAP_FULL_HDR uKW=SHADER_STAGE_COMPUTE platform=d3d11 flags=0  error: 1 plat 25 at BarracudaReferenceImpl.compute(84): Cannot concatenate 'B' and '.'
  error: 1 plat 25 at BarracudaReferenceImpl.compute(84): Cannot concatenate 'O' and '.'
  error: 1 plat 25 at BarracudaReferenceImpl.compute(84): Cannot concatenate 'W' and '.'
  error: 1 plat 25 at BarracudaReferenceImpl.compute(84): Cannot concatenate 'X' and '.'
  error: 1 plat 25 at BarracudaReferenceImpl.compute(103): Cannot concatenate 'O' and '.'
  error: 1 plat 25 at BarracudaReferenceImpl.compute(103): Cannot concatenate 'X' and '.'
  error: 1 plat 25 at BarracudaReferenceImpl.compute(126): Cannot concatenate 'O' and '.'
  error: 1 plat 25 at BarracudaReferenceImpl.compute(126): Cannot concatenate 'W' and '.'
  error: 1 plat 25 at BarracudaReferenceImpl.compute(126): Cannot concatenate 'X' and '.'
  error: 1 plat 25 at BarracudaReferenceImpl.compute(150): Cannot concatenate 'O' and '.'
  error: 1 plat 25 at BarracudaReferenceImpl.compute(150): Cannot concatenate 'X' and '.'
  error: 1 plat 25 at BarracudaReferenceImpl.compute(173): Cannot concatenate 'O' and '.'
  error: 1 plat 25 at BarracudaReferenceImpl.compute(173): Cannot concatenate 'X' and '.'
  error: 1 plat 25 at BarracudaReferenceImpl.compute(195): Cannot concatenate 'O' and '.'
  error: 1 plat 25 at BarracudaReferenceImpl.compute(195): Cannot concatenate 'X' and '.'
  error: 1 plat 25 at BarracudaReferenceImpl.compute(217): Cannot concatenate 'O' and '.'
  error: 1 plat 25 at BarracudaReferenceImpl.compute(217): Cannot concatenate 'X' and '.'
  error: 1 plat 25 at BarracudaReferenceImpl.compute(239): Cannot concatenate 'O' and '.'
  error: 1 plat 25 at BarracudaReferenceImpl.compute(239): Cannot concatenate 'X' and '.'
  error: 1 plat 25 at BarracudaReferenceImpl.compute(257): Cannot concatenate 'O' and '.'
  error: 1 plat 25 at BarracudaReferenceImpl.compute(257): Cannot concatenate 'X' and '.'
  error: 1 plat 25 at BarracudaReferenceImpl.compute(274): Cannot concatenate 'O' and '.'
  error: 1 plat 25 at BarracudaReferenceImpl.compute(274): Cannot concatenate 'X' and '.'
  error: 1 plat 25 at BarracudaReferenceImpl.compute(291): Cannot concatenate 'O' and '.'
  error: 1 plat 25 at BarracudaReferenceImpl.compute(291): Cannot concatenate 'X' and '.'
  error: 1 plat 25 at BarracudaReferenceImpl.compute(309): Cannot concatenate 'O' and '.'
  error: 1 plat 25 at BarracudaReferenceImpl.compute(309): Cannot concatenate 'X' and '.'
  error: 1 plat 25 at BarracudaReferenceImpl.compute(326): Cannot concatenate 'O' and '.'
  error: 1 plat 25 at BarracudaReferenceImpl.compute(326): Cannot concatenate 'X' and '.'
  error: 1 plat 25 at BarracudaReferenceImpl.compute(343): Cannot concatenate 'O' and '.'
  error: 1 plat 25 at BarracudaReferenceImpl.compute(343): Cannot concatenate 'X' and '.'
  error: 1 plat 25 at BarracudaReferenceImpl.compute(360): Cannot concatenate 'O' and '.'
  error: 1 plat 25 at BarracudaReferenceImpl.compute(360): Cannot concatenate 'X' and '.'
  error: 1 plat 25 at BarracudaReferenceImpl.compute(387): Cannot concatenate 'O' and '.'
  error: 1 plat 25 at BarracudaReferenceImpl.compute(387): Cannot concatenate 'X' and '.'
  error: 1 plat 25 at BarracudaReferenceImpl.compute(404): Cannot concatenate 'O' and '.'
  error: 1 plat 25 at BarracudaReferenceImpl.compute(404): Cannot concatenate 'X' and '.'
  error: 1 plat 25 at BarracudaReferenceImpl.compute(421): Cannot concatenate 'B' and '.'
  error: 1 plat 25 at BarracudaReferenceImpl.compute(421): Cannot concatenate 'O' and '.'
  error: 1 plat 25 at BarracudaReferenceImpl.compute(421): Cannot concatenate 'X' and '.'
  error: 1 plat 25 at BarracudaReferenceImpl.compute(439): Cannot concatenate 'B' and '.'
  error: 1 plat 25 at BarracudaReferenceImpl.compute(439): Cannot concatenate 'O' and '.'
  error: 1 plat 25 at BarracudaReferenceImpl.compute(439): Cannot concatenate 'X' and '.'
  error: 1 plat 25 at BarracudaReferenceImpl.compute(457): Cannot concatenate 'B' and '.'
  error: 1 plat 25 at BarracudaReferenceImpl.compute(457): Cannot concatenate 'O' and '.'
  error: 1 plat 25 at BarracudaReferenceImpl.compute(457): Cannot concatenate 'X' and '.'
  error: 1 plat 25 at BarracudaReferenceImpl.compute(475): Cannot concatenate 'B' and '.'
  error: 1 plat 25 at BarracudaReferenceImpl.compute(475): Cannot concatenate 'O' and '.'
  error: 1 plat 25 at BarracudaReferenceImpl.compute(475): Cannot concatenate 'X' and '.'
  error: 1 plat 25 at BarracudaReferenceImpl.compute(493): Cannot concatenate 'B' and '.'
  error: 1 plat 25 at BarracudaReferenceImpl.compute(493): Cannot concatenate 'O' and '.'
  error: 1 plat 25 at BarracudaReferenceImpl.compute(493): Cannot concatenate 'X' and '.'
  error: 1 plat 25 at BarracudaReferenceImpl.compute(511): Cannot concatenate 'B' and '.'
  error: 1 plat 25 at BarracudaReferenceImpl.compute(511): Cannot concatenate 'O' and '.'
  error: 1 plat 25 at BarracudaReferenceImpl.compute(511): Cannot concatenate 'X' and '.'
  error: 1 plat 25 at BarracudaReferenceImpl.compute(529): Cannot concatenate 'B' and '.'
  error: 1 plat 25 at BarracudaReferenceImpl.compute(529): Cannot concatenate 'O' and '.'
  error: 1 plat 25 at BarracudaReferenceImpl.compute(529): Cannot concatenate 'X' and '.'
  error: 1 plat 25 at BarracudaReferenceImpl.compute(547): Cannot concatenate 'B' and '.'
  error: 1 plat 25 at BarracudaReferenceImpl.compute(547): Cannot concatenate 'O' and '.'
  error: 1 plat 25 at BarracudaReferenceImpl.compute(547): Cannot concatenate 'X' and '.'
  error: 1 plat 25 at BarracudaReferenceImpl.compute(572): Cannot concatenate 'B' and '.'
  error: 1 plat 25 at BarracudaReferenceImpl.compute(572): Cannot concatenate 'O' and '.'
  error: 1 plat 25 at BarracudaReferenceImpl.compute(572): Cannot concatenate 'X' and '.'
  error: 1 plat 25 at BarracudaReferenceImpl.compute(597): Cannot concatenate 'B' and '.'
  error: 1 plat 25 at BarracudaReferenceImpl.compute(597): Cannot concatenate 'O' and '.'
  error: 1 plat 25 at BarracudaReferenceImpl.compute(597): Cannot concatenate 'X' and '.'
  error: 1 plat 25 at BarracudaReferenceImpl.compute(622): Cannot concatenate 'B' and '.'
  error: 1 plat 25 at BarracudaReferenceImpl.compute(622): Cannot concatenate 'O' and '.'
  error: 1 plat 25 at BarracudaReferenceImpl.compute(622): Cannot concatenate 'X' and '.'
  error: 1 plat 25 at BarracudaReferenceImpl.compute(647): Cannot concatenate 'B' and '.'
  error: 1 plat 25 at BarracudaReferenceImpl.compute(647): Cannot concatenate 'O' and '.'
  error: 1 plat 25 at BarracudaReferenceImpl.compute(647): Cannot concatenate 'X' and '.'
  error: 1 plat 25 at BarracudaReferenceImpl.compute(672): Cannot concatenate 'B' and '.'
  error: 1 plat 25 at BarracudaReferenceImpl.compute(672): Cannot concatenate 'O' and '.'
  error: 1 plat 25 at BarracudaReferenceImpl.compute(672): Cannot concatenate 'X' and '.'
  error: 1 plat 25 at BarracudaReferenceImpl.compute(697): Cannot concatenate 'B' and '.'
  error: 1 plat 25 at BarracudaReferenceImpl.compute(697): Cannot concatenate 'O' and '.'
  error: 1 plat 25 at BarracudaReferenceImpl.compute(697): Cannot concatenate 'X' and '.'
  error: 1 plat 25 at BarracudaReferenceImpl.compute(722): Cannot concatenate 'B' and '.'
  error: 1 plat 25 at BarracudaReferenceImpl.compute(722): Cannot concatenate 'O' and '.'
  error: 1 plat 25 at BarracudaReferenceImpl.compute(722): Cannot concatenate 'X' and '.'
  error: 1 plat 25 at BarracudaReferenceImpl.compute(747): Cannot concatenate 'O' and '.'
  error: 1 plat 25 at BarracudaReferenceImpl.compute(747): Cannot concatenate 'X' and '.'
  error: 1 plat 25 at BarracudaReferenceImpl.compute(771): Cannot concatenate 'B' and '.'
  error: 1 plat 25 at BarracudaReferenceImpl.compute(771): Cannot concatenate 'O' and '.'
  error: 1 plat 25 at BarracudaReferenceImpl.compute(771): Cannot concatenate 'X' and '.'
  error: 1 plat 25 at BarracudaReferenceImpl.compute(792): Cannot concatenate 'B' and '.'
  error: 1 plat 25 at BarracudaReferenceImpl.compute(792): Cannot concatenate 'O' and '.'
  error: 1 plat 25 at BarracudaReferenceImpl.compute(792): Cannot concatenate 'X' and '.'
  error: 1 plat 25 at BarracudaReferenceImpl.compute(813): Cannot concatenate 'B' and '.'
  error: 1 plat 25 at BarracudaReferenceImpl.compute(813): Cannot concatenate 'O' and '.'
  error: 1 plat 25 at BarracudaReferenceImpl.compute(813): Cannot concatenate 'X' and '.'
  error: 1 plat 25 at BarracudaReferenceImpl.compute(831): Cannot concatenate 'B' and '.'
  error: 1 plat 25 at BarracudaReferenceImpl.compute(831): Cannot concatenate 'O' and '.'
  error: 1 plat 25 at BarracudaReferenceImpl.compute(831): Cannot concatenate 'X' and '.'
  error: 1 plat 25 at BarracudaReferenceImpl.compute(851): Cannot concatenate 'B' and '.'
  error: 1 plat 25 at BarracudaReferenceImpl.compute(851): Cannot concatenate 'O' and '.'
  error: 1 plat 25 at BarracudaReferenceImpl.compute(851): Cannot concatenate 'X' and '.'
  error: 1 plat 25 at BarracudaReferenceImpl.compute(870): Cannot concatenate 'O' and '.'
  error: 1 plat 25 at BarracudaReferenceImpl.compute(870): Cannot concatenate 'X' and '.'
  error: 1 plat 25 at BarracudaReferenceImpl.compute(886): Cannot concatenate 'O' and '.'
  error: 1 plat 25 at BarracudaReferenceImpl.compute(886): Cannot concatenate 'X' and '.'
  error: 1 plat 25 at BarracudaReferenceImpl.compute(906): Cannot concatenate 'B' and '.'
  error: 1 plat 25 at BarracudaReferenceImpl.compute(906): Cannot concatenate 'O' and '.'
  error: 1 plat 25 at BarracudaReferenceImpl.compute(906): Cannot concatenate 'W' and '.'
  error: 1 plat 25 at BarracudaReferenceImpl.compute(906): Cannot concatenate 'X' and '.'
  error: 1 plat 25 at BarracudaReferenceImpl.compute(931): Cannot concatenate 'O' and '.'
  error: 1 plat 25 at BarracudaReferenceImpl.compute(931): Cannot concatenate 'X' and '.'
  error: 1 plat 25 at BarracudaReferenceImpl.compute(964): Cannot concatenate 'O' and '.'
  error: 1 plat 25 at BarracudaReferenceImpl.compute(964): Cannot concatenate 'X' and '.'
  error: 1 plat 25 at BarracudaReferenceImpl.compute(999): Cannot concatenate 'O' and '.'
  error: 1 plat 25 at BarracudaReferenceImpl.compute(999): Cannot concatenate 'X' and '.'
  error: 1 plat 25 at BarracudaReferenceImpl.compute(1027): Cannot concatenate 'O' and '.'
  error: 1 plat 25 at BarracudaReferenceImpl.compute(1027): Cannot concatenate 'X' and '.'
  error: 1 plat 25 at BarracudaReferenceImpl.compute(1056): Cannot concatenate 'O' and '.'
  error: 1 plat 25 at BarracudaReferenceImpl.compute(1056): Cannot concatenate 'X' and '.'
  error: 1 plat 25 at BarracudaReferenceImpl.compute(1091): Cannot concatenate 'O' and '.'
  error: 1 plat 25 at BarracudaReferenceImpl.compute(1091): Cannot concatenate 'X' and '.'
  error: 1 plat 25 at BarracudaReferenceImpl.compute(1115): Cannot concatenate 'O' and '.'
  error: 1 plat 25 at BarracudaReferenceImpl.compute(1115): Cannot concatenate 'X' and '.'
  error: 1 plat 25 at BarracudaReferenceImpl.compute(1138): Cannot concatenate 'O' and '.'
  error: 1 plat 25 at BarracudaReferenceImpl.compute(1138): Cannot concatenate 'X' and '.'
  error: 1 plat 25 at BarracudaReferenceImpl.compute(1169): Cannot concatenate 'B' and '.'
  error: 1 plat 25 at BarracudaReferenceImpl.compute(1169): Cannot concatenate 'O' and '.'
  error: 1 plat 25 at BarracudaReferenceImpl.compute(1169): Cannot concatenate 'W' and '.'
  error: 1 plat 25 at BarracudaReferenceImpl.compute(1169): Cannot concatenate 'X' and '.'
  error: 1 plat 25 at BarracudaReferenceImpl.compute(1231): Cannot concatenate 'B' and '.'
  error: 1 plat 25 at BarracudaReferenceImpl.compute(1231): Cannot concatenate 'K' and '.'
  error: 1 plat 25 at BarracudaReferenceImpl.compute(1231): Cannot concatenate 'O' and '.'
  error: 1 plat 25 at BarracudaReferenceImpl.compute(1231): Cannot concatenate 'X' and '.'
  error: 1 plat 25 at BarracudaReferenceImpl.compute(1296): Cannot concatenate 'B' and '.'
  error: 1 plat 25 at BarracudaReferenceImpl.compute(1296): Cannot concatenate 'K' and '.'
  error: 1 plat 25 at BarracudaReferenceImpl.compute(1296): Cannot concatenate 'O' and '.'
  error: 1 plat 25 at BarracudaReferenceImpl.compute(1296): Cannot concatenate 'X' and '.'
  error: 1 plat 25 at BarracudaReferenceImpl.compute(1330): Cannot concatenate 'B' and '.'
  error: 1 plat 25 at BarracudaReferenceImpl.compute(1330): Cannot concatenate 'K' and '.'
  error: 1 plat 25 at BarracudaReferenceImpl.compute(1330): Cannot concatenate 'O' and '.'
  error: 1 plat 25 at BarracudaReferenceImpl.compute(1330): Cannot concatenate 'X' and '.'
  error: 1 plat 25 at BarracudaReferenceImpl.compute(1359): Cannot concatenate 'O' and '.'
  error: 1 plat 25 at BarracudaReferenceImpl.compute(1359): Cannot concatenate 'X' and '.'
  error: 1 plat 25 at BarracudaReferenceImpl.compute(1392): Cannot concatenate 'B' and '.'
  error: 1 plat 25 at BarracudaReferenceImpl.compute(1392): Cannot concatenate 'K' and '.'
  error: 1 plat 25 at BarracudaReferenceImpl.compute(1392): Cannot concatenate 'O' and '.'
  error: 1 plat 25 at BarracudaReferenceImpl.compute(1392): Cannot concatenate 'X' and '.'
  error: 1 plat 25 at BarracudaReferenceImpl.compute(1454): Cannot concatenate 'O' and '.'
  error: 1 plat 25 at BarracudaReferenceImpl.compute(1496): Cannot concatenate 'X' and '.'
  error: 1 plat 25 at BarracudaReferenceImpl.compute(1546): Cannot concatenate 'O' and '.'
  error: 1 plat 25 at BarracudaReferenceImpl.compute(1546): Cannot concatenate 'X' and '.'
  error: 1 plat 25 at BarracudaReferenceImpl.compute(1590): Cannot concatenate 'O' and '.'
  error: 1 plat 25 at BarracudaReferenceImpl.compute(1590): Cannot concatenate 'X' and '.'
  error: 1 plat 25 at BarracudaReferenceImpl.compute(1618): Cannot concatenate 'O' and '.'
  error: 1 plat 25 at BarracudaReferenceImpl.compute(1618): Cannot concatenate 'X' and '.'
  error: 1 plat 25 at BarracudaReferenceImpl.compute(1661): Cannot concatenate 'O' and '.'
  error: 1 plat 25 at BarracudaReferenceImpl.compute(1661): Cannot concatenate 'X' and '.'
  error: 1 plat 25 at BarracudaReferenceImpl.compute(1706): Cannot concatenate 'K' and '.'
  error: 1 plat 25 at BarracudaReferenceImpl.compute(1706): Cannot concatenate 'O' and '.'
  error: 1 plat 25 at BarracudaReferenceImpl.compute(1706): Cannot concatenate 'X' and '.'
 ok=1 outsize=2024




Cmd: compileSnippet
  insize=6684 path=Assets/TextMesh Pro/Resources/Shaders cachingPP=1 ppOnly=0 stripLineD=0 buildPlatform=5 rsLen=0 pKW=UNITY_ENABLE_REFLECTION_BUFFERS UNITY_USE_DITHER_MASK_FOR_ALPHABLENDED_SHADOWS UNITY_PBS_USE_BRDF1 UNITY_SPECCUBE_BOX_PROJECTION UNITY_SPECCUBE_BLENDING UNITY_ENABLE_DETAIL_NORMALMAP SHADER_API_DESKTOP UNITY_COLORSPACE_GAMMA UNITY_LIGHT_PROBE_PROXY_VOLUME UNITY_LIGHTMAP_FULL_HDR uKW= dKW=BEVEL_ON UNDERLAY_ON UNDERLAY_INNER GLOW_ON UNITY_UI_CLIP_RECT UNITY_UI_ALPHACLIP UNITY_NO_DXT5nm UNITY_ENABLE_NATIVE_SHADOW_LOOKUPS UNITY_METAL_SHADOWS_USE_POINT_FILTERING UNITY_NO_SCREENSPACE_SHADOWS UNITY_PBS_USE_BRDF2 UNITY_PBS_USE_BRDF3 UNITY_NO_FULL_STANDARD_SHADER UNITY_HARDWARE_TIER1 UNITY_HARDWARE_TIER2 UNITY_HARDWARE_TIER3 UNITY_HALF_PRECISION_FRAGMENT_SHADER_REGISTERS UNITY_LIGHTMAP_DLDR_ENCODING UNITY_LIGHTMAP_RGBM_ENCODING UNITY_VIRTUAL_TEXTURING UNITY_PRETRANSFORM_TO_DISPLAY_ORIENTATION UNITY_ASTC_NORMALMAP_ENCODING SHADER_API_GLES30 flags=0 lang=0 type=Fragment platform=d3d11 reqs=227 mask=6 start=112 ok=1 outsize=1562

Cmd: compileSnippet
  insize=1134 path=Assets/TextMesh Pro/Resources/Shaders cachingPP=1 ppOnly=0 stripLineD=0 buildPlatform=5 rsLen=0 pKW=UNITY_ENABLE_REFLECTION_BUFFERS UNITY_USE_DITHER_MASK_FOR_ALPHABLENDED_SHADOWS UNITY_PBS_USE_BRDF1 UNITY_SPECCUBE_BOX_PROJECTION UNITY_SPECCUBE_BLENDING UNITY_ENABLE_DETAIL_NORMALMAP SHADER_API_DESKTOP UNITY_COLORSPACE_GAMMA UNITY_LIGHT_PROBE_PROXY_VOLUME UNITY_LIGHTMAP_FULL_HDR UNITY_PASS_SHADOWCASTER uKW=SHADOWS_DEPTH dKW=SHADOWS_CUBE UNITY_NO_DXT5nm UNITY_ENABLE_NATIVE_SHADOW_LOOKUPS UNITY_METAL_SHADOWS_USE_POINT_FILTERING UNITY_NO_SCREENSPACE_SHADOWS UNITY_PBS_USE_BRDF2 UNITY_PBS_USE_BRDF3 UNITY_NO_FULL_STANDARD_SHADER UNITY_HARDWARE_TIER1 UNITY_HARDWARE_TIER2 UNITY_HARDWARE_TIER3 UNITY_HALF_PRECISION_FRAGMENT_SHADER_REGISTERS UNITY_LIGHTMAP_DLDR_ENCODING UNITY_LIGHTMAP_RGBM_ENCODING UNITY_VIRTUAL_TEXTURING UNITY_PRETRANSFORM_TO_DISPLAY_ORIENTATION UNITY_ASTC_NORMALMAP_ENCODING SHADER_API_GLES30 flags=0 lang=0 type=Fragment platform=d3d11 reqs=33 mask=6 start=94 ok=1 outsize=470

Cmd: compileSnippet
  insize=1946 path=Assets/DefaultResourcesExtra cachingPP=1 ppOnly=0 stripLineD=0 buildPlatform=5 rsLen=0 pKW=UNITY_ENABLE_REFLECTION_BUFFERS UNITY_USE_DITHER_MASK_FOR_ALPHABLENDED_SHADOWS UNITY_PBS_USE_BRDF1 UNITY_SPECCUBE_BOX_PROJECTION UNITY_SPECCUBE_BLENDING UNITY_ENABLE_DETAIL_NORMALMAP SHADER_API_DESKTOP UNITY_COLORSPACE_GAMMA UNITY_LIGHT_PROBE_PROXY_VOLUME UNITY_LIGHTMAP_FULL_HDR uKW=DIRECTIONAL UNITY_HDR_ON dKW=POINT SPOT POINT_COOKIE DIRECTIONAL_COOKIE SHADOWS_SHADOWMASK LIGHTMAP_SHADOW_MIXING SHADOWS_DEPTH SHADOWS_SOFT SHADOWS_SCREEN SHADOWS_CUBE UNITY_NO_DXT5nm UNITY_ENABLE_NATIVE_SHADOW_LOOKUPS UNITY_METAL_SHADOWS_USE_POINT_FILTERING UNITY_NO_SCREENSPACE_SHADOWS UNITY_PBS_USE_BRDF2 UNITY_PBS_USE_BRDF3 UNITY_NO_FULL_STANDARD_SHADER UNITY_HARDWARE_TIER1 UNITY_HARDWARE_TIER2 UNITY_HARDWARE_TIER3 UNITY_HALF_PRECISION_FRAGMENT_SHADER_REGISTERS UNITY_LIGHTMAP_DLDR_ENCODING UNITY_LIGHTMAP_RGBM_ENCODING UNITY_VIRTUAL_TEXTURING UNITY_PRETRANSFORM_TO_DISPLAY_ORIENTATION UNITY_ASTC_NORMALMAP_ENCODING SHADER_API_GLES30 flags=0 lang=0 type=Fragment platform=d3d11 reqs=227 mask=6 start=18 ok=1 outsize=2982

Cmd: compileSnippet
  insize=1946 path=Assets/DefaultResourcesExtra cachingPP=1 ppOnly=0 stripLineD=0 buildPlatform=5 rsLen=0 pKW=UNITY_ENABLE_REFLECTION_BUFFERS UNITY_USE_DITHER_MASK_FOR_ALPHABLENDED_SHADOWS UNITY_PBS_USE_BRDF1 UNITY_SPECCUBE_BOX_PROJECTION UNITY_SPECCUBE_BLENDING UNITY_ENABLE_DETAIL_NORMALMAP SHADER_API_DESKTOP UNITY_COLORSPACE_GAMMA UNITY_LIGHT_PROBE_PROXY_VOLUME UNITY_LIGHTMAP_FULL_HDR uKW=DIRECTIONAL SHADOWS_SCREEN UNITY_HDR_ON dKW=POINT SPOT POINT_COOKIE DIRECTIONAL_COOKIE SHADOWS_SHADOWMASK LIGHTMAP_SHADOW_MIXING SHADOWS_DEPTH SHADOWS_SOFT SHADOWS_CUBE UNITY_NO_DXT5nm UNITY_ENABLE_NATIVE_SHADOW_LOOKUPS UNITY_METAL_SHADOWS_USE_POINT_FILTERING UNITY_NO_SCREENSPACE_SHADOWS UNITY_PBS_USE_BRDF2 UNITY_PBS_USE_BRDF3 UNITY_NO_FULL_STANDARD_SHADER UNITY_HARDWARE_TIER1 UNITY_HARDWARE_TIER2 UNITY_HARDWARE_TIER3 UNITY_HALF_PRECISION_FRAGMENT_SHADER_REGISTERS UNITY_LIGHTMAP_DLDR_ENCODING UNITY_LIGHTMAP_RGBM_ENCODING UNITY_VIRTUAL_TEXTURING UNITY_PRETRANSFORM_TO_DISPLAY_ORIENTATION UNITY_ASTC_NORMALMAP_ENCODING SHADER_API_GLES30 flags=0 lang=0 type=Fragment platform=d3d11 reqs=227 mask=6 start=18 ok=1 outsize=3354

Cmd: shutdown

Quitting shader compiler process
