Base path: 'C:/Program Files/Unity/Hub/Editor/2020.2.7f1/Editor/Data', plugins path 'C:/Program Files/Unity/Hub/Editor/2020.2.7f1/Editor/Data/PlaybackEngines'
Cmd: initializeCompiler































Cmd: initializeCompiler

Cmd: compileSnippet
  insize=825 path=Packages/com.unity.postprocessing/PostProcessing/Shaders/Builtins cachingPP=1 ppOnly=0 stripLineD=0 buildPlatform=5 rsLen=0 pKW=UNITY_ENABLE_REFLECTION_BUFFERS UNITY_USE_DITHER_MASK_FOR_ALPHABLENDED_SHADOWS UNITY_PBS_USE_BRDF1 UNITY_SPECCUBE_BOX_PROJECTION UNITY_SPECCUBE_BLENDING UNITY_ENABLE_DETAIL_NORMALMAP SHADER_API_DESKTOP UNITY_COLORSPACE_GAMMA UNITY_LIGHT_PROBE_PROXY_VOLUME UNITY_LIGHTMAP_FULL_HDR uKW= dKW=UNITY_NO_DXT5nm UNITY_ENABLE_NATIVE_SHADOW_LOOKUPS UNITY_METAL_SHADOWS_USE_POINT_FILTERING UNITY_NO_SCREENSPACE_SHADOWS UNITY_PBS_USE_BRDF2 UNITY_PBS_USE_BRDF3 UNITY_NO_FULL_STANDARD_SHADER UNITY_HARDWARE_TIER1 UNITY_HARDWARE_TIER2 UNITY_HARDWARE_TIER3 UNITY_HALF_PRECISION_FRAGMENT_SHADER_REGISTERS UNITY_LIGHTMAP_DLDR_ENCODING UNITY_LIGHTMAP_RGBM_ENCODING UNITY_VIRTUAL_TEXTURING UNITY_PRETRANSFORM_TO_DISPLAY_ORIENTATION UNITY_ASTC_NORMALMAP_ENCODING SHADER_API_GLES30 flags=0 lang=3 type=Fragment platform=d3d11 reqs=1101803 mask=6 start=24 ok=1 outsize=362

Cmd: compileSnippet
  insize=10894 path=Packages/com.unity.postprocessing/PostProcessing/Shaders/Debug cachingPP=1 ppOnly=0 stripLineD=0 buildPlatform=5 rsLen=0 pKW=UNITY_ENABLE_REFLECTION_BUFFERS UNITY_USE_DITHER_MASK_FOR_ALPHABLENDED_SHADOWS UNITY_PBS_USE_BRDF1 UNITY_SPECCUBE_BOX_PROJECTION UNITY_SPECCUBE_BLENDING UNITY_ENABLE_DETAIL_NORMALMAP SHADER_API_DESKTOP UNITY_COLORSPACE_GAMMA UNITY_LIGHT_PROBE_PROXY_VOLUME UNITY_LIGHTMAP_FULL_HDR uKW= dKW=UNITY_NO_DXT5nm UNITY_ENABLE_NATIVE_SHADOW_LOOKUPS UNITY_METAL_SHADOWS_USE_POINT_FILTERING UNITY_NO_SCREENSPACE_SHADOWS UNITY_PBS_USE_BRDF2 UNITY_PBS_USE_BRDF3 UNITY_NO_FULL_STANDARD_SHADER UNITY_HARDWARE_TIER1 UNITY_HARDWARE_TIER2 UNITY_HARDWARE_TIER3 UNITY_HALF_PRECISION_FRAGMENT_SHADER_REGISTERS UNITY_LIGHTMAP_DLDR_ENCODING UNITY_LIGHTMAP_RGBM_ENCODING UNITY_VIRTUAL_TEXTURING UNITY_PRETRANSFORM_TO_DISPLAY_ORIENTATION UNITY_ASTC_NORMALMAP_ENCODING SHADER_API_GLES30 flags=0 lang=3 type=Vertex platform=d3d11 reqs=227 mask=6 start=294 ok=1 outsize=554

Cmd: compileSnippet
  insize=10899 path=Packages/com.unity.postprocessing/PostProcessing/Shaders/Debug cachingPP=1 ppOnly=0 stripLineD=0 buildPlatform=5 rsLen=0 pKW=UNITY_ENABLE_REFLECTION_BUFFERS UNITY_USE_DITHER_MASK_FOR_ALPHABLENDED_SHADOWS UNITY_PBS_USE_BRDF1 UNITY_SPECCUBE_BOX_PROJECTION UNITY_SPECCUBE_BLENDING UNITY_ENABLE_DETAIL_NORMALMAP SHADER_API_DESKTOP UNITY_COLORSPACE_GAMMA UNITY_LIGHT_PROBE_PROXY_VOLUME UNITY_LIGHTMAP_FULL_HDR uKW= dKW=UNITY_NO_DXT5nm UNITY_ENABLE_NATIVE_SHADOW_LOOKUPS UNITY_METAL_SHADOWS_USE_POINT_FILTERING UNITY_NO_SCREENSPACE_SHADOWS UNITY_PBS_USE_BRDF2 UNITY_PBS_USE_BRDF3 UNITY_NO_FULL_STANDARD_SHADER UNITY_HARDWARE_TIER1 UNITY_HARDWARE_TIER2 UNITY_HARDWARE_TIER3 UNITY_HALF_PRECISION_FRAGMENT_SHADER_REGISTERS UNITY_LIGHTMAP_DLDR_ENCODING UNITY_LIGHTMAP_RGBM_ENCODING UNITY_VIRTUAL_TEXTURING UNITY_PRETRANSFORM_TO_DISPLAY_ORIENTATION UNITY_ASTC_NORMALMAP_ENCODING SHADER_API_GLES30 flags=0 lang=3 type=Fragment platform=d3d11 reqs=227 mask=6 start=350 ok=1 outsize=1274

Cmd: compileSnippet
  insize=377 path=Packages/com.unity.postprocessing/PostProcessing/Shaders/Builtins cachingPP=1 ppOnly=0 stripLineD=0 buildPlatform=5 rsLen=0 pKW=UNITY_ENABLE_REFLECTION_BUFFERS UNITY_USE_DITHER_MASK_FOR_ALPHABLENDED_SHADOWS UNITY_PBS_USE_BRDF1 UNITY_SPECCUBE_BOX_PROJECTION UNITY_SPECCUBE_BLENDING UNITY_ENABLE_DETAIL_NORMALMAP SHADER_API_DESKTOP UNITY_COLORSPACE_GAMMA UNITY_LIGHT_PROBE_PROXY_VOLUME UNITY_LIGHTMAP_FULL_HDR uKW= dKW=UNITY_NO_DXT5nm UNITY_ENABLE_NATIVE_SHADOW_LOOKUPS UNITY_METAL_SHADOWS_USE_POINT_FILTERING UNITY_NO_SCREENSPACE_SHADOWS UNITY_PBS_USE_BRDF2 UNITY_PBS_USE_BRDF3 UNITY_NO_FULL_STANDARD_SHADER UNITY_HARDWARE_TIER1 UNITY_HARDWARE_TIER2 UNITY_HARDWARE_TIER3 UNITY_HALF_PRECISION_FRAGMENT_SHADER_REGISTERS UNITY_LIGHTMAP_DLDR_ENCODING UNITY_LIGHTMAP_RGBM_ENCODING UNITY_VIRTUAL_TEXTURING UNITY_PRETRANSFORM_TO_DISPLAY_ORIENTATION UNITY_ASTC_NORMALMAP_ENCODING SHADER_API_GLES30 flags=0 lang=3 type=Fragment platform=d3d11 reqs=4075 mask=6 start=89 ok=1 outsize=2742

Cmd: compileSnippet
  insize=345 path=Packages/com.unity.postprocessing/PostProcessing/Shaders/Builtins cachingPP=1 ppOnly=0 stripLineD=0 buildPlatform=5 rsLen=0 pKW=UNITY_ENABLE_REFLECTION_BUFFERS UNITY_USE_DITHER_MASK_FOR_ALPHABLENDED_SHADOWS UNITY_PBS_USE_BRDF1 UNITY_SPECCUBE_BOX_PROJECTION UNITY_SPECCUBE_BLENDING UNITY_ENABLE_DETAIL_NORMALMAP SHADER_API_DESKTOP UNITY_COLORSPACE_GAMMA UNITY_LIGHT_PROBE_PROXY_VOLUME UNITY_LIGHTMAP_FULL_HDR uKW= dKW=UNITY_NO_DXT5nm UNITY_ENABLE_NATIVE_SHADOW_LOOKUPS UNITY_METAL_SHADOWS_USE_POINT_FILTERING UNITY_NO_SCREENSPACE_SHADOWS UNITY_PBS_USE_BRDF2 UNITY_PBS_USE_BRDF3 UNITY_NO_FULL_STANDARD_SHADER UNITY_HARDWARE_TIER1 UNITY_HARDWARE_TIER2 UNITY_HARDWARE_TIER3 UNITY_HALF_PRECISION_FRAGMENT_SHADER_REGISTERS UNITY_LIGHTMAP_DLDR_ENCODING UNITY_LIGHTMAP_RGBM_ENCODING UNITY_VIRTUAL_TEXTURING UNITY_PRETRANSFORM_TO_DISPLAY_ORIENTATION UNITY_ASTC_NORMALMAP_ENCODING SHADER_API_GLES30 flags=0 lang=3 type=Fragment platform=d3d11 reqs=4075 mask=6 start=257 ok=1 outsize=918

Cmd: compileSnippet
  insize=1343 path=Packages/com.unity.postprocessing/PostProcessing/Shaders/Builtins cachingPP=1 ppOnly=0 stripLineD=0 buildPlatform=5 rsLen=0 pKW=UNITY_ENABLE_REFLECTION_BUFFERS UNITY_USE_DITHER_MASK_FOR_ALPHABLENDED_SHADOWS UNITY_PBS_USE_BRDF1 UNITY_SPECCUBE_BOX_PROJECTION UNITY_SPECCUBE_BLENDING UNITY_ENABLE_DETAIL_NORMALMAP SHADER_API_DESKTOP UNITY_COLORSPACE_GAMMA UNITY_LIGHT_PROBE_PROXY_VOLUME UNITY_LIGHTMAP_FULL_HDR uKW= dKW=UNITY_NO_DXT5nm UNITY_ENABLE_NATIVE_SHADOW_LOOKUPS UNITY_METAL_SHADOWS_USE_POINT_FILTERING UNITY_NO_SCREENSPACE_SHADOWS UNITY_PBS_USE_BRDF2 UNITY_PBS_USE_BRDF3 UNITY_NO_FULL_STANDARD_SHADER UNITY_HARDWARE_TIER1 UNITY_HARDWARE_TIER2 UNITY_HARDWARE_TIER3 UNITY_HALF_PRECISION_FRAGMENT_SHADER_REGISTERS UNITY_LIGHTMAP_DLDR_ENCODING UNITY_LIGHTMAP_RGBM_ENCODING UNITY_VIRTUAL_TEXTURING UNITY_PRETRANSFORM_TO_DISPLAY_ORIENTATION UNITY_ASTC_NORMALMAP_ENCODING SHADER_API_GLES30 flags=0 lang=0 type=Fragment platform=d3d11 reqs=1101803 mask=6 start=72 ok=1 outsize=2362

Cmd: compileSnippet
  insize=12390 path=Assets/DefaultResourcesExtra cachingPP=1 ppOnly=0 stripLineD=0 buildPlatform=5 rsLen=0 pKW=UNITY_ENABLE_REFLECTION_BUFFERS UNITY_USE_DITHER_MASK_FOR_ALPHABLENDED_SHADOWS UNITY_PBS_USE_BRDF1 UNITY_SPECCUBE_BOX_PROJECTION UNITY_SPECCUBE_BLENDING UNITY_ENABLE_DETAIL_NORMALMAP SHADER_API_DESKTOP UNITY_COLORSPACE_GAMMA UNITY_LIGHT_PROBE_PROXY_VOLUME UNITY_LIGHTMAP_FULL_HDR UNITY_PASS_PREPASSFINAL uKW= dKW=INSTANCING_ON FOG_LINEAR FOG_EXP FOG_EXP2 LIGHTPROBE_SH DYNAMICLIGHTMAP_ON SHADOWS_SHADOWMASK LIGHTMAP_ON DIRLIGHTMAP_COMBINED UNITY_HDR_ON UNITY_NO_DXT5nm UNITY_ENABLE_NATIVE_SHADOW_LOOKUPS UNITY_METAL_SHADOWS_USE_POINT_FILTERING UNITY_NO_SCREENSPACE_SHADOWS UNITY_PBS_USE_BRDF2 UNITY_PBS_USE_BRDF3 UNITY_NO_FULL_STANDARD_SHADER UNITY_HARDWARE_TIER1 UNITY_HARDWARE_TIER2 UNITY_HARDWARE_TIER3 UNITY_HALF_PRECISION_FRAGMENT_SHADER_REGISTERS UNITY_LIGHTMAP_DLDR_ENCODING UNITY_LIGHTMAP_RGBM_ENCODING UNITY_VIRTUAL_TEXTURING UNITY_PRETRANSFORM_TO_DISPLAY_ORIENTATION UNITY_ASTC_NORMALMAP_ENCODING SHADER_API_GLES30 flags=0 lang=0 type=Vertex platform=d3d11 reqs=33 mask=6 start=107 ok=1 outsize=2022

Cmd: compileSnippet
  insize=20588 path=Packages/com.unity.probuilder/Content/Shader cachingPP=1 ppOnly=0 stripLineD=0 buildPlatform=5 rsLen=0 pKW=UNITY_ENABLE_REFLECTION_BUFFERS UNITY_USE_DITHER_MASK_FOR_ALPHABLENDED_SHADOWS UNITY_PBS_USE_BRDF1 UNITY_SPECCUBE_BOX_PROJECTION UNITY_SPECCUBE_BLENDING UNITY_ENABLE_DETAIL_NORMALMAP SHADER_API_DESKTOP UNITY_COLORSPACE_GAMMA UNITY_LIGHT_PROBE_PROXY_VOLUME UNITY_LIGHTMAP_FULL_HDR UNITY_PASS_FORWARDBASE uKW=DIRECTIONAL dKW=INSTANCING_ON FOG_LINEAR FOG_EXP FOG_EXP2 LIGHTPROBE_SH SHADOWS_SHADOWMASK DYNAMICLIGHTMAP_ON LIGHTMAP_ON LIGHTMAP_SHADOW_MIXING DIRLIGHTMAP_COMBINED SHADOWS_SCREEN UNITY_NO_DXT5nm UNITY_ENABLE_NATIVE_SHADOW_LOOKUPS UNITY_METAL_SHADOWS_USE_POINT_FILTERING UNITY_NO_SCREENSPACE_SHADOWS UNITY_PBS_USE_BRDF2 UNITY_PBS_USE_BRDF3 UNITY_NO_FULL_STANDARD_SHADER UNITY_HARDWARE_TIER1 UNITY_HARDWARE_TIER2 UNITY_HARDWARE_TIER3 UNITY_HALF_PRECISION_FRAGMENT_SHADER_REGISTERS UNITY_LIGHTMAP_DLDR_ENCODING UNITY_LIGHTMAP_RGBM_ENCODING UNITY_VIRTUAL_TEXTURING UNITY_PRETRANSFORM_TO_DISPLAY_ORIENTATION UNITY_ASTC_NORMALMAP_ENCODING SHADER_API_GLES30 flags=0 lang=0 type=Fragment platform=d3d11 reqs=33 mask=6 start=27 ok=1 outsize=1766

Cmd: compileSnippet
  insize=3852 path=Packages/com.unity.postprocessing/PostProcessing/Shaders/Builtins cachingPP=1 ppOnly=0 stripLineD=0 buildPlatform=5 rsLen=0 pKW=UNITY_ENABLE_REFLECTION_BUFFERS UNITY_USE_DITHER_MASK_FOR_ALPHABLENDED_SHADOWS UNITY_PBS_USE_BRDF1 UNITY_SPECCUBE_BOX_PROJECTION UNITY_SPECCUBE_BLENDING UNITY_ENABLE_DETAIL_NORMALMAP SHADER_API_DESKTOP UNITY_COLORSPACE_GAMMA UNITY_LIGHT_PROBE_PROXY_VOLUME UNITY_LIGHTMAP_FULL_HDR uKW= dKW=FXAA FXAA_LOW FXAA_KEEP_ALPHA STEREO_INSTANCING_ENABLED STEREO_DOUBLEWIDE_TARGET UNITY_NO_DXT5nm UNITY_ENABLE_NATIVE_SHADOW_LOOKUPS UNITY_METAL_SHADOWS_USE_POINT_FILTERING UNITY_NO_SCREENSPACE_SHADOWS UNITY_PBS_USE_BRDF2 UNITY_PBS_USE_BRDF3 UNITY_NO_FULL_STANDARD_SHADER UNITY_HARDWARE_TIER1 UNITY_HARDWARE_TIER2 UNITY_HARDWARE_TIER3 UNITY_HALF_PRECISION_FRAGMENT_SHADER_REGISTERS UNITY_LIGHTMAP_DLDR_ENCODING UNITY_LIGHTMAP_RGBM_ENCODING UNITY_VIRTUAL_TEXTURING UNITY_PRETRANSFORM_TO_DISPLAY_ORIENTATION UNITY_ASTC_NORMALMAP_ENCODING SHADER_API_GLES30 flags=0 lang=3 type=Vertex platform=d3d11 reqs=227 mask=6 start=117 ok=1 outsize=538

Cmd: compileSnippet
  insize=433 path=Packages/com.unity.postprocessing/PostProcessing/Shaders/Builtins cachingPP=1 ppOnly=0 stripLineD=0 buildPlatform=5 rsLen=0 pKW=UNITY_ENABLE_REFLECTION_BUFFERS UNITY_USE_DITHER_MASK_FOR_ALPHABLENDED_SHADOWS UNITY_PBS_USE_BRDF1 UNITY_SPECCUBE_BOX_PROJECTION UNITY_SPECCUBE_BLENDING UNITY_ENABLE_DETAIL_NORMALMAP SHADER_API_DESKTOP UNITY_COLORSPACE_GAMMA UNITY_LIGHT_PROBE_PROXY_VOLUME UNITY_LIGHTMAP_FULL_HDR uKW= dKW=UNITY_NO_DXT5nm UNITY_ENABLE_NATIVE_SHADOW_LOOKUPS UNITY_METAL_SHADOWS_USE_POINT_FILTERING UNITY_NO_SCREENSPACE_SHADOWS UNITY_PBS_USE_BRDF2 UNITY_PBS_USE_BRDF3 UNITY_NO_FULL_STANDARD_SHADER UNITY_HARDWARE_TIER1 UNITY_HARDWARE_TIER2 UNITY_HARDWARE_TIER3 UNITY_HALF_PRECISION_FRAGMENT_SHADER_REGISTERS UNITY_LIGHTMAP_DLDR_ENCODING UNITY_LIGHTMAP_RGBM_ENCODING UNITY_VIRTUAL_TEXTURING UNITY_PRETRANSFORM_TO_DISPLAY_ORIENTATION UNITY_ASTC_NORMALMAP_ENCODING SHADER_API_GLES30 flags=0 lang=3 type=Vertex platform=d3d11 reqs=33 mask=6 start=81 ok=1 outsize=878

Cmd: compileSnippet
  insize=1336 path=Packages/com.unity.probuilder/Content/Shader cachingPP=1 ppOnly=0 stripLineD=0 buildPlatform=5 rsLen=0 pKW=UNITY_ENABLE_REFLECTION_BUFFERS UNITY_USE_DITHER_MASK_FOR_ALPHABLENDED_SHADOWS UNITY_PBS_USE_BRDF1 UNITY_SPECCUBE_BOX_PROJECTION UNITY_SPECCUBE_BLENDING UNITY_ENABLE_DETAIL_NORMALMAP SHADER_API_DESKTOP UNITY_COLORSPACE_GAMMA UNITY_LIGHT_PROBE_PROXY_VOLUME UNITY_LIGHTMAP_FULL_HDR uKW= dKW=UNITY_NO_DXT5nm UNITY_ENABLE_NATIVE_SHADOW_LOOKUPS UNITY_METAL_SHADOWS_USE_POINT_FILTERING UNITY_NO_SCREENSPACE_SHADOWS UNITY_PBS_USE_BRDF2 UNITY_PBS_USE_BRDF3 UNITY_NO_FULL_STANDARD_SHADER UNITY_HARDWARE_TIER1 UNITY_HARDWARE_TIER2 UNITY_HARDWARE_TIER3 UNITY_HALF_PRECISION_FRAGMENT_SHADER_REGISTERS UNITY_LIGHTMAP_DLDR_ENCODING UNITY_LIGHTMAP_RGBM_ENCODING UNITY_VIRTUAL_TEXTURING UNITY_PRETRANSFORM_TO_DISPLAY_ORIENTATION UNITY_ASTC_NORMALMAP_ENCODING SHADER_API_GLES30 flags=0 lang=0 type=Fragment platform=d3d11 reqs=33 mask=6 start=14 ok=1 outsize=250

Cmd: compileSnippet
  insize=15661 path=Packages/com.unity.probuilder/Content/Shader cachingPP=1 ppOnly=0 stripLineD=0 buildPlatform=5 rsLen=0 pKW=UNITY_ENABLE_REFLECTION_BUFFERS UNITY_USE_DITHER_MASK_FOR_ALPHABLENDED_SHADOWS UNITY_PBS_USE_BRDF1 UNITY_SPECCUBE_BOX_PROJECTION UNITY_SPECCUBE_BLENDING UNITY_ENABLE_DETAIL_NORMALMAP SHADER_API_DESKTOP UNITY_COLORSPACE_GAMMA UNITY_LIGHT_PROBE_PROXY_VOLUME UNITY_LIGHTMAP_FULL_HDR UNITY_PASS_DEFERRED uKW= dKW=INSTANCING_ON LIGHTPROBE_SH DYNAMICLIGHTMAP_ON SHADOWS_SHADOWMASK LIGHTMAP_ON DIRLIGHTMAP_COMBINED UNITY_HDR_ON UNITY_NO_DXT5nm UNITY_ENABLE_NATIVE_SHADOW_LOOKUPS UNITY_METAL_SHADOWS_USE_POINT_FILTERING UNITY_NO_SCREENSPACE_SHADOWS UNITY_PBS_USE_BRDF2 UNITY_PBS_USE_BRDF3 UNITY_NO_FULL_STANDARD_SHADER UNITY_HARDWARE_TIER1 UNITY_HARDWARE_TIER2 UNITY_HARDWARE_TIER3 UNITY_HALF_PRECISION_FRAGMENT_SHADER_REGISTERS UNITY_LIGHTMAP_DLDR_ENCODING UNITY_LIGHTMAP_RGBM_ENCODING UNITY_VIRTUAL_TEXTURING UNITY_PRETRANSFORM_TO_DISPLAY_ORIENTATION UNITY_ASTC_NORMALMAP_ENCODING SHADER_API_GLES30 flags=0 lang=0 type=Fragment platform=d3d11 reqs=227 mask=6 start=150 ok=1 outsize=942

Cmd: compileSnippet
  insize=1284 path=Assets/DefaultResourcesExtra cachingPP=1 ppOnly=0 stripLineD=0 buildPlatform=5 rsLen=0 pKW=UNITY_ENABLE_REFLECTION_BUFFERS UNITY_USE_DITHER_MASK_FOR_ALPHABLENDED_SHADOWS UNITY_PBS_USE_BRDF1 UNITY_SPECCUBE_BOX_PROJECTION UNITY_SPECCUBE_BLENDING UNITY_ENABLE_DETAIL_NORMALMAP SHADER_API_DESKTOP UNITY_COLORSPACE_GAMMA UNITY_LIGHT_PROBE_PROXY_VOLUME UNITY_LIGHTMAP_FULL_HDR UNITY_PASS_FORWARDBASE uKW=DIRECTIONAL dKW=_EMISSION FOG_LINEAR FOG_EXP FOG_EXP2 _NORMALMAP _ALPHATEST_ON _ALPHABLEND_ON _ALPHAPREMULTIPLY_ON _METALLICGLOSSMAP _SMOOTHNESS_TEXTURE_ALBEDO_CHANNEL_A _SPECULARHIGHLIGHTS_OFF _GLOSSYREFLECTIONS_OFF LIGHTPROBE_SH SHADOWS_SHADOWMASK DYNAMICLIGHTMAP_ON LIGHTMAP_ON LIGHTMAP_SHADOW_MIXING SHADOWS_SCREEN UNITY_NO_DXT5nm UNITY_ENABLE_NATIVE_SHADOW_LOOKUPS UNITY_METAL_SHADOWS_USE_POINT_FILTERING UNITY_NO_SCREENSPACE_SHADOWS UNITY_PBS_USE_BRDF2 UNITY_PBS_USE_BRDF3 UNITY_NO_FULL_STANDARD_SHADER UNITY_HARDWARE_TIER1 UNITY_HARDWARE_TIER2 UNITY_HARDWARE_TIER3 UNITY_HALF_PRECISION_FRAGMENT_SHADER_REGISTERS UNITY_LIGHTMAP_DLDR_ENCODING UNITY_LIGHTMAP_RGBM_ENCODING UNITY_VIRTUAL_TEXTURING UNITY_PRETRANSFORM_TO_DISPLAY_ORIENTATION UNITY_ASTC_NORMALMAP_ENCODING SHADER_API_GLES30 flags=0 lang=0 type=Fragment platform=d3d11 reqs=1 mask=6 start=237 ok=1 outsize=2710

Cmd: compileSnippet
  insize=405 path=Packages/com.unity.postprocessing/PostProcessing/Shaders/Builtins cachingPP=1 ppOnly=0 stripLineD=0 buildPlatform=5 rsLen=0 pKW=UNITY_ENABLE_REFLECTION_BUFFERS UNITY_USE_DITHER_MASK_FOR_ALPHABLENDED_SHADOWS UNITY_PBS_USE_BRDF1 UNITY_SPECCUBE_BOX_PROJECTION UNITY_SPECCUBE_BLENDING UNITY_ENABLE_DETAIL_NORMALMAP SHADER_API_DESKTOP UNITY_COLORSPACE_GAMMA UNITY_LIGHT_PROBE_PROXY_VOLUME UNITY_LIGHTMAP_FULL_HDR uKW= dKW=UNITY_NO_DXT5nm UNITY_ENABLE_NATIVE_SHADOW_LOOKUPS UNITY_METAL_SHADOWS_USE_POINT_FILTERING UNITY_NO_SCREENSPACE_SHADOWS UNITY_PBS_USE_BRDF2 UNITY_PBS_USE_BRDF3 UNITY_NO_FULL_STANDARD_SHADER UNITY_HARDWARE_TIER1 UNITY_HARDWARE_TIER2 UNITY_HARDWARE_TIER3 UNITY_HALF_PRECISION_FRAGMENT_SHADER_REGISTERS UNITY_LIGHTMAP_DLDR_ENCODING UNITY_LIGHTMAP_RGBM_ENCODING UNITY_VIRTUAL_TEXTURING UNITY_PRETRANSFORM_TO_DISPLAY_ORIENTATION UNITY_ASTC_NORMALMAP_ENCODING SHADER_API_GLES30 flags=0 lang=3 type=Vertex platform=d3d11 reqs=227 mask=6 start=106 ok=1 outsize=554

Cmd: compileSnippet
  insize=10591 path=Packages/com.unity.postprocessing/PostProcessing/Shaders/Builtins cachingPP=1 ppOnly=0 stripLineD=0 buildPlatform=5 rsLen=0 pKW=UNITY_ENABLE_REFLECTION_BUFFERS UNITY_USE_DITHER_MASK_FOR_ALPHABLENDED_SHADOWS UNITY_PBS_USE_BRDF1 UNITY_SPECCUBE_BOX_PROJECTION UNITY_SPECCUBE_BLENDING UNITY_ENABLE_DETAIL_NORMALMAP SHADER_API_DESKTOP UNITY_COLORSPACE_GAMMA UNITY_LIGHT_PROBE_PROXY_VOLUME UNITY_LIGHTMAP_FULL_HDR uKW= dKW=UNITY_NO_DXT5nm UNITY_ENABLE_NATIVE_SHADOW_LOOKUPS UNITY_METAL_SHADOWS_USE_POINT_FILTERING UNITY_NO_SCREENSPACE_SHADOWS UNITY_PBS_USE_BRDF2 UNITY_PBS_USE_BRDF3 UNITY_NO_FULL_STANDARD_SHADER UNITY_HARDWARE_TIER1 UNITY_HARDWARE_TIER2 UNITY_HARDWARE_TIER3 UNITY_HALF_PRECISION_FRAGMENT_SHADER_REGISTERS UNITY_LIGHTMAP_DLDR_ENCODING UNITY_LIGHTMAP_RGBM_ENCODING UNITY_VIRTUAL_TEXTURING UNITY_PRETRANSFORM_TO_DISPLAY_ORIENTATION UNITY_ASTC_NORMALMAP_ENCODING SHADER_API_GLES30 flags=0 lang=3 type=Vertex platform=d3d11 reqs=227 mask=6 start=269 ok=1 outsize=554

Cmd: compileSnippet
  insize=1931 path=Packages/com.unity.postprocessing/PostProcessing/Shaders/Builtins cachingPP=1 ppOnly=0 stripLineD=0 buildPlatform=5 rsLen=0 pKW=UNITY_ENABLE_REFLECTION_BUFFERS UNITY_USE_DITHER_MASK_FOR_ALPHABLENDED_SHADOWS UNITY_PBS_USE_BRDF1 UNITY_SPECCUBE_BOX_PROJECTION UNITY_SPECCUBE_BLENDING UNITY_ENABLE_DETAIL_NORMALMAP SHADER_API_DESKTOP UNITY_COLORSPACE_GAMMA UNITY_LIGHT_PROBE_PROXY_VOLUME UNITY_LIGHTMAP_FULL_HDR uKW= dKW=UNITY_NO_DXT5nm UNITY_ENABLE_NATIVE_SHADOW_LOOKUPS UNITY_METAL_SHADOWS_USE_POINT_FILTERING UNITY_NO_SCREENSPACE_SHADOWS UNITY_PBS_USE_BRDF2 UNITY_PBS_USE_BRDF3 UNITY_NO_FULL_STANDARD_SHADER UNITY_HARDWARE_TIER1 UNITY_HARDWARE_TIER2 UNITY_HARDWARE_TIER3 UNITY_HALF_PRECISION_FRAGMENT_SHADER_REGISTERS UNITY_LIGHTMAP_DLDR_ENCODING UNITY_LIGHTMAP_RGBM_ENCODING UNITY_VIRTUAL_TEXTURING UNITY_PRETRANSFORM_TO_DISPLAY_ORIENTATION UNITY_ASTC_NORMALMAP_ENCODING SHADER_API_GLES30 flags=0 lang=0 type=Fragment platform=d3d11 reqs=33 mask=6 start=86 ok=1 outsize=298

Cmd: compileSnippet
  insize=5960 path=Packages/com.unity.postprocessing/PostProcessing/Shaders/Builtins cachingPP=1 ppOnly=0 stripLineD=0 buildPlatform=5 rsLen=0 pKW=UNITY_ENABLE_REFLECTION_BUFFERS UNITY_USE_DITHER_MASK_FOR_ALPHABLENDED_SHADOWS UNITY_PBS_USE_BRDF1 UNITY_SPECCUBE_BOX_PROJECTION UNITY_SPECCUBE_BLENDING UNITY_ENABLE_DETAIL_NORMALMAP SHADER_API_DESKTOP UNITY_COLORSPACE_GAMMA UNITY_LIGHT_PROBE_PROXY_VOLUME UNITY_LIGHTMAP_FULL_HDR uKW= dKW=UNITY_NO_DXT5nm UNITY_ENABLE_NATIVE_SHADOW_LOOKUPS UNITY_METAL_SHADOWS_USE_POINT_FILTERING UNITY_NO_SCREENSPACE_SHADOWS UNITY_PBS_USE_BRDF2 UNITY_PBS_USE_BRDF3 UNITY_NO_FULL_STANDARD_SHADER UNITY_HARDWARE_TIER1 UNITY_HARDWARE_TIER2 UNITY_HARDWARE_TIER3 UNITY_HALF_PRECISION_FRAGMENT_SHADER_REGISTERS UNITY_LIGHTMAP_DLDR_ENCODING UNITY_LIGHTMAP_RGBM_ENCODING UNITY_VIRTUAL_TEXTURING UNITY_PRETRANSFORM_TO_DISPLAY_ORIENTATION UNITY_ASTC_NORMALMAP_ENCODING SHADER_API_GLES30 flags=0 lang=3 type=Vertex platform=d3d11 reqs=33 mask=6 start=146 ok=1 outsize=554

Cmd: compileSnippet
  insize=1602 path=Packages/com.unity.postprocessing/PostProcessing/Shaders/Debug cachingPP=1 ppOnly=0 stripLineD=0 buildPlatform=5 rsLen=0 pKW=UNITY_ENABLE_REFLECTION_BUFFERS UNITY_USE_DITHER_MASK_FOR_ALPHABLENDED_SHADOWS UNITY_PBS_USE_BRDF1 UNITY_SPECCUBE_BOX_PROJECTION UNITY_SPECCUBE_BLENDING UNITY_ENABLE_DETAIL_NORMALMAP SHADER_API_DESKTOP UNITY_COLORSPACE_GAMMA UNITY_LIGHT_PROBE_PROXY_VOLUME UNITY_LIGHTMAP_FULL_HDR uKW= dKW=UNITY_NO_DXT5nm UNITY_ENABLE_NATIVE_SHADOW_LOOKUPS UNITY_METAL_SHADOWS_USE_POINT_FILTERING UNITY_NO_SCREENSPACE_SHADOWS UNITY_PBS_USE_BRDF2 UNITY_PBS_USE_BRDF3 UNITY_NO_FULL_STANDARD_SHADER UNITY_HARDWARE_TIER1 UNITY_HARDWARE_TIER2 UNITY_HARDWARE_TIER3 UNITY_HALF_PRECISION_FRAGMENT_SHADER_REGISTERS UNITY_LIGHTMAP_DLDR_ENCODING UNITY_LIGHTMAP_RGBM_ENCODING UNITY_VIRTUAL_TEXTURING UNITY_PRETRANSFORM_TO_DISPLAY_ORIENTATION UNITY_ASTC_NORMALMAP_ENCODING SHADER_API_GLES30 flags=0 lang=3 type=Fragment platform=d3d11 reqs=1101803 mask=6 start=51 ok=1 outsize=1034

Cmd: compileSnippet
  insize=4613 path=Packages/com.unity.postprocessing/PostProcessing/Shaders/Builtins cachingPP=1 ppOnly=0 stripLineD=0 buildPlatform=5 rsLen=0 pKW=UNITY_ENABLE_REFLECTION_BUFFERS UNITY_USE_DITHER_MASK_FOR_ALPHABLENDED_SHADOWS UNITY_PBS_USE_BRDF1 UNITY_SPECCUBE_BOX_PROJECTION UNITY_SPECCUBE_BLENDING UNITY_ENABLE_DETAIL_NORMALMAP SHADER_API_DESKTOP UNITY_COLORSPACE_GAMMA UNITY_LIGHT_PROBE_PROXY_VOLUME UNITY_LIGHTMAP_FULL_HDR uKW= dKW=UNITY_NO_DXT5nm UNITY_ENABLE_NATIVE_SHADOW_LOOKUPS UNITY_METAL_SHADOWS_USE_POINT_FILTERING UNITY_NO_SCREENSPACE_SHADOWS UNITY_PBS_USE_BRDF2 UNITY_PBS_USE_BRDF3 UNITY_NO_FULL_STANDARD_SHADER UNITY_HARDWARE_TIER1 UNITY_HARDWARE_TIER2 UNITY_HARDWARE_TIER3 UNITY_HALF_PRECISION_FRAGMENT_SHADER_REGISTERS UNITY_LIGHTMAP_DLDR_ENCODING UNITY_LIGHTMAP_RGBM_ENCODING UNITY_VIRTUAL_TEXTURING UNITY_PRETRANSFORM_TO_DISPLAY_ORIENTATION UNITY_ASTC_NORMALMAP_ENCODING SHADER_API_GLES30 flags=0 lang=3 type=Vertex platform=d3d11 reqs=33 mask=6 start=186 ok=1 outsize=554

Cmd: compileSnippet
  insize=2987 path=Packages/com.unity.postprocessing/PostProcessing/Shaders/Builtins cachingPP=1 ppOnly=0 stripLineD=0 buildPlatform=5 rsLen=0 pKW=UNITY_ENABLE_REFLECTION_BUFFERS UNITY_USE_DITHER_MASK_FOR_ALPHABLENDED_SHADOWS UNITY_PBS_USE_BRDF1 UNITY_SPECCUBE_BOX_PROJECTION UNITY_SPECCUBE_BLENDING UNITY_ENABLE_DETAIL_NORMALMAP SHADER_API_DESKTOP UNITY_COLORSPACE_GAMMA UNITY_LIGHT_PROBE_PROXY_VOLUME UNITY_LIGHTMAP_FULL_HDR uKW= dKW=UNITY_NO_DXT5nm UNITY_ENABLE_NATIVE_SHADOW_LOOKUPS UNITY_METAL_SHADOWS_USE_POINT_FILTERING UNITY_NO_SCREENSPACE_SHADOWS UNITY_PBS_USE_BRDF2 UNITY_PBS_USE_BRDF3 UNITY_NO_FULL_STANDARD_SHADER UNITY_HARDWARE_TIER1 UNITY_HARDWARE_TIER2 UNITY_HARDWARE_TIER3 UNITY_HALF_PRECISION_FRAGMENT_SHADER_REGISTERS UNITY_LIGHTMAP_DLDR_ENCODING UNITY_LIGHTMAP_RGBM_ENCODING UNITY_VIRTUAL_TEXTURING UNITY_PRETRANSFORM_TO_DISPLAY_ORIENTATION UNITY_ASTC_NORMALMAP_ENCODING SHADER_API_GLES30 flags=0 lang=3 type=Fragment platform=d3d11 reqs=227 mask=6 start=96 ok=1 outsize=17178

Cmd: compileComputeKernel
  insize=9889 path=G:/Unity3D_Project/Unity_Project/0_basic_2021/Library/PackageCache/com.unity.barracuda@0.5.0-preview/Barracuda/Core/Resources/Broadcast.compute kernel=BroadcastGreater cachingPP=1 ppOnly=0 stripLineD=0 buildPlatform=5 km=<UNITY_VERSION=202027> pKW=UNITY_ENABLE_REFLECTION_BUFFERS UNITY_USE_DITHER_MASK_FOR_ALPHABLENDED_SHADOWS UNITY_PBS_USE_BRDF1 UNITY_SPECCUBE_BOX_PROJECTION UNITY_SPECCUBE_BLENDING UNITY_ENABLE_DETAIL_NORMALMAP SHADER_API_DESKTOP UNITY_COLORSPACE_GAMMA UNITY_LIGHT_PROBE_PROXY_VOLUME UNITY_LIGHTMAP_FULL_HDR uKW=SHADER_STAGE_COMPUTE platform=d3d11 flags=0  error: 1 plat 25 at Broadcast.compute(26): Cannot concatenate 'B' and '.'
  error: 1 plat 25 at Broadcast.compute(26): Cannot concatenate 'O' and '.'
  error: 1 plat 25 at Broadcast.compute(26): Cannot concatenate 'X' and '.'
  error: 1 plat 25 at Broadcast.compute(44): Cannot concatenate 'B' and '.'
  error: 1 plat 25 at Broadcast.compute(44): Cannot concatenate 'O' and '.'
  error: 1 plat 25 at Broadcast.compute(44): Cannot concatenate 'X' and '.'
  error: 1 plat 25 at Broadcast.compute(62): Cannot concatenate 'B' and '.'
  error: 1 plat 25 at Broadcast.compute(62): Cannot concatenate 'O' and '.'
  error: 1 plat 25 at Broadcast.compute(62): Cannot concatenate 'X' and '.'
  error: 1 plat 25 at Broadcast.compute(80): Cannot concatenate 'B' and '.'
  error: 1 plat 25 at Broadcast.compute(80): Cannot concatenate 'O' and '.'
  error: 1 plat 25 at Broadcast.compute(80): Cannot concatenate 'X' and '.'
  error: 1 plat 25 at Broadcast.compute(108): Cannot concatenate 'B' and '.'
  error: 1 plat 25 at Broadcast.compute(108): Cannot concatenate 'O' and '.'
  error: 1 plat 25 at Broadcast.compute(108): Cannot concatenate 'X' and '.'
  error: 1 plat 25 at Broadcast.compute(126): Cannot concatenate 'B' and '.'
  error: 1 plat 25 at Broadcast.compute(126): Cannot concatenate 'O' and '.'
  error: 1 plat 25 at Broadcast.compute(126): Cannot concatenate 'X' and '.'
  error: 1 plat 25 at Broadcast.compute(144): Cannot concatenate 'B' and '.'
  error: 1 plat 25 at Broadcast.compute(144): Cannot concatenate 'O' and '.'
  error: 1 plat 25 at Broadcast.compute(144): Cannot concatenate 'X' and '.'
  error: 1 plat 25 at Broadcast.compute(163): Cannot concatenate 'B' and '.'
  error: 1 plat 25 at Broadcast.compute(163): Cannot concatenate 'O' and '.'
  error: 1 plat 25 at Broadcast.compute(163): Cannot concatenate 'X' and '.'
  error: 1 plat 25 at Broadcast.compute(188): Cannot concatenate 'B' and '.'
  error: 1 plat 25 at Broadcast.compute(188): Cannot concatenate 'O' and '.'
  error: 1 plat 25 at Broadcast.compute(188): Cannot concatenate 'X' and '.'
  error: 1 plat 25 at Broadcast.compute(213): Cannot concatenate 'B' and '.'
  error: 1 plat 25 at Broadcast.compute(213): Cannot concatenate 'O' and '.'
  error: 1 plat 25 at Broadcast.compute(213): Cannot concatenate 'X' and '.'
  error: 1 plat 25 at Broadcast.compute(238): Cannot concatenate 'B' and '.'
  error: 1 plat 25 at Broadcast.compute(238): Cannot concatenate 'O' and '.'
  error: 1 plat 25 at Broadcast.compute(238): Cannot concatenate 'X' and '.'
  error: 1 plat 25 at Broadcast.compute(263): Cannot concatenate 'B' and '.'
  error: 1 plat 25 at Broadcast.compute(263): Cannot concatenate 'O' and '.'
  error: 1 plat 25 at Broadcast.compute(263): Cannot concatenate 'X' and '.'
  error: 1 plat 25 at Broadcast.compute(288): Cannot concatenate 'B' and '.'
  error: 1 plat 25 at Broadcast.compute(288): Cannot concatenate 'O' and '.'
  error: 1 plat 25 at Broadcast.compute(288): Cannot concatenate 'X' and '.'
  error: 1 plat 25 at Broadcast.compute(313): Cannot concatenate 'B' and '.'
  error: 1 plat 25 at Broadcast.compute(313): Cannot concatenate 'O' and '.'
  error: 1 plat 25 at Broadcast.compute(313): Cannot concatenate 'X' and '.'
  error: 1 plat 25 at Broadcast.compute(338): Cannot concatenate 'B' and '.'
  error: 1 plat 25 at Broadcast.compute(338): Cannot concatenate 'O' and '.'
  error: 1 plat 25 at Broadcast.compute(338): Cannot concatenate 'X' and '.'
 ok=1 outsize=1911

Cmd: compileComputeKernel
  insize=3168 path=G:/Unity3D_Project/Unity_Project/0_basic_2021/Library/PackageCache/com.unity.postprocessing@2.3.0/PostProcessing/Shaders/Builtins/ExposureHistogram.compute kernel=KEyeHistogramClear cachingPP=1 ppOnly=0 stripLineD=0 buildPlatform=5 km=<UNITY_VERSION=202027> pKW=UNITY_ENABLE_REFLECTION_BUFFERS UNITY_USE_DITHER_MASK_FOR_ALPHABLENDED_SHADOWS UNITY_PBS_USE_BRDF1 UNITY_SPECCUBE_BOX_PROJECTION UNITY_SPECCUBE_BLENDING UNITY_ENABLE_DETAIL_NORMALMAP SHADER_API_DESKTOP UNITY_COLORSPACE_GAMMA UNITY_LIGHT_PROBE_PROXY_VOLUME UNITY_LIGHTMAP_FULL_HDR uKW=SHADER_STAGE_COMPUTE platform=d3d11 flags=0 ok=1 outsize=375

Cmd: compileComputeKernel
  insize=1499 path=G:/Unity3D_Project/Unity_Project/0_basic_2021/Library/PackageCache/com.unity.postprocessing@2.3.0/PostProcessing/Shaders/Debug/Vectorscope.compute kernel=KVectorscopeClear cachingPP=1 ppOnly=0 stripLineD=0 buildPlatform=5 km=<UNITY_VERSION=202027> pKW=UNITY_ENABLE_REFLECTION_BUFFERS UNITY_USE_DITHER_MASK_FOR_ALPHABLENDED_SHADOWS UNITY_PBS_USE_BRDF1 UNITY_SPECCUBE_BOX_PROJECTION UNITY_SPECCUBE_BLENDING UNITY_ENABLE_DETAIL_NORMALMAP SHADER_API_DESKTOP UNITY_COLORSPACE_GAMMA UNITY_LIGHT_PROBE_PROXY_VOLUME UNITY_LIGHTMAP_FULL_HDR uKW=SHADER_STAGE_COMPUTE platform=d3d11 flags=0 ok=1 outsize=603

Cmd: compileComputeKernel
  insize=31879 path=G:/Unity3D_Project/Unity_Project/0_basic_2021/Library/PackageCache/com.unity.barracuda@0.5.0-preview/Barracuda/Core/Resources/Conv.compute kernel=Conv2DKernelKxK_StrictC16K64_T16x16_R4x4 cachingPP=1 ppOnly=0 stripLineD=0 buildPlatform=5 km=<BLOCK_SIZE=4>,<STRICT_CHANNELS=1>,<SUFFIX=KernelKxK_StrictC16K64_T16x16_R>,<UNITY_VERSION=202027> pKW=UNITY_ENABLE_REFLECTION_BUFFERS UNITY_USE_DITHER_MASK_FOR_ALPHABLENDED_SHADOWS UNITY_PBS_USE_BRDF1 UNITY_SPECCUBE_BOX_PROJECTION UNITY_SPECCUBE_BLENDING UNITY_ENABLE_DETAIL_NORMALMAP SHADER_API_DESKTOP UNITY_COLORSPACE_GAMMA UNITY_LIGHT_PROBE_PROXY_VOLUME UNITY_LIGHTMAP_FULL_HDR uKW=SHADER_STAGE_COMPUTE platform=d3d11 flags=0  error: 1 plat 25 at Conv.compute(55): Cannot concatenate 'B' and '.'
  error: 1 plat 25 at Conv.compute(55): Cannot concatenate 'K' and '.'
  error: 1 plat 25 at Conv.compute(55): Cannot concatenate 'O' and '.'
  error: 1 plat 25 at Conv.compute(55): Cannot concatenate 'X' and '.'
  error: 1 plat 25 at Conv.compute(299): Cannot concatenate 'B' and '.'
  error: 1 plat 25 at Conv.compute(299): Cannot concatenate 'K' and '.'
  error: 1 plat 25 at Conv.compute(299): Cannot concatenate 'O' and '.'
  error: 1 plat 25 at Conv.compute(299): Cannot concatenate 'X' and '.'
  error: 1 plat 25 at Conv.compute(340): Cannot concatenate 'B' and '.'
  error: 1 plat 25 at Conv.compute(340): Cannot concatenate 'K' and '.'
  error: 1 plat 25 at Conv.compute(340): Cannot concatenate 'O' and '.'
  error: 1 plat 25 at Conv.compute(340): Cannot concatenate 'X' and '.'
  error: 1 plat 25 at Conv.compute(452): Cannot concatenate 'B' and '.'
  error: 1 plat 25 at Conv.compute(452): Cannot concatenate 'K' and '.'
  error: 1 plat 25 at Conv.compute(452): Cannot concatenate 'O' and '.'
  error: 1 plat 25 at Conv.compute(452): Cannot concatenate 'X' and '.'
  error: 1 plat 25 at Conv.compute(453): Cannot concatenate 'B' and '.'
  error: 1 plat 25 at Conv.compute(453): Cannot concatenate 'K' and '.'
  error: 1 plat 25 at Conv.compute(453): Cannot concatenate 'O' and '.'
  error: 1 plat 25 at Conv.compute(453): Cannot concatenate 'X' and '.'
  error: 1 plat 25 at Conv.compute(461): Cannot concatenate 'B' and '.'
  error: 1 plat 25 at Conv.compute(461): Cannot concatenate 'K' and '.'
  error: 1 plat 25 at Conv.compute(461): Cannot concatenate 'O' and '.'
  error: 1 plat 25 at Conv.compute(461): Cannot concatenate 'X' and '.'
  error: 1 plat 25 at Conv.compute(527): Cannot concatenate 'B' and '.'
  error: 1 plat 25 at Conv.compute(527): Cannot concatenate 'K' and '.'
  error: 1 plat 25 at Conv.compute(527): Cannot concatenate 'O' and '.'
  error: 1 plat 25 at Conv.compute(527): Cannot concatenate 'X' and '.'
  error: 1 plat 25 at Conv.compute(654): Cannot concatenate 'O' and '.'
  error: 1 plat 25 at Conv.compute(654): Cannot concatenate 'X' and '.'
  error: 1 plat 25 at Conv.compute(720): Cannot concatenate 'B' and '.'
  error: 1 plat 25 at Conv.compute(720): Cannot concatenate 'K' and '.'
  error: 1 plat 25 at Conv.compute(720): Cannot concatenate 'O' and '.'
  error: 1 plat 25 at Conv.compute(720): Cannot concatenate 'X' and '.'
 ok=1 outsize=10712

Cmd: compileComputeKernel
  insize=47541 path=G:/Unity3D_Project/Unity_Project/0_basic_2021/Library/PackageCache/com.unity.barracuda@0.5.0-preview/Barracuda/Core/Resources/BarracudaReferenceImpl.compute kernel=BroadcastMax cachingPP=1 ppOnly=0 stripLineD=0 buildPlatform=5 km=<UNITY_VERSION=202027> pKW=UNITY_ENABLE_REFLECTION_BUFFERS UNITY_USE_DITHER_MASK_FOR_ALPHABLENDED_SHADOWS UNITY_PBS_USE_BRDF1 UNITY_SPECCUBE_BOX_PROJECTION UNITY_SPECCUBE_BLENDING UNITY_ENABLE_DETAIL_NORMALMAP SHADER_API_DESKTOP UNITY_COLORSPACE_GAMMA UNITY_LIGHT_PROBE_PROXY_VOLUME UNITY_LIGHTMAP_FULL_HDR uKW=SHADER_STAGE_COMPUTE platform=d3d11 flags=0  error: 1 plat 25 at BarracudaReferenceImpl.compute(84): Cannot concatenate 'B' and '.'
  error: 1 plat 25 at BarracudaReferenceImpl.compute(84): Cannot concatenate 'O' and '.'
  error: 1 plat 25 at BarracudaReferenceImpl.compute(84): Cannot concatenate 'W' and '.'
  error: 1 plat 25 at BarracudaReferenceImpl.compute(84): Cannot concatenate 'X' and '.'
  error: 1 plat 25 at BarracudaReferenceImpl.compute(103): Cannot concatenate 'O' and '.'
  error: 1 plat 25 at BarracudaReferenceImpl.compute(103): Cannot concatenate 'X' and '.'
  error: 1 plat 25 at BarracudaReferenceImpl.compute(126): Cannot concatenate 'O' and '.'
  error: 1 plat 25 at BarracudaReferenceImpl.compute(126): Cannot concatenate 'W' and '.'
  error: 1 plat 25 at BarracudaReferenceImpl.compute(126): Cannot concatenate 'X' and '.'
  error: 1 plat 25 at BarracudaReferenceImpl.compute(150): Cannot concatenate 'O' and '.'
  error: 1 plat 25 at BarracudaReferenceImpl.compute(150): Cannot concatenate 'X' and '.'
  error: 1 plat 25 at BarracudaReferenceImpl.compute(173): Cannot concatenate 'O' and '.'
  error: 1 plat 25 at BarracudaReferenceImpl.compute(173): Cannot concatenate 'X' and '.'
  error: 1 plat 25 at BarracudaReferenceImpl.compute(195): Cannot concatenate 'O' and '.'
  error: 1 plat 25 at BarracudaReferenceImpl.compute(195): Cannot concatenate 'X' and '.'
  error: 1 plat 25 at BarracudaReferenceImpl.compute(217): Cannot concatenate 'O' and '.'
  error: 1 plat 25 at BarracudaReferenceImpl.compute(217): Cannot concatenate 'X' and '.'
  error: 1 plat 25 at BarracudaReferenceImpl.compute(239): Cannot concatenate 'O' and '.'
  error: 1 plat 25 at BarracudaReferenceImpl.compute(239): Cannot concatenate 'X' and '.'
  error: 1 plat 25 at BarracudaReferenceImpl.compute(257): Cannot concatenate 'O' and '.'
  error: 1 plat 25 at BarracudaReferenceImpl.compute(257): Cannot concatenate 'X' and '.'
  error: 1 plat 25 at BarracudaReferenceImpl.compute(274): Cannot concatenate 'O' and '.'
  error: 1 plat 25 at BarracudaReferenceImpl.compute(274): Cannot concatenate 'X' and '.'
  error: 1 plat 25 at BarracudaReferenceImpl.compute(291): Cannot concatenate 'O' and '.'
  error: 1 plat 25 at BarracudaReferenceImpl.compute(291): Cannot concatenate 'X' and '.'
  error: 1 plat 25 at BarracudaReferenceImpl.compute(309): Cannot concatenate 'O' and '.'
  error: 1 plat 25 at BarracudaReferenceImpl.compute(309): Cannot concatenate 'X' and '.'
  error: 1 plat 25 at BarracudaReferenceImpl.compute(326): Cannot concatenate 'O' and '.'
  error: 1 plat 25 at BarracudaReferenceImpl.compute(326): Cannot concatenate 'X' and '.'
  error: 1 plat 25 at BarracudaReferenceImpl.compute(343): Cannot concatenate 'O' and '.'
  error: 1 plat 25 at BarracudaReferenceImpl.compute(343): Cannot concatenate 'X' and '.'
  error: 1 plat 25 at BarracudaReferenceImpl.compute(360): Cannot concatenate 'O' and '.'
  error: 1 plat 25 at BarracudaReferenceImpl.compute(360): Cannot concatenate 'X' and '.'
  error: 1 plat 25 at BarracudaReferenceImpl.compute(387): Cannot concatenate 'O' and '.'
  error: 1 plat 25 at BarracudaReferenceImpl.compute(387): Cannot concatenate 'X' and '.'
  error: 1 plat 25 at BarracudaReferenceImpl.compute(404): Cannot concatenate 'O' and '.'
  error: 1 plat 25 at BarracudaReferenceImpl.compute(404): Cannot concatenate 'X' and '.'
  error: 1 plat 25 at BarracudaReferenceImpl.compute(421): Cannot concatenate 'B' and '.'
  error: 1 plat 25 at BarracudaReferenceImpl.compute(421): Cannot concatenate 'O' and '.'
  error: 1 plat 25 at BarracudaReferenceImpl.compute(421): Cannot concatenate 'X' and '.'
  error: 1 plat 25 at BarracudaReferenceImpl.compute(439): Cannot concatenate 'B' and '.'
  error: 1 plat 25 at BarracudaReferenceImpl.compute(439): Cannot concatenate 'O' and '.'
  error: 1 plat 25 at BarracudaReferenceImpl.compute(439): Cannot concatenate 'X' and '.'
  error: 1 plat 25 at BarracudaReferenceImpl.compute(457): Cannot concatenate 'B' and '.'
  error: 1 plat 25 at BarracudaReferenceImpl.compute(457): Cannot concatenate 'O' and '.'
  error: 1 plat 25 at BarracudaReferenceImpl.compute(457): Cannot concatenate 'X' and '.'
  error: 1 plat 25 at BarracudaReferenceImpl.compute(475): Cannot concatenate 'B' and '.'
  error: 1 plat 25 at BarracudaReferenceImpl.compute(475): Cannot concatenate 'O' and '.'
  error: 1 plat 25 at BarracudaReferenceImpl.compute(475): Cannot concatenate 'X' and '.'
  error: 1 plat 25 at BarracudaReferenceImpl.compute(493): Cannot concatenate 'B' and '.'
  error: 1 plat 25 at BarracudaReferenceImpl.compute(493): Cannot concatenate 'O' and '.'
  error: 1 plat 25 at BarracudaReferenceImpl.compute(493): Cannot concatenate 'X' and '.'
  error: 1 plat 25 at BarracudaReferenceImpl.compute(511): Cannot concatenate 'B' and '.'
  error: 1 plat 25 at BarracudaReferenceImpl.compute(511): Cannot concatenate 'O' and '.'
  error: 1 plat 25 at BarracudaReferenceImpl.compute(511): Cannot concatenate 'X' and '.'
  error: 1 plat 25 at BarracudaReferenceImpl.compute(529): Cannot concatenate 'B' and '.'
  error: 1 plat 25 at BarracudaReferenceImpl.compute(529): Cannot concatenate 'O' and '.'
  error: 1 plat 25 at BarracudaReferenceImpl.compute(529): Cannot concatenate 'X' and '.'
  error: 1 plat 25 at BarracudaReferenceImpl.compute(547): Cannot concatenate 'B' and '.'
  error: 1 plat 25 at BarracudaReferenceImpl.compute(547): Cannot concatenate 'O' and '.'
  error: 1 plat 25 at BarracudaReferenceImpl.compute(547): Cannot concatenate 'X' and '.'
  error: 1 plat 25 at BarracudaReferenceImpl.compute(572): Cannot concatenate 'B' and '.'
  error: 1 plat 25 at BarracudaReferenceImpl.compute(572): Cannot concatenate 'O' and '.'
  error: 1 plat 25 at BarracudaReferenceImpl.compute(572): Cannot concatenate 'X' and '.'
  error: 1 plat 25 at BarracudaReferenceImpl.compute(597): Cannot concatenate 'B' and '.'
  error: 1 plat 25 at BarracudaReferenceImpl.compute(597): Cannot concatenate 'O' and '.'
  error: 1 plat 25 at BarracudaReferenceImpl.compute(597): Cannot concatenate 'X' and '.'
  error: 1 plat 25 at BarracudaReferenceImpl.compute(622): Cannot concatenate 'B' and '.'
  error: 1 plat 25 at BarracudaReferenceImpl.compute(622): Cannot concatenate 'O' and '.'
  error: 1 plat 25 at BarracudaReferenceImpl.compute(622): Cannot concatenate 'X' and '.'
  error: 1 plat 25 at BarracudaReferenceImpl.compute(647): Cannot concatenate 'B' and '.'
  error: 1 plat 25 at BarracudaReferenceImpl.compute(647): Cannot concatenate 'O' and '.'
  error: 1 plat 25 at BarracudaReferenceImpl.compute(647): Cannot concatenate 'X' and '.'
  error: 1 plat 25 at BarracudaReferenceImpl.compute(672): Cannot concatenate 'B' and '.'
  error: 1 plat 25 at BarracudaReferenceImpl.compute(672): Cannot concatenate 'O' and '.'
  error: 1 plat 25 at BarracudaReferenceImpl.compute(672): Cannot concatenate 'X' and '.'
  error: 1 plat 25 at BarracudaReferenceImpl.compute(697): Cannot concatenate 'B' and '.'
  error: 1 plat 25 at BarracudaReferenceImpl.compute(697): Cannot concatenate 'O' and '.'
  error: 1 plat 25 at BarracudaReferenceImpl.compute(697): Cannot concatenate 'X' and '.'
  error: 1 plat 25 at BarracudaReferenceImpl.compute(722): Cannot concatenate 'B' and '.'
  error: 1 plat 25 at BarracudaReferenceImpl.compute(722): Cannot concatenate 'O' and '.'
  error: 1 plat 25 at BarracudaReferenceImpl.compute(722): Cannot concatenate 'X' and '.'
  error: 1 plat 25 at BarracudaReferenceImpl.compute(747): Cannot concatenate 'O' and '.'
  error: 1 plat 25 at BarracudaReferenceImpl.compute(747): Cannot concatenate 'X' and '.'
  error: 1 plat 25 at BarracudaReferenceImpl.compute(771): Cannot concatenate 'B' and '.'
  error: 1 plat 25 at BarracudaReferenceImpl.compute(771): Cannot concatenate 'O' and '.'
  error: 1 plat 25 at BarracudaReferenceImpl.compute(771): Cannot concatenate 'X' and '.'
  error: 1 plat 25 at BarracudaReferenceImpl.compute(792): Cannot concatenate 'B' and '.'
  error: 1 plat 25 at BarracudaReferenceImpl.compute(792): Cannot concatenate 'O' and '.'
  error: 1 plat 25 at BarracudaReferenceImpl.compute(792): Cannot concatenate 'X' and '.'
  error: 1 plat 25 at BarracudaReferenceImpl.compute(813): Cannot concatenate 'B' and '.'
  error: 1 plat 25 at BarracudaReferenceImpl.compute(813): Cannot concatenate 'O' and '.'
  error: 1 plat 25 at BarracudaReferenceImpl.compute(813): Cannot concatenate 'X' and '.'
  error: 1 plat 25 at BarracudaReferenceImpl.compute(831): Cannot concatenate 'B' and '.'
  error: 1 plat 25 at BarracudaReferenceImpl.compute(831): Cannot concatenate 'O' and '.'
  error: 1 plat 25 at BarracudaReferenceImpl.compute(831): Cannot concatenate 'X' and '.'
  error: 1 plat 25 at BarracudaReferenceImpl.compute(851): Cannot concatenate 'B' and '.'
  error: 1 plat 25 at BarracudaReferenceImpl.compute(851): Cannot concatenate 'O' and '.'
  error: 1 plat 25 at BarracudaReferenceImpl.compute(851): Cannot concatenate 'X' and '.'
  error: 1 plat 25 at BarracudaReferenceImpl.compute(870): Cannot concatenate 'O' and '.'
  error: 1 plat 25 at BarracudaReferenceImpl.compute(870): Cannot concatenate 'X' and '.'
  error: 1 plat 25 at BarracudaReferenceImpl.compute(886): Cannot concatenate 'O' and '.'
  error: 1 plat 25 at BarracudaReferenceImpl.compute(886): Cannot concatenate 'X' and '.'
  error: 1 plat 25 at BarracudaReferenceImpl.compute(906): Cannot concatenate 'B' and '.'
  error: 1 plat 25 at BarracudaReferenceImpl.compute(906): Cannot concatenate 'O' and '.'
  error: 1 plat 25 at BarracudaReferenceImpl.compute(906): Cannot concatenate 'W' and '.'
  error: 1 plat 25 at BarracudaReferenceImpl.compute(906): Cannot concatenate 'X' and '.'
  error: 1 plat 25 at BarracudaReferenceImpl.compute(931): Cannot concatenate 'O' and '.'
  error: 1 plat 25 at BarracudaReferenceImpl.compute(931): Cannot concatenate 'X' and '.'
  error: 1 plat 25 at BarracudaReferenceImpl.compute(964): Cannot concatenate 'O' and '.'
  error: 1 plat 25 at BarracudaReferenceImpl.compute(964): Cannot concatenate 'X' and '.'
  error: 1 plat 25 at BarracudaReferenceImpl.compute(999): Cannot concatenate 'O' and '.'
  error: 1 plat 25 at BarracudaReferenceImpl.compute(999): Cannot concatenate 'X' and '.'
  error: 1 plat 25 at BarracudaReferenceImpl.compute(1027): Cannot concatenate 'O' and '.'
  error: 1 plat 25 at BarracudaReferenceImpl.compute(1027): Cannot concatenate 'X' and '.'
  error: 1 plat 25 at BarracudaReferenceImpl.compute(1056): Cannot concatenate 'O' and '.'
  error: 1 plat 25 at BarracudaReferenceImpl.compute(1056): Cannot concatenate 'X' and '.'
  error: 1 plat 25 at BarracudaReferenceImpl.compute(1091): Cannot concatenate 'O' and '.'
  error: 1 plat 25 at BarracudaReferenceImpl.compute(1091): Cannot concatenate 'X' and '.'
  error: 1 plat 25 at BarracudaReferenceImpl.compute(1115): Cannot concatenate 'O' and '.'
  error: 1 plat 25 at BarracudaReferenceImpl.compute(1115): Cannot concatenate 'X' and '.'
  error: 1 plat 25 at BarracudaReferenceImpl.compute(1138): Cannot concatenate 'O' and '.'
  error: 1 plat 25 at BarracudaReferenceImpl.compute(1138): Cannot concatenate 'X' and '.'
  error: 1 plat 25 at BarracudaReferenceImpl.compute(1169): Cannot concatenate 'B' and '.'
  error: 1 plat 25 at BarracudaReferenceImpl.compute(1169): Cannot concatenate 'O' and '.'
  error: 1 plat 25 at BarracudaReferenceImpl.compute(1169): Cannot concatenate 'W' and '.'
  error: 1 plat 25 at BarracudaReferenceImpl.compute(1169): Cannot concatenate 'X' and '.'
  error: 1 plat 25 at BarracudaReferenceImpl.compute(1231): Cannot concatenate 'B' and '.'
  error: 1 plat 25 at BarracudaReferenceImpl.compute(1231): Cannot concatenate 'K' and '.'
  error: 1 plat 25 at BarracudaReferenceImpl.compute(1231): Cannot concatenate 'O' and '.'
  error: 1 plat 25 at BarracudaReferenceImpl.compute(1231): Cannot concatenate 'X' and '.'
  error: 1 plat 25 at BarracudaReferenceImpl.compute(1296): Cannot concatenate 'B' and '.'
  error: 1 plat 25 at BarracudaReferenceImpl.compute(1296): Cannot concatenate 'K' and '.'
  error: 1 plat 25 at BarracudaReferenceImpl.compute(1296): Cannot concatenate 'O' and '.'
  error: 1 plat 25 at BarracudaReferenceImpl.compute(1296): Cannot concatenate 'X' and '.'
  error: 1 plat 25 at BarracudaReferenceImpl.compute(1330): Cannot concatenate 'B' and '.'
  error: 1 plat 25 at BarracudaReferenceImpl.compute(1330): Cannot concatenate 'K' and '.'
  error: 1 plat 25 at BarracudaReferenceImpl.compute(1330): Cannot concatenate 'O' and '.'
  error: 1 plat 25 at BarracudaReferenceImpl.compute(1330): Cannot concatenate 'X' and '.'
  error: 1 plat 25 at BarracudaReferenceImpl.compute(1359): Cannot concatenate 'O' and '.'
  error: 1 plat 25 at BarracudaReferenceImpl.compute(1359): Cannot concatenate 'X' and '.'
  error: 1 plat 25 at BarracudaReferenceImpl.compute(1392): Cannot concatenate 'B' and '.'
  error: 1 plat 25 at BarracudaReferenceImpl.compute(1392): Cannot concatenate 'K' and '.'
  error: 1 plat 25 at BarracudaReferenceImpl.compute(1392): Cannot concatenate 'O' and '.'
  error: 1 plat 25 at BarracudaReferenceImpl.compute(1392): Cannot concatenate 'X' and '.'
  error: 1 plat 25 at BarracudaReferenceImpl.compute(1454): Cannot concatenate 'O' and '.'
  error: 1 plat 25 at BarracudaReferenceImpl.compute(1496): Cannot concatenate 'X' and '.'
  error: 1 plat 25 at BarracudaReferenceImpl.compute(1546): Cannot concatenate 'O' and '.'
  error: 1 plat 25 at BarracudaReferenceImpl.compute(1546): Cannot concatenate 'X' and '.'
  error: 1 plat 25 at BarracudaReferenceImpl.compute(1590): Cannot concatenate 'O' and '.'
  error: 1 plat 25 at BarracudaReferenceImpl.compute(1590): Cannot concatenate 'X' and '.'
  error: 1 plat 25 at BarracudaReferenceImpl.compute(1618): Cannot concatenate 'O' and '.'
  error: 1 plat 25 at BarracudaReferenceImpl.compute(1618): Cannot concatenate 'X' and '.'
  error: 1 plat 25 at BarracudaReferenceImpl.compute(1661): Cannot concatenate 'O' and '.'
  error: 1 plat 25 at BarracudaReferenceImpl.compute(1661): Cannot concatenate 'X' and '.'
  error: 1 plat 25 at BarracudaReferenceImpl.compute(1706): Cannot concatenate 'K' and '.'
  error: 1 plat 25 at BarracudaReferenceImpl.compute(1706): Cannot concatenate 'O' and '.'
  error: 1 plat 25 at BarracudaReferenceImpl.compute(1706): Cannot concatenate 'X' and '.'
 ok=1 outsize=1879

Cmd: compileComputeKernel
  insize=47541 path=G:/Unity3D_Project/Unity_Project/0_basic_2021/Library/PackageCache/com.unity.barracuda@0.5.0-preview/Barracuda/Core/Resources/BarracudaReferenceImpl.compute kernel=Selu cachingPP=1 ppOnly=0 stripLineD=0 buildPlatform=5 km=<UNITY_VERSION=202027> pKW=UNITY_ENABLE_REFLECTION_BUFFERS UNITY_USE_DITHER_MASK_FOR_ALPHABLENDED_SHADOWS UNITY_PBS_USE_BRDF1 UNITY_SPECCUBE_BOX_PROJECTION UNITY_SPECCUBE_BLENDING UNITY_ENABLE_DETAIL_NORMALMAP SHADER_API_DESKTOP UNITY_COLORSPACE_GAMMA UNITY_LIGHT_PROBE_PROXY_VOLUME UNITY_LIGHTMAP_FULL_HDR uKW=SHADER_STAGE_COMPUTE platform=d3d11 flags=0  error: 1 plat 25 at BarracudaReferenceImpl.compute(84): Cannot concatenate 'B' and '.'
  error: 1 plat 25 at BarracudaReferenceImpl.compute(84): Cannot concatenate 'O' and '.'
  error: 1 plat 25 at BarracudaReferenceImpl.compute(84): Cannot concatenate 'W' and '.'
  error: 1 plat 25 at BarracudaReferenceImpl.compute(84): Cannot concatenate 'X' and '.'
  error: 1 plat 25 at BarracudaReferenceImpl.compute(103): Cannot concatenate 'O' and '.'
  error: 1 plat 25 at BarracudaReferenceImpl.compute(103): Cannot concatenate 'X' and '.'
  error: 1 plat 25 at BarracudaReferenceImpl.compute(126): Cannot concatenate 'O' and '.'
  error: 1 plat 25 at BarracudaReferenceImpl.compute(126): Cannot concatenate 'W' and '.'
  error: 1 plat 25 at BarracudaReferenceImpl.compute(126): Cannot concatenate 'X' and '.'
  error: 1 plat 25 at BarracudaReferenceImpl.compute(150): Cannot concatenate 'O' and '.'
  error: 1 plat 25 at BarracudaReferenceImpl.compute(150): Cannot concatenate 'X' and '.'
  error: 1 plat 25 at BarracudaReferenceImpl.compute(173): Cannot concatenate 'O' and '.'
  error: 1 plat 25 at BarracudaReferenceImpl.compute(173): Cannot concatenate 'X' and '.'
  error: 1 plat 25 at BarracudaReferenceImpl.compute(195): Cannot concatenate 'O' and '.'
  error: 1 plat 25 at BarracudaReferenceImpl.compute(195): Cannot concatenate 'X' and '.'
  error: 1 plat 25 at BarracudaReferenceImpl.compute(217): Cannot concatenate 'O' and '.'
  error: 1 plat 25 at BarracudaReferenceImpl.compute(217): Cannot concatenate 'X' and '.'
  error: 1 plat 25 at BarracudaReferenceImpl.compute(239): Cannot concatenate 'O' and '.'
  error: 1 plat 25 at BarracudaReferenceImpl.compute(239): Cannot concatenate 'X' and '.'
  error: 1 plat 25 at BarracudaReferenceImpl.compute(257): Cannot concatenate 'O' and '.'
  error: 1 plat 25 at BarracudaReferenceImpl.compute(257): Cannot concatenate 'X' and '.'
  error: 1 plat 25 at BarracudaReferenceImpl.compute(274): Cannot concatenate 'O' and '.'
  error: 1 plat 25 at BarracudaReferenceImpl.compute(274): Cannot concatenate 'X' and '.'
  error: 1 plat 25 at BarracudaReferenceImpl.compute(291): Cannot concatenate 'O' and '.'
  error: 1 plat 25 at BarracudaReferenceImpl.compute(291): Cannot concatenate 'X' and '.'
  error: 1 plat 25 at BarracudaReferenceImpl.compute(309): Cannot concatenate 'O' and '.'
  error: 1 plat 25 at BarracudaReferenceImpl.compute(309): Cannot concatenate 'X' and '.'
  error: 1 plat 25 at BarracudaReferenceImpl.compute(326): Cannot concatenate 'O' and '.'
  error: 1 plat 25 at BarracudaReferenceImpl.compute(326): Cannot concatenate 'X' and '.'
  error: 1 plat 25 at BarracudaReferenceImpl.compute(343): Cannot concatenate 'O' and '.'
  error: 1 plat 25 at BarracudaReferenceImpl.compute(343): Cannot concatenate 'X' and '.'
  error: 1 plat 25 at BarracudaReferenceImpl.compute(360): Cannot concatenate 'O' and '.'
  error: 1 plat 25 at BarracudaReferenceImpl.compute(360): Cannot concatenate 'X' and '.'
  error: 1 plat 25 at BarracudaReferenceImpl.compute(387): Cannot concatenate 'O' and '.'
  error: 1 plat 25 at BarracudaReferenceImpl.compute(387): Cannot concatenate 'X' and '.'
  error: 1 plat 25 at BarracudaReferenceImpl.compute(404): Cannot concatenate 'O' and '.'
  error: 1 plat 25 at BarracudaReferenceImpl.compute(404): Cannot concatenate 'X' and '.'
  error: 1 plat 25 at BarracudaReferenceImpl.compute(421): Cannot concatenate 'B' and '.'
  error: 1 plat 25 at BarracudaReferenceImpl.compute(421): Cannot concatenate 'O' and '.'
  error: 1 plat 25 at BarracudaReferenceImpl.compute(421): Cannot concatenate 'X' and '.'
  error: 1 plat 25 at BarracudaReferenceImpl.compute(439): Cannot concatenate 'B' and '.'
  error: 1 plat 25 at BarracudaReferenceImpl.compute(439): Cannot concatenate 'O' and '.'
  error: 1 plat 25 at BarracudaReferenceImpl.compute(439): Cannot concatenate 'X' and '.'
  error: 1 plat 25 at BarracudaReferenceImpl.compute(457): Cannot concatenate 'B' and '.'
  error: 1 plat 25 at BarracudaReferenceImpl.compute(457): Cannot concatenate 'O' and '.'
  error: 1 plat 25 at BarracudaReferenceImpl.compute(457): Cannot concatenate 'X' and '.'
  error: 1 plat 25 at BarracudaReferenceImpl.compute(475): Cannot concatenate 'B' and '.'
  error: 1 plat 25 at BarracudaReferenceImpl.compute(475): Cannot concatenate 'O' and '.'
  error: 1 plat 25 at BarracudaReferenceImpl.compute(475): Cannot concatenate 'X' and '.'
  error: 1 plat 25 at BarracudaReferenceImpl.compute(493): Cannot concatenate 'B' and '.'
  error: 1 plat 25 at BarracudaReferenceImpl.compute(493): Cannot concatenate 'O' and '.'
  error: 1 plat 25 at BarracudaReferenceImpl.compute(493): Cannot concatenate 'X' and '.'
  error: 1 plat 25 at BarracudaReferenceImpl.compute(511): Cannot concatenate 'B' and '.'
  error: 1 plat 25 at BarracudaReferenceImpl.compute(511): Cannot concatenate 'O' and '.'
  error: 1 plat 25 at BarracudaReferenceImpl.compute(511): Cannot concatenate 'X' and '.'
  error: 1 plat 25 at BarracudaReferenceImpl.compute(529): Cannot concatenate 'B' and '.'
  error: 1 plat 25 at BarracudaReferenceImpl.compute(529): Cannot concatenate 'O' and '.'
  error: 1 plat 25 at BarracudaReferenceImpl.compute(529): Cannot concatenate 'X' and '.'
  error: 1 plat 25 at BarracudaReferenceImpl.compute(547): Cannot concatenate 'B' and '.'
  error: 1 plat 25 at BarracudaReferenceImpl.compute(547): Cannot concatenate 'O' and '.'
  error: 1 plat 25 at BarracudaReferenceImpl.compute(547): Cannot concatenate 'X' and '.'
  error: 1 plat 25 at BarracudaReferenceImpl.compute(572): Cannot concatenate 'B' and '.'
  error: 1 plat 25 at BarracudaReferenceImpl.compute(572): Cannot concatenate 'O' and '.'
  error: 1 plat 25 at BarracudaReferenceImpl.compute(572): Cannot concatenate 'X' and '.'
  error: 1 plat 25 at BarracudaReferenceImpl.compute(597): Cannot concatenate 'B' and '.'
  error: 1 plat 25 at BarracudaReferenceImpl.compute(597): Cannot concatenate 'O' and '.'
  error: 1 plat 25 at BarracudaReferenceImpl.compute(597): Cannot concatenate 'X' and '.'
  error: 1 plat 25 at BarracudaReferenceImpl.compute(622): Cannot concatenate 'B' and '.'
  error: 1 plat 25 at BarracudaReferenceImpl.compute(622): Cannot concatenate 'O' and '.'
  error: 1 plat 25 at BarracudaReferenceImpl.compute(622): Cannot concatenate 'X' and '.'
  error: 1 plat 25 at BarracudaReferenceImpl.compute(647): Cannot concatenate 'B' and '.'
  error: 1 plat 25 at BarracudaReferenceImpl.compute(647): Cannot concatenate 'O' and '.'
  error: 1 plat 25 at BarracudaReferenceImpl.compute(647): Cannot concatenate 'X' and '.'
  error: 1 plat 25 at BarracudaReferenceImpl.compute(672): Cannot concatenate 'B' and '.'
  error: 1 plat 25 at BarracudaReferenceImpl.compute(672): Cannot concatenate 'O' and '.'
  error: 1 plat 25 at BarracudaReferenceImpl.compute(672): Cannot concatenate 'X' and '.'
  error: 1 plat 25 at BarracudaReferenceImpl.compute(697): Cannot concatenate 'B' and '.'
  error: 1 plat 25 at BarracudaReferenceImpl.compute(697): Cannot concatenate 'O' and '.'
  error: 1 plat 25 at BarracudaReferenceImpl.compute(697): Cannot concatenate 'X' and '.'
  error: 1 plat 25 at BarracudaReferenceImpl.compute(722): Cannot concatenate 'B' and '.'
  error: 1 plat 25 at BarracudaReferenceImpl.compute(722): Cannot concatenate 'O' and '.'
  error: 1 plat 25 at BarracudaReferenceImpl.compute(722): Cannot concatenate 'X' and '.'
  error: 1 plat 25 at BarracudaReferenceImpl.compute(747): Cannot concatenate 'O' and '.'
  error: 1 plat 25 at BarracudaReferenceImpl.compute(747): Cannot concatenate 'X' and '.'
  error: 1 plat 25 at BarracudaReferenceImpl.compute(771): Cannot concatenate 'B' and '.'
  error: 1 plat 25 at BarracudaReferenceImpl.compute(771): Cannot concatenate 'O' and '.'
  error: 1 plat 25 at BarracudaReferenceImpl.compute(771): Cannot concatenate 'X' and '.'
  error: 1 plat 25 at BarracudaReferenceImpl.compute(792): Cannot concatenate 'B' and '.'
  error: 1 plat 25 at BarracudaReferenceImpl.compute(792): Cannot concatenate 'O' and '.'
  error: 1 plat 25 at BarracudaReferenceImpl.compute(792): Cannot concatenate 'X' and '.'
  error: 1 plat 25 at BarracudaReferenceImpl.compute(813): Cannot concatenate 'B' and '.'
  error: 1 plat 25 at BarracudaReferenceImpl.compute(813): Cannot concatenate 'O' and '.'
  error: 1 plat 25 at BarracudaReferenceImpl.compute(813): Cannot concatenate 'X' and '.'
  error: 1 plat 25 at BarracudaReferenceImpl.compute(831): Cannot concatenate 'B' and '.'
  error: 1 plat 25 at BarracudaReferenceImpl.compute(831): Cannot concatenate 'O' and '.'
  error: 1 plat 25 at BarracudaReferenceImpl.compute(831): Cannot concatenate 'X' and '.'
  error: 1 plat 25 at BarracudaReferenceImpl.compute(851): Cannot concatenate 'B' and '.'
  error: 1 plat 25 at BarracudaReferenceImpl.compute(851): Cannot concatenate 'O' and '.'
  error: 1 plat 25 at BarracudaReferenceImpl.compute(851): Cannot concatenate 'X' and '.'
  error: 1 plat 25 at BarracudaReferenceImpl.compute(870): Cannot concatenate 'O' and '.'
  error: 1 plat 25 at BarracudaReferenceImpl.compute(870): Cannot concatenate 'X' and '.'
  error: 1 plat 25 at BarracudaReferenceImpl.compute(886): Cannot concatenate 'O' and '.'
  error: 1 plat 25 at BarracudaReferenceImpl.compute(886): Cannot concatenate 'X' and '.'
  error: 1 plat 25 at BarracudaReferenceImpl.compute(906): Cannot concatenate 'B' and '.'
  error: 1 plat 25 at BarracudaReferenceImpl.compute(906): Cannot concatenate 'O' and '.'
  error: 1 plat 25 at BarracudaReferenceImpl.compute(906): Cannot concatenate 'W' and '.'
  error: 1 plat 25 at BarracudaReferenceImpl.compute(906): Cannot concatenate 'X' and '.'
  error: 1 plat 25 at BarracudaReferenceImpl.compute(931): Cannot concatenate 'O' and '.'
  error: 1 plat 25 at BarracudaReferenceImpl.compute(931): Cannot concatenate 'X' and '.'
  error: 1 plat 25 at BarracudaReferenceImpl.compute(964): Cannot concatenate 'O' and '.'
  error: 1 plat 25 at BarracudaReferenceImpl.compute(964): Cannot concatenate 'X' and '.'
  error: 1 plat 25 at BarracudaReferenceImpl.compute(999): Cannot concatenate 'O' and '.'
  error: 1 plat 25 at BarracudaReferenceImpl.compute(999): Cannot concatenate 'X' and '.'
  error: 1 plat 25 at BarracudaReferenceImpl.compute(1027): Cannot concatenate 'O' and '.'
  error: 1 plat 25 at BarracudaReferenceImpl.compute(1027): Cannot concatenate 'X' and '.'
  error: 1 plat 25 at BarracudaReferenceImpl.compute(1056): Cannot concatenate 'O' and '.'
  error: 1 plat 25 at BarracudaReferenceImpl.compute(1056): Cannot concatenate 'X' and '.'
  error: 1 plat 25 at BarracudaReferenceImpl.compute(1091): Cannot concatenate 'O' and '.'
  error: 1 plat 25 at BarracudaReferenceImpl.compute(1091): Cannot concatenate 'X' and '.'
  error: 1 plat 25 at BarracudaReferenceImpl.compute(1115): Cannot concatenate 'O' and '.'
  error: 1 plat 25 at BarracudaReferenceImpl.compute(1115): Cannot concatenate 'X' and '.'
  error: 1 plat 25 at BarracudaReferenceImpl.compute(1138): Cannot concatenate 'O' and '.'
  error: 1 plat 25 at BarracudaReferenceImpl.compute(1138): Cannot concatenate 'X' and '.'
  error: 1 plat 25 at BarracudaReferenceImpl.compute(1169): Cannot concatenate 'B' and '.'
  error: 1 plat 25 at BarracudaReferenceImpl.compute(1169): Cannot concatenate 'O' and '.'
  error: 1 plat 25 at BarracudaReferenceImpl.compute(1169): Cannot concatenate 'W' and '.'
  error: 1 plat 25 at BarracudaReferenceImpl.compute(1169): Cannot concatenate 'X' and '.'
  error: 1 plat 25 at BarracudaReferenceImpl.compute(1231): Cannot concatenate 'B' and '.'
  error: 1 plat 25 at BarracudaReferenceImpl.compute(1231): Cannot concatenate 'K' and '.'
  error: 1 plat 25 at BarracudaReferenceImpl.compute(1231): Cannot concatenate 'O' and '.'
  error: 1 plat 25 at BarracudaReferenceImpl.compute(1231): Cannot concatenate 'X' and '.'
  error: 1 plat 25 at BarracudaReferenceImpl.compute(1296): Cannot concatenate 'B' and '.'
  error: 1 plat 25 at BarracudaReferenceImpl.compute(1296): Cannot concatenate 'K' and '.'
  error: 1 plat 25 at BarracudaReferenceImpl.compute(1296): Cannot concatenate 'O' and '.'
  error: 1 plat 25 at BarracudaReferenceImpl.compute(1296): Cannot concatenate 'X' and '.'
  error: 1 plat 25 at BarracudaReferenceImpl.compute(1330): Cannot concatenate 'B' and '.'
  error: 1 plat 25 at BarracudaReferenceImpl.compute(1330): Cannot concatenate 'K' and '.'
  error: 1 plat 25 at BarracudaReferenceImpl.compute(1330): Cannot concatenate 'O' and '.'
  error: 1 plat 25 at BarracudaReferenceImpl.compute(1330): Cannot concatenate 'X' and '.'
  error: 1 plat 25 at BarracudaReferenceImpl.compute(1359): Cannot concatenate 'O' and '.'
  error: 1 plat 25 at BarracudaReferenceImpl.compute(1359): Cannot concatenate 'X' and '.'
  error: 1 plat 25 at BarracudaReferenceImpl.compute(1392): Cannot concatenate 'B' and '.'
  error: 1 plat 25 at BarracudaReferenceImpl.compute(1392): Cannot concatenate 'K' and '.'
  error: 1 plat 25 at BarracudaReferenceImpl.compute(1392): Cannot concatenate 'O' and '.'
  error: 1 plat 25 at BarracudaReferenceImpl.compute(1392): Cannot concatenate 'X' and '.'
  error: 1 plat 25 at BarracudaReferenceImpl.compute(1454): Cannot concatenate 'O' and '.'
  error: 1 plat 25 at BarracudaReferenceImpl.compute(1496): Cannot concatenate 'X' and '.'
  error: 1 plat 25 at BarracudaReferenceImpl.compute(1546): Cannot concatenate 'O' and '.'
  error: 1 plat 25 at BarracudaReferenceImpl.compute(1546): Cannot concatenate 'X' and '.'
  error: 1 plat 25 at BarracudaReferenceImpl.compute(1590): Cannot concatenate 'O' and '.'
  error: 1 plat 25 at BarracudaReferenceImpl.compute(1590): Cannot concatenate 'X' and '.'
  error: 1 plat 25 at BarracudaReferenceImpl.compute(1618): Cannot concatenate 'O' and '.'
  error: 1 plat 25 at BarracudaReferenceImpl.compute(1618): Cannot concatenate 'X' and '.'
  error: 1 plat 25 at BarracudaReferenceImpl.compute(1661): Cannot concatenate 'O' and '.'
  error: 1 plat 25 at BarracudaReferenceImpl.compute(1661): Cannot concatenate 'X' and '.'
  error: 1 plat 25 at BarracudaReferenceImpl.compute(1706): Cannot concatenate 'K' and '.'
  error: 1 plat 25 at BarracudaReferenceImpl.compute(1706): Cannot concatenate 'O' and '.'
  error: 1 plat 25 at BarracudaReferenceImpl.compute(1706): Cannot concatenate 'X' and '.'
 ok=1 outsize=1542

Cmd: compileComputeKernel
  insize=47541 path=G:/Unity3D_Project/Unity_Project/0_basic_2021/Library/PackageCache/com.unity.barracuda@0.5.0-preview/Barracuda/Core/Resources/BarracudaReferenceImpl.compute kernel=Dropout cachingPP=1 ppOnly=0 stripLineD=0 buildPlatform=5 km=<UNITY_VERSION=202027> pKW=UNITY_ENABLE_REFLECTION_BUFFERS UNITY_USE_DITHER_MASK_FOR_ALPHABLENDED_SHADOWS UNITY_PBS_USE_BRDF1 UNITY_SPECCUBE_BOX_PROJECTION UNITY_SPECCUBE_BLENDING UNITY_ENABLE_DETAIL_NORMALMAP SHADER_API_DESKTOP UNITY_COLORSPACE_GAMMA UNITY_LIGHT_PROBE_PROXY_VOLUME UNITY_LIGHTMAP_FULL_HDR uKW=SHADER_STAGE_COMPUTE platform=d3d11 flags=0  error: 1 plat 25 at BarracudaReferenceImpl.compute(84): Cannot concatenate 'B' and '.'
  error: 1 plat 25 at BarracudaReferenceImpl.compute(84): Cannot concatenate 'O' and '.'
  error: 1 plat 25 at BarracudaReferenceImpl.compute(84): Cannot concatenate 'W' and '.'
  error: 1 plat 25 at BarracudaReferenceImpl.compute(84): Cannot concatenate 'X' and '.'
  error: 1 plat 25 at BarracudaReferenceImpl.compute(103): Cannot concatenate 'O' and '.'
  error: 1 plat 25 at BarracudaReferenceImpl.compute(103): Cannot concatenate 'X' and '.'
  error: 1 plat 25 at BarracudaReferenceImpl.compute(126): Cannot concatenate 'O' and '.'
  error: 1 plat 25 at BarracudaReferenceImpl.compute(126): Cannot concatenate 'W' and '.'
  error: 1 plat 25 at BarracudaReferenceImpl.compute(126): Cannot concatenate 'X' and '.'
  error: 1 plat 25 at BarracudaReferenceImpl.compute(150): Cannot concatenate 'O' and '.'
  error: 1 plat 25 at BarracudaReferenceImpl.compute(150): Cannot concatenate 'X' and '.'
  error: 1 plat 25 at BarracudaReferenceImpl.compute(173): Cannot concatenate 'O' and '.'
  error: 1 plat 25 at BarracudaReferenceImpl.compute(173): Cannot concatenate 'X' and '.'
  error: 1 plat 25 at BarracudaReferenceImpl.compute(195): Cannot concatenate 'O' and '.'
  error: 1 plat 25 at BarracudaReferenceImpl.compute(195): Cannot concatenate 'X' and '.'
  error: 1 plat 25 at BarracudaReferenceImpl.compute(217): Cannot concatenate 'O' and '.'
  error: 1 plat 25 at BarracudaReferenceImpl.compute(217): Cannot concatenate 'X' and '.'
  error: 1 plat 25 at BarracudaReferenceImpl.compute(239): Cannot concatenate 'O' and '.'
  error: 1 plat 25 at BarracudaReferenceImpl.compute(239): Cannot concatenate 'X' and '.'
  error: 1 plat 25 at BarracudaReferenceImpl.compute(257): Cannot concatenate 'O' and '.'
  error: 1 plat 25 at BarracudaReferenceImpl.compute(257): Cannot concatenate 'X' and '.'
  error: 1 plat 25 at BarracudaReferenceImpl.compute(274): Cannot concatenate 'O' and '.'
  error: 1 plat 25 at BarracudaReferenceImpl.compute(274): Cannot concatenate 'X' and '.'
  error: 1 plat 25 at BarracudaReferenceImpl.compute(291): Cannot concatenate 'O' and '.'
  error: 1 plat 25 at BarracudaReferenceImpl.compute(291): Cannot concatenate 'X' and '.'
  error: 1 plat 25 at BarracudaReferenceImpl.compute(309): Cannot concatenate 'O' and '.'
  error: 1 plat 25 at BarracudaReferenceImpl.compute(309): Cannot concatenate 'X' and '.'
  error: 1 plat 25 at BarracudaReferenceImpl.compute(326): Cannot concatenate 'O' and '.'
  error: 1 plat 25 at BarracudaReferenceImpl.compute(326): Cannot concatenate 'X' and '.'
  error: 1 plat 25 at BarracudaReferenceImpl.compute(343): Cannot concatenate 'O' and '.'
  error: 1 plat 25 at BarracudaReferenceImpl.compute(343): Cannot concatenate 'X' and '.'
  error: 1 plat 25 at BarracudaReferenceImpl.compute(360): Cannot concatenate 'O' and '.'
  error: 1 plat 25 at BarracudaReferenceImpl.compute(360): Cannot concatenate 'X' and '.'
  error: 1 plat 25 at BarracudaReferenceImpl.compute(387): Cannot concatenate 'O' and '.'
  error: 1 plat 25 at BarracudaReferenceImpl.compute(387): Cannot concatenate 'X' and '.'
  error: 1 plat 25 at BarracudaReferenceImpl.compute(404): Cannot concatenate 'O' and '.'
  error: 1 plat 25 at BarracudaReferenceImpl.compute(404): Cannot concatenate 'X' and '.'
  error: 1 plat 25 at BarracudaReferenceImpl.compute(421): Cannot concatenate 'B' and '.'
  error: 1 plat 25 at BarracudaReferenceImpl.compute(421): Cannot concatenate 'O' and '.'
  error: 1 plat 25 at BarracudaReferenceImpl.compute(421): Cannot concatenate 'X' and '.'
  error: 1 plat 25 at BarracudaReferenceImpl.compute(439): Cannot concatenate 'B' and '.'
  error: 1 plat 25 at BarracudaReferenceImpl.compute(439): Cannot concatenate 'O' and '.'
  error: 1 plat 25 at BarracudaReferenceImpl.compute(439): Cannot concatenate 'X' and '.'
  error: 1 plat 25 at BarracudaReferenceImpl.compute(457): Cannot concatenate 'B' and '.'
  error: 1 plat 25 at BarracudaReferenceImpl.compute(457): Cannot concatenate 'O' and '.'
  error: 1 plat 25 at BarracudaReferenceImpl.compute(457): Cannot concatenate 'X' and '.'
  error: 1 plat 25 at BarracudaReferenceImpl.compute(475): Cannot concatenate 'B' and '.'
  error: 1 plat 25 at BarracudaReferenceImpl.compute(475): Cannot concatenate 'O' and '.'
  error: 1 plat 25 at BarracudaReferenceImpl.compute(475): Cannot concatenate 'X' and '.'
  error: 1 plat 25 at BarracudaReferenceImpl.compute(493): Cannot concatenate 'B' and '.'
  error: 1 plat 25 at BarracudaReferenceImpl.compute(493): Cannot concatenate 'O' and '.'
  error: 1 plat 25 at BarracudaReferenceImpl.compute(493): Cannot concatenate 'X' and '.'
  error: 1 plat 25 at BarracudaReferenceImpl.compute(511): Cannot concatenate 'B' and '.'
  error: 1 plat 25 at BarracudaReferenceImpl.compute(511): Cannot concatenate 'O' and '.'
  error: 1 plat 25 at BarracudaReferenceImpl.compute(511): Cannot concatenate 'X' and '.'
  error: 1 plat 25 at BarracudaReferenceImpl.compute(529): Cannot concatenate 'B' and '.'
  error: 1 plat 25 at BarracudaReferenceImpl.compute(529): Cannot concatenate 'O' and '.'
  error: 1 plat 25 at BarracudaReferenceImpl.compute(529): Cannot concatenate 'X' and '.'
  error: 1 plat 25 at BarracudaReferenceImpl.compute(547): Cannot concatenate 'B' and '.'
  error: 1 plat 25 at BarracudaReferenceImpl.compute(547): Cannot concatenate 'O' and '.'
  error: 1 plat 25 at BarracudaReferenceImpl.compute(547): Cannot concatenate 'X' and '.'
  error: 1 plat 25 at BarracudaReferenceImpl.compute(572): Cannot concatenate 'B' and '.'
  error: 1 plat 25 at BarracudaReferenceImpl.compute(572): Cannot concatenate 'O' and '.'
  error: 1 plat 25 at BarracudaReferenceImpl.compute(572): Cannot concatenate 'X' and '.'
  error: 1 plat 25 at BarracudaReferenceImpl.compute(597): Cannot concatenate 'B' and '.'
  error: 1 plat 25 at BarracudaReferenceImpl.compute(597): Cannot concatenate 'O' and '.'
  error: 1 plat 25 at BarracudaReferenceImpl.compute(597): Cannot concatenate 'X' and '.'
  error: 1 plat 25 at BarracudaReferenceImpl.compute(622): Cannot concatenate 'B' and '.'
  error: 1 plat 25 at BarracudaReferenceImpl.compute(622): Cannot concatenate 'O' and '.'
  error: 1 plat 25 at BarracudaReferenceImpl.compute(622): Cannot concatenate 'X' and '.'
  error: 1 plat 25 at BarracudaReferenceImpl.compute(647): Cannot concatenate 'B' and '.'
  error: 1 plat 25 at BarracudaReferenceImpl.compute(647): Cannot concatenate 'O' and '.'
  error: 1 plat 25 at BarracudaReferenceImpl.compute(647): Cannot concatenate 'X' and '.'
  error: 1 plat 25 at BarracudaReferenceImpl.compute(672): Cannot concatenate 'B' and '.'
  error: 1 plat 25 at BarracudaReferenceImpl.compute(672): Cannot concatenate 'O' and '.'
  error: 1 plat 25 at BarracudaReferenceImpl.compute(672): Cannot concatenate 'X' and '.'
  error: 1 plat 25 at BarracudaReferenceImpl.compute(697): Cannot concatenate 'B' and '.'
  error: 1 plat 25 at BarracudaReferenceImpl.compute(697): Cannot concatenate 'O' and '.'
  error: 1 plat 25 at BarracudaReferenceImpl.compute(697): Cannot concatenate 'X' and '.'
  error: 1 plat 25 at BarracudaReferenceImpl.compute(722): Cannot concatenate 'B' and '.'
  error: 1 plat 25 at BarracudaReferenceImpl.compute(722): Cannot concatenate 'O' and '.'
  error: 1 plat 25 at BarracudaReferenceImpl.compute(722): Cannot concatenate 'X' and '.'
  error: 1 plat 25 at BarracudaReferenceImpl.compute(747): Cannot concatenate 'O' and '.'
  error: 1 plat 25 at BarracudaReferenceImpl.compute(747): Cannot concatenate 'X' and '.'
  error: 1 plat 25 at BarracudaReferenceImpl.compute(771): Cannot concatenate 'B' and '.'
  error: 1 plat 25 at BarracudaReferenceImpl.compute(771): Cannot concatenate 'O' and '.'
  error: 1 plat 25 at BarracudaReferenceImpl.compute(771): Cannot concatenate 'X' and '.'
  error: 1 plat 25 at BarracudaReferenceImpl.compute(792): Cannot concatenate 'B' and '.'
  error: 1 plat 25 at BarracudaReferenceImpl.compute(792): Cannot concatenate 'O' and '.'
  error: 1 plat 25 at BarracudaReferenceImpl.compute(792): Cannot concatenate 'X' and '.'
  error: 1 plat 25 at BarracudaReferenceImpl.compute(813): Cannot concatenate 'B' and '.'
  error: 1 plat 25 at BarracudaReferenceImpl.compute(813): Cannot concatenate 'O' and '.'
  error: 1 plat 25 at BarracudaReferenceImpl.compute(813): Cannot concatenate 'X' and '.'
  error: 1 plat 25 at BarracudaReferenceImpl.compute(831): Cannot concatenate 'B' and '.'
  error: 1 plat 25 at BarracudaReferenceImpl.compute(831): Cannot concatenate 'O' and '.'
  error: 1 plat 25 at BarracudaReferenceImpl.compute(831): Cannot concatenate 'X' and '.'
  error: 1 plat 25 at BarracudaReferenceImpl.compute(851): Cannot concatenate 'B' and '.'
  error: 1 plat 25 at BarracudaReferenceImpl.compute(851): Cannot concatenate 'O' and '.'
  error: 1 plat 25 at BarracudaReferenceImpl.compute(851): Cannot concatenate 'X' and '.'
  error: 1 plat 25 at BarracudaReferenceImpl.compute(870): Cannot concatenate 'O' and '.'
  error: 1 plat 25 at BarracudaReferenceImpl.compute(870): Cannot concatenate 'X' and '.'
  error: 1 plat 25 at BarracudaReferenceImpl.compute(886): Cannot concatenate 'O' and '.'
  error: 1 plat 25 at BarracudaReferenceImpl.compute(886): Cannot concatenate 'X' and '.'
  error: 1 plat 25 at BarracudaReferenceImpl.compute(906): Cannot concatenate 'B' and '.'
  error: 1 plat 25 at BarracudaReferenceImpl.compute(906): Cannot concatenate 'O' and '.'
  error: 1 plat 25 at BarracudaReferenceImpl.compute(906): Cannot concatenate 'W' and '.'
  error: 1 plat 25 at BarracudaReferenceImpl.compute(906): Cannot concatenate 'X' and '.'
  error: 1 plat 25 at BarracudaReferenceImpl.compute(931): Cannot concatenate 'O' and '.'
  error: 1 plat 25 at BarracudaReferenceImpl.compute(931): Cannot concatenate 'X' and '.'
  error: 1 plat 25 at BarracudaReferenceImpl.compute(964): Cannot concatenate 'O' and '.'
  error: 1 plat 25 at BarracudaReferenceImpl.compute(964): Cannot concatenate 'X' and '.'
  error: 1 plat 25 at BarracudaReferenceImpl.compute(999): Cannot concatenate 'O' and '.'
  error: 1 plat 25 at BarracudaReferenceImpl.compute(999): Cannot concatenate 'X' and '.'
  error: 1 plat 25 at BarracudaReferenceImpl.compute(1027): Cannot concatenate 'O' and '.'
  error: 1 plat 25 at BarracudaReferenceImpl.compute(1027): Cannot concatenate 'X' and '.'
  error: 1 plat 25 at BarracudaReferenceImpl.compute(1056): Cannot concatenate 'O' and '.'
  error: 1 plat 25 at BarracudaReferenceImpl.compute(1056): Cannot concatenate 'X' and '.'
  error: 1 plat 25 at BarracudaReferenceImpl.compute(1091): Cannot concatenate 'O' and '.'
  error: 1 plat 25 at BarracudaReferenceImpl.compute(1091): Cannot concatenate 'X' and '.'
  error: 1 plat 25 at BarracudaReferenceImpl.compute(1115): Cannot concatenate 'O' and '.'
  error: 1 plat 25 at BarracudaReferenceImpl.compute(1115): Cannot concatenate 'X' and '.'
  error: 1 plat 25 at BarracudaReferenceImpl.compute(1138): Cannot concatenate 'O' and '.'
  error: 1 plat 25 at BarracudaReferenceImpl.compute(1138): Cannot concatenate 'X' and '.'
  error: 1 plat 25 at BarracudaReferenceImpl.compute(1169): Cannot concatenate 'B' and '.'
  error: 1 plat 25 at BarracudaReferenceImpl.compute(1169): Cannot concatenate 'O' and '.'
  error: 1 plat 25 at BarracudaReferenceImpl.compute(1169): Cannot concatenate 'W' and '.'
  error: 1 plat 25 at BarracudaReferenceImpl.compute(1169): Cannot concatenate 'X' and '.'
  error: 1 plat 25 at BarracudaReferenceImpl.compute(1231): Cannot concatenate 'B' and '.'
  error: 1 plat 25 at BarracudaReferenceImpl.compute(1231): Cannot concatenate 'K' and '.'
  error: 1 plat 25 at BarracudaReferenceImpl.compute(1231): Cannot concatenate 'O' and '.'
  error: 1 plat 25 at BarracudaReferenceImpl.compute(1231): Cannot concatenate 'X' and '.'
  error: 1 plat 25 at BarracudaReferenceImpl.compute(1296): Cannot concatenate 'B' and '.'
  error: 1 plat 25 at BarracudaReferenceImpl.compute(1296): Cannot concatenate 'K' and '.'
  error: 1 plat 25 at BarracudaReferenceImpl.compute(1296): Cannot concatenate 'O' and '.'
  error: 1 plat 25 at BarracudaReferenceImpl.compute(1296): Cannot concatenate 'X' and '.'
  error: 1 plat 25 at BarracudaReferenceImpl.compute(1330): Cannot concatenate 'B' and '.'
  error: 1 plat 25 at BarracudaReferenceImpl.compute(1330): Cannot concatenate 'K' and '.'
  error: 1 plat 25 at BarracudaReferenceImpl.compute(1330): Cannot concatenate 'O' and '.'
  error: 1 plat 25 at BarracudaReferenceImpl.compute(1330): Cannot concatenate 'X' and '.'
  error: 1 plat 25 at BarracudaReferenceImpl.compute(1359): Cannot concatenate 'O' and '.'
  error: 1 plat 25 at BarracudaReferenceImpl.compute(1359): Cannot concatenate 'X' and '.'
  error: 1 plat 25 at BarracudaReferenceImpl.compute(1392): Cannot concatenate 'B' and '.'
  error: 1 plat 25 at BarracudaReferenceImpl.compute(1392): Cannot concatenate 'K' and '.'
  error: 1 plat 25 at BarracudaReferenceImpl.compute(1392): Cannot concatenate 'O' and '.'
  error: 1 plat 25 at BarracudaReferenceImpl.compute(1392): Cannot concatenate 'X' and '.'
  error: 1 plat 25 at BarracudaReferenceImpl.compute(1454): Cannot concatenate 'O' and '.'
  error: 1 plat 25 at BarracudaReferenceImpl.compute(1496): Cannot concatenate 'X' and '.'
  error: 1 plat 25 at BarracudaReferenceImpl.compute(1546): Cannot concatenate 'O' and '.'
  error: 1 plat 25 at BarracudaReferenceImpl.compute(1546): Cannot concatenate 'X' and '.'
  error: 1 plat 25 at BarracudaReferenceImpl.compute(1590): Cannot concatenate 'O' and '.'
  error: 1 plat 25 at BarracudaReferenceImpl.compute(1590): Cannot concatenate 'X' and '.'
  error: 1 plat 25 at BarracudaReferenceImpl.compute(1618): Cannot concatenate 'O' and '.'
  error: 1 plat 25 at BarracudaReferenceImpl.compute(1618): Cannot concatenate 'X' and '.'
  error: 1 plat 25 at BarracudaReferenceImpl.compute(1661): Cannot concatenate 'O' and '.'
  error: 1 plat 25 at BarracudaReferenceImpl.compute(1661): Cannot concatenate 'X' and '.'
  error: 1 plat 25 at BarracudaReferenceImpl.compute(1706): Cannot concatenate 'K' and '.'
  error: 1 plat 25 at BarracudaReferenceImpl.compute(1706): Cannot concatenate 'O' and '.'
  error: 1 plat 25 at BarracudaReferenceImpl.compute(1706): Cannot concatenate 'X' and '.'
 ok=1 outsize=1605

Cmd: compileComputeKernel
  insize=47541 path=G:/Unity3D_Project/Unity_Project/0_basic_2021/Library/PackageCache/com.unity.barracuda@0.5.0-preview/Barracuda/Core/Resources/BarracudaReferenceImpl.compute kernel=Conv2D cachingPP=1 ppOnly=0 stripLineD=0 buildPlatform=5 km=<UNITY_VERSION=202027> pKW=UNITY_ENABLE_REFLECTION_BUFFERS UNITY_USE_DITHER_MASK_FOR_ALPHABLENDED_SHADOWS UNITY_PBS_USE_BRDF1 UNITY_SPECCUBE_BOX_PROJECTION UNITY_SPECCUBE_BLENDING UNITY_ENABLE_DETAIL_NORMALMAP SHADER_API_DESKTOP UNITY_COLORSPACE_GAMMA UNITY_LIGHT_PROBE_PROXY_VOLUME UNITY_LIGHTMAP_FULL_HDR uKW=SHADER_STAGE_COMPUTE platform=d3d11 flags=0  error: 1 plat 25 at BarracudaReferenceImpl.compute(84): Cannot concatenate 'B' and '.'
  error: 1 plat 25 at BarracudaReferenceImpl.compute(84): Cannot concatenate 'O' and '.'
  error: 1 plat 25 at BarracudaReferenceImpl.compute(84): Cannot concatenate 'W' and '.'
  error: 1 plat 25 at BarracudaReferenceImpl.compute(84): Cannot concatenate 'X' and '.'
  error: 1 plat 25 at BarracudaReferenceImpl.compute(103): Cannot concatenate 'O' and '.'
  error: 1 plat 25 at BarracudaReferenceImpl.compute(103): Cannot concatenate 'X' and '.'
  error: 1 plat 25 at BarracudaReferenceImpl.compute(126): Cannot concatenate 'O' and '.'
  error: 1 plat 25 at BarracudaReferenceImpl.compute(126): Cannot concatenate 'W' and '.'
  error: 1 plat 25 at BarracudaReferenceImpl.compute(126): Cannot concatenate 'X' and '.'
  error: 1 plat 25 at BarracudaReferenceImpl.compute(150): Cannot concatenate 'O' and '.'
  error: 1 plat 25 at BarracudaReferenceImpl.compute(150): Cannot concatenate 'X' and '.'
  error: 1 plat 25 at BarracudaReferenceImpl.compute(173): Cannot concatenate 'O' and '.'
  error: 1 plat 25 at BarracudaReferenceImpl.compute(173): Cannot concatenate 'X' and '.'
  error: 1 plat 25 at BarracudaReferenceImpl.compute(195): Cannot concatenate 'O' and '.'
  error: 1 plat 25 at BarracudaReferenceImpl.compute(195): Cannot concatenate 'X' and '.'
  error: 1 plat 25 at BarracudaReferenceImpl.compute(217): Cannot concatenate 'O' and '.'
  error: 1 plat 25 at BarracudaReferenceImpl.compute(217): Cannot concatenate 'X' and '.'
  error: 1 plat 25 at BarracudaReferenceImpl.compute(239): Cannot concatenate 'O' and '.'
  error: 1 plat 25 at BarracudaReferenceImpl.compute(239): Cannot concatenate 'X' and '.'
  error: 1 plat 25 at BarracudaReferenceImpl.compute(257): Cannot concatenate 'O' and '.'
  error: 1 plat 25 at BarracudaReferenceImpl.compute(257): Cannot concatenate 'X' and '.'
  error: 1 plat 25 at BarracudaReferenceImpl.compute(274): Cannot concatenate 'O' and '.'
  error: 1 plat 25 at BarracudaReferenceImpl.compute(274): Cannot concatenate 'X' and '.'
  error: 1 plat 25 at BarracudaReferenceImpl.compute(291): Cannot concatenate 'O' and '.'
  error: 1 plat 25 at BarracudaReferenceImpl.compute(291): Cannot concatenate 'X' and '.'
  error: 1 plat 25 at BarracudaReferenceImpl.compute(309): Cannot concatenate 'O' and '.'
  error: 1 plat 25 at BarracudaReferenceImpl.compute(309): Cannot concatenate 'X' and '.'
  error: 1 plat 25 at BarracudaReferenceImpl.compute(326): Cannot concatenate 'O' and '.'
  error: 1 plat 25 at BarracudaReferenceImpl.compute(326): Cannot concatenate 'X' and '.'
  error: 1 plat 25 at BarracudaReferenceImpl.compute(343): Cannot concatenate 'O' and '.'
  error: 1 plat 25 at BarracudaReferenceImpl.compute(343): Cannot concatenate 'X' and '.'
  error: 1 plat 25 at BarracudaReferenceImpl.compute(360): Cannot concatenate 'O' and '.'
  error: 1 plat 25 at BarracudaReferenceImpl.compute(360): Cannot concatenate 'X' and '.'
  error: 1 plat 25 at BarracudaReferenceImpl.compute(387): Cannot concatenate 'O' and '.'
  error: 1 plat 25 at BarracudaReferenceImpl.compute(387): Cannot concatenate 'X' and '.'
  error: 1 plat 25 at BarracudaReferenceImpl.compute(404): Cannot concatenate 'O' and '.'
  error: 1 plat 25 at BarracudaReferenceImpl.compute(404): Cannot concatenate 'X' and '.'
  error: 1 plat 25 at BarracudaReferenceImpl.compute(421): Cannot concatenate 'B' and '.'
  error: 1 plat 25 at BarracudaReferenceImpl.compute(421): Cannot concatenate 'O' and '.'
  error: 1 plat 25 at BarracudaReferenceImpl.compute(421): Cannot concatenate 'X' and '.'
  error: 1 plat 25 at BarracudaReferenceImpl.compute(439): Cannot concatenate 'B' and '.'
  error: 1 plat 25 at BarracudaReferenceImpl.compute(439): Cannot concatenate 'O' and '.'
  error: 1 plat 25 at BarracudaReferenceImpl.compute(439): Cannot concatenate 'X' and '.'
  error: 1 plat 25 at BarracudaReferenceImpl.compute(457): Cannot concatenate 'B' and '.'
  error: 1 plat 25 at BarracudaReferenceImpl.compute(457): Cannot concatenate 'O' and '.'
  error: 1 plat 25 at BarracudaReferenceImpl.compute(457): Cannot concatenate 'X' and '.'
  error: 1 plat 25 at BarracudaReferenceImpl.compute(475): Cannot concatenate 'B' and '.'
  error: 1 plat 25 at BarracudaReferenceImpl.compute(475): Cannot concatenate 'O' and '.'
  error: 1 plat 25 at BarracudaReferenceImpl.compute(475): Cannot concatenate 'X' and '.'
  error: 1 plat 25 at BarracudaReferenceImpl.compute(493): Cannot concatenate 'B' and '.'
  error: 1 plat 25 at BarracudaReferenceImpl.compute(493): Cannot concatenate 'O' and '.'
  error: 1 plat 25 at BarracudaReferenceImpl.compute(493): Cannot concatenate 'X' and '.'
  error: 1 plat 25 at BarracudaReferenceImpl.compute(511): Cannot concatenate 'B' and '.'
  error: 1 plat 25 at BarracudaReferenceImpl.compute(511): Cannot concatenate 'O' and '.'
  error: 1 plat 25 at BarracudaReferenceImpl.compute(511): Cannot concatenate 'X' and '.'
  error: 1 plat 25 at BarracudaReferenceImpl.compute(529): Cannot concatenate 'B' and '.'
  error: 1 plat 25 at BarracudaReferenceImpl.compute(529): Cannot concatenate 'O' and '.'
  error: 1 plat 25 at BarracudaReferenceImpl.compute(529): Cannot concatenate 'X' and '.'
  error: 1 plat 25 at BarracudaReferenceImpl.compute(547): Cannot concatenate 'B' and '.'
  error: 1 plat 25 at BarracudaReferenceImpl.compute(547): Cannot concatenate 'O' and '.'
  error: 1 plat 25 at BarracudaReferenceImpl.compute(547): Cannot concatenate 'X' and '.'
  error: 1 plat 25 at BarracudaReferenceImpl.compute(572): Cannot concatenate 'B' and '.'
  error: 1 plat 25 at BarracudaReferenceImpl.compute(572): Cannot concatenate 'O' and '.'
  error: 1 plat 25 at BarracudaReferenceImpl.compute(572): Cannot concatenate 'X' and '.'
  error: 1 plat 25 at BarracudaReferenceImpl.compute(597): Cannot concatenate 'B' and '.'
  error: 1 plat 25 at BarracudaReferenceImpl.compute(597): Cannot concatenate 'O' and '.'
  error: 1 plat 25 at BarracudaReferenceImpl.compute(597): Cannot concatenate 'X' and '.'
  error: 1 plat 25 at BarracudaReferenceImpl.compute(622): Cannot concatenate 'B' and '.'
  error: 1 plat 25 at BarracudaReferenceImpl.compute(622): Cannot concatenate 'O' and '.'
  error: 1 plat 25 at BarracudaReferenceImpl.compute(622): Cannot concatenate 'X' and '.'
  error: 1 plat 25 at BarracudaReferenceImpl.compute(647): Cannot concatenate 'B' and '.'
  error: 1 plat 25 at BarracudaReferenceImpl.compute(647): Cannot concatenate 'O' and '.'
  error: 1 plat 25 at BarracudaReferenceImpl.compute(647): Cannot concatenate 'X' and '.'
  error: 1 plat 25 at BarracudaReferenceImpl.compute(672): Cannot concatenate 'B' and '.'
  error: 1 plat 25 at BarracudaReferenceImpl.compute(672): Cannot concatenate 'O' and '.'
  error: 1 plat 25 at BarracudaReferenceImpl.compute(672): Cannot concatenate 'X' and '.'
  error: 1 plat 25 at BarracudaReferenceImpl.compute(697): Cannot concatenate 'B' and '.'
  error: 1 plat 25 at BarracudaReferenceImpl.compute(697): Cannot concatenate 'O' and '.'
  error: 1 plat 25 at BarracudaReferenceImpl.compute(697): Cannot concatenate 'X' and '.'
  error: 1 plat 25 at BarracudaReferenceImpl.compute(722): Cannot concatenate 'B' and '.'
  error: 1 plat 25 at BarracudaReferenceImpl.compute(722): Cannot concatenate 'O' and '.'
  error: 1 plat 25 at BarracudaReferenceImpl.compute(722): Cannot concatenate 'X' and '.'
  error: 1 plat 25 at BarracudaReferenceImpl.compute(747): Cannot concatenate 'O' and '.'
  error: 1 plat 25 at BarracudaReferenceImpl.compute(747): Cannot concatenate 'X' and '.'
  error: 1 plat 25 at BarracudaReferenceImpl.compute(771): Cannot concatenate 'B' and '.'
  error: 1 plat 25 at BarracudaReferenceImpl.compute(771): Cannot concatenate 'O' and '.'
  error: 1 plat 25 at BarracudaReferenceImpl.compute(771): Cannot concatenate 'X' and '.'
  error: 1 plat 25 at BarracudaReferenceImpl.compute(792): Cannot concatenate 'B' and '.'
  error: 1 plat 25 at BarracudaReferenceImpl.compute(792): Cannot concatenate 'O' and '.'
  error: 1 plat 25 at BarracudaReferenceImpl.compute(792): Cannot concatenate 'X' and '.'
  error: 1 plat 25 at BarracudaReferenceImpl.compute(813): Cannot concatenate 'B' and '.'
  error: 1 plat 25 at BarracudaReferenceImpl.compute(813): Cannot concatenate 'O' and '.'
  error: 1 plat 25 at BarracudaReferenceImpl.compute(813): Cannot concatenate 'X' and '.'
  error: 1 plat 25 at BarracudaReferenceImpl.compute(831): Cannot concatenate 'B' and '.'
  error: 1 plat 25 at BarracudaReferenceImpl.compute(831): Cannot concatenate 'O' and '.'
  error: 1 plat 25 at BarracudaReferenceImpl.compute(831): Cannot concatenate 'X' and '.'
  error: 1 plat 25 at BarracudaReferenceImpl.compute(851): Cannot concatenate 'B' and '.'
  error: 1 plat 25 at BarracudaReferenceImpl.compute(851): Cannot concatenate 'O' and '.'
  error: 1 plat 25 at BarracudaReferenceImpl.compute(851): Cannot concatenate 'X' and '.'
  error: 1 plat 25 at BarracudaReferenceImpl.compute(870): Cannot concatenate 'O' and '.'
  error: 1 plat 25 at BarracudaReferenceImpl.compute(870): Cannot concatenate 'X' and '.'
  error: 1 plat 25 at BarracudaReferenceImpl.compute(886): Cannot concatenate 'O' and '.'
  error: 1 plat 25 at BarracudaReferenceImpl.compute(886): Cannot concatenate 'X' and '.'
  error: 1 plat 25 at BarracudaReferenceImpl.compute(906): Cannot concatenate 'B' and '.'
  error: 1 plat 25 at BarracudaReferenceImpl.compute(906): Cannot concatenate 'O' and '.'
  error: 1 plat 25 at BarracudaReferenceImpl.compute(906): Cannot concatenate 'W' and '.'
  error: 1 plat 25 at BarracudaReferenceImpl.compute(906): Cannot concatenate 'X' and '.'
  error: 1 plat 25 at BarracudaReferenceImpl.compute(931): Cannot concatenate 'O' and '.'
  error: 1 plat 25 at BarracudaReferenceImpl.compute(931): Cannot concatenate 'X' and '.'
  error: 1 plat 25 at BarracudaReferenceImpl.compute(964): Cannot concatenate 'O' and '.'
  error: 1 plat 25 at BarracudaReferenceImpl.compute(964): Cannot concatenate 'X' and '.'
  error: 1 plat 25 at BarracudaReferenceImpl.compute(999): Cannot concatenate 'O' and '.'
  error: 1 plat 25 at BarracudaReferenceImpl.compute(999): Cannot concatenate 'X' and '.'
  error: 1 plat 25 at BarracudaReferenceImpl.compute(1027): Cannot concatenate 'O' and '.'
  error: 1 plat 25 at BarracudaReferenceImpl.compute(1027): Cannot concatenate 'X' and '.'
  error: 1 plat 25 at BarracudaReferenceImpl.compute(1056): Cannot concatenate 'O' and '.'
  error: 1 plat 25 at BarracudaReferenceImpl.compute(1056): Cannot concatenate 'X' and '.'
  error: 1 plat 25 at BarracudaReferenceImpl.compute(1091): Cannot concatenate 'O' and '.'
  error: 1 plat 25 at BarracudaReferenceImpl.compute(1091): Cannot concatenate 'X' and '.'
  error: 1 plat 25 at BarracudaReferenceImpl.compute(1115): Cannot concatenate 'O' and '.'
  error: 1 plat 25 at BarracudaReferenceImpl.compute(1115): Cannot concatenate 'X' and '.'
  error: 1 plat 25 at BarracudaReferenceImpl.compute(1138): Cannot concatenate 'O' and '.'
  error: 1 plat 25 at BarracudaReferenceImpl.compute(1138): Cannot concatenate 'X' and '.'
  error: 1 plat 25 at BarracudaReferenceImpl.compute(1169): Cannot concatenate 'B' and '.'
  error: 1 plat 25 at BarracudaReferenceImpl.compute(1169): Cannot concatenate 'O' and '.'
  error: 1 plat 25 at BarracudaReferenceImpl.compute(1169): Cannot concatenate 'W' and '.'
  error: 1 plat 25 at BarracudaReferenceImpl.compute(1169): Cannot concatenate 'X' and '.'
  error: 1 plat 25 at BarracudaReferenceImpl.compute(1231): Cannot concatenate 'B' and '.'
  error: 1 plat 25 at BarracudaReferenceImpl.compute(1231): Cannot concatenate 'K' and '.'
  error: 1 plat 25 at BarracudaReferenceImpl.compute(1231): Cannot concatenate 'O' and '.'
  error: 1 plat 25 at BarracudaReferenceImpl.compute(1231): Cannot concatenate 'X' and '.'
  error: 1 plat 25 at BarracudaReferenceImpl.compute(1296): Cannot concatenate 'B' and '.'
  error: 1 plat 25 at BarracudaReferenceImpl.compute(1296): Cannot concatenate 'K' and '.'
  error: 1 plat 25 at BarracudaReferenceImpl.compute(1296): Cannot concatenate 'O' and '.'
  error: 1 plat 25 at BarracudaReferenceImpl.compute(1296): Cannot concatenate 'X' and '.'
  error: 1 plat 25 at BarracudaReferenceImpl.compute(1330): Cannot concatenate 'B' and '.'
  error: 1 plat 25 at BarracudaReferenceImpl.compute(1330): Cannot concatenate 'K' and '.'
  error: 1 plat 25 at BarracudaReferenceImpl.compute(1330): Cannot concatenate 'O' and '.'
  error: 1 plat 25 at BarracudaReferenceImpl.compute(1330): Cannot concatenate 'X' and '.'
  error: 1 plat 25 at BarracudaReferenceImpl.compute(1359): Cannot concatenate 'O' and '.'
  error: 1 plat 25 at BarracudaReferenceImpl.compute(1359): Cannot concatenate 'X' and '.'
  error: 1 plat 25 at BarracudaReferenceImpl.compute(1392): Cannot concatenate 'B' and '.'
  error: 1 plat 25 at BarracudaReferenceImpl.compute(1392): Cannot concatenate 'K' and '.'
  error: 1 plat 25 at BarracudaReferenceImpl.compute(1392): Cannot concatenate 'O' and '.'
  error: 1 plat 25 at BarracudaReferenceImpl.compute(1392): Cannot concatenate 'X' and '.'
  error: 1 plat 25 at BarracudaReferenceImpl.compute(1454): Cannot concatenate 'O' and '.'
  error: 1 plat 25 at BarracudaReferenceImpl.compute(1496): Cannot concatenate 'X' and '.'
  error: 1 plat 25 at BarracudaReferenceImpl.compute(1546): Cannot concatenate 'O' and '.'
  error: 1 plat 25 at BarracudaReferenceImpl.compute(1546): Cannot concatenate 'X' and '.'
  error: 1 plat 25 at BarracudaReferenceImpl.compute(1590): Cannot concatenate 'O' and '.'
  error: 1 plat 25 at BarracudaReferenceImpl.compute(1590): Cannot concatenate 'X' and '.'
  error: 1 plat 25 at BarracudaReferenceImpl.compute(1618): Cannot concatenate 'O' and '.'
  error: 1 plat 25 at BarracudaReferenceImpl.compute(1618): Cannot concatenate 'X' and '.'
  error: 1 plat 25 at BarracudaReferenceImpl.compute(1661): Cannot concatenate 'O' and '.'
  error: 1 plat 25 at BarracudaReferenceImpl.compute(1661): Cannot concatenate 'X' and '.'
  error: 1 plat 25 at BarracudaReferenceImpl.compute(1706): Cannot concatenate 'K' and '.'
  error: 1 plat 25 at BarracudaReferenceImpl.compute(1706): Cannot concatenate 'O' and '.'
  error: 1 plat 25 at BarracudaReferenceImpl.compute(1706): Cannot concatenate 'X' and '.'
 ok=1 outsize=2742




Cmd: compileSnippet
  insize=1576 path=Assets/TextMesh Pro/Resources/Shaders cachingPP=1 ppOnly=0 stripLineD=0 buildPlatform=5 rsLen=0 pKW=UNITY_ENABLE_REFLECTION_BUFFERS UNITY_USE_DITHER_MASK_FOR_ALPHABLENDED_SHADOWS UNITY_PBS_USE_BRDF1 UNITY_SPECCUBE_BOX_PROJECTION UNITY_SPECCUBE_BLENDING UNITY_ENABLE_DETAIL_NORMALMAP SHADER_API_DESKTOP UNITY_COLORSPACE_GAMMA UNITY_LIGHT_PROBE_PROXY_VOLUME UNITY_LIGHTMAP_FULL_HDR uKW= dKW=UNITY_UI_CLIP_RECT UNITY_UI_ALPHACLIP UNITY_NO_DXT5nm UNITY_ENABLE_NATIVE_SHADOW_LOOKUPS UNITY_METAL_SHADOWS_USE_POINT_FILTERING UNITY_NO_SCREENSPACE_SHADOWS UNITY_PBS_USE_BRDF2 UNITY_PBS_USE_BRDF3 UNITY_NO_FULL_STANDARD_SHADER UNITY_HARDWARE_TIER1 UNITY_HARDWARE_TIER2 UNITY_HARDWARE_TIER3 UNITY_HALF_PRECISION_FRAGMENT_SHADER_REGISTERS UNITY_LIGHTMAP_DLDR_ENCODING UNITY_LIGHTMAP_RGBM_ENCODING UNITY_VIRTUAL_TEXTURING UNITY_PRETRANSFORM_TO_DISPLAY_ORIENTATION UNITY_ASTC_NORMALMAP_ENCODING SHADER_API_GLES30 flags=0 lang=0 type=Vertex platform=d3d11 reqs=33 mask=6 start=49 ok=1 outsize=834

Cmd: compileSnippet
  insize=42488 path=Assets/TextMesh Pro/Resources/Shaders cachingPP=1 ppOnly=0 stripLineD=0 buildPlatform=5 rsLen=0 pKW=UNITY_ENABLE_REFLECTION_BUFFERS UNITY_USE_DITHER_MASK_FOR_ALPHABLENDED_SHADOWS UNITY_PBS_USE_BRDF1 UNITY_SPECCUBE_BOX_PROJECTION UNITY_SPECCUBE_BLENDING UNITY_ENABLE_DETAIL_NORMALMAP SHADER_API_DESKTOP UNITY_COLORSPACE_GAMMA UNITY_LIGHT_PROBE_PROXY_VOLUME UNITY_LIGHTMAP_FULL_HDR UNITY_PASS_FORWARDBASE uKW=DIRECTIONAL dKW=GLOW_ON INSTANCING_ON FOG_LINEAR FOG_EXP FOG_EXP2 LIGHTPROBE_SH VERTEXLIGHT_ON UNITY_NO_DXT5nm UNITY_ENABLE_NATIVE_SHADOW_LOOKUPS UNITY_METAL_SHADOWS_USE_POINT_FILTERING UNITY_NO_SCREENSPACE_SHADOWS UNITY_PBS_USE_BRDF2 UNITY_PBS_USE_BRDF3 UNITY_NO_FULL_STANDARD_SHADER UNITY_HARDWARE_TIER1 UNITY_HARDWARE_TIER2 UNITY_HARDWARE_TIER3 UNITY_HALF_PRECISION_FRAGMENT_SHADER_REGISTERS UNITY_LIGHTMAP_DLDR_ENCODING UNITY_LIGHTMAP_RGBM_ENCODING UNITY_VIRTUAL_TEXTURING UNITY_PRETRANSFORM_TO_DISPLAY_ORIENTATION UNITY_ASTC_NORMALMAP_ENCODING SHADER_API_GLES30 flags=0 lang=0 type=Vertex platform=d3d11 reqs=227 mask=6 start=71 ok=1 outsize=3930

Cmd: compileSnippet
  insize=1432 path=Assets/DefaultResourcesExtra cachingPP=1 ppOnly=0 stripLineD=0 buildPlatform=5 rsLen=0 pKW=UNITY_ENABLE_REFLECTION_BUFFERS UNITY_USE_DITHER_MASK_FOR_ALPHABLENDED_SHADOWS UNITY_PBS_USE_BRDF1 UNITY_SPECCUBE_BOX_PROJECTION UNITY_SPECCUBE_BLENDING UNITY_ENABLE_DETAIL_NORMALMAP SHADER_API_DESKTOP UNITY_COLORSPACE_GAMMA UNITY_LIGHT_PROBE_PROXY_VOLUME UNITY_LIGHTMAP_FULL_HDR UNITY_PASS_DEFERRED uKW=LIGHTPROBE_SH UNITY_HDR_ON dKW=_EMISSION INSTANCING_ON _NORMALMAP _ALPHATEST_ON _ALPHABLEND_ON _ALPHAPREMULTIPLY_ON _METALLICGLOSSMAP _SMOOTHNESS_TEXTURE_ALBEDO_CHANNEL_A _SPECULARHIGHLIGHTS_OFF _DETAIL_MULX2 _PARALLAXMAP DYNAMICLIGHTMAP_ON SHADOWS_SHADOWMASK LIGHTMAP_ON DIRLIGHTMAP_COMBINED UNITY_NO_DXT5nm UNITY_ENABLE_NATIVE_SHADOW_LOOKUPS UNITY_METAL_SHADOWS_USE_POINT_FILTERING UNITY_NO_SCREENSPACE_SHADOWS UNITY_PBS_USE_BRDF2 UNITY_PBS_USE_BRDF3 UNITY_NO_FULL_STANDARD_SHADER UNITY_HARDWARE_TIER1 UNITY_HARDWARE_TIER2 UNITY_HARDWARE_TIER3 UNITY_HALF_PRECISION_FRAGMENT_SHADER_REGISTERS UNITY_LIGHTMAP_DLDR_ENCODING UNITY_LIGHTMAP_RGBM_ENCODING UNITY_VIRTUAL_TEXTURING UNITY_PRETRANSFORM_TO_DISPLAY_ORIENTATION UNITY_ASTC_NORMALMAP_ENCODING SHADER_API_GLES30 flags=0 lang=0 type=Fragment platform=d3d11 reqs=227 mask=6 start=168 ok=1 outsize=2490

Cmd: compileSnippet
  insize=1153 path=Assets/DefaultResourcesExtra cachingPP=1 ppOnly=0 stripLineD=0 buildPlatform=5 rsLen=0 pKW=UNITY_ENABLE_REFLECTION_BUFFERS UNITY_USE_DITHER_MASK_FOR_ALPHABLENDED_SHADOWS UNITY_PBS_USE_BRDF1 UNITY_SPECCUBE_BOX_PROJECTION UNITY_SPECCUBE_BLENDING UNITY_ENABLE_DETAIL_NORMALMAP SHADER_API_DESKTOP UNITY_COLORSPACE_GAMMA UNITY_LIGHT_PROBE_PROXY_VOLUME UNITY_LIGHTMAP_FULL_HDR UNITY_PASS_SHADOWCASTER uKW=SHADOWS_DEPTH INSTANCING_ON dKW=_ALPHATEST_ON _ALPHABLEND_ON _ALPHAPREMULTIPLY_ON _METALLICGLOSSMAP _SMOOTHNESS_TEXTURE_ALBEDO_CHANNEL_A _PARALLAXMAP SHADOWS_CUBE UNITY_NO_DXT5nm UNITY_ENABLE_NATIVE_SHADOW_LOOKUPS UNITY_METAL_SHADOWS_USE_POINT_FILTERING UNITY_NO_SCREENSPACE_SHADOWS UNITY_PBS_USE_BRDF2 UNITY_PBS_USE_BRDF3 UNITY_NO_FULL_STANDARD_SHADER UNITY_HARDWARE_TIER1 UNITY_HARDWARE_TIER2 UNITY_HARDWARE_TIER3 UNITY_HALF_PRECISION_FRAGMENT_SHADER_REGISTERS UNITY_LIGHTMAP_DLDR_ENCODING UNITY_LIGHTMAP_RGBM_ENCODING UNITY_VIRTUAL_TEXTURING UNITY_PRETRANSFORM_TO_DISPLAY_ORIENTATION UNITY_ASTC_NORMALMAP_ENCODING SHADER_API_GLES30 flags=0 lang=0 type=Fragment platform=d3d11 reqs=2275 mask=6 start=139 ok=1 outsize=218

Cmd: shutdown

Quitting shader compiler process
