Base path: 'C:/Program Files/Unity/Hub/Editor/2020.2.7f1/Editor/Data', plugins path 'C:/Program Files/Unity/Hub/Editor/2020.2.7f1/Editor/Data/PlaybackEngines'
Cmd: initializeCompiler

Cmd: compileSnippet
  insize=1385 path=Packages/com.unity.postprocessing/PostProcessing/Shaders/Editor cachingPP=1 ppOnly=0 stripLineD=0 buildPlatform=5 rsLen=0 pKW=UNITY_ENABLE_REFLECTION_BUFFERS UNITY_USE_DITHER_MASK_FOR_ALPHABLENDED_SHADOWS UNITY_PBS_USE_BRDF1 UNITY_SPECCUBE_BOX_PROJECTION UNITY_SPECCUBE_BLENDING UNITY_ENABLE_DETAIL_NORMALMAP SHADER_API_DESKTOP UNITY_COLORSPACE_GAMMA UNITY_LIGHT_PROBE_PROXY_VOLUME UNITY_LIGHTMAP_FULL_HDR uKW= dKW=UNITY_NO_DXT5nm UNITY_ENABLE_NATIVE_SHADOW_LOOKUPS UNITY_METAL_SHADOWS_USE_POINT_FILTERING UNITY_NO_SCREENSPACE_SHADOWS UNITY_PBS_USE_BRDF2 UNITY_PBS_USE_BRDF3 UNITY_NO_FULL_STANDARD_SHADER UNITY_HARDWARE_TIER1 UNITY_HARDWARE_TIER2 UNITY_HARDWARE_TIER3 UNITY_HALF_PRECISION_FRAGMENT_SHADER_REGISTERS UNITY_LIGHTMAP_DLDR_ENCODING UNITY_LIGHTMAP_RGBM_ENCODING UNITY_VIRTUAL_TEXTURING UNITY_PRETRANSFORM_TO_DISPLAY_ORIENTATION UNITY_ASTC_NORMALMAP_ENCODING SHADER_API_GLES30 flags=0 lang=0 type=Vertex platform=d3d11 reqs=33 mask=6 start=57 ok=1 outsize=650

Cmd: compileSnippet
  insize=784 path=Assets/DefaultResourcesExtra cachingPP=1 ppOnly=0 stripLineD=0 buildPlatform=5 rsLen=0 pKW=UNITY_ENABLE_REFLECTION_BUFFERS UNITY_USE_DITHER_MASK_FOR_ALPHABLENDED_SHADOWS UNITY_PBS_USE_BRDF1 UNITY_SPECCUBE_BOX_PROJECTION UNITY_SPECCUBE_BLENDING UNITY_ENABLE_DETAIL_NORMALMAP SHADER_API_DESKTOP UNITY_COLORSPACE_GAMMA UNITY_LIGHT_PROBE_PROXY_VOLUME UNITY_LIGHTMAP_FULL_HDR UNITY_PASS_META uKW= dKW=EDITOR_VISUALIZATION _METALLICGLOSSMAP UNITY_NO_DXT5nm UNITY_ENABLE_NATIVE_SHADOW_LOOKUPS UNITY_METAL_SHADOWS_USE_POINT_FILTERING UNITY_NO_SCREENSPACE_SHADOWS UNITY_PBS_USE_BRDF2 UNITY_PBS_USE_BRDF3 UNITY_NO_FULL_STANDARD_SHADER UNITY_HARDWARE_TIER1 UNITY_HARDWARE_TIER2 UNITY_HARDWARE_TIER3 UNITY_HALF_PRECISION_FRAGMENT_SHADER_REGISTERS UNITY_LIGHTMAP_DLDR_ENCODING UNITY_LIGHTMAP_RGBM_ENCODING UNITY_VIRTUAL_TEXTURING UNITY_PRETRANSFORM_TO_DISPLAY_ORIENTATION UNITY_ASTC_NORMALMAP_ENCODING SHADER_API_GLES30 flags=0 lang=0 type=Vertex platform=d3d11 reqs=33 mask=6 start=328 ok=1 outsize=1050

Cmd: compileSnippet
  insize=1519 path=Packages/com.unity.postprocessing/PostProcessing/Shaders/Debug cachingPP=1 ppOnly=0 stripLineD=0 buildPlatform=5 rsLen=0 pKW=UNITY_ENABLE_REFLECTION_BUFFERS UNITY_USE_DITHER_MASK_FOR_ALPHABLENDED_SHADOWS UNITY_PBS_USE_BRDF1 UNITY_SPECCUBE_BOX_PROJECTION UNITY_SPECCUBE_BLENDING UNITY_ENABLE_DETAIL_NORMALMAP SHADER_API_DESKTOP UNITY_COLORSPACE_GAMMA UNITY_LIGHT_PROBE_PROXY_VOLUME UNITY_LIGHTMAP_FULL_HDR uKW= dKW=UNITY_NO_DXT5nm UNITY_ENABLE_NATIVE_SHADOW_LOOKUPS UNITY_METAL_SHADOWS_USE_POINT_FILTERING UNITY_NO_SCREENSPACE_SHADOWS UNITY_PBS_USE_BRDF2 UNITY_PBS_USE_BRDF3 UNITY_NO_FULL_STANDARD_SHADER UNITY_HARDWARE_TIER1 UNITY_HARDWARE_TIER2 UNITY_HARDWARE_TIER3 UNITY_HALF_PRECISION_FRAGMENT_SHADER_REGISTERS UNITY_LIGHTMAP_DLDR_ENCODING UNITY_LIGHTMAP_RGBM_ENCODING UNITY_VIRTUAL_TEXTURING UNITY_PRETRANSFORM_TO_DISPLAY_ORIENTATION UNITY_ASTC_NORMALMAP_ENCODING SHADER_API_GLES30 flags=0 lang=3 type=Vertex platform=d3d11 reqs=1101803 mask=6 start=50 ok=1 outsize=558

Cmd: compileSnippet
  insize=1003 path=Packages/com.unity.postprocessing/PostProcessing/Shaders/Builtins cachingPP=1 ppOnly=0 stripLineD=0 buildPlatform=5 rsLen=0 pKW=UNITY_ENABLE_REFLECTION_BUFFERS UNITY_USE_DITHER_MASK_FOR_ALPHABLENDED_SHADOWS UNITY_PBS_USE_BRDF1 UNITY_SPECCUBE_BOX_PROJECTION UNITY_SPECCUBE_BLENDING UNITY_ENABLE_DETAIL_NORMALMAP SHADER_API_DESKTOP UNITY_COLORSPACE_GAMMA UNITY_LIGHT_PROBE_PROXY_VOLUME UNITY_LIGHTMAP_FULL_HDR uKW= dKW=UNITY_NO_DXT5nm UNITY_ENABLE_NATIVE_SHADOW_LOOKUPS UNITY_METAL_SHADOWS_USE_POINT_FILTERING UNITY_NO_SCREENSPACE_SHADOWS UNITY_PBS_USE_BRDF2 UNITY_PBS_USE_BRDF3 UNITY_NO_FULL_STANDARD_SHADER UNITY_HARDWARE_TIER1 UNITY_HARDWARE_TIER2 UNITY_HARDWARE_TIER3 UNITY_HALF_PRECISION_FRAGMENT_SHADER_REGISTERS UNITY_LIGHTMAP_DLDR_ENCODING UNITY_LIGHTMAP_RGBM_ENCODING UNITY_VIRTUAL_TEXTURING UNITY_PRETRANSFORM_TO_DISPLAY_ORIENTATION UNITY_ASTC_NORMALMAP_ENCODING SHADER_API_GLES30 flags=0 lang=3 type=Fragment platform=d3d11 reqs=33 mask=6 start=42 ok=1 outsize=422

Cmd: compileSnippet
  insize=10592 path=Packages/com.unity.postprocessing/PostProcessing/Shaders/Builtins cachingPP=1 ppOnly=0 stripLineD=0 buildPlatform=5 rsLen=0 pKW=UNITY_ENABLE_REFLECTION_BUFFERS UNITY_USE_DITHER_MASK_FOR_ALPHABLENDED_SHADOWS UNITY_PBS_USE_BRDF1 UNITY_SPECCUBE_BOX_PROJECTION UNITY_SPECCUBE_BLENDING UNITY_ENABLE_DETAIL_NORMALMAP SHADER_API_DESKTOP UNITY_COLORSPACE_GAMMA UNITY_LIGHT_PROBE_PROXY_VOLUME UNITY_LIGHTMAP_FULL_HDR uKW= dKW=UNITY_NO_DXT5nm UNITY_ENABLE_NATIVE_SHADOW_LOOKUPS UNITY_METAL_SHADOWS_USE_POINT_FILTERING UNITY_NO_SCREENSPACE_SHADOWS UNITY_PBS_USE_BRDF2 UNITY_PBS_USE_BRDF3 UNITY_NO_FULL_STANDARD_SHADER UNITY_HARDWARE_TIER1 UNITY_HARDWARE_TIER2 UNITY_HARDWARE_TIER3 UNITY_HALF_PRECISION_FRAGMENT_SHADER_REGISTERS UNITY_LIGHTMAP_DLDR_ENCODING UNITY_LIGHTMAP_RGBM_ENCODING UNITY_VIRTUAL_TEXTURING UNITY_PRETRANSFORM_TO_DISPLAY_ORIENTATION UNITY_ASTC_NORMALMAP_ENCODING SHADER_API_GLES30 flags=0 lang=3 type=Fragment platform=d3d11 reqs=227 mask=6 start=324 ok=1 outsize=3038

Cmd: compileSnippet
  insize=6969 path=Packages/com.unity.postprocessing/PostProcessing/Shaders/Builtins cachingPP=1 ppOnly=0 stripLineD=0 buildPlatform=5 rsLen=0 pKW=UNITY_ENABLE_REFLECTION_BUFFERS UNITY_USE_DITHER_MASK_FOR_ALPHABLENDED_SHADOWS UNITY_PBS_USE_BRDF1 UNITY_SPECCUBE_BOX_PROJECTION UNITY_SPECCUBE_BLENDING UNITY_ENABLE_DETAIL_NORMALMAP SHADER_API_DESKTOP UNITY_COLORSPACE_GAMMA UNITY_LIGHT_PROBE_PROXY_VOLUME UNITY_LIGHTMAP_FULL_HDR uKW= dKW=TONEMAPPING_ACES TONEMAPPING_NEUTRAL TONEMAPPING_CUSTOM UNITY_NO_DXT5nm UNITY_ENABLE_NATIVE_SHADOW_LOOKUPS UNITY_METAL_SHADOWS_USE_POINT_FILTERING UNITY_NO_SCREENSPACE_SHADOWS UNITY_PBS_USE_BRDF2 UNITY_PBS_USE_BRDF3 UNITY_NO_FULL_STANDARD_SHADER UNITY_HARDWARE_TIER1 UNITY_HARDWARE_TIER2 UNITY_HARDWARE_TIER3 UNITY_HALF_PRECISION_FRAGMENT_SHADER_REGISTERS UNITY_LIGHTMAP_DLDR_ENCODING UNITY_LIGHTMAP_RGBM_ENCODING UNITY_VIRTUAL_TEXTURING UNITY_PRETRANSFORM_TO_DISPLAY_ORIENTATION UNITY_ASTC_NORMALMAP_ENCODING SHADER_API_GLES30 flags=0 lang=3 type=Fragment platform=d3d11 reqs=227 mask=6 start=213 ok=1 outsize=3230

Cmd: compileSnippet
  insize=4608 path=Packages/com.unity.postprocessing/PostProcessing/Shaders/Builtins cachingPP=1 ppOnly=0 stripLineD=0 buildPlatform=5 rsLen=0 pKW=UNITY_ENABLE_REFLECTION_BUFFERS UNITY_USE_DITHER_MASK_FOR_ALPHABLENDED_SHADOWS UNITY_PBS_USE_BRDF1 UNITY_SPECCUBE_BOX_PROJECTION UNITY_SPECCUBE_BLENDING UNITY_ENABLE_DETAIL_NORMALMAP SHADER_API_DESKTOP UNITY_COLORSPACE_GAMMA UNITY_LIGHT_PROBE_PROXY_VOLUME UNITY_LIGHTMAP_FULL_HDR uKW= dKW=UNITY_NO_DXT5nm UNITY_ENABLE_NATIVE_SHADOW_LOOKUPS UNITY_METAL_SHADOWS_USE_POINT_FILTERING UNITY_NO_SCREENSPACE_SHADOWS UNITY_PBS_USE_BRDF2 UNITY_PBS_USE_BRDF3 UNITY_NO_FULL_STANDARD_SHADER UNITY_HARDWARE_TIER1 UNITY_HARDWARE_TIER2 UNITY_HARDWARE_TIER3 UNITY_HALF_PRECISION_FRAGMENT_SHADER_REGISTERS UNITY_LIGHTMAP_DLDR_ENCODING UNITY_LIGHTMAP_RGBM_ENCODING UNITY_VIRTUAL_TEXTURING UNITY_PRETRANSFORM_TO_DISPLAY_ORIENTATION UNITY_ASTC_NORMALMAP_ENCODING SHADER_API_GLES30 flags=0 lang=3 type=Vertex platform=d3d11 reqs=33 mask=6 start=164 ok=1 outsize=554

Cmd: compileSnippet
  insize=2980 path=Packages/com.unity.postprocessing/PostProcessing/Shaders/Builtins cachingPP=1 ppOnly=0 stripLineD=0 buildPlatform=5 rsLen=0 pKW=UNITY_ENABLE_REFLECTION_BUFFERS UNITY_USE_DITHER_MASK_FOR_ALPHABLENDED_SHADOWS UNITY_PBS_USE_BRDF1 UNITY_SPECCUBE_BOX_PROJECTION UNITY_SPECCUBE_BLENDING UNITY_ENABLE_DETAIL_NORMALMAP SHADER_API_DESKTOP UNITY_COLORSPACE_GAMMA UNITY_LIGHT_PROBE_PROXY_VOLUME UNITY_LIGHTMAP_FULL_HDR uKW= dKW=UNITY_NO_DXT5nm UNITY_ENABLE_NATIVE_SHADOW_LOOKUPS UNITY_METAL_SHADOWS_USE_POINT_FILTERING UNITY_NO_SCREENSPACE_SHADOWS UNITY_PBS_USE_BRDF2 UNITY_PBS_USE_BRDF3 UNITY_NO_FULL_STANDARD_SHADER UNITY_HARDWARE_TIER1 UNITY_HARDWARE_TIER2 UNITY_HARDWARE_TIER3 UNITY_HALF_PRECISION_FRAGMENT_SHADER_REGISTERS UNITY_LIGHTMAP_DLDR_ENCODING UNITY_LIGHTMAP_RGBM_ENCODING UNITY_VIRTUAL_TEXTURING UNITY_PRETRANSFORM_TO_DISPLAY_ORIENTATION UNITY_ASTC_NORMALMAP_ENCODING SHADER_API_GLES30 flags=0 lang=3 type=Vertex platform=d3d11 reqs=227 mask=6 start=86 ok=1 outsize=554

Cmd: compileSnippet
  insize=12690 path=Packages/com.unity.probuilder/Content/Shader cachingPP=1 ppOnly=0 stripLineD=0 buildPlatform=5 rsLen=0 pKW=UNITY_ENABLE_REFLECTION_BUFFERS UNITY_USE_DITHER_MASK_FOR_ALPHABLENDED_SHADOWS UNITY_PBS_USE_BRDF1 UNITY_SPECCUBE_BOX_PROJECTION UNITY_SPECCUBE_BLENDING UNITY_ENABLE_DETAIL_NORMALMAP SHADER_API_DESKTOP UNITY_COLORSPACE_GAMMA UNITY_LIGHT_PROBE_PROXY_VOLUME UNITY_LIGHTMAP_FULL_HDR UNITY_PASS_PREPASSFINAL uKW= dKW=INSTANCING_ON FOG_LINEAR FOG_EXP FOG_EXP2 LIGHTPROBE_SH DYNAMICLIGHTMAP_ON SHADOWS_SHADOWMASK LIGHTMAP_ON DIRLIGHTMAP_COMBINED UNITY_HDR_ON UNITY_NO_DXT5nm UNITY_ENABLE_NATIVE_SHADOW_LOOKUPS UNITY_METAL_SHADOWS_USE_POINT_FILTERING UNITY_NO_SCREENSPACE_SHADOWS UNITY_PBS_USE_BRDF2 UNITY_PBS_USE_BRDF3 UNITY_NO_FULL_STANDARD_SHADER UNITY_HARDWARE_TIER1 UNITY_HARDWARE_TIER2 UNITY_HARDWARE_TIER3 UNITY_HALF_PRECISION_FRAGMENT_SHADER_REGISTERS UNITY_LIGHTMAP_DLDR_ENCODING UNITY_LIGHTMAP_RGBM_ENCODING UNITY_VIRTUAL_TEXTURING UNITY_PRETRANSFORM_TO_DISPLAY_ORIENTATION UNITY_ASTC_NORMALMAP_ENCODING SHADER_API_GLES30 flags=0 lang=0 type=Vertex platform=d3d11 reqs=33 mask=6 start=107 ok=1 outsize=2094

Cmd: compileComputeKernel
  insize=9889 path=G:/Unity3D_Project/Unity_Project/0_basic_2021/Library/PackageCache/com.unity.barracuda@0.5.0-preview/Barracuda/Core/Resources/Broadcast.compute kernel=BroadcastLessEqual cachingPP=1 ppOnly=0 stripLineD=0 buildPlatform=5 km=<UNITY_VERSION=202027> pKW=UNITY_ENABLE_REFLECTION_BUFFERS UNITY_USE_DITHER_MASK_FOR_ALPHABLENDED_SHADOWS UNITY_PBS_USE_BRDF1 UNITY_SPECCUBE_BOX_PROJECTION UNITY_SPECCUBE_BLENDING UNITY_ENABLE_DETAIL_NORMALMAP SHADER_API_DESKTOP UNITY_COLORSPACE_GAMMA UNITY_LIGHT_PROBE_PROXY_VOLUME UNITY_LIGHTMAP_FULL_HDR uKW=SHADER_STAGE_COMPUTE platform=d3d11 flags=0  error: 1 plat 25 at Broadcast.compute(26): Cannot concatenate 'B' and '.'
  error: 1 plat 25 at Broadcast.compute(26): Cannot concatenate 'O' and '.'
  error: 1 plat 25 at Broadcast.compute(26): Cannot concatenate 'X' and '.'
  error: 1 plat 25 at Broadcast.compute(44): Cannot concatenate 'B' and '.'
  error: 1 plat 25 at Broadcast.compute(44): Cannot concatenate 'O' and '.'
  error: 1 plat 25 at Broadcast.compute(44): Cannot concatenate 'X' and '.'
  error: 1 plat 25 at Broadcast.compute(62): Cannot concatenate 'B' and '.'
  error: 1 plat 25 at Broadcast.compute(62): Cannot concatenate 'O' and '.'
  error: 1 plat 25 at Broadcast.compute(62): Cannot concatenate 'X' and '.'
  error: 1 plat 25 at Broadcast.compute(80): Cannot concatenate 'B' and '.'
  error: 1 plat 25 at Broadcast.compute(80): Cannot concatenate 'O' and '.'
  error: 1 plat 25 at Broadcast.compute(80): Cannot concatenate 'X' and '.'
  error: 1 plat 25 at Broadcast.compute(108): Cannot concatenate 'B' and '.'
  error: 1 plat 25 at Broadcast.compute(108): Cannot concatenate 'O' and '.'
  error: 1 plat 25 at Broadcast.compute(108): Cannot concatenate 'X' and '.'
  error: 1 plat 25 at Broadcast.compute(126): Cannot concatenate 'B' and '.'
  error: 1 plat 25 at Broadcast.compute(126): Cannot concatenate 'O' and '.'
  error: 1 plat 25 at Broadcast.compute(126): Cannot concatenate 'X' and '.'
  error: 1 plat 25 at Broadcast.compute(144): Cannot concatenate 'B' and '.'
  error: 1 plat 25 at Broadcast.compute(144): Cannot concatenate 'O' and '.'
  error: 1 plat 25 at Broadcast.compute(144): Cannot concatenate 'X' and '.'
  error: 1 plat 25 at Broadcast.compute(163): Cannot concatenate 'B' and '.'
  error: 1 plat 25 at Broadcast.compute(163): Cannot concatenate 'O' and '.'
  error: 1 plat 25 at Broadcast.compute(163): Cannot concatenate 'X' and '.'
  error: 1 plat 25 at Broadcast.compute(188): Cannot concatenate 'B' and '.'
  error: 1 plat 25 at Broadcast.compute(188): Cannot concatenate 'O' and '.'
  error: 1 plat 25 at Broadcast.compute(188): Cannot concatenate 'X' and '.'
  error: 1 plat 25 at Broadcast.compute(213): Cannot concatenate 'B' and '.'
  error: 1 plat 25 at Broadcast.compute(213): Cannot concatenate 'O' and '.'
  error: 1 plat 25 at Broadcast.compute(213): Cannot concatenate 'X' and '.'
  error: 1 plat 25 at Broadcast.compute(238): Cannot concatenate 'B' and '.'
  error: 1 plat 25 at Broadcast.compute(238): Cannot concatenate 'O' and '.'
  error: 1 plat 25 at Broadcast.compute(238): Cannot concatenate 'X' and '.'
  error: 1 plat 25 at Broadcast.compute(263): Cannot concatenate 'B' and '.'
  error: 1 plat 25 at Broadcast.compute(263): Cannot concatenate 'O' and '.'
  error: 1 plat 25 at Broadcast.compute(263): Cannot concatenate 'X' and '.'
  error: 1 plat 25 at Broadcast.compute(288): Cannot concatenate 'B' and '.'
  error: 1 plat 25 at Broadcast.compute(288): Cannot concatenate 'O' and '.'
  error: 1 plat 25 at Broadcast.compute(288): Cannot concatenate 'X' and '.'
  error: 1 plat 25 at Broadcast.compute(313): Cannot concatenate 'B' and '.'
  error: 1 plat 25 at Broadcast.compute(313): Cannot concatenate 'O' and '.'
  error: 1 plat 25 at Broadcast.compute(313): Cannot concatenate 'X' and '.'
  error: 1 plat 25 at Broadcast.compute(338): Cannot concatenate 'B' and '.'
  error: 1 plat 25 at Broadcast.compute(338): Cannot concatenate 'O' and '.'
  error: 1 plat 25 at Broadcast.compute(338): Cannot concatenate 'X' and '.'
 ok=1 outsize=1913

Cmd: compileComputeKernel
  insize=3168 path=G:/Unity3D_Project/Unity_Project/0_basic_2021/Library/PackageCache/com.unity.postprocessing@2.3.0/PostProcessing/Shaders/Builtins/ExposureHistogram.compute kernel=KEyeHistogram cachingPP=1 ppOnly=0 stripLineD=0 buildPlatform=5 km=<UNITY_VERSION=202027> pKW=UNITY_ENABLE_REFLECTION_BUFFERS UNITY_USE_DITHER_MASK_FOR_ALPHABLENDED_SHADOWS UNITY_PBS_USE_BRDF1 UNITY_SPECCUBE_BOX_PROJECTION UNITY_SPECCUBE_BLENDING UNITY_ENABLE_DETAIL_NORMALMAP SHADER_API_DESKTOP UNITY_COLORSPACE_GAMMA UNITY_LIGHT_PROBE_PROXY_VOLUME UNITY_LIGHTMAP_FULL_HDR uKW=SHADER_STAGE_COMPUTE platform=d3d11 flags=0 ok=1 outsize=1324

Cmd: compileComputeKernel
  insize=31879 path=G:/Unity3D_Project/Unity_Project/0_basic_2021/Library/PackageCache/com.unity.barracuda@0.5.0-preview/Barracuda/Core/Resources/Conv.compute kernel=Conv2DWinograd_2x2_3x3 cachingPP=1 ppOnly=0 stripLineD=0 buildPlatform=5 km=<UNITY_VERSION=202027> pKW=UNITY_ENABLE_REFLECTION_BUFFERS UNITY_USE_DITHER_MASK_FOR_ALPHABLENDED_SHADOWS UNITY_PBS_USE_BRDF1 UNITY_SPECCUBE_BOX_PROJECTION UNITY_SPECCUBE_BLENDING UNITY_ENABLE_DETAIL_NORMALMAP SHADER_API_DESKTOP UNITY_COLORSPACE_GAMMA UNITY_LIGHT_PROBE_PROXY_VOLUME UNITY_LIGHTMAP_FULL_HDR uKW=SHADER_STAGE_COMPUTE platform=d3d11 flags=0  error: 1 plat 25 at Conv.compute(299): Cannot concatenate 'B' and '.'
  error: 1 plat 25 at Conv.compute(299): Cannot concatenate 'K' and '.'
  error: 1 plat 25 at Conv.compute(299): Cannot concatenate 'O' and '.'
  error: 1 plat 25 at Conv.compute(299): Cannot concatenate 'X' and '.'
  error: 1 plat 25 at Conv.compute(340): Cannot concatenate 'B' and '.'
  error: 1 plat 25 at Conv.compute(340): Cannot concatenate 'K' and '.'
  error: 1 plat 25 at Conv.compute(340): Cannot concatenate 'O' and '.'
  error: 1 plat 25 at Conv.compute(340): Cannot concatenate 'X' and '.'
  error: 1 plat 25 at Conv.compute(452): Cannot concatenate 'B' and '.'
  error: 1 plat 25 at Conv.compute(452): Cannot concatenate 'K' and '.'
  error: 1 plat 25 at Conv.compute(452): Cannot concatenate 'O' and '.'
  error: 1 plat 25 at Conv.compute(452): Cannot concatenate 'X' and '.'
  error: 1 plat 25 at Conv.compute(453): Cannot concatenate 'B' and '.'
  error: 1 plat 25 at Conv.compute(453): Cannot concatenate 'K' and '.'
  error: 1 plat 25 at Conv.compute(453): Cannot concatenate 'O' and '.'
  error: 1 plat 25 at Conv.compute(453): Cannot concatenate 'X' and '.'
  error: 1 plat 25 at Conv.compute(461): Cannot concatenate 'B' and '.'
  error: 1 plat 25 at Conv.compute(461): Cannot concatenate 'K' and '.'
  error: 1 plat 25 at Conv.compute(461): Cannot concatenate 'O' and '.'
  error: 1 plat 25 at Conv.compute(461): Cannot concatenate 'X' and '.'
  error: 1 plat 25 at Conv.compute(527): Cannot concatenate 'B' and '.'
  error: 1 plat 25 at Conv.compute(527): Cannot concatenate 'K' and '.'
  error: 1 plat 25 at Conv.compute(527): Cannot concatenate 'O' and '.'
  error: 1 plat 25 at Conv.compute(527): Cannot concatenate 'X' and '.'
  error: 1 plat 25 at Conv.compute(654): Cannot concatenate 'O' and '.'
  error: 1 plat 25 at Conv.compute(654): Cannot concatenate 'X' and '.'
  error: 1 plat 25 at Conv.compute(720): Cannot concatenate 'B' and '.'
  error: 1 plat 25 at Conv.compute(720): Cannot concatenate 'K' and '.'
  error: 1 plat 25 at Conv.compute(720): Cannot concatenate 'O' and '.'
  error: 1 plat 25 at Conv.compute(720): Cannot concatenate 'X' and '.'
 ok=1 outsize=11935

Cmd: compileComputeKernel
  insize=47541 path=G:/Unity3D_Project/Unity_Project/0_basic_2021/Library/PackageCache/com.unity.barracuda@0.5.0-preview/Barracuda/Core/Resources/BarracudaReferenceImpl.compute kernel=BroadcastLessEqual cachingPP=1 ppOnly=0 stripLineD=0 buildPlatform=5 km=<UNITY_VERSION=202027> pKW=UNITY_ENABLE_REFLECTION_BUFFERS UNITY_USE_DITHER_MASK_FOR_ALPHABLENDED_SHADOWS UNITY_PBS_USE_BRDF1 UNITY_SPECCUBE_BOX_PROJECTION UNITY_SPECCUBE_BLENDING UNITY_ENABLE_DETAIL_NORMALMAP SHADER_API_DESKTOP UNITY_COLORSPACE_GAMMA UNITY_LIGHT_PROBE_PROXY_VOLUME UNITY_LIGHTMAP_FULL_HDR uKW=SHADER_STAGE_COMPUTE platform=d3d11 flags=0  error: 1 plat 25 at BarracudaReferenceImpl.compute(84): Cannot concatenate 'B' and '.'
  error: 1 plat 25 at BarracudaReferenceImpl.compute(84): Cannot concatenate 'O' and '.'
  error: 1 plat 25 at BarracudaReferenceImpl.compute(84): Cannot concatenate 'W' and '.'
  error: 1 plat 25 at BarracudaReferenceImpl.compute(84): Cannot concatenate 'X' and '.'
  error: 1 plat 25 at BarracudaReferenceImpl.compute(103): Cannot concatenate 'O' and '.'
  error: 1 plat 25 at BarracudaReferenceImpl.compute(103): Cannot concatenate 'X' and '.'
  error: 1 plat 25 at BarracudaReferenceImpl.compute(126): Cannot concatenate 'O' and '.'
  error: 1 plat 25 at BarracudaReferenceImpl.compute(126): Cannot concatenate 'W' and '.'
  error: 1 plat 25 at BarracudaReferenceImpl.compute(126): Cannot concatenate 'X' and '.'
  error: 1 plat 25 at BarracudaReferenceImpl.compute(150): Cannot concatenate 'O' and '.'
  error: 1 plat 25 at BarracudaReferenceImpl.compute(150): Cannot concatenate 'X' and '.'
  error: 1 plat 25 at BarracudaReferenceImpl.compute(173): Cannot concatenate 'O' and '.'
  error: 1 plat 25 at BarracudaReferenceImpl.compute(173): Cannot concatenate 'X' and '.'
  error: 1 plat 25 at BarracudaReferenceImpl.compute(195): Cannot concatenate 'O' and '.'
  error: 1 plat 25 at BarracudaReferenceImpl.compute(195): Cannot concatenate 'X' and '.'
  error: 1 plat 25 at BarracudaReferenceImpl.compute(217): Cannot concatenate 'O' and '.'
  error: 1 plat 25 at BarracudaReferenceImpl.compute(217): Cannot concatenate 'X' and '.'
  error: 1 plat 25 at BarracudaReferenceImpl.compute(239): Cannot concatenate 'O' and '.'
  error: 1 plat 25 at BarracudaReferenceImpl.compute(239): Cannot concatenate 'X' and '.'
  error: 1 plat 25 at BarracudaReferenceImpl.compute(257): Cannot concatenate 'O' and '.'
  error: 1 plat 25 at BarracudaReferenceImpl.compute(257): Cannot concatenate 'X' and '.'
  error: 1 plat 25 at BarracudaReferenceImpl.compute(274): Cannot concatenate 'O' and '.'
  error: 1 plat 25 at BarracudaReferenceImpl.compute(274): Cannot concatenate 'X' and '.'
  error: 1 plat 25 at BarracudaReferenceImpl.compute(291): Cannot concatenate 'O' and '.'
  error: 1 plat 25 at BarracudaReferenceImpl.compute(291): Cannot concatenate 'X' and '.'
  error: 1 plat 25 at BarracudaReferenceImpl.compute(309): Cannot concatenate 'O' and '.'
  error: 1 plat 25 at BarracudaReferenceImpl.compute(309): Cannot concatenate 'X' and '.'
  error: 1 plat 25 at BarracudaReferenceImpl.compute(326): Cannot concatenate 'O' and '.'
  error: 1 plat 25 at BarracudaReferenceImpl.compute(326): Cannot concatenate 'X' and '.'
  error: 1 plat 25 at BarracudaReferenceImpl.compute(343): Cannot concatenate 'O' and '.'
  error: 1 plat 25 at BarracudaReferenceImpl.compute(343): Cannot concatenate 'X' and '.'
  error: 1 plat 25 at BarracudaReferenceImpl.compute(360): Cannot concatenate 'O' and '.'
  error: 1 plat 25 at BarracudaReferenceImpl.compute(360): Cannot concatenate 'X' and '.'
  error: 1 plat 25 at BarracudaReferenceImpl.compute(387): Cannot concatenate 'O' and '.'
  error: 1 plat 25 at BarracudaReferenceImpl.compute(387): Cannot concatenate 'X' and '.'
  error: 1 plat 25 at BarracudaReferenceImpl.compute(404): Cannot concatenate 'O' and '.'
  error: 1 plat 25 at BarracudaReferenceImpl.compute(404): Cannot concatenate 'X' and '.'
  error: 1 plat 25 at BarracudaReferenceImpl.compute(421): Cannot concatenate 'B' and '.'
  error: 1 plat 25 at BarracudaReferenceImpl.compute(421): Cannot concatenate 'O' and '.'
  error: 1 plat 25 at BarracudaReferenceImpl.compute(421): Cannot concatenate 'X' and '.'
  error: 1 plat 25 at BarracudaReferenceImpl.compute(439): Cannot concatenate 'B' and '.'
  error: 1 plat 25 at BarracudaReferenceImpl.compute(439): Cannot concatenate 'O' and '.'
  error: 1 plat 25 at BarracudaReferenceImpl.compute(439): Cannot concatenate 'X' and '.'
  error: 1 plat 25 at BarracudaReferenceImpl.compute(457): Cannot concatenate 'B' and '.'
  error: 1 plat 25 at BarracudaReferenceImpl.compute(457): Cannot concatenate 'O' and '.'
  error: 1 plat 25 at BarracudaReferenceImpl.compute(457): Cannot concatenate 'X' and '.'
  error: 1 plat 25 at BarracudaReferenceImpl.compute(475): Cannot concatenate 'B' and '.'
  error: 1 plat 25 at BarracudaReferenceImpl.compute(475): Cannot concatenate 'O' and '.'
  error: 1 plat 25 at BarracudaReferenceImpl.compute(475): Cannot concatenate 'X' and '.'
  error: 1 plat 25 at BarracudaReferenceImpl.compute(493): Cannot concatenate 'B' and '.'
  error: 1 plat 25 at BarracudaReferenceImpl.compute(493): Cannot concatenate 'O' and '.'
  error: 1 plat 25 at BarracudaReferenceImpl.compute(493): Cannot concatenate 'X' and '.'
  error: 1 plat 25 at BarracudaReferenceImpl.compute(511): Cannot concatenate 'B' and '.'
  error: 1 plat 25 at BarracudaReferenceImpl.compute(511): Cannot concatenate 'O' and '.'
  error: 1 plat 25 at BarracudaReferenceImpl.compute(511): Cannot concatenate 'X' and '.'
  error: 1 plat 25 at BarracudaReferenceImpl.compute(529): Cannot concatenate 'B' and '.'
  error: 1 plat 25 at BarracudaReferenceImpl.compute(529): Cannot concatenate 'O' and '.'
  error: 1 plat 25 at BarracudaReferenceImpl.compute(529): Cannot concatenate 'X' and '.'
  error: 1 plat 25 at BarracudaReferenceImpl.compute(547): Cannot concatenate 'B' and '.'
  error: 1 plat 25 at BarracudaReferenceImpl.compute(547): Cannot concatenate 'O' and '.'
  error: 1 plat 25 at BarracudaReferenceImpl.compute(547): Cannot concatenate 'X' and '.'
  error: 1 plat 25 at BarracudaReferenceImpl.compute(572): Cannot concatenate 'B' and '.'
  error: 1 plat 25 at BarracudaReferenceImpl.compute(572): Cannot concatenate 'O' and '.'
  error: 1 plat 25 at BarracudaReferenceImpl.compute(572): Cannot concatenate 'X' and '.'
  error: 1 plat 25 at BarracudaReferenceImpl.compute(597): Cannot concatenate 'B' and '.'
  error: 1 plat 25 at BarracudaReferenceImpl.compute(597): Cannot concatenate 'O' and '.'
  error: 1 plat 25 at BarracudaReferenceImpl.compute(597): Cannot concatenate 'X' and '.'
  error: 1 plat 25 at BarracudaReferenceImpl.compute(622): Cannot concatenate 'B' and '.'
  error: 1 plat 25 at BarracudaReferenceImpl.compute(622): Cannot concatenate 'O' and '.'
  error: 1 plat 25 at BarracudaReferenceImpl.compute(622): Cannot concatenate 'X' and '.'
  error: 1 plat 25 at BarracudaReferenceImpl.compute(647): Cannot concatenate 'B' and '.'
  error: 1 plat 25 at BarracudaReferenceImpl.compute(647): Cannot concatenate 'O' and '.'
  error: 1 plat 25 at BarracudaReferenceImpl.compute(647): Cannot concatenate 'X' and '.'
  error: 1 plat 25 at BarracudaReferenceImpl.compute(672): Cannot concatenate 'B' and '.'
  error: 1 plat 25 at BarracudaReferenceImpl.compute(672): Cannot concatenate 'O' and '.'
  error: 1 plat 25 at BarracudaReferenceImpl.compute(672): Cannot concatenate 'X' and '.'
  error: 1 plat 25 at BarracudaReferenceImpl.compute(697): Cannot concatenate 'B' and '.'
  error: 1 plat 25 at BarracudaReferenceImpl.compute(697): Cannot concatenate 'O' and '.'
  error: 1 plat 25 at BarracudaReferenceImpl.compute(697): Cannot concatenate 'X' and '.'
  error: 1 plat 25 at BarracudaReferenceImpl.compute(722): Cannot concatenate 'B' and '.'
  error: 1 plat 25 at BarracudaReferenceImpl.compute(722): Cannot concatenate 'O' and '.'
  error: 1 plat 25 at BarracudaReferenceImpl.compute(722): Cannot concatenate 'X' and '.'
  error: 1 plat 25 at BarracudaReferenceImpl.compute(747): Cannot concatenate 'O' and '.'
  error: 1 plat 25 at BarracudaReferenceImpl.compute(747): Cannot concatenate 'X' and '.'
  error: 1 plat 25 at BarracudaReferenceImpl.compute(771): Cannot concatenate 'B' and '.'
  error: 1 plat 25 at BarracudaReferenceImpl.compute(771): Cannot concatenate 'O' and '.'
  error: 1 plat 25 at BarracudaReferenceImpl.compute(771): Cannot concatenate 'X' and '.'
  error: 1 plat 25 at BarracudaReferenceImpl.compute(792): Cannot concatenate 'B' and '.'
  error: 1 plat 25 at BarracudaReferenceImpl.compute(792): Cannot concatenate 'O' and '.'
  error: 1 plat 25 at BarracudaReferenceImpl.compute(792): Cannot concatenate 'X' and '.'
  error: 1 plat 25 at BarracudaReferenceImpl.compute(813): Cannot concatenate 'B' and '.'
  error: 1 plat 25 at BarracudaReferenceImpl.compute(813): Cannot concatenate 'O' and '.'
  error: 1 plat 25 at BarracudaReferenceImpl.compute(813): Cannot concatenate 'X' and '.'
  error: 1 plat 25 at BarracudaReferenceImpl.compute(831): Cannot concatenate 'B' and '.'
  error: 1 plat 25 at BarracudaReferenceImpl.compute(831): Cannot concatenate 'O' and '.'
  error: 1 plat 25 at BarracudaReferenceImpl.compute(831): Cannot concatenate 'X' and '.'
  error: 1 plat 25 at BarracudaReferenceImpl.compute(851): Cannot concatenate 'B' and '.'
  error: 1 plat 25 at BarracudaReferenceImpl.compute(851): Cannot concatenate 'O' and '.'
  error: 1 plat 25 at BarracudaReferenceImpl.compute(851): Cannot concatenate 'X' and '.'
  error: 1 plat 25 at BarracudaReferenceImpl.compute(870): Cannot concatenate 'O' and '.'
  error: 1 plat 25 at BarracudaReferenceImpl.compute(870): Cannot concatenate 'X' and '.'
  error: 1 plat 25 at BarracudaReferenceImpl.compute(886): Cannot concatenate 'O' and '.'
  error: 1 plat 25 at BarracudaReferenceImpl.compute(886): Cannot concatenate 'X' and '.'
  error: 1 plat 25 at BarracudaReferenceImpl.compute(906): Cannot concatenate 'B' and '.'
  error: 1 plat 25 at BarracudaReferenceImpl.compute(906): Cannot concatenate 'O' and '.'
  error: 1 plat 25 at BarracudaReferenceImpl.compute(906): Cannot concatenate 'W' and '.'
  error: 1 plat 25 at BarracudaReferenceImpl.compute(906): Cannot concatenate 'X' and '.'
  error: 1 plat 25 at BarracudaReferenceImpl.compute(931): Cannot concatenate 'O' and '.'
  error: 1 plat 25 at BarracudaReferenceImpl.compute(931): Cannot concatenate 'X' and '.'
  error: 1 plat 25 at BarracudaReferenceImpl.compute(964): Cannot concatenate 'O' and '.'
  error: 1 plat 25 at BarracudaReferenceImpl.compute(964): Cannot concatenate 'X' and '.'
  error: 1 plat 25 at BarracudaReferenceImpl.compute(999): Cannot concatenate 'O' and '.'
  error: 1 plat 25 at BarracudaReferenceImpl.compute(999): Cannot concatenate 'X' and '.'
  error: 1 plat 25 at BarracudaReferenceImpl.compute(1027): Cannot concatenate 'O' and '.'
  error: 1 plat 25 at BarracudaReferenceImpl.compute(1027): Cannot concatenate 'X' and '.'
  error: 1 plat 25 at BarracudaReferenceImpl.compute(1056): Cannot concatenate 'O' and '.'
  error: 1 plat 25 at BarracudaReferenceImpl.compute(1056): Cannot concatenate 'X' and '.'
  error: 1 plat 25 at BarracudaReferenceImpl.compute(1091): Cannot concatenate 'O' and '.'
  error: 1 plat 25 at BarracudaReferenceImpl.compute(1091): Cannot concatenate 'X' and '.'
  error: 1 plat 25 at BarracudaReferenceImpl.compute(1115): Cannot concatenate 'O' and '.'
  error: 1 plat 25 at BarracudaReferenceImpl.compute(1115): Cannot concatenate 'X' and '.'
  error: 1 plat 25 at BarracudaReferenceImpl.compute(1138): Cannot concatenate 'O' and '.'
  error: 1 plat 25 at BarracudaReferenceImpl.compute(1138): Cannot concatenate 'X' and '.'
  error: 1 plat 25 at BarracudaReferenceImpl.compute(1169): Cannot concatenate 'B' and '.'
  error: 1 plat 25 at BarracudaReferenceImpl.compute(1169): Cannot concatenate 'O' and '.'
  error: 1 plat 25 at BarracudaReferenceImpl.compute(1169): Cannot concatenate 'W' and '.'
  error: 1 plat 25 at BarracudaReferenceImpl.compute(1169): Cannot concatenate 'X' and '.'
  error: 1 plat 25 at BarracudaReferenceImpl.compute(1231): Cannot concatenate 'B' and '.'
  error: 1 plat 25 at BarracudaReferenceImpl.compute(1231): Cannot concatenate 'K' and '.'
  error: 1 plat 25 at BarracudaReferenceImpl.compute(1231): Cannot concatenate 'O' and '.'
  error: 1 plat 25 at BarracudaReferenceImpl.compute(1231): Cannot concatenate 'X' and '.'
  error: 1 plat 25 at BarracudaReferenceImpl.compute(1296): Cannot concatenate 'B' and '.'
  error: 1 plat 25 at BarracudaReferenceImpl.compute(1296): Cannot concatenate 'K' and '.'
  error: 1 plat 25 at BarracudaReferenceImpl.compute(1296): Cannot concatenate 'O' and '.'
  error: 1 plat 25 at BarracudaReferenceImpl.compute(1296): Cannot concatenate 'X' and '.'
  error: 1 plat 25 at BarracudaReferenceImpl.compute(1330): Cannot concatenate 'B' and '.'
  error: 1 plat 25 at BarracudaReferenceImpl.compute(1330): Cannot concatenate 'K' and '.'
  error: 1 plat 25 at BarracudaReferenceImpl.compute(1330): Cannot concatenate 'O' and '.'
  error: 1 plat 25 at BarracudaReferenceImpl.compute(1330): Cannot concatenate 'X' and '.'
  error: 1 plat 25 at BarracudaReferenceImpl.compute(1359): Cannot concatenate 'O' and '.'
  error: 1 plat 25 at BarracudaReferenceImpl.compute(1359): Cannot concatenate 'X' and '.'
  error: 1 plat 25 at BarracudaReferenceImpl.compute(1392): Cannot concatenate 'B' and '.'
  error: 1 plat 25 at BarracudaReferenceImpl.compute(1392): Cannot concatenate 'K' and '.'
  error: 1 plat 25 at BarracudaReferenceImpl.compute(1392): Cannot concatenate 'O' and '.'
  error: 1 plat 25 at BarracudaReferenceImpl.compute(1392): Cannot concatenate 'X' and '.'
  error: 1 plat 25 at BarracudaReferenceImpl.compute(1454): Cannot concatenate 'O' and '.'
  error: 1 plat 25 at BarracudaReferenceImpl.compute(1496): Cannot concatenate 'X' and '.'
  error: 1 plat 25 at BarracudaReferenceImpl.compute(1546): Cannot concatenate 'O' and '.'
  error: 1 plat 25 at BarracudaReferenceImpl.compute(1546): Cannot concatenate 'X' and '.'
  error: 1 plat 25 at BarracudaReferenceImpl.compute(1590): Cannot concatenate 'O' and '.'
  error: 1 plat 25 at BarracudaReferenceImpl.compute(1590): Cannot concatenate 'X' and '.'
  error: 1 plat 25 at BarracudaReferenceImpl.compute(1618): Cannot concatenate 'O' and '.'
  error: 1 plat 25 at BarracudaReferenceImpl.compute(1618): Cannot concatenate 'X' and '.'
  error: 1 plat 25 at BarracudaReferenceImpl.compute(1661): Cannot concatenate 'O' and '.'
  error: 1 plat 25 at BarracudaReferenceImpl.compute(1661): Cannot concatenate 'X' and '.'
  error: 1 plat 25 at BarracudaReferenceImpl.compute(1706): Cannot concatenate 'K' and '.'
  error: 1 plat 25 at BarracudaReferenceImpl.compute(1706): Cannot concatenate 'O' and '.'
  error: 1 plat 25 at BarracudaReferenceImpl.compute(1706): Cannot concatenate 'X' and '.'
 ok=1 outsize=1913

Cmd: compileComputeKernel
  insize=47541 path=G:/Unity3D_Project/Unity_Project/0_basic_2021/Library/PackageCache/com.unity.barracuda@0.5.0-preview/Barracuda/Core/Resources/BarracudaReferenceImpl.compute kernel=Copy cachingPP=1 ppOnly=0 stripLineD=0 buildPlatform=5 km=<UNITY_VERSION=202027> pKW=UNITY_ENABLE_REFLECTION_BUFFERS UNITY_USE_DITHER_MASK_FOR_ALPHABLENDED_SHADOWS UNITY_PBS_USE_BRDF1 UNITY_SPECCUBE_BOX_PROJECTION UNITY_SPECCUBE_BLENDING UNITY_ENABLE_DETAIL_NORMALMAP SHADER_API_DESKTOP UNITY_COLORSPACE_GAMMA UNITY_LIGHT_PROBE_PROXY_VOLUME UNITY_LIGHTMAP_FULL_HDR uKW=SHADER_STAGE_COMPUTE platform=d3d11 flags=0  error: 1 plat 25 at BarracudaReferenceImpl.compute(84): Cannot concatenate 'B' and '.'
  error: 1 plat 25 at BarracudaReferenceImpl.compute(84): Cannot concatenate 'O' and '.'
  error: 1 plat 25 at BarracudaReferenceImpl.compute(84): Cannot concatenate 'W' and '.'
  error: 1 plat 25 at BarracudaReferenceImpl.compute(84): Cannot concatenate 'X' and '.'
  error: 1 plat 25 at BarracudaReferenceImpl.compute(103): Cannot concatenate 'O' and '.'
  error: 1 plat 25 at BarracudaReferenceImpl.compute(103): Cannot concatenate 'X' and '.'
  error: 1 plat 25 at BarracudaReferenceImpl.compute(126): Cannot concatenate 'O' and '.'
  error: 1 plat 25 at BarracudaReferenceImpl.compute(126): Cannot concatenate 'W' and '.'
  error: 1 plat 25 at BarracudaReferenceImpl.compute(126): Cannot concatenate 'X' and '.'
  error: 1 plat 25 at BarracudaReferenceImpl.compute(150): Cannot concatenate 'O' and '.'
  error: 1 plat 25 at BarracudaReferenceImpl.compute(150): Cannot concatenate 'X' and '.'
  error: 1 plat 25 at BarracudaReferenceImpl.compute(173): Cannot concatenate 'O' and '.'
  error: 1 plat 25 at BarracudaReferenceImpl.compute(173): Cannot concatenate 'X' and '.'
  error: 1 plat 25 at BarracudaReferenceImpl.compute(195): Cannot concatenate 'O' and '.'
  error: 1 plat 25 at BarracudaReferenceImpl.compute(195): Cannot concatenate 'X' and '.'
  error: 1 plat 25 at BarracudaReferenceImpl.compute(217): Cannot concatenate 'O' and '.'
  error: 1 plat 25 at BarracudaReferenceImpl.compute(217): Cannot concatenate 'X' and '.'
  error: 1 plat 25 at BarracudaReferenceImpl.compute(239): Cannot concatenate 'O' and '.'
  error: 1 plat 25 at BarracudaReferenceImpl.compute(239): Cannot concatenate 'X' and '.'
  error: 1 plat 25 at BarracudaReferenceImpl.compute(257): Cannot concatenate 'O' and '.'
  error: 1 plat 25 at BarracudaReferenceImpl.compute(257): Cannot concatenate 'X' and '.'
  error: 1 plat 25 at BarracudaReferenceImpl.compute(274): Cannot concatenate 'O' and '.'
  error: 1 plat 25 at BarracudaReferenceImpl.compute(274): Cannot concatenate 'X' and '.'
  error: 1 plat 25 at BarracudaReferenceImpl.compute(291): Cannot concatenate 'O' and '.'
  error: 1 plat 25 at BarracudaReferenceImpl.compute(291): Cannot concatenate 'X' and '.'
  error: 1 plat 25 at BarracudaReferenceImpl.compute(309): Cannot concatenate 'O' and '.'
  error: 1 plat 25 at BarracudaReferenceImpl.compute(309): Cannot concatenate 'X' and '.'
  error: 1 plat 25 at BarracudaReferenceImpl.compute(326): Cannot concatenate 'O' and '.'
  error: 1 plat 25 at BarracudaReferenceImpl.compute(326): Cannot concatenate 'X' and '.'
  error: 1 plat 25 at BarracudaReferenceImpl.compute(343): Cannot concatenate 'O' and '.'
  error: 1 plat 25 at BarracudaReferenceImpl.compute(343): Cannot concatenate 'X' and '.'
  error: 1 plat 25 at BarracudaReferenceImpl.compute(360): Cannot concatenate 'O' and '.'
  error: 1 plat 25 at BarracudaReferenceImpl.compute(360): Cannot concatenate 'X' and '.'
  error: 1 plat 25 at BarracudaReferenceImpl.compute(387): Cannot concatenate 'O' and '.'
  error: 1 plat 25 at BarracudaReferenceImpl.compute(387): Cannot concatenate 'X' and '.'
  error: 1 plat 25 at BarracudaReferenceImpl.compute(404): Cannot concatenate 'O' and '.'
  error: 1 plat 25 at BarracudaReferenceImpl.compute(404): Cannot concatenate 'X' and '.'
  error: 1 plat 25 at BarracudaReferenceImpl.compute(421): Cannot concatenate 'B' and '.'
  error: 1 plat 25 at BarracudaReferenceImpl.compute(421): Cannot concatenate 'O' and '.'
  error: 1 plat 25 at BarracudaReferenceImpl.compute(421): Cannot concatenate 'X' and '.'
  error: 1 plat 25 at BarracudaReferenceImpl.compute(439): Cannot concatenate 'B' and '.'
  error: 1 plat 25 at BarracudaReferenceImpl.compute(439): Cannot concatenate 'O' and '.'
  error: 1 plat 25 at BarracudaReferenceImpl.compute(439): Cannot concatenate 'X' and '.'
  error: 1 plat 25 at BarracudaReferenceImpl.compute(457): Cannot concatenate 'B' and '.'
  error: 1 plat 25 at BarracudaReferenceImpl.compute(457): Cannot concatenate 'O' and '.'
  error: 1 plat 25 at BarracudaReferenceImpl.compute(457): Cannot concatenate 'X' and '.'
  error: 1 plat 25 at BarracudaReferenceImpl.compute(475): Cannot concatenate 'B' and '.'
  error: 1 plat 25 at BarracudaReferenceImpl.compute(475): Cannot concatenate 'O' and '.'
  error: 1 plat 25 at BarracudaReferenceImpl.compute(475): Cannot concatenate 'X' and '.'
  error: 1 plat 25 at BarracudaReferenceImpl.compute(493): Cannot concatenate 'B' and '.'
  error: 1 plat 25 at BarracudaReferenceImpl.compute(493): Cannot concatenate 'O' and '.'
  error: 1 plat 25 at BarracudaReferenceImpl.compute(493): Cannot concatenate 'X' and '.'
  error: 1 plat 25 at BarracudaReferenceImpl.compute(511): Cannot concatenate 'B' and '.'
  error: 1 plat 25 at BarracudaReferenceImpl.compute(511): Cannot concatenate 'O' and '.'
  error: 1 plat 25 at BarracudaReferenceImpl.compute(511): Cannot concatenate 'X' and '.'
  error: 1 plat 25 at BarracudaReferenceImpl.compute(529): Cannot concatenate 'B' and '.'
  error: 1 plat 25 at BarracudaReferenceImpl.compute(529): Cannot concatenate 'O' and '.'
  error: 1 plat 25 at BarracudaReferenceImpl.compute(529): Cannot concatenate 'X' and '.'
  error: 1 plat 25 at BarracudaReferenceImpl.compute(547): Cannot concatenate 'B' and '.'
  error: 1 plat 25 at BarracudaReferenceImpl.compute(547): Cannot concatenate 'O' and '.'
  error: 1 plat 25 at BarracudaReferenceImpl.compute(547): Cannot concatenate 'X' and '.'
  error: 1 plat 25 at BarracudaReferenceImpl.compute(572): Cannot concatenate 'B' and '.'
  error: 1 plat 25 at BarracudaReferenceImpl.compute(572): Cannot concatenate 'O' and '.'
  error: 1 plat 25 at BarracudaReferenceImpl.compute(572): Cannot concatenate 'X' and '.'
  error: 1 plat 25 at BarracudaReferenceImpl.compute(597): Cannot concatenate 'B' and '.'
  error: 1 plat 25 at BarracudaReferenceImpl.compute(597): Cannot concatenate 'O' and '.'
  error: 1 plat 25 at BarracudaReferenceImpl.compute(597): Cannot concatenate 'X' and '.'
  error: 1 plat 25 at BarracudaReferenceImpl.compute(622): Cannot concatenate 'B' and '.'
  error: 1 plat 25 at BarracudaReferenceImpl.compute(622): Cannot concatenate 'O' and '.'
  error: 1 plat 25 at BarracudaReferenceImpl.compute(622): Cannot concatenate 'X' and '.'
  error: 1 plat 25 at BarracudaReferenceImpl.compute(647): Cannot concatenate 'B' and '.'
  error: 1 plat 25 at BarracudaReferenceImpl.compute(647): Cannot concatenate 'O' and '.'
  error: 1 plat 25 at BarracudaReferenceImpl.compute(647): Cannot concatenate 'X' and '.'
  error: 1 plat 25 at BarracudaReferenceImpl.compute(672): Cannot concatenate 'B' and '.'
  error: 1 plat 25 at BarracudaReferenceImpl.compute(672): Cannot concatenate 'O' and '.'
  error: 1 plat 25 at BarracudaReferenceImpl.compute(672): Cannot concatenate 'X' and '.'
  error: 1 plat 25 at BarracudaReferenceImpl.compute(697): Cannot concatenate 'B' and '.'
  error: 1 plat 25 at BarracudaReferenceImpl.compute(697): Cannot concatenate 'O' and '.'
  error: 1 plat 25 at BarracudaReferenceImpl.compute(697): Cannot concatenate 'X' and '.'
  error: 1 plat 25 at BarracudaReferenceImpl.compute(722): Cannot concatenate 'B' and '.'
  error: 1 plat 25 at BarracudaReferenceImpl.compute(722): Cannot concatenate 'O' and '.'
  error: 1 plat 25 at BarracudaReferenceImpl.compute(722): Cannot concatenate 'X' and '.'
  error: 1 plat 25 at BarracudaReferenceImpl.compute(747): Cannot concatenate 'O' and '.'
  error: 1 plat 25 at BarracudaReferenceImpl.compute(747): Cannot concatenate 'X' and '.'
  error: 1 plat 25 at BarracudaReferenceImpl.compute(771): Cannot concatenate 'B' and '.'
  error: 1 plat 25 at BarracudaReferenceImpl.compute(771): Cannot concatenate 'O' and '.'
  error: 1 plat 25 at BarracudaReferenceImpl.compute(771): Cannot concatenate 'X' and '.'
  error: 1 plat 25 at BarracudaReferenceImpl.compute(792): Cannot concatenate 'B' and '.'
  error: 1 plat 25 at BarracudaReferenceImpl.compute(792): Cannot concatenate 'O' and '.'
  error: 1 plat 25 at BarracudaReferenceImpl.compute(792): Cannot concatenate 'X' and '.'
  error: 1 plat 25 at BarracudaReferenceImpl.compute(813): Cannot concatenate 'B' and '.'
  error: 1 plat 25 at BarracudaReferenceImpl.compute(813): Cannot concatenate 'O' and '.'
  error: 1 plat 25 at BarracudaReferenceImpl.compute(813): Cannot concatenate 'X' and '.'
  error: 1 plat 25 at BarracudaReferenceImpl.compute(831): Cannot concatenate 'B' and '.'
  error: 1 plat 25 at BarracudaReferenceImpl.compute(831): Cannot concatenate 'O' and '.'
  error: 1 plat 25 at BarracudaReferenceImpl.compute(831): Cannot concatenate 'X' and '.'
  error: 1 plat 25 at BarracudaReferenceImpl.compute(851): Cannot concatenate 'B' and '.'
  error: 1 plat 25 at BarracudaReferenceImpl.compute(851): Cannot concatenate 'O' and '.'
  error: 1 plat 25 at BarracudaReferenceImpl.compute(851): Cannot concatenate 'X' and '.'
  error: 1 plat 25 at BarracudaReferenceImpl.compute(870): Cannot concatenate 'O' and '.'
  error: 1 plat 25 at BarracudaReferenceImpl.compute(870): Cannot concatenate 'X' and '.'
  error: 1 plat 25 at BarracudaReferenceImpl.compute(886): Cannot concatenate 'O' and '.'
  error: 1 plat 25 at BarracudaReferenceImpl.compute(886): Cannot concatenate 'X' and '.'
  error: 1 plat 25 at BarracudaReferenceImpl.compute(906): Cannot concatenate 'B' and '.'
  error: 1 plat 25 at BarracudaReferenceImpl.compute(906): Cannot concatenate 'O' and '.'
  error: 1 plat 25 at BarracudaReferenceImpl.compute(906): Cannot concatenate 'W' and '.'
  error: 1 plat 25 at BarracudaReferenceImpl.compute(906): Cannot concatenate 'X' and '.'
  error: 1 plat 25 at BarracudaReferenceImpl.compute(931): Cannot concatenate 'O' and '.'
  error: 1 plat 25 at BarracudaReferenceImpl.compute(931): Cannot concatenate 'X' and '.'
  error: 1 plat 25 at BarracudaReferenceImpl.compute(964): Cannot concatenate 'O' and '.'
  error: 1 plat 25 at BarracudaReferenceImpl.compute(964): Cannot concatenate 'X' and '.'
  error: 1 plat 25 at BarracudaReferenceImpl.compute(999): Cannot concatenate 'O' and '.'
  error: 1 plat 25 at BarracudaReferenceImpl.compute(999): Cannot concatenate 'X' and '.'
  error: 1 plat 25 at BarracudaReferenceImpl.compute(1027): Cannot concatenate 'O' and '.'
  error: 1 plat 25 at BarracudaReferenceImpl.compute(1027): Cannot concatenate 'X' and '.'
  error: 1 plat 25 at BarracudaReferenceImpl.compute(1056): Cannot concatenate 'O' and '.'
  error: 1 plat 25 at BarracudaReferenceImpl.compute(1056): Cannot concatenate 'X' and '.'
  error: 1 plat 25 at BarracudaReferenceImpl.compute(1091): Cannot concatenate 'O' and '.'
  error: 1 plat 25 at BarracudaReferenceImpl.compute(1091): Cannot concatenate 'X' and '.'
  error: 1 plat 25 at BarracudaReferenceImpl.compute(1115): Cannot concatenate 'O' and '.'
  error: 1 plat 25 at BarracudaReferenceImpl.compute(1115): Cannot concatenate 'X' and '.'
  error: 1 plat 25 at BarracudaReferenceImpl.compute(1138): Cannot concatenate 'O' and '.'
  error: 1 plat 25 at BarracudaReferenceImpl.compute(1138): Cannot concatenate 'X' and '.'
  error: 1 plat 25 at BarracudaReferenceImpl.compute(1169): Cannot concatenate 'B' and '.'
  error: 1 plat 25 at BarracudaReferenceImpl.compute(1169): Cannot concatenate 'O' and '.'
  error: 1 plat 25 at BarracudaReferenceImpl.compute(1169): Cannot concatenate 'W' and '.'
  error: 1 plat 25 at BarracudaReferenceImpl.compute(1169): Cannot concatenate 'X' and '.'
  error: 1 plat 25 at BarracudaReferenceImpl.compute(1231): Cannot concatenate 'B' and '.'
  error: 1 plat 25 at BarracudaReferenceImpl.compute(1231): Cannot concatenate 'K' and '.'
  error: 1 plat 25 at BarracudaReferenceImpl.compute(1231): Cannot concatenate 'O' and '.'
  error: 1 plat 25 at BarracudaReferenceImpl.compute(1231): Cannot concatenate 'X' and '.'
  error: 1 plat 25 at BarracudaReferenceImpl.compute(1296): Cannot concatenate 'B' and '.'
  error: 1 plat 25 at BarracudaReferenceImpl.compute(1296): Cannot concatenate 'K' and '.'
  error: 1 plat 25 at BarracudaReferenceImpl.compute(1296): Cannot concatenate 'O' and '.'
  error: 1 plat 25 at BarracudaReferenceImpl.compute(1296): Cannot concatenate 'X' and '.'
  error: 1 plat 25 at BarracudaReferenceImpl.compute(1330): Cannot concatenate 'B' and '.'
  error: 1 plat 25 at BarracudaReferenceImpl.compute(1330): Cannot concatenate 'K' and '.'
  error: 1 plat 25 at BarracudaReferenceImpl.compute(1330): Cannot concatenate 'O' and '.'
  error: 1 plat 25 at BarracudaReferenceImpl.compute(1330): Cannot concatenate 'X' and '.'
  error: 1 plat 25 at BarracudaReferenceImpl.compute(1359): Cannot concatenate 'O' and '.'
  error: 1 plat 25 at BarracudaReferenceImpl.compute(1359): Cannot concatenate 'X' and '.'
  error: 1 plat 25 at BarracudaReferenceImpl.compute(1392): Cannot concatenate 'B' and '.'
  error: 1 plat 25 at BarracudaReferenceImpl.compute(1392): Cannot concatenate 'K' and '.'
  error: 1 plat 25 at BarracudaReferenceImpl.compute(1392): Cannot concatenate 'O' and '.'
  error: 1 plat 25 at BarracudaReferenceImpl.compute(1392): Cannot concatenate 'X' and '.'
  error: 1 plat 25 at BarracudaReferenceImpl.compute(1454): Cannot concatenate 'O' and '.'
  error: 1 plat 25 at BarracudaReferenceImpl.compute(1496): Cannot concatenate 'X' and '.'
  error: 1 plat 25 at BarracudaReferenceImpl.compute(1546): Cannot concatenate 'O' and '.'
  error: 1 plat 25 at BarracudaReferenceImpl.compute(1546): Cannot concatenate 'X' and '.'
  error: 1 plat 25 at BarracudaReferenceImpl.compute(1590): Cannot concatenate 'O' and '.'
  error: 1 plat 25 at BarracudaReferenceImpl.compute(1590): Cannot concatenate 'X' and '.'
  error: 1 plat 25 at BarracudaReferenceImpl.compute(1618): Cannot concatenate 'O' and '.'
  error: 1 plat 25 at BarracudaReferenceImpl.compute(1618): Cannot concatenate 'X' and '.'
  error: 1 plat 25 at BarracudaReferenceImpl.compute(1661): Cannot concatenate 'O' and '.'
  error: 1 plat 25 at BarracudaReferenceImpl.compute(1661): Cannot concatenate 'X' and '.'
  error: 1 plat 25 at BarracudaReferenceImpl.compute(1706): Cannot concatenate 'K' and '.'
  error: 1 plat 25 at BarracudaReferenceImpl.compute(1706): Cannot concatenate 'O' and '.'
  error: 1 plat 25 at BarracudaReferenceImpl.compute(1706): Cannot concatenate 'X' and '.'
 ok=1 outsize=1359

Cmd: compileComputeKernel
  insize=47541 path=G:/Unity3D_Project/Unity_Project/0_basic_2021/Library/PackageCache/com.unity.barracuda@0.5.0-preview/Barracuda/Core/Resources/BarracudaReferenceImpl.compute kernel=Softmax cachingPP=1 ppOnly=0 stripLineD=0 buildPlatform=5 km=<UNITY_VERSION=202027> pKW=UNITY_ENABLE_REFLECTION_BUFFERS UNITY_USE_DITHER_MASK_FOR_ALPHABLENDED_SHADOWS UNITY_PBS_USE_BRDF1 UNITY_SPECCUBE_BOX_PROJECTION UNITY_SPECCUBE_BLENDING UNITY_ENABLE_DETAIL_NORMALMAP SHADER_API_DESKTOP UNITY_COLORSPACE_GAMMA UNITY_LIGHT_PROBE_PROXY_VOLUME UNITY_LIGHTMAP_FULL_HDR uKW=SHADER_STAGE_COMPUTE platform=d3d11 flags=0  error: 1 plat 25 at BarracudaReferenceImpl.compute(84): Cannot concatenate 'B' and '.'
  error: 1 plat 25 at BarracudaReferenceImpl.compute(84): Cannot concatenate 'O' and '.'
  error: 1 plat 25 at BarracudaReferenceImpl.compute(84): Cannot concatenate 'W' and '.'
  error: 1 plat 25 at BarracudaReferenceImpl.compute(84): Cannot concatenate 'X' and '.'
  error: 1 plat 25 at BarracudaReferenceImpl.compute(103): Cannot concatenate 'O' and '.'
  error: 1 plat 25 at BarracudaReferenceImpl.compute(103): Cannot concatenate 'X' and '.'
  error: 1 plat 25 at BarracudaReferenceImpl.compute(126): Cannot concatenate 'O' and '.'
  error: 1 plat 25 at BarracudaReferenceImpl.compute(126): Cannot concatenate 'W' and '.'
  error: 1 plat 25 at BarracudaReferenceImpl.compute(126): Cannot concatenate 'X' and '.'
  error: 1 plat 25 at BarracudaReferenceImpl.compute(150): Cannot concatenate 'O' and '.'
  error: 1 plat 25 at BarracudaReferenceImpl.compute(150): Cannot concatenate 'X' and '.'
  error: 1 plat 25 at BarracudaReferenceImpl.compute(173): Cannot concatenate 'O' and '.'
  error: 1 plat 25 at BarracudaReferenceImpl.compute(173): Cannot concatenate 'X' and '.'
  error: 1 plat 25 at BarracudaReferenceImpl.compute(195): Cannot concatenate 'O' and '.'
  error: 1 plat 25 at BarracudaReferenceImpl.compute(195): Cannot concatenate 'X' and '.'
  error: 1 plat 25 at BarracudaReferenceImpl.compute(217): Cannot concatenate 'O' and '.'
  error: 1 plat 25 at BarracudaReferenceImpl.compute(217): Cannot concatenate 'X' and '.'
  error: 1 plat 25 at BarracudaReferenceImpl.compute(239): Cannot concatenate 'O' and '.'
  error: 1 plat 25 at BarracudaReferenceImpl.compute(239): Cannot concatenate 'X' and '.'
  error: 1 plat 25 at BarracudaReferenceImpl.compute(257): Cannot concatenate 'O' and '.'
  error: 1 plat 25 at BarracudaReferenceImpl.compute(257): Cannot concatenate 'X' and '.'
  error: 1 plat 25 at BarracudaReferenceImpl.compute(274): Cannot concatenate 'O' and '.'
  error: 1 plat 25 at BarracudaReferenceImpl.compute(274): Cannot concatenate 'X' and '.'
  error: 1 plat 25 at BarracudaReferenceImpl.compute(291): Cannot concatenate 'O' and '.'
  error: 1 plat 25 at BarracudaReferenceImpl.compute(291): Cannot concatenate 'X' and '.'
  error: 1 plat 25 at BarracudaReferenceImpl.compute(309): Cannot concatenate 'O' and '.'
  error: 1 plat 25 at BarracudaReferenceImpl.compute(309): Cannot concatenate 'X' and '.'
  error: 1 plat 25 at BarracudaReferenceImpl.compute(326): Cannot concatenate 'O' and '.'
  error: 1 plat 25 at BarracudaReferenceImpl.compute(326): Cannot concatenate 'X' and '.'
  error: 1 plat 25 at BarracudaReferenceImpl.compute(343): Cannot concatenate 'O' and '.'
  error: 1 plat 25 at BarracudaReferenceImpl.compute(343): Cannot concatenate 'X' and '.'
  error: 1 plat 25 at BarracudaReferenceImpl.compute(360): Cannot concatenate 'O' and '.'
  error: 1 plat 25 at BarracudaReferenceImpl.compute(360): Cannot concatenate 'X' and '.'
  error: 1 plat 25 at BarracudaReferenceImpl.compute(387): Cannot concatenate 'O' and '.'
  error: 1 plat 25 at BarracudaReferenceImpl.compute(387): Cannot concatenate 'X' and '.'
  error: 1 plat 25 at BarracudaReferenceImpl.compute(404): Cannot concatenate 'O' and '.'
  error: 1 plat 25 at BarracudaReferenceImpl.compute(404): Cannot concatenate 'X' and '.'
  error: 1 plat 25 at BarracudaReferenceImpl.compute(421): Cannot concatenate 'B' and '.'
  error: 1 plat 25 at BarracudaReferenceImpl.compute(421): Cannot concatenate 'O' and '.'
  error: 1 plat 25 at BarracudaReferenceImpl.compute(421): Cannot concatenate 'X' and '.'
  error: 1 plat 25 at BarracudaReferenceImpl.compute(439): Cannot concatenate 'B' and '.'
  error: 1 plat 25 at BarracudaReferenceImpl.compute(439): Cannot concatenate 'O' and '.'
  error: 1 plat 25 at BarracudaReferenceImpl.compute(439): Cannot concatenate 'X' and '.'
  error: 1 plat 25 at BarracudaReferenceImpl.compute(457): Cannot concatenate 'B' and '.'
  error: 1 plat 25 at BarracudaReferenceImpl.compute(457): Cannot concatenate 'O' and '.'
  error: 1 plat 25 at BarracudaReferenceImpl.compute(457): Cannot concatenate 'X' and '.'
  error: 1 plat 25 at BarracudaReferenceImpl.compute(475): Cannot concatenate 'B' and '.'
  error: 1 plat 25 at BarracudaReferenceImpl.compute(475): Cannot concatenate 'O' and '.'
  error: 1 plat 25 at BarracudaReferenceImpl.compute(475): Cannot concatenate 'X' and '.'
  error: 1 plat 25 at BarracudaReferenceImpl.compute(493): Cannot concatenate 'B' and '.'
  error: 1 plat 25 at BarracudaReferenceImpl.compute(493): Cannot concatenate 'O' and '.'
  error: 1 plat 25 at BarracudaReferenceImpl.compute(493): Cannot concatenate 'X' and '.'
  error: 1 plat 25 at BarracudaReferenceImpl.compute(511): Cannot concatenate 'B' and '.'
  error: 1 plat 25 at BarracudaReferenceImpl.compute(511): Cannot concatenate 'O' and '.'
  error: 1 plat 25 at BarracudaReferenceImpl.compute(511): Cannot concatenate 'X' and '.'
  error: 1 plat 25 at BarracudaReferenceImpl.compute(529): Cannot concatenate 'B' and '.'
  error: 1 plat 25 at BarracudaReferenceImpl.compute(529): Cannot concatenate 'O' and '.'
  error: 1 plat 25 at BarracudaReferenceImpl.compute(529): Cannot concatenate 'X' and '.'
  error: 1 plat 25 at BarracudaReferenceImpl.compute(547): Cannot concatenate 'B' and '.'
  error: 1 plat 25 at BarracudaReferenceImpl.compute(547): Cannot concatenate 'O' and '.'
  error: 1 plat 25 at BarracudaReferenceImpl.compute(547): Cannot concatenate 'X' and '.'
  error: 1 plat 25 at BarracudaReferenceImpl.compute(572): Cannot concatenate 'B' and '.'
  error: 1 plat 25 at BarracudaReferenceImpl.compute(572): Cannot concatenate 'O' and '.'
  error: 1 plat 25 at BarracudaReferenceImpl.compute(572): Cannot concatenate 'X' and '.'
  error: 1 plat 25 at BarracudaReferenceImpl.compute(597): Cannot concatenate 'B' and '.'
  error: 1 plat 25 at BarracudaReferenceImpl.compute(597): Cannot concatenate 'O' and '.'
  error: 1 plat 25 at BarracudaReferenceImpl.compute(597): Cannot concatenate 'X' and '.'
  error: 1 plat 25 at BarracudaReferenceImpl.compute(622): Cannot concatenate 'B' and '.'
  error: 1 plat 25 at BarracudaReferenceImpl.compute(622): Cannot concatenate 'O' and '.'
  error: 1 plat 25 at BarracudaReferenceImpl.compute(622): Cannot concatenate 'X' and '.'
  error: 1 plat 25 at BarracudaReferenceImpl.compute(647): Cannot concatenate 'B' and '.'
  error: 1 plat 25 at BarracudaReferenceImpl.compute(647): Cannot concatenate 'O' and '.'
  error: 1 plat 25 at BarracudaReferenceImpl.compute(647): Cannot concatenate 'X' and '.'
  error: 1 plat 25 at BarracudaReferenceImpl.compute(672): Cannot concatenate 'B' and '.'
  error: 1 plat 25 at BarracudaReferenceImpl.compute(672): Cannot concatenate 'O' and '.'
  error: 1 plat 25 at BarracudaReferenceImpl.compute(672): Cannot concatenate 'X' and '.'
  error: 1 plat 25 at BarracudaReferenceImpl.compute(697): Cannot concatenate 'B' and '.'
  error: 1 plat 25 at BarracudaReferenceImpl.compute(697): Cannot concatenate 'O' and '.'
  error: 1 plat 25 at BarracudaReferenceImpl.compute(697): Cannot concatenate 'X' and '.'
  error: 1 plat 25 at BarracudaReferenceImpl.compute(722): Cannot concatenate 'B' and '.'
  error: 1 plat 25 at BarracudaReferenceImpl.compute(722): Cannot concatenate 'O' and '.'
  error: 1 plat 25 at BarracudaReferenceImpl.compute(722): Cannot concatenate 'X' and '.'
  error: 1 plat 25 at BarracudaReferenceImpl.compute(747): Cannot concatenate 'O' and '.'
  error: 1 plat 25 at BarracudaReferenceImpl.compute(747): Cannot concatenate 'X' and '.'
  error: 1 plat 25 at BarracudaReferenceImpl.compute(771): Cannot concatenate 'B' and '.'
  error: 1 plat 25 at BarracudaReferenceImpl.compute(771): Cannot concatenate 'O' and '.'
  error: 1 plat 25 at BarracudaReferenceImpl.compute(771): Cannot concatenate 'X' and '.'
  error: 1 plat 25 at BarracudaReferenceImpl.compute(792): Cannot concatenate 'B' and '.'
  error: 1 plat 25 at BarracudaReferenceImpl.compute(792): Cannot concatenate 'O' and '.'
  error: 1 plat 25 at BarracudaReferenceImpl.compute(792): Cannot concatenate 'X' and '.'
  error: 1 plat 25 at BarracudaReferenceImpl.compute(813): Cannot concatenate 'B' and '.'
  error: 1 plat 25 at BarracudaReferenceImpl.compute(813): Cannot concatenate 'O' and '.'
  error: 1 plat 25 at BarracudaReferenceImpl.compute(813): Cannot concatenate 'X' and '.'
  error: 1 plat 25 at BarracudaReferenceImpl.compute(831): Cannot concatenate 'B' and '.'
  error: 1 plat 25 at BarracudaReferenceImpl.compute(831): Cannot concatenate 'O' and '.'
  error: 1 plat 25 at BarracudaReferenceImpl.compute(831): Cannot concatenate 'X' and '.'
  error: 1 plat 25 at BarracudaReferenceImpl.compute(851): Cannot concatenate 'B' and '.'
  error: 1 plat 25 at BarracudaReferenceImpl.compute(851): Cannot concatenate 'O' and '.'
  error: 1 plat 25 at BarracudaReferenceImpl.compute(851): Cannot concatenate 'X' and '.'
  error: 1 plat 25 at BarracudaReferenceImpl.compute(870): Cannot concatenate 'O' and '.'
  error: 1 plat 25 at BarracudaReferenceImpl.compute(870): Cannot concatenate 'X' and '.'
  error: 1 plat 25 at BarracudaReferenceImpl.compute(886): Cannot concatenate 'O' and '.'
  error: 1 plat 25 at BarracudaReferenceImpl.compute(886): Cannot concatenate 'X' and '.'
  error: 1 plat 25 at BarracudaReferenceImpl.compute(906): Cannot concatenate 'B' and '.'
  error: 1 plat 25 at BarracudaReferenceImpl.compute(906): Cannot concatenate 'O' and '.'
  error: 1 plat 25 at BarracudaReferenceImpl.compute(906): Cannot concatenate 'W' and '.'
  error: 1 plat 25 at BarracudaReferenceImpl.compute(906): Cannot concatenate 'X' and '.'
  error: 1 plat 25 at BarracudaReferenceImpl.compute(931): Cannot concatenate 'O' and '.'
  error: 1 plat 25 at BarracudaReferenceImpl.compute(931): Cannot concatenate 'X' and '.'
  error: 1 plat 25 at BarracudaReferenceImpl.compute(964): Cannot concatenate 'O' and '.'
  error: 1 plat 25 at BarracudaReferenceImpl.compute(964): Cannot concatenate 'X' and '.'
  error: 1 plat 25 at BarracudaReferenceImpl.compute(999): Cannot concatenate 'O' and '.'
  error: 1 plat 25 at BarracudaReferenceImpl.compute(999): Cannot concatenate 'X' and '.'
  error: 1 plat 25 at BarracudaReferenceImpl.compute(1027): Cannot concatenate 'O' and '.'
  error: 1 plat 25 at BarracudaReferenceImpl.compute(1027): Cannot concatenate 'X' and '.'
  error: 1 plat 25 at BarracudaReferenceImpl.compute(1056): Cannot concatenate 'O' and '.'
  error: 1 plat 25 at BarracudaReferenceImpl.compute(1056): Cannot concatenate 'X' and '.'
  error: 1 plat 25 at BarracudaReferenceImpl.compute(1091): Cannot concatenate 'O' and '.'
  error: 1 plat 25 at BarracudaReferenceImpl.compute(1091): Cannot concatenate 'X' and '.'
  error: 1 plat 25 at BarracudaReferenceImpl.compute(1115): Cannot concatenate 'O' and '.'
  error: 1 plat 25 at BarracudaReferenceImpl.compute(1115): Cannot concatenate 'X' and '.'
  error: 1 plat 25 at BarracudaReferenceImpl.compute(1138): Cannot concatenate 'O' and '.'
  error: 1 plat 25 at BarracudaReferenceImpl.compute(1138): Cannot concatenate 'X' and '.'
  error: 1 plat 25 at BarracudaReferenceImpl.compute(1169): Cannot concatenate 'B' and '.'
  error: 1 plat 25 at BarracudaReferenceImpl.compute(1169): Cannot concatenate 'O' and '.'
  error: 1 plat 25 at BarracudaReferenceImpl.compute(1169): Cannot concatenate 'W' and '.'
  error: 1 plat 25 at BarracudaReferenceImpl.compute(1169): Cannot concatenate 'X' and '.'
  error: 1 plat 25 at BarracudaReferenceImpl.compute(1231): Cannot concatenate 'B' and '.'
  error: 1 plat 25 at BarracudaReferenceImpl.compute(1231): Cannot concatenate 'K' and '.'
  error: 1 plat 25 at BarracudaReferenceImpl.compute(1231): Cannot concatenate 'O' and '.'
  error: 1 plat 25 at BarracudaReferenceImpl.compute(1231): Cannot concatenate 'X' and '.'
  error: 1 plat 25 at BarracudaReferenceImpl.compute(1296): Cannot concatenate 'B' and '.'
  error: 1 plat 25 at BarracudaReferenceImpl.compute(1296): Cannot concatenate 'K' and '.'
  error: 1 plat 25 at BarracudaReferenceImpl.compute(1296): Cannot concatenate 'O' and '.'
  error: 1 plat 25 at BarracudaReferenceImpl.compute(1296): Cannot concatenate 'X' and '.'
  error: 1 plat 25 at BarracudaReferenceImpl.compute(1330): Cannot concatenate 'B' and '.'
  error: 1 plat 25 at BarracudaReferenceImpl.compute(1330): Cannot concatenate 'K' and '.'
  error: 1 plat 25 at BarracudaReferenceImpl.compute(1330): Cannot concatenate 'O' and '.'
  error: 1 plat 25 at BarracudaReferenceImpl.compute(1330): Cannot concatenate 'X' and '.'
  error: 1 plat 25 at BarracudaReferenceImpl.compute(1359): Cannot concatenate 'O' and '.'
  error: 1 plat 25 at BarracudaReferenceImpl.compute(1359): Cannot concatenate 'X' and '.'
  error: 1 plat 25 at BarracudaReferenceImpl.compute(1392): Cannot concatenate 'B' and '.'
  error: 1 plat 25 at BarracudaReferenceImpl.compute(1392): Cannot concatenate 'K' and '.'
  error: 1 plat 25 at BarracudaReferenceImpl.compute(1392): Cannot concatenate 'O' and '.'
  error: 1 plat 25 at BarracudaReferenceImpl.compute(1392): Cannot concatenate 'X' and '.'
  error: 1 plat 25 at BarracudaReferenceImpl.compute(1454): Cannot concatenate 'O' and '.'
  error: 1 plat 25 at BarracudaReferenceImpl.compute(1496): Cannot concatenate 'X' and '.'
  error: 1 plat 25 at BarracudaReferenceImpl.compute(1546): Cannot concatenate 'O' and '.'
  error: 1 plat 25 at BarracudaReferenceImpl.compute(1546): Cannot concatenate 'X' and '.'
  error: 1 plat 25 at BarracudaReferenceImpl.compute(1590): Cannot concatenate 'O' and '.'
  error: 1 plat 25 at BarracudaReferenceImpl.compute(1590): Cannot concatenate 'X' and '.'
  error: 1 plat 25 at BarracudaReferenceImpl.compute(1618): Cannot concatenate 'O' and '.'
  error: 1 plat 25 at BarracudaReferenceImpl.compute(1618): Cannot concatenate 'X' and '.'
  error: 1 plat 25 at BarracudaReferenceImpl.compute(1661): Cannot concatenate 'O' and '.'
  error: 1 plat 25 at BarracudaReferenceImpl.compute(1661): Cannot concatenate 'X' and '.'
  error: 1 plat 25 at BarracudaReferenceImpl.compute(1706): Cannot concatenate 'K' and '.'
  error: 1 plat 25 at BarracudaReferenceImpl.compute(1706): Cannot concatenate 'O' and '.'
  error: 1 plat 25 at BarracudaReferenceImpl.compute(1706): Cannot concatenate 'X' and '.'
 ok=1 outsize=1626

Cmd: compileComputeKernel
  insize=47541 path=G:/Unity3D_Project/Unity_Project/0_basic_2021/Library/PackageCache/com.unity.barracuda@0.5.0-preview/Barracuda/Core/Resources/BarracudaReferenceImpl.compute kernel=DepthwiseConv2D cachingPP=1 ppOnly=0 stripLineD=0 buildPlatform=5 km=<UNITY_VERSION=202027> pKW=UNITY_ENABLE_REFLECTION_BUFFERS UNITY_USE_DITHER_MASK_FOR_ALPHABLENDED_SHADOWS UNITY_PBS_USE_BRDF1 UNITY_SPECCUBE_BOX_PROJECTION UNITY_SPECCUBE_BLENDING UNITY_ENABLE_DETAIL_NORMALMAP SHADER_API_DESKTOP UNITY_COLORSPACE_GAMMA UNITY_LIGHT_PROBE_PROXY_VOLUME UNITY_LIGHTMAP_FULL_HDR uKW=SHADER_STAGE_COMPUTE platform=d3d11 flags=0  error: 1 plat 25 at BarracudaReferenceImpl.compute(84): Cannot concatenate 'B' and '.'
  error: 1 plat 25 at BarracudaReferenceImpl.compute(84): Cannot concatenate 'O' and '.'
  error: 1 plat 25 at BarracudaReferenceImpl.compute(84): Cannot concatenate 'W' and '.'
  error: 1 plat 25 at BarracudaReferenceImpl.compute(84): Cannot concatenate 'X' and '.'
  error: 1 plat 25 at BarracudaReferenceImpl.compute(103): Cannot concatenate 'O' and '.'
  error: 1 plat 25 at BarracudaReferenceImpl.compute(103): Cannot concatenate 'X' and '.'
  error: 1 plat 25 at BarracudaReferenceImpl.compute(126): Cannot concatenate 'O' and '.'
  error: 1 plat 25 at BarracudaReferenceImpl.compute(126): Cannot concatenate 'W' and '.'
  error: 1 plat 25 at BarracudaReferenceImpl.compute(126): Cannot concatenate 'X' and '.'
  error: 1 plat 25 at BarracudaReferenceImpl.compute(150): Cannot concatenate 'O' and '.'
  error: 1 plat 25 at BarracudaReferenceImpl.compute(150): Cannot concatenate 'X' and '.'
  error: 1 plat 25 at BarracudaReferenceImpl.compute(173): Cannot concatenate 'O' and '.'
  error: 1 plat 25 at BarracudaReferenceImpl.compute(173): Cannot concatenate 'X' and '.'
  error: 1 plat 25 at BarracudaReferenceImpl.compute(195): Cannot concatenate 'O' and '.'
  error: 1 plat 25 at BarracudaReferenceImpl.compute(195): Cannot concatenate 'X' and '.'
  error: 1 plat 25 at BarracudaReferenceImpl.compute(217): Cannot concatenate 'O' and '.'
  error: 1 plat 25 at BarracudaReferenceImpl.compute(217): Cannot concatenate 'X' and '.'
  error: 1 plat 25 at BarracudaReferenceImpl.compute(239): Cannot concatenate 'O' and '.'
  error: 1 plat 25 at BarracudaReferenceImpl.compute(239): Cannot concatenate 'X' and '.'
  error: 1 plat 25 at BarracudaReferenceImpl.compute(257): Cannot concatenate 'O' and '.'
  error: 1 plat 25 at BarracudaReferenceImpl.compute(257): Cannot concatenate 'X' and '.'
  error: 1 plat 25 at BarracudaReferenceImpl.compute(274): Cannot concatenate 'O' and '.'
  error: 1 plat 25 at BarracudaReferenceImpl.compute(274): Cannot concatenate 'X' and '.'
  error: 1 plat 25 at BarracudaReferenceImpl.compute(291): Cannot concatenate 'O' and '.'
  error: 1 plat 25 at BarracudaReferenceImpl.compute(291): Cannot concatenate 'X' and '.'
  error: 1 plat 25 at BarracudaReferenceImpl.compute(309): Cannot concatenate 'O' and '.'
  error: 1 plat 25 at BarracudaReferenceImpl.compute(309): Cannot concatenate 'X' and '.'
  error: 1 plat 25 at BarracudaReferenceImpl.compute(326): Cannot concatenate 'O' and '.'
  error: 1 plat 25 at BarracudaReferenceImpl.compute(326): Cannot concatenate 'X' and '.'
  error: 1 plat 25 at BarracudaReferenceImpl.compute(343): Cannot concatenate 'O' and '.'
  error: 1 plat 25 at BarracudaReferenceImpl.compute(343): Cannot concatenate 'X' and '.'
  error: 1 plat 25 at BarracudaReferenceImpl.compute(360): Cannot concatenate 'O' and '.'
  error: 1 plat 25 at BarracudaReferenceImpl.compute(360): Cannot concatenate 'X' and '.'
  error: 1 plat 25 at BarracudaReferenceImpl.compute(387): Cannot concatenate 'O' and '.'
  error: 1 plat 25 at BarracudaReferenceImpl.compute(387): Cannot concatenate 'X' and '.'
  error: 1 plat 25 at BarracudaReferenceImpl.compute(404): Cannot concatenate 'O' and '.'
  error: 1 plat 25 at BarracudaReferenceImpl.compute(404): Cannot concatenate 'X' and '.'
  error: 1 plat 25 at BarracudaReferenceImpl.compute(421): Cannot concatenate 'B' and '.'
  error: 1 plat 25 at BarracudaReferenceImpl.compute(421): Cannot concatenate 'O' and '.'
  error: 1 plat 25 at BarracudaReferenceImpl.compute(421): Cannot concatenate 'X' and '.'
  error: 1 plat 25 at BarracudaReferenceImpl.compute(439): Cannot concatenate 'B' and '.'
  error: 1 plat 25 at BarracudaReferenceImpl.compute(439): Cannot concatenate 'O' and '.'
  error: 1 plat 25 at BarracudaReferenceImpl.compute(439): Cannot concatenate 'X' and '.'
  error: 1 plat 25 at BarracudaReferenceImpl.compute(457): Cannot concatenate 'B' and '.'
  error: 1 plat 25 at BarracudaReferenceImpl.compute(457): Cannot concatenate 'O' and '.'
  error: 1 plat 25 at BarracudaReferenceImpl.compute(457): Cannot concatenate 'X' and '.'
  error: 1 plat 25 at BarracudaReferenceImpl.compute(475): Cannot concatenate 'B' and '.'
  error: 1 plat 25 at BarracudaReferenceImpl.compute(475): Cannot concatenate 'O' and '.'
  error: 1 plat 25 at BarracudaReferenceImpl.compute(475): Cannot concatenate 'X' and '.'
  error: 1 plat 25 at BarracudaReferenceImpl.compute(493): Cannot concatenate 'B' and '.'
  error: 1 plat 25 at BarracudaReferenceImpl.compute(493): Cannot concatenate 'O' and '.'
  error: 1 plat 25 at BarracudaReferenceImpl.compute(493): Cannot concatenate 'X' and '.'
  error: 1 plat 25 at BarracudaReferenceImpl.compute(511): Cannot concatenate 'B' and '.'
  error: 1 plat 25 at BarracudaReferenceImpl.compute(511): Cannot concatenate 'O' and '.'
  error: 1 plat 25 at BarracudaReferenceImpl.compute(511): Cannot concatenate 'X' and '.'
  error: 1 plat 25 at BarracudaReferenceImpl.compute(529): Cannot concatenate 'B' and '.'
  error: 1 plat 25 at BarracudaReferenceImpl.compute(529): Cannot concatenate 'O' and '.'
  error: 1 plat 25 at BarracudaReferenceImpl.compute(529): Cannot concatenate 'X' and '.'
  error: 1 plat 25 at BarracudaReferenceImpl.compute(547): Cannot concatenate 'B' and '.'
  error: 1 plat 25 at BarracudaReferenceImpl.compute(547): Cannot concatenate 'O' and '.'
  error: 1 plat 25 at BarracudaReferenceImpl.compute(547): Cannot concatenate 'X' and '.'
  error: 1 plat 25 at BarracudaReferenceImpl.compute(572): Cannot concatenate 'B' and '.'
  error: 1 plat 25 at BarracudaReferenceImpl.compute(572): Cannot concatenate 'O' and '.'
  error: 1 plat 25 at BarracudaReferenceImpl.compute(572): Cannot concatenate 'X' and '.'
  error: 1 plat 25 at BarracudaReferenceImpl.compute(597): Cannot concatenate 'B' and '.'
  error: 1 plat 25 at BarracudaReferenceImpl.compute(597): Cannot concatenate 'O' and '.'
  error: 1 plat 25 at BarracudaReferenceImpl.compute(597): Cannot concatenate 'X' and '.'
  error: 1 plat 25 at BarracudaReferenceImpl.compute(622): Cannot concatenate 'B' and '.'
  error: 1 plat 25 at BarracudaReferenceImpl.compute(622): Cannot concatenate 'O' and '.'
  error: 1 plat 25 at BarracudaReferenceImpl.compute(622): Cannot concatenate 'X' and '.'
  error: 1 plat 25 at BarracudaReferenceImpl.compute(647): Cannot concatenate 'B' and '.'
  error: 1 plat 25 at BarracudaReferenceImpl.compute(647): Cannot concatenate 'O' and '.'
  error: 1 plat 25 at BarracudaReferenceImpl.compute(647): Cannot concatenate 'X' and '.'
  error: 1 plat 25 at BarracudaReferenceImpl.compute(672): Cannot concatenate 'B' and '.'
  error: 1 plat 25 at BarracudaReferenceImpl.compute(672): Cannot concatenate 'O' and '.'
  error: 1 plat 25 at BarracudaReferenceImpl.compute(672): Cannot concatenate 'X' and '.'
  error: 1 plat 25 at BarracudaReferenceImpl.compute(697): Cannot concatenate 'B' and '.'
  error: 1 plat 25 at BarracudaReferenceImpl.compute(697): Cannot concatenate 'O' and '.'
  error: 1 plat 25 at BarracudaReferenceImpl.compute(697): Cannot concatenate 'X' and '.'
  error: 1 plat 25 at BarracudaReferenceImpl.compute(722): Cannot concatenate 'B' and '.'
  error: 1 plat 25 at BarracudaReferenceImpl.compute(722): Cannot concatenate 'O' and '.'
  error: 1 plat 25 at BarracudaReferenceImpl.compute(722): Cannot concatenate 'X' and '.'
  error: 1 plat 25 at BarracudaReferenceImpl.compute(747): Cannot concatenate 'O' and '.'
  error: 1 plat 25 at BarracudaReferenceImpl.compute(747): Cannot concatenate 'X' and '.'
  error: 1 plat 25 at BarracudaReferenceImpl.compute(771): Cannot concatenate 'B' and '.'
  error: 1 plat 25 at BarracudaReferenceImpl.compute(771): Cannot concatenate 'O' and '.'
  error: 1 plat 25 at BarracudaReferenceImpl.compute(771): Cannot concatenate 'X' and '.'
  error: 1 plat 25 at BarracudaReferenceImpl.compute(792): Cannot concatenate 'B' and '.'
  error: 1 plat 25 at BarracudaReferenceImpl.compute(792): Cannot concatenate 'O' and '.'
  error: 1 plat 25 at BarracudaReferenceImpl.compute(792): Cannot concatenate 'X' and '.'
  error: 1 plat 25 at BarracudaReferenceImpl.compute(813): Cannot concatenate 'B' and '.'
  error: 1 plat 25 at BarracudaReferenceImpl.compute(813): Cannot concatenate 'O' and '.'
  error: 1 plat 25 at BarracudaReferenceImpl.compute(813): Cannot concatenate 'X' and '.'
  error: 1 plat 25 at BarracudaReferenceImpl.compute(831): Cannot concatenate 'B' and '.'
  error: 1 plat 25 at BarracudaReferenceImpl.compute(831): Cannot concatenate 'O' and '.'
  error: 1 plat 25 at BarracudaReferenceImpl.compute(831): Cannot concatenate 'X' and '.'
  error: 1 plat 25 at BarracudaReferenceImpl.compute(851): Cannot concatenate 'B' and '.'
  error: 1 plat 25 at BarracudaReferenceImpl.compute(851): Cannot concatenate 'O' and '.'
  error: 1 plat 25 at BarracudaReferenceImpl.compute(851): Cannot concatenate 'X' and '.'
  error: 1 plat 25 at BarracudaReferenceImpl.compute(870): Cannot concatenate 'O' and '.'
  error: 1 plat 25 at BarracudaReferenceImpl.compute(870): Cannot concatenate 'X' and '.'
  error: 1 plat 25 at BarracudaReferenceImpl.compute(886): Cannot concatenate 'O' and '.'
  error: 1 plat 25 at BarracudaReferenceImpl.compute(886): Cannot concatenate 'X' and '.'
  error: 1 plat 25 at BarracudaReferenceImpl.compute(906): Cannot concatenate 'B' and '.'
  error: 1 plat 25 at BarracudaReferenceImpl.compute(906): Cannot concatenate 'O' and '.'
  error: 1 plat 25 at BarracudaReferenceImpl.compute(906): Cannot concatenate 'W' and '.'
  error: 1 plat 25 at BarracudaReferenceImpl.compute(906): Cannot concatenate 'X' and '.'
  error: 1 plat 25 at BarracudaReferenceImpl.compute(931): Cannot concatenate 'O' and '.'
  error: 1 plat 25 at BarracudaReferenceImpl.compute(931): Cannot concatenate 'X' and '.'
  error: 1 plat 25 at BarracudaReferenceImpl.compute(964): Cannot concatenate 'O' and '.'
  error: 1 plat 25 at BarracudaReferenceImpl.compute(964): Cannot concatenate 'X' and '.'
  error: 1 plat 25 at BarracudaReferenceImpl.compute(999): Cannot concatenate 'O' and '.'
  error: 1 plat 25 at BarracudaReferenceImpl.compute(999): Cannot concatenate 'X' and '.'
  error: 1 plat 25 at BarracudaReferenceImpl.compute(1027): Cannot concatenate 'O' and '.'
  error: 1 plat 25 at BarracudaReferenceImpl.compute(1027): Cannot concatenate 'X' and '.'
  error: 1 plat 25 at BarracudaReferenceImpl.compute(1056): Cannot concatenate 'O' and '.'
  error: 1 plat 25 at BarracudaReferenceImpl.compute(1056): Cannot concatenate 'X' and '.'
  error: 1 plat 25 at BarracudaReferenceImpl.compute(1091): Cannot concatenate 'O' and '.'
  error: 1 plat 25 at BarracudaReferenceImpl.compute(1091): Cannot concatenate 'X' and '.'
  error: 1 plat 25 at BarracudaReferenceImpl.compute(1115): Cannot concatenate 'O' and '.'
  error: 1 plat 25 at BarracudaReferenceImpl.compute(1115): Cannot concatenate 'X' and '.'
  error: 1 plat 25 at BarracudaReferenceImpl.compute(1138): Cannot concatenate 'O' and '.'
  error: 1 plat 25 at BarracudaReferenceImpl.compute(1138): Cannot concatenate 'X' and '.'
  error: 1 plat 25 at BarracudaReferenceImpl.compute(1169): Cannot concatenate 'B' and '.'
  error: 1 plat 25 at BarracudaReferenceImpl.compute(1169): Cannot concatenate 'O' and '.'
  error: 1 plat 25 at BarracudaReferenceImpl.compute(1169): Cannot concatenate 'W' and '.'
  error: 1 plat 25 at BarracudaReferenceImpl.compute(1169): Cannot concatenate 'X' and '.'
  error: 1 plat 25 at BarracudaReferenceImpl.compute(1231): Cannot concatenate 'B' and '.'
  error: 1 plat 25 at BarracudaReferenceImpl.compute(1231): Cannot concatenate 'K' and '.'
  error: 1 plat 25 at BarracudaReferenceImpl.compute(1231): Cannot concatenate 'O' and '.'
  error: 1 plat 25 at BarracudaReferenceImpl.compute(1231): Cannot concatenate 'X' and '.'
  error: 1 plat 25 at BarracudaReferenceImpl.compute(1296): Cannot concatenate 'B' and '.'
  error: 1 plat 25 at BarracudaReferenceImpl.compute(1296): Cannot concatenate 'K' and '.'
  error: 1 plat 25 at BarracudaReferenceImpl.compute(1296): Cannot concatenate 'O' and '.'
  error: 1 plat 25 at BarracudaReferenceImpl.compute(1296): Cannot concatenate 'X' and '.'
  error: 1 plat 25 at BarracudaReferenceImpl.compute(1330): Cannot concatenate 'B' and '.'
  error: 1 plat 25 at BarracudaReferenceImpl.compute(1330): Cannot concatenate 'K' and '.'
  error: 1 plat 25 at BarracudaReferenceImpl.compute(1330): Cannot concatenate 'O' and '.'
  error: 1 plat 25 at BarracudaReferenceImpl.compute(1330): Cannot concatenate 'X' and '.'
  error: 1 plat 25 at BarracudaReferenceImpl.compute(1359): Cannot concatenate 'O' and '.'
  error: 1 plat 25 at BarracudaReferenceImpl.compute(1359): Cannot concatenate 'X' and '.'
  error: 1 plat 25 at BarracudaReferenceImpl.compute(1392): Cannot concatenate 'B' and '.'
  error: 1 plat 25 at BarracudaReferenceImpl.compute(1392): Cannot concatenate 'K' and '.'
  error: 1 plat 25 at BarracudaReferenceImpl.compute(1392): Cannot concatenate 'O' and '.'
  error: 1 plat 25 at BarracudaReferenceImpl.compute(1392): Cannot concatenate 'X' and '.'
  error: 1 plat 25 at BarracudaReferenceImpl.compute(1454): Cannot concatenate 'O' and '.'
  error: 1 plat 25 at BarracudaReferenceImpl.compute(1496): Cannot concatenate 'X' and '.'
  error: 1 plat 25 at BarracudaReferenceImpl.compute(1546): Cannot concatenate 'O' and '.'
  error: 1 plat 25 at BarracudaReferenceImpl.compute(1546): Cannot concatenate 'X' and '.'
  error: 1 plat 25 at BarracudaReferenceImpl.compute(1590): Cannot concatenate 'O' and '.'
  error: 1 plat 25 at BarracudaReferenceImpl.compute(1590): Cannot concatenate 'X' and '.'
  error: 1 plat 25 at BarracudaReferenceImpl.compute(1618): Cannot concatenate 'O' and '.'
  error: 1 plat 25 at BarracudaReferenceImpl.compute(1618): Cannot concatenate 'X' and '.'
  error: 1 plat 25 at BarracudaReferenceImpl.compute(1661): Cannot concatenate 'O' and '.'
  error: 1 plat 25 at BarracudaReferenceImpl.compute(1661): Cannot concatenate 'X' and '.'
  error: 1 plat 25 at BarracudaReferenceImpl.compute(1706): Cannot concatenate 'K' and '.'
  error: 1 plat 25 at BarracudaReferenceImpl.compute(1706): Cannot concatenate 'O' and '.'
  error: 1 plat 25 at BarracudaReferenceImpl.compute(1706): Cannot concatenate 'X' and '.'
 ok=1 outsize=2635




Cmd: compileSnippet
  insize=1149 path= cachingPP=1 ppOnly=0 stripLineD=0 buildPlatform=5 rsLen=0 pKW=UNITY_ENABLE_REFLECTION_BUFFERS UNITY_USE_DITHER_MASK_FOR_ALPHABLENDED_SHADOWS UNITY_PBS_USE_BRDF1 UNITY_SPECCUBE_BOX_PROJECTION UNITY_SPECCUBE_BLENDING UNITY_ENABLE_DETAIL_NORMALMAP SHADER_API_DESKTOP UNITY_COLORSPACE_GAMMA UNITY_LIGHT_PROBE_PROXY_VOLUME UNITY_LIGHTMAP_FULL_HDR uKW= dKW=UNITY_NO_DXT5nm UNITY_ENABLE_NATIVE_SHADOW_LOOKUPS UNITY_METAL_SHADOWS_USE_POINT_FILTERING UNITY_NO_SCREENSPACE_SHADOWS UNITY_PBS_USE_BRDF2 UNITY_PBS_USE_BRDF3 UNITY_NO_FULL_STANDARD_SHADER UNITY_HARDWARE_TIER1 UNITY_HARDWARE_TIER2 UNITY_HARDWARE_TIER3 UNITY_HALF_PRECISION_FRAGMENT_SHADER_REGISTERS UNITY_LIGHTMAP_DLDR_ENCODING UNITY_LIGHTMAP_RGBM_ENCODING UNITY_VIRTUAL_TEXTURING UNITY_PRETRANSFORM_TO_DISPLAY_ORIENTATION UNITY_ASTC_NORMALMAP_ENCODING SHADER_API_GLES30 flags=0 lang=0 type=Vertex platform=d3d11 reqs=1 mask=6 start=1 ok=1 outsize=790

Cmd: compileSnippet
  insize=42488 path=Assets/TextMesh Pro/Resources/Shaders cachingPP=1 ppOnly=0 stripLineD=0 buildPlatform=5 rsLen=0 pKW=UNITY_ENABLE_REFLECTION_BUFFERS UNITY_USE_DITHER_MASK_FOR_ALPHABLENDED_SHADOWS UNITY_PBS_USE_BRDF1 UNITY_SPECCUBE_BOX_PROJECTION UNITY_SPECCUBE_BLENDING UNITY_ENABLE_DETAIL_NORMALMAP SHADER_API_DESKTOP UNITY_COLORSPACE_GAMMA UNITY_LIGHT_PROBE_PROXY_VOLUME UNITY_LIGHTMAP_FULL_HDR UNITY_PASS_FORWARDBASE uKW=DIRECTIONAL dKW=GLOW_ON INSTANCING_ON FOG_LINEAR FOG_EXP FOG_EXP2 LIGHTPROBE_SH UNITY_NO_DXT5nm UNITY_ENABLE_NATIVE_SHADOW_LOOKUPS UNITY_METAL_SHADOWS_USE_POINT_FILTERING UNITY_NO_SCREENSPACE_SHADOWS UNITY_PBS_USE_BRDF2 UNITY_PBS_USE_BRDF3 UNITY_NO_FULL_STANDARD_SHADER UNITY_HARDWARE_TIER1 UNITY_HARDWARE_TIER2 UNITY_HARDWARE_TIER3 UNITY_HALF_PRECISION_FRAGMENT_SHADER_REGISTERS UNITY_LIGHTMAP_DLDR_ENCODING UNITY_LIGHTMAP_RGBM_ENCODING UNITY_VIRTUAL_TEXTURING UNITY_PRETRANSFORM_TO_DISPLAY_ORIENTATION UNITY_ASTC_NORMALMAP_ENCODING SHADER_API_GLES30 flags=0 lang=0 type=Fragment platform=d3d11 reqs=227 mask=6 start=71 ok=1 outsize=3850

Cmd: compileSnippet
  insize=1946 path=Assets/DefaultResourcesExtra cachingPP=1 ppOnly=0 stripLineD=0 buildPlatform=5 rsLen=0 pKW=UNITY_ENABLE_REFLECTION_BUFFERS UNITY_USE_DITHER_MASK_FOR_ALPHABLENDED_SHADOWS UNITY_PBS_USE_BRDF1 UNITY_SPECCUBE_BOX_PROJECTION UNITY_SPECCUBE_BLENDING UNITY_ENABLE_DETAIL_NORMALMAP SHADER_API_DESKTOP UNITY_COLORSPACE_GAMMA UNITY_LIGHT_PROBE_PROXY_VOLUME UNITY_LIGHTMAP_FULL_HDR uKW=DIRECTIONAL UNITY_HDR_ON dKW=POINT SPOT POINT_COOKIE DIRECTIONAL_COOKIE SHADOWS_SHADOWMASK LIGHTMAP_SHADOW_MIXING SHADOWS_DEPTH SHADOWS_SOFT SHADOWS_SCREEN SHADOWS_CUBE UNITY_NO_DXT5nm UNITY_ENABLE_NATIVE_SHADOW_LOOKUPS UNITY_METAL_SHADOWS_USE_POINT_FILTERING UNITY_NO_SCREENSPACE_SHADOWS UNITY_PBS_USE_BRDF2 UNITY_PBS_USE_BRDF3 UNITY_NO_FULL_STANDARD_SHADER UNITY_HARDWARE_TIER1 UNITY_HARDWARE_TIER2 UNITY_HARDWARE_TIER3 UNITY_HALF_PRECISION_FRAGMENT_SHADER_REGISTERS UNITY_LIGHTMAP_DLDR_ENCODING UNITY_LIGHTMAP_RGBM_ENCODING UNITY_VIRTUAL_TEXTURING UNITY_PRETRANSFORM_TO_DISPLAY_ORIENTATION UNITY_ASTC_NORMALMAP_ENCODING SHADER_API_GLES30 flags=0 lang=0 type=Vertex platform=d3d11 reqs=227 mask=6 start=18 ok=1 outsize=1118

Cmd: shutdown

Quitting shader compiler process
