Using pre-set license
Built from '2021.1/staging' branch; Version is '2021.1.5f1 (3737af19df53) revision 3618735'; Using compiler version '192528614'; Build Type 'Release'
OS: 'Windows 10 Home; OS build 19044.1526; Version 2009; 64bit' Language: 'ko' Physical Memory: 32663 MB
BatchMode: 1, IsHumanControllingUs: 0, StartBugReporterOnCrash: 0, Is64bit: 1, IsPro: 0

 COMMAND LINE ARGUMENTS:
C:\Program Files\Unity\Hub\Editor\2021.1.5f1\Editor\Unity.exe
-adb2
-batchMode
-noUpm
-name
AssetImportWorker0
-projectPath
G:/Unity3D_Project/Unity_Project/0_basci_2022/New Unity Project
-logFile
Logs/AssetImportWorker0.log
-srvPort
51935
Successfully changed project path to: G:/Unity3D_Project/Unity_Project/0_basci_2022/New Unity Project
G:/Unity3D_Project/Unity_Project/0_basci_2022/New Unity Project
Using Asset Import Pipeline V2.
Refreshing native plugins compatible for Editor in 61.41 ms, found 1 plugins.
Preloading 0 native plugins for Editor in 0.00 ms.
Initialize engine version: 2021.1.5f1 (3737af19df53)
[Subsystems] Discovering subsystems at path C:/Program Files/Unity/Hub/Editor/2021.1.5f1/Editor/Data/Resources/UnitySubsystems
[Subsystems] Discovering subsystems at path G:/Unity3D_Project/Unity_Project/0_basci_2022/New Unity Project/Assets
GfxDevice: creating device client; threaded=0; jobified=0
Direct3D:
    Version:  Direct3D 11.0 [level 11.1]
    Renderer: NVIDIA TITAN RTX (ID=0x1e02)
    Vendor:   NVIDIA
    VRAM:     24276 MB
    Driver:   27.21.14.5671
Initialize mono
Mono path[0] = 'C:/Program Files/Unity/Hub/Editor/2021.1.5f1/Editor/Data/Managed'
Mono path[1] = 'C:/Program Files/Unity/Hub/Editor/2021.1.5f1/Editor/Data/MonoBleedingEdge/lib/mono/unityjit'
Mono config path = 'C:/Program Files/Unity/Hub/Editor/2021.1.5f1/Editor/Data/MonoBleedingEdge/etc'
Using monoOptions --debugger-agent=transport=dt_socket,embedding=1,server=y,suspend=n,address=127.0.0.1:56320
Begin MonoManager ReloadAssembly
Registering precompiled unity dll's ...
Register platform support module: C:/Program Files/Unity/Hub/Editor/2021.1.5f1/Editor/Data/PlaybackEngines/WindowsStandaloneSupport/UnityEditor.WindowsStandalone.Extensions.dll
Registered in 0.002782 seconds.
Native extension for WindowsStandalone target not found
Refreshing native plugins compatible for Editor in 65.41 ms, found 1 plugins.
Preloading 0 native plugins for Editor in 0.00 ms.
Mono: successfully reloaded assembly
- Completed reload, in  1.769 seconds
Platform modules already initialized, skipping
Registering precompiled user dll's ...
Registered in 0.003084 seconds.
Begin MonoManager ReloadAssembly
Native extension for WindowsStandalone target not found
Refreshing native plugins compatible for Editor in 0.46 ms, found 1 plugins.
Preloading 0 native plugins for Editor in 0.00 ms.
Mono: successfully reloaded assembly
- Completed reload, in  0.807 seconds
Platform modules already initialized, skipping
========================================================================
Worker process is ready to serve import requests
Launched and connected shader compiler UnityShaderCompiler.exe after 0.06 seconds
Refreshing native plugins compatible for Editor in 0.45 ms, found 1 plugins.
Preloading 0 native plugins for Editor in 0.00 ms.
Unloading 2665 Unused Serialized files (Serialized files now loaded: 0)
System memory in use before: 98.2 MB.
System memory in use after: 98.3 MB.

Unloading 15 unused Assets to reduce memory usage. Loaded Objects now: 3117.
Total: 1.594000 ms (FindLiveObjects: 0.196800 ms CreateObjectMapping: 0.123100 ms MarkObjects: 1.217100 ms  DeleteObjects: 0.056200 ms)

========================================================================
Received Import Request.
  path: Assets
  artifactKey: Guid(00000000000000001000000000000000) Importer(815301076,1909f56bfc062723c751e8b465ee728b)
Start importing Assets using Guid(00000000000000001000000000000000) Importer(815301076,1909f56bfc062723c751e8b465ee728b)  -> (artifact id: '42d402b061de3733987d63b9cc3b64de') in 0.005994 seconds 
========================================================================
Received Import Request.
  Time since last request: 0.000214 seconds.
  path: Assets/Scenes
  artifactKey: Guid(561bc6e39c4f9cb4190bbd0fbbf838e7) Importer(815301076,1909f56bfc062723c751e8b465ee728b)
Start importing Assets/Scenes using Guid(561bc6e39c4f9cb4190bbd0fbbf838e7) Importer(815301076,1909f56bfc062723c751e8b465ee728b)  -> (artifact id: 'b19a75776e8c0d05706a6aeab41b3d18') in 0.003577 seconds 
========================================================================
Received Prepare
Refreshing native plugins compatible for Editor in 1.88 ms, found 1 plugins.
Preloading 0 native plugins for Editor in 0.00 ms.
Unloading 8 Unused Serialized files (Serialized files now loaded: 0)
System memory in use before: 45.4 MB.
System memory in use after: 45.6 MB.

Unloading 8 unused Assets to reduce memory usage. Loaded Objects now: 3117.
Total: 1.856200 ms (FindLiveObjects: 0.183400 ms CreateObjectMapping: 0.117800 ms MarkObjects: 1.522200 ms  DeleteObjects: 0.032300 ms)

========================================================================
Received Import Request.
  Time since last request: 4.653024 seconds.
  path: Assets/Material
  artifactKey: Guid(e3c7eb3172762634593c51506d6bfbf1) Importer(815301076,1909f56bfc062723c751e8b465ee728b)
Start importing Assets/Material using Guid(e3c7eb3172762634593c51506d6bfbf1) Importer(815301076,1909f56bfc062723c751e8b465ee728b)  -> (artifact id: 'ef06148b33f0f900e51ab9ad0ca7268e') in 0.005585 seconds 
========================================================================
Received Import Request.
  Time since last request: 63.813536 seconds.
  path: Assets/Material/images.jpg
  artifactKey: Guid(38790a17f024b614aa06aa37932db89f) Importer(815301076,1909f56bfc062723c751e8b465ee728b)
Start importing Assets/Material/images.jpg using Guid(38790a17f024b614aa06aa37932db89f) Importer(815301076,1909f56bfc062723c751e8b465ee728b)  -> (artifact id: '195794ec4e054f1a1d659dfa04c2f230') in 0.064442 seconds 
========================================================================
Received Import Request.
  Time since last request: 7.227486 seconds.
  path: Assets/Material/Materials
  artifactKey: Guid(aaca31cbaac76204292acf5b767f5f0b) Importer(815301076,1909f56bfc062723c751e8b465ee728b)
Start importing Assets/Material/Materials using Guid(aaca31cbaac76204292acf5b767f5f0b) Importer(815301076,1909f56bfc062723c751e8b465ee728b)  -> (artifact id: 'b03226ca793d0025e34e0fa9aad2473e') in 0.003761 seconds 
========================================================================
Received Import Request.
  Time since last request: 0.239328 seconds.
  path: Assets/Material/Materials/images.mat
  artifactKey: Guid(32974bedf9aaaad428ec6b1504debcbf) Importer(815301076,1909f56bfc062723c751e8b465ee728b)
Start importing Assets/Material/Materials/images.mat using Guid(32974bedf9aaaad428ec6b1504debcbf) Importer(815301076,1909f56bfc062723c751e8b465ee728b)  -> (artifact id: '89f57360a7d68e8fd971a3c91a415f10') in 0.054067 seconds 
========================================================================
Received Prepare
Registering precompiled user dll's ...
Registered in 0.003780 seconds.
Begin MonoManager ReloadAssembly
Native extension for WindowsStandalone target not found
Refreshing native plugins compatible for Editor in 0.48 ms, found 1 plugins.
Preloading 0 native plugins for Editor in 0.00 ms.
Mono: successfully reloaded assembly
- Completed reload, in  0.804 seconds
Platform modules already initialized, skipping
Refreshing native plugins compatible for Editor in 0.46 ms, found 1 plugins.
Preloading 0 native plugins for Editor in 0.00 ms.
Unloading 2661 Unused Serialized files (Serialized files now loaded: 0)
System memory in use before: 102.5 MB.
System memory in use after: 102.7 MB.

Unloading 10 unused Assets to reduce memory usage. Loaded Objects now: 3177.
Total: 1.889400 ms (FindLiveObjects: 0.250000 ms CreateObjectMapping: 0.144300 ms MarkObjects: 1.450700 ms  DeleteObjects: 0.043500 ms)

========================================================================
Received Prepare
Registering precompiled user dll's ...
Registered in 0.003566 seconds.
Begin MonoManager ReloadAssembly
Native extension for WindowsStandalone target not found
Refreshing native plugins compatible for Editor in 0.44 ms, found 1 plugins.
Preloading 0 native plugins for Editor in 0.00 ms.
Mono: successfully reloaded assembly
- Completed reload, in  0.778 seconds
Platform modules already initialized, skipping
Refreshing native plugins compatible for Editor in 0.43 ms, found 1 plugins.
Preloading 0 native plugins for Editor in 0.00 ms.
Unloading 2660 Unused Serialized files (Serialized files now loaded: 0)
System memory in use before: 102.5 MB.
System memory in use after: 102.7 MB.

Unloading 10 unused Assets to reduce memory usage. Loaded Objects now: 3180.
Total: 1.737900 ms (FindLiveObjects: 0.203800 ms CreateObjectMapping: 0.115900 ms MarkObjects: 1.374800 ms  DeleteObjects: 0.042800 ms)

========================================================================
Received Import Request.
  Time since last request: 252.752543 seconds.
  path: Assets/Script
  artifactKey: Guid(77d8d0d6a8b153d438522a09968e317d) Importer(815301076,1909f56bfc062723c751e8b465ee728b)
Start importing Assets/Script using Guid(77d8d0d6a8b153d438522a09968e317d) Importer(815301076,1909f56bfc062723c751e8b465ee728b)  -> (artifact id: '815b6f3eb8f10a0c6a6def9e2109a55b') in 0.007113 seconds 
========================================================================
Received Import Request.
  Time since last request: 9.900360 seconds.
  path: Assets/Script/HelloWorld.cs
  artifactKey: Guid(98164adee91ac234b81baf2d3cdb7dc1) Importer(815301076,1909f56bfc062723c751e8b465ee728b)
Start importing Assets/Script/HelloWorld.cs using Guid(98164adee91ac234b81baf2d3cdb7dc1) Importer(815301076,1909f56bfc062723c751e8b465ee728b)  -> (artifact id: 'eb4689ded0cabbfe23ca05baa86952a3') in 0.040798 seconds 
========================================================================
Received Prepare
Registering precompiled user dll's ...
Registered in 0.003081 seconds.
Begin MonoManager ReloadAssembly
Native extension for WindowsStandalone target not found
Refreshing native plugins compatible for Editor in 0.43 ms, found 1 plugins.
Preloading 0 native plugins for Editor in 0.00 ms.
Mono: successfully reloaded assembly
- Completed reload, in  0.744 seconds
Platform modules already initialized, skipping
Refreshing native plugins compatible for Editor in 0.45 ms, found 1 plugins.
Preloading 0 native plugins for Editor in 0.00 ms.
Unloading 2661 Unused Serialized files (Serialized files now loaded: 0)
System memory in use before: 102.5 MB.
System memory in use after: 102.7 MB.

Unloading 10 unused Assets to reduce memory usage. Loaded Objects now: 3184.
Total: 1.864700 ms (FindLiveObjects: 0.234300 ms CreateObjectMapping: 0.133900 ms MarkObjects: 1.455700 ms  DeleteObjects: 0.040000 ms)

========================================================================
Received Prepare
Registering precompiled user dll's ...
Registered in 0.003323 seconds.
Begin MonoManager ReloadAssembly
Native extension for WindowsStandalone target not found
Refreshing native plugins compatible for Editor in 0.45 ms, found 1 plugins.
Preloading 0 native plugins for Editor in 0.00 ms.
Mono: successfully reloaded assembly
- Completed reload, in  0.745 seconds
Platform modules already initialized, skipping
Refreshing native plugins compatible for Editor in 0.46 ms, found 1 plugins.
Preloading 0 native plugins for Editor in 0.00 ms.
Unloading 2661 Unused Serialized files (Serialized files now loaded: 0)
System memory in use before: 102.5 MB.
System memory in use after: 102.7 MB.

Unloading 10 unused Assets to reduce memory usage. Loaded Objects now: 3187.
Total: 1.760900 ms (FindLiveObjects: 0.231900 ms CreateObjectMapping: 0.138900 ms MarkObjects: 1.347300 ms  DeleteObjects: 0.041800 ms)

========================================================================
Received Import Request.
  Time since last request: 86.077038 seconds.
  path: Assets/Script/HelloWorld.cs
  artifactKey: Guid(98164adee91ac234b81baf2d3cdb7dc1) Importer(815301076,1909f56bfc062723c751e8b465ee728b)
Start importing Assets/Script/HelloWorld.cs using Guid(98164adee91ac234b81baf2d3cdb7dc1) Importer(815301076,1909f56bfc062723c751e8b465ee728b)  -> (artifact id: 'e3916848478ff66db6ccdeef0029caf3') in 0.006337 seconds 
========================================================================
Received Prepare
Registering precompiled user dll's ...
Registered in 0.003390 seconds.
Begin MonoManager ReloadAssembly
Native extension for WindowsStandalone target not found
Refreshing native plugins compatible for Editor in 0.46 ms, found 1 plugins.
Preloading 0 native plugins for Editor in 0.00 ms.
Mono: successfully reloaded assembly
- Completed reload, in  0.750 seconds
Platform modules already initialized, skipping
Refreshing native plugins compatible for Editor in 0.45 ms, found 1 plugins.
Preloading 0 native plugins for Editor in 0.00 ms.
Unloading 2661 Unused Serialized files (Serialized files now loaded: 0)
System memory in use before: 102.6 MB.
System memory in use after: 102.8 MB.

Unloading 10 unused Assets to reduce memory usage. Loaded Objects now: 3190.
Total: 1.640000 ms (FindLiveObjects: 0.191900 ms CreateObjectMapping: 0.111100 ms MarkObjects: 1.301100 ms  DeleteObjects: 0.035500 ms)

========================================================================
Received Prepare
Registering precompiled user dll's ...
Registered in 0.003233 seconds.
Begin MonoManager ReloadAssembly
Native extension for WindowsStandalone target not found
Refreshing native plugins compatible for Editor in 0.47 ms, found 1 plugins.
Preloading 0 native plugins for Editor in 0.00 ms.
Mono: successfully reloaded assembly
- Completed reload, in  0.764 seconds
Platform modules already initialized, skipping
Refreshing native plugins compatible for Editor in 0.42 ms, found 1 plugins.
Preloading 0 native plugins for Editor in 0.00 ms.
Unloading 2661 Unused Serialized files (Serialized files now loaded: 0)
System memory in use before: 102.6 MB.
System memory in use after: 102.8 MB.

Unloading 10 unused Assets to reduce memory usage. Loaded Objects now: 3193.
Total: 1.629700 ms (FindLiveObjects: 0.208400 ms CreateObjectMapping: 0.119400 ms MarkObjects: 1.259500 ms  DeleteObjects: 0.041600 ms)

========================================================================
Received Prepare
Registering precompiled user dll's ...
Registered in 0.003686 seconds.
Begin MonoManager ReloadAssembly
Native extension for WindowsStandalone target not found
Refreshing native plugins compatible for Editor in 0.43 ms, found 1 plugins.
Preloading 0 native plugins for Editor in 0.00 ms.
Mono: successfully reloaded assembly
- Completed reload, in  0.743 seconds
Platform modules already initialized, skipping
Refreshing native plugins compatible for Editor in 0.43 ms, found 1 plugins.
Preloading 0 native plugins for Editor in 0.00 ms.
Unloading 2661 Unused Serialized files (Serialized files now loaded: 0)
System memory in use before: 102.6 MB.
System memory in use after: 102.8 MB.

Unloading 10 unused Assets to reduce memory usage. Loaded Objects now: 3196.
Total: 1.748200 ms (FindLiveObjects: 0.212000 ms CreateObjectMapping: 0.129800 ms MarkObjects: 1.365800 ms  DeleteObjects: 0.039600 ms)

========================================================================
Received Prepare
Registering precompiled user dll's ...
Registered in 0.003695 seconds.
Begin MonoManager ReloadAssembly
Native extension for WindowsStandalone target not found
Refreshing native plugins compatible for Editor in 0.43 ms, found 1 plugins.
Preloading 0 native plugins for Editor in 0.00 ms.
Mono: successfully reloaded assembly
- Completed reload, in  0.738 seconds
Platform modules already initialized, skipping
Refreshing native plugins compatible for Editor in 0.45 ms, found 1 plugins.
Preloading 0 native plugins for Editor in 0.00 ms.
Unloading 2661 Unused Serialized files (Serialized files now loaded: 0)
System memory in use before: 102.6 MB.
System memory in use after: 102.8 MB.

Unloading 10 unused Assets to reduce memory usage. Loaded Objects now: 3199.
Total: 1.643900 ms (FindLiveObjects: 0.198700 ms CreateObjectMapping: 0.119200 ms MarkObjects: 1.286500 ms  DeleteObjects: 0.038900 ms)

========================================================================
Received Prepare
Registering precompiled user dll's ...
Registered in 0.003140 seconds.
Begin MonoManager ReloadAssembly
Native extension for WindowsStandalone target not found
Refreshing native plugins compatible for Editor in 0.43 ms, found 1 plugins.
Preloading 0 native plugins for Editor in 0.00 ms.
Mono: successfully reloaded assembly
- Completed reload, in  0.735 seconds
Platform modules already initialized, skipping
Refreshing native plugins compatible for Editor in 0.45 ms, found 1 plugins.
Preloading 0 native plugins for Editor in 0.00 ms.
Unloading 2661 Unused Serialized files (Serialized files now loaded: 0)
System memory in use before: 102.6 MB.
System memory in use after: 102.8 MB.

Unloading 10 unused Assets to reduce memory usage. Loaded Objects now: 3202.
Total: 1.697700 ms (FindLiveObjects: 0.199500 ms CreateObjectMapping: 0.117800 ms MarkObjects: 1.337400 ms  DeleteObjects: 0.042300 ms)

========================================================================
Received Import Request.
  Time since last request: 714.418322 seconds.
  path: Assets/Material/Materials/New Material.mat
  artifactKey: Guid(9a35583771dce0c4d824b2b5bfa06bb8) Importer(815301076,1909f56bfc062723c751e8b465ee728b)
Start importing Assets/Material/Materials/New Material.mat using Guid(9a35583771dce0c4d824b2b5bfa06bb8) Importer(815301076,1909f56bfc062723c751e8b465ee728b)  -> (artifact id: '9b776a3577604fa8b72fc7bc364c6850') in 0.062148 seconds 
========================================================================
Received Import Request.
  Time since last request: 207.728263 seconds.
  path: Assets/Scenes/SampleScene.unity
  artifactKey: Guid(9fc0d4010bbf28b4594072e72b8655ab) Importer(815301076,1909f56bfc062723c751e8b465ee728b)
Start importing Assets/Scenes/SampleScene.unity using Guid(9fc0d4010bbf28b4594072e72b8655ab) Importer(815301076,1909f56bfc062723c751e8b465ee728b)  -> (artifact id: 'f9d7b9f86954c7147ec60a9e4fdc8c66') in 0.004779 seconds 
========================================================================
Received Prepare
Registering precompiled user dll's ...
Registered in 0.003495 seconds.
Begin MonoManager ReloadAssembly
Native extension for WindowsStandalone target not found
Refreshing native plugins compatible for Editor in 0.45 ms, found 1 plugins.
Preloading 0 native plugins for Editor in 0.00 ms.
Mono: successfully reloaded assembly
- Completed reload, in  0.734 seconds
Platform modules already initialized, skipping
Refreshing native plugins compatible for Editor in 0.44 ms, found 1 plugins.
Preloading 0 native plugins for Editor in 0.00 ms.
Unloading 2661 Unused Serialized files (Serialized files now loaded: 0)
System memory in use before: 102.6 MB.
System memory in use after: 102.8 MB.

Unloading 10 unused Assets to reduce memory usage. Loaded Objects now: 3206.
Total: 2.072600 ms (FindLiveObjects: 0.208300 ms CreateObjectMapping: 0.138500 ms MarkObjects: 1.686200 ms  DeleteObjects: 0.038500 ms)

AssetImportWorkerClient::OnTransportError - code=2 error=End of file
