Using pre-set license
Built from '2021.1/staging' branch; Version is '2021.1.5f1 (3737af19df53) revision 3618735'; Using compiler version '192528614'; Build Type 'Release'
OS: 'Windows 10 Home; OS build 19042.985; Version 2009; 64bit' Language: 'ko' Physical Memory: 32663 MB
BatchMode: 1, IsHumanControllingUs: 0, StartBugReporterOnCrash: 0, Is64bit: 1, IsPro: 0

 COMMAND LINE ARGUMENTS:
C:\Program Files\Unity\Hub\Editor\2021.1.5f1\Editor\Unity.exe
-adb2
-batchMode
-noUpm
-name
AssetImportWorker0
-projectPath
G:/Unity3D_Project/Unity_Project/13_3_color_puzzle_Upgrade
-logFile
Logs/AssetImportWorker0.log
-srvPort
59408
Successfully changed project path to: G:/Unity3D_Project/Unity_Project/13_3_color_puzzle_Upgrade
G:/Unity3D_Project/Unity_Project/13_3_color_puzzle_Upgrade
Using Asset Import Pipeline V2.
Refreshing native plugins compatible for Editor in 27.40 ms, found 0 plugins.
Preloading 0 native plugins for Editor in 0.00 ms.
Initialize engine version: 2021.1.5f1 (3737af19df53)
[Subsystems] Discovering subsystems at path C:/Program Files/Unity/Hub/Editor/2021.1.5f1/Editor/Data/Resources/UnitySubsystems
[Subsystems] Discovering subsystems at path G:/Unity3D_Project/Unity_Project/13_3_color_puzzle_Upgrade/Assets
GfxDevice: creating device client; threaded=0; jobified=0
Direct3D:
    Version:  Direct3D 11.0 [level 11.1]
    Renderer: NVIDIA TITAN RTX (ID=0x1e02)
    Vendor:   NVIDIA
    VRAM:     24276 MB
    Driver:   27.21.14.5671
Initialize mono
Mono path[0] = 'C:/Program Files/Unity/Hub/Editor/2021.1.5f1/Editor/Data/Managed'
Mono path[1] = 'C:/Program Files/Unity/Hub/Editor/2021.1.5f1/Editor/Data/MonoBleedingEdge/lib/mono/unityjit'
Mono config path = 'C:/Program Files/Unity/Hub/Editor/2021.1.5f1/Editor/Data/MonoBleedingEdge/etc'
Using monoOptions --debugger-agent=transport=dt_socket,embedding=1,server=y,suspend=n,address=127.0.0.1:56680
Begin MonoManager ReloadAssembly
Registering precompiled unity dll's ...
Register platform support module: C:/Program Files/Unity/Hub/Editor/2021.1.5f1/Editor/Data/PlaybackEngines/WindowsStandaloneSupport/UnityEditor.WindowsStandalone.Extensions.dll
Registered in 0.003135 seconds.
Native extension for WindowsStandalone target not found
Refreshing native plugins compatible for Editor in 28.35 ms, found 0 plugins.
Preloading 0 native plugins for Editor in 0.00 ms.
Mono: successfully reloaded assembly
- Completed reload, in  1.742 seconds
Platform modules already initialized, skipping
Registering precompiled user dll's ...
Registered in 0.000839 seconds.
Begin MonoManager ReloadAssembly
Native extension for WindowsStandalone target not found
Refreshing native plugins compatible for Editor in 0.29 ms, found 0 plugins.
Preloading 0 native plugins for Editor in 0.00 ms.
Mono: successfully reloaded assembly
- Completed reload, in  0.726 seconds
Platform modules already initialized, skipping
========================================================================
Worker process is ready to serve import requests
Launched and connected shader compiler UnityShaderCompiler.exe after 0.07 seconds
Refreshing native plugins compatible for Editor in 0.31 ms, found 0 plugins.
Preloading 0 native plugins for Editor in 0.00 ms.
Unloading 1415 Unused Serialized files (Serialized files now loaded: 0)
System memory in use before: 150.1 MB.
System memory in use after: 150.2 MB.

Unloading 13 unused Assets to reduce memory usage. Loaded Objects now: 1891.
Total: 1.776700 ms (FindLiveObjects: 0.141200 ms CreateObjectMapping: 0.043500 ms MarkObjects: 1.528300 ms  DeleteObjects: 0.062800 ms)

========================================================================
Received Import Request.
  path: Assets/Scenes/puzzle.unity
  artifactKey: Guid(a8639d7da18354166b4d3ebcad2311aa) Importer(815301076,1909f56bfc062723c751e8b465ee728b)
Start importing Assets/Scenes/puzzle.unity using Guid(a8639d7da18354166b4d3ebcad2311aa) Importer(815301076,1909f56bfc062723c751e8b465ee728b)  -> (artifact id: '160fac8c9c833c54efc7111d62ab2c93') in 0.012067 seconds 
========================================================================
Received Import Request.
  Time since last request: 2.832639 seconds.
  path: Assets/Scenes/lobby.unity
  artifactKey: Guid(33ab518977ce340579206de124b67f3d) Importer(815301076,1909f56bfc062723c751e8b465ee728b)
Start importing Assets/Scenes/lobby.unity using Guid(33ab518977ce340579206de124b67f3d) Importer(815301076,1909f56bfc062723c751e8b465ee728b)  -> (artifact id: '99e65a9c03a24be2e45c98bb2cb99215') in 0.004380 seconds 
========================================================================
Received Prepare
Registering precompiled user dll's ...
Registered in 0.000911 seconds.
Begin MonoManager ReloadAssembly
Native extension for WindowsStandalone target not found
Refreshing native plugins compatible for Editor in 0.31 ms, found 0 plugins.
Preloading 0 native plugins for Editor in 0.00 ms.
Mono: successfully reloaded assembly
- Completed reload, in  0.689 seconds
Platform modules already initialized, skipping
Refreshing native plugins compatible for Editor in 0.31 ms, found 0 plugins.
Preloading 0 native plugins for Editor in 0.00 ms.
Unloading 1367 Unused Serialized files (Serialized files now loaded: 0)
System memory in use before: 145.8 MB.
System memory in use after: 145.9 MB.

Unloading 4 unused Assets to reduce memory usage. Loaded Objects now: 1894.
Total: 1.440300 ms (FindLiveObjects: 0.117200 ms CreateObjectMapping: 0.038200 ms MarkObjects: 1.272300 ms  DeleteObjects: 0.011900 ms)

========================================================================
Received Import Request.
  Time since last request: 110.864449 seconds.
  path: Assets/Script/CameraShaking.cs
  artifactKey: Guid(10921f1aba148aa4eaa780798c56e3b4) Importer(815301076,1909f56bfc062723c751e8b465ee728b)
Start importing Assets/Script/CameraShaking.cs using Guid(10921f1aba148aa4eaa780798c56e3b4) Importer(815301076,1909f56bfc062723c751e8b465ee728b)  -> (artifact id: '845f84faf57ade4477cf3f44369b8ad2') in 0.026409 seconds 
========================================================================
Received Import Request.
  Time since last request: 21.288221 seconds.
  path: Assets/Script/GameManger.cs
  artifactKey: Guid(a0f16d5e9a12946b1b0e6bf579cb8754) Importer(815301076,1909f56bfc062723c751e8b465ee728b)
Start importing Assets/Script/GameManger.cs using Guid(a0f16d5e9a12946b1b0e6bf579cb8754) Importer(815301076,1909f56bfc062723c751e8b465ee728b)  -> (artifact id: 'e22dc4bcb7ce50fd4f46806905d958fa') in 0.004290 seconds 
========================================================================
Received Import Request.
  Time since last request: 27.099959 seconds.
  path: Assets/Script/List_Test.cs
  artifactKey: Guid(e50a616097a4d0d4680e1b35d2a2bb17) Importer(815301076,1909f56bfc062723c751e8b465ee728b)
Start importing Assets/Script/List_Test.cs using Guid(e50a616097a4d0d4680e1b35d2a2bb17) Importer(815301076,1909f56bfc062723c751e8b465ee728b)  -> (artifact id: '5d1e26b079a527c69f37ce24845af0ac') in 0.004714 seconds 
AssetImportWorkerClient::OnTransportError - code=2 error=End of file
