Using pre-set license
Built from '2020.2/staging' branch; Version is '2020.2.7f1 (c53830e277f1) revision 12924976'; Using compiler version '192528614'; Build Type 'Release'
OS: 'Windows 10 Home; OS build 19042.928; Version 2009; 64bit' Language: 'ko' Physical Memory: 32663 MB
BatchMode: 1, IsHumanControllingUs: 0, StartBugReporterOnCrash: 0, Is64bit: 1, IsPro: 0

 COMMAND LINE ARGUMENTS:
C:\Program Files\Unity\Hub\Editor\2020.2.7f1\Editor\Unity.exe
-adb2
-batchMode
-noUpm
-name
AssetImportWorker0
-projectPath
G:/Unity3D_Project/Unity_Project/3_Puzzle
-logFile
Logs/AssetImportWorker0.log
-srvPort
57966
Successfully changed project path to: G:/Unity3D_Project/Unity_Project/3_Puzzle
G:/Unity3D_Project/Unity_Project/3_Puzzle
Using Asset Import Pipeline V2.
Refreshing native plugins compatible for Editor in 36.43 ms, found 0 plugins.
Preloading 0 native plugins for Editor in 0.00 ms.
Initialize engine version: 2020.2.7f1 (c53830e277f1)
[Subsystems] Discovering subsystems at path C:/Program Files/Unity/Hub/Editor/2020.2.7f1/Editor/Data/Resources/UnitySubsystems
[Subsystems] Discovering subsystems at path G:/Unity3D_Project/Unity_Project/3_Puzzle/Assets
GfxDevice: creating device client; threaded=0
Direct3D:
    Version:  Direct3D 11.0 [level 11.1]
    Renderer: NVIDIA TITAN RTX (ID=0x1e02)
    Vendor:   
    VRAM:     24276 MB
    Driver:   27.21.14.5671
Initialize mono
Mono path[0] = 'C:/Program Files/Unity/Hub/Editor/2020.2.7f1/Editor/Data/Managed'
Mono path[1] = 'C:/Program Files/Unity/Hub/Editor/2020.2.7f1/Editor/Data/MonoBleedingEdge/lib/mono/unityjit'
Mono config path = 'C:/Program Files/Unity/Hub/Editor/2020.2.7f1/Editor/Data/MonoBleedingEdge/etc'
Using monoOptions --debugger-agent=transport=dt_socket,embedding=1,server=y,suspend=n,address=127.0.0.1:56456
Begin MonoManager ReloadAssembly
Registering precompiled unity dll's ...
Register platform support module: C:/Program Files/Unity/Hub/Editor/2020.2.7f1/Editor/Data/PlaybackEngines/WindowsStandaloneSupport/UnityEditor.WindowsStandalone.Extensions.dll
Registered in 0.003100 seconds.
Native extension for WindowsStandalone target not found
Refreshing native plugins compatible for Editor in 27.66 ms, found 0 plugins.
Preloading 0 native plugins for Editor in 0.00 ms.
Invoked RoslynAnalysisRunner static constructor.
RoslynAnalysisRunner will not be running.
RoslynAnalysisRunner has terminated.
Mono: successfully reloaded assembly
- Completed reload, in  1.820 seconds
Platform modules already initialized, skipping
Registering precompiled user dll's ...
Registered in 0.004575 seconds.
Begin MonoManager ReloadAssembly
Native extension for WindowsStandalone target not found
Refreshing native plugins compatible for Editor in 0.48 ms, found 0 plugins.
Preloading 0 native plugins for Editor in 0.00 ms.
Invoked RoslynAnalysisRunner static constructor.
RoslynAnalysisRunner will not be running.
RoslynAnalysisRunner has terminated.
Mono: successfully reloaded assembly
- Completed reload, in  0.754 seconds
Platform modules already initialized, skipping
========================================================================
Worker process is ready to serve import requests
Launched and connected shader compiler UnityShaderCompiler.exe after 0.05 seconds
Refreshing native plugins compatible for Editor in 0.48 ms, found 0 plugins.
Preloading 0 native plugins for Editor in 0.00 ms.
Unloading 1806 Unused Serialized files (Serialized files now loaded: 0)
System memory in use before: 76.7 MB.
System memory in use after: 76.8 MB.

Unloading 53 unused Assets to reduce memory usage. Loaded Objects now: 2214.
Total: 3.549900 ms (FindLiveObjects: 0.185300 ms CreateObjectMapping: 0.065100 ms MarkObjects: 3.244100 ms  DeleteObjects: 0.054800 ms)

========================================================================
Received Import Request.
  path: Assets/Scenes/Block_Run_Side.prefab
  artifactKey: Guid(5ab594339177f214ca57538b44c02eb8) Importer(815301076,1909f56bfc062723c751e8b465ee728b)
Start importing Assets/Scenes/Block_Run_Side.prefab using Guid(5ab594339177f214ca57538b44c02eb8) Importer(815301076,1909f56bfc062723c751e8b465ee728b)  -> (artifact id: 'c47d995a0e2521ee20baa2832cf88f73') in 0.111426 seconds
  Import took 0.113801 seconds .

========================================================================
Received Import Request.
  Time since last request: 0.000201 seconds.
  path: Assets/Scenes
  artifactKey: Guid(5a3a01e66d254384bafc565f3802fca9) Importer(815301076,1909f56bfc062723c751e8b465ee728b)
Start importing Assets/Scenes using Guid(5a3a01e66d254384bafc565f3802fca9) Importer(815301076,1909f56bfc062723c751e8b465ee728b)  -> (artifact id: 'f2a619198138481b52705649fbb5f3f9') in 0.003701 seconds
  Import took 0.005811 seconds .

========================================================================
Received Import Request.
  Time since last request: 0.000200 seconds.
  path: Assets/Scenes/ada_0_0.png
  artifactKey: Guid(18dbe9b45a793e14e8fd05fffa6ac0aa) Importer(815301076,1909f56bfc062723c751e8b465ee728b)
Start importing Assets/Scenes/ada_0_0.png using Guid(18dbe9b45a793e14e8fd05fffa6ac0aa) Importer(815301076,1909f56bfc062723c751e8b465ee728b)  -> (artifact id: '9c6d2094db93948731bba11dc3366ab6') in 0.125303 seconds
  Import took 0.127631 seconds .

========================================================================
Received Import Request.
  Time since last request: 0.000173 seconds.
  path: Assets/Scenes/Block.prefab
  artifactKey: Guid(cfc00651463c39b449533d5139e830c9) Importer(815301076,1909f56bfc062723c751e8b465ee728b)
Start importing Assets/Scenes/Block.prefab using Guid(cfc00651463c39b449533d5139e830c9) Importer(815301076,1909f56bfc062723c751e8b465ee728b)  -> (artifact id: '858c02acfaed73890c4ccda0c5a96fcc') in 0.012867 seconds
  Import took 0.015149 seconds .

========================================================================
Received Import Request.
  Time since last request: 0.000167 seconds.
  path: Assets/Scenes/SampleScene.unity
  artifactKey: Guid(b89dad2aad8e4b649802007b50955bdf) Importer(815301076,1909f56bfc062723c751e8b465ee728b)
Start importing Assets/Scenes/SampleScene.unity using Guid(b89dad2aad8e4b649802007b50955bdf) Importer(815301076,1909f56bfc062723c751e8b465ee728b)  -> (artifact id: '9f5c1c461372a65dc7dbe04074e016e4') in 0.004175 seconds
  Import took 0.006374 seconds .

========================================================================
Received Import Request.
  Time since last request: 0.000164 seconds.
  path: Assets/Scenes/Block_Run_Ani.prefab
  artifactKey: Guid(4a7f07444cc0978419781556856c823e) Importer(815301076,1909f56bfc062723c751e8b465ee728b)
Start importing Assets/Scenes/Block_Run_Ani.prefab using Guid(4a7f07444cc0978419781556856c823e) Importer(815301076,1909f56bfc062723c751e8b465ee728b)  -> (artifact id: 'e03b58df16fd4feb87603f18ada79524') in 0.020845 seconds
  Import took 0.023206 seconds .

AssetImportWorkerClient::OnTransportError - code=2 error=End of file
